2021/04/18 03:54:51 +0900, 35.7040269,140.0324671
2021/04/18 03:55:21 +0900, 35.7040269,140.0324671
2021/04/18 03:55:51 +0900, 35.7040269,140.0324671
2021/04/18 03:56:21 +0900, 35.7040269,140.0324671
2021/04/18 03:56:51 +0900, 35.7040269,140.0324671
2021/04/18 03:57:21 +0900, 35.7040269,140.0324671
2021/04/18 03:57:51 +0900, 35.7040269,140.0324671
2021/04/18 03:58:21 +0900, 35.7040269,140.0324671
2021/04/18 03:58:51 +0900, 35.7040269,140.0324671
2021/04/18 03:59:21 +0900, 35.7040269,140.0324671
2021/04/18 03:59:51 +0900, 35.7040269,140.0324671
2021/04/18 04:00:21 +0900, 35.7040269,140.0324671
2021/04/18 04:00:51 +0900, 35.7040269,140.0324671
2021/04/18 04:01:21 +0900, 35.7037293,140.0319228
2021/04/18 04:01:51 +0900, 35.7037293,140.0319228
2021/04/18 04:02:21 +0900, 35.7037293,140.0319228
2021/04/18 04:03:29 +0900, 35.7037293,140.0319228
2021/04/18 04:06:26 +0900, 35.7037293,140.0319228
2021/04/18 04:07:58 +0900, 35.7037914,140.032081
2021/04/18 04:08:28 +0900, 35.7037914,140.032081
2021/04/18 04:08:58 +0900, 35.7037908,140.0320794
2021/04/18 04:09:28 +0900, 35.703791,140.0320801
2021/04/18 04:09:58 +0900, 35.703791,140.0320801
2021/04/18 04:10:28 +0900, 35.703791,140.0320801
2021/04/18 04:10:58 +0900, 35.703791,140.0320801
2021/04/18 04:11:28 +0900, 35.7037901,140.0320778
2021/04/18 04:11:58 +0900, 35.7037901,140.0320778
2021/04/18 04:12:28 +0900, 35.7037901,140.0320778
2021/04/18 04:12:58 +0900, 35.7037901,140.0320778
2021/04/18 04:13:28 +0900, 35.7037901,140.0320778
2021/04/18 04:13:58 +0900, 35.7037901,140.0320778
2021/04/18 04:14:28 +0900, 35.7037901,140.0320778
2021/04/18 04:14:58 +0900, 35.7037901,140.0320778
2021/04/18 04:15:28 +0900, 35.7049418,140.032081
2021/04/18 04:15:58 +0900, 35.7049418,140.032081
2021/04/18 04:16:28 +0900, 35.7049418,140.032081
2021/04/18 04:18:20 +0900, 35.7049418,140.032081
2021/04/18 04:20:30 +0900, 35.7049418,140.032081
2021/04/18 04:22:39 +0900, 35.7049418,140.032081
2021/04/18 04:29:23 +0900, 35.7037914,140.032081
2021/04/18 04:30:58 +0900, 35.7037914,140.032081
2021/04/18 04:33:55 +0900, 35.7037914,140.032081
2021/04/18 04:34:25 +0900, 35.7037914,140.032081
2021/04/18 04:36:30 +0900, 35.7037914,140.032081
2021/04/18 04:38:01 +0900, 35.7037914,140.032081
2021/04/18 04:40:20 +0900, 35.7037914,140.032081
2021/04/18 04:42:40 +0900, 35.7037914,140.032081
2021/04/18 04:45:18 +0900, 35.7037914,140.032081
2021/04/18 04:52:22 +0900, 35.7049418,140.032081
2021/04/18 04:55:47 +0900, 35.7037914,140.032081
2021/04/18 04:56:17 +0900, 35.7037914,140.032081
2021/04/18 04:56:51 +0900, 35.7037914,140.032081
2021/04/18 04:57:39 +0900, 35.7037914,140.032081
2021/04/18 04:59:07 +0900, 35.7037914,140.032081
2021/04/18 05:00:14 +0900, 35.7037914,140.032081
2021/04/18 05:01:07 +0900, 35.7037914,140.032081
2021/04/18 05:02:41 +0900, 35.7037914,140.032081
2021/04/18 05:04:22 +0900, 35.7037914,140.032081
2021/04/18 05:06:53 +0900, 35.7037914,140.032081
2021/04/18 05:09:49 +0900, 35.7037914,140.032081
2021/04/18 05:11:05 +0900, 35.7049418,140.032081
2021/04/18 05:13:46 +0900, 35.7049418,140.032081
2021/04/18 05:17:53 +0900, 35.7036639,140.0317601
2021/04/18 05:21:35 +0900, 35.7036639,140.0317601
2021/04/18 05:24:44 +0900, 35.7036639,140.0317601
2021/04/18 05:27:38 +0900, 35.7037914,140.032081
2021/04/18 05:30:55 +0900, 35.7037914,140.032081
2021/04/18 05:34:10 +0900, 35.7037914,140.032081
2021/04/18 05:35:14 +0900, 35.7037914,140.032081
2021/04/18 05:37:08 +0900, 35.7050366,140.0330437
2021/04/18 05:39:18 +0900, 35.7050366,140.0330437
2021/04/18 05:39:54 +0900, 35.7050366,140.0330437
2021/04/18 05:40:24 +0900, 35.7050366,140.0330437
2021/04/18 05:40:59 +0900, 35.7050366,140.0330437
2021/04/18 05:41:48 +0900, 35.7050366,140.0330437
2021/04/18 05:43:36 +0900, 35.7050366,140.0330437
2021/04/18 05:44:08 +0900, 35.7050366,140.0330437
2021/04/18 05:45:20 +0900, 35.7037484,140.0327624
2021/04/18 05:48:10 +0900, 35.7037484,140.0327624
2021/04/18 05:49:40 +0900, 35.7037484,140.0327624
2021/04/18 05:50:45 +0900, 35.7037484,140.0327624
2021/04/18 05:51:24 +0900, 35.7037484,140.0327624
2021/04/18 05:51:54 +0900, 35.7037484,140.0327624
2021/04/18 05:52:24 +0900, 35.7049418,140.032081
2021/04/18 05:52:54 +0900, 35.7049418,140.032081
2021/04/18 05:53:27 +0900, 35.7037914,140.032081
2021/04/18 05:53:57 +0900, 35.7037914,140.032081
2021/04/18 05:55:27 +0900, 35.7037914,140.032081
2021/04/18 05:56:12 +0900, 35.7037914,140.032081
2021/04/18 05:56:42 +0900, 35.7037914,140.032081
2021/04/18 05:57:12 +0900, 35.7037914,140.032081
2021/04/18 05:57:42 +0900, 35.7037914,140.032081
2021/04/18 05:58:12 +0900, 35.7037914,140.032081
2021/04/18 05:58:42 +0900, 35.7049418,140.032081
2021/04/18 05:59:59 +0900, 35.7049418,140.032081
2021/04/18 06:00:54 +0900, 35.7049418,140.032081
2021/04/18 06:01:34 +0900, 35.7049418,140.032081
2021/04/18 06:02:04 +0900, 35.7049418,140.032081
2021/04/18 06:04:30 +0900, 35.7049418,140.032081
2021/04/18 06:09:40 +0900, 35.7066314,140.035611
2021/04/18 06:13:44 +0900, 35.7066314,140.035611
2021/04/18 06:16:24 +0900, 35.6995132,140.037341
2021/04/18 06:18:20 +0900, 35.6995132,140.037341
2021/04/18 06:21:28 +0900, 35.6995132,140.037341
2021/04/18 06:25:32 +0900, 35.6923196,140.0314392
2021/04/18 06:31:37 +0900, 35.6923196,140.0314392
2021/04/18 06:34:06 +0900, 35.6923196,140.0314392
2021/04/18 06:36:40 +0900, 35.6910015,140.0375365
2021/04/18 06:37:50 +0900, 35.6910015,140.0375365
2021/04/18 06:38:20 +0900, 35.6910015,140.0375365
2021/04/18 06:38:50 +0900, 35.6910015,140.0375365
2021/04/18 06:39:20 +0900, 35.6910015,140.0375365
2021/04/18 06:39:50 +0900, 35.6910015,140.0375365
2021/04/18 06:40:20 +0900, 35.6910015,140.0375365
2021/04/18 06:40:50 +0900, 35.6910015,140.0375365
2021/04/18 06:41:20 +0900, 35.6910015,140.0375365
2021/04/18 06:42:51 +0900, 35.6910015,140.0375365
2021/04/18 06:44:24 +0900, 35.6910015,140.0375365
2021/04/18 06:45:38 +0900, 35.6910015,140.0375365
2021/04/18 06:47:48 +0900, 35.6910015,140.0375365
2021/04/18 06:50:54 +0900, 35.6894104,140.032081
2021/04/18 06:54:12 +0900, 35.6923196,140.0314392
2021/04/18 06:56:48 +0900, 35.6923295,140.0301664
2021/04/18 06:59:38 +0900, 35.692643,140.0281093
2021/04/18 07:01:05 +0900, 35.6928059,140.0262804
2021/04/18 07:02:19 +0900, 35.6928059,140.0262804
2021/04/18 07:04:52 +0900, 35.6927867,140.0254931
2021/04/18 07:05:50 +0900, 35.6927869,140.0254941
2021/04/18 07:06:20 +0900, 35.6928475,140.0254839
2021/04/18 07:06:50 +0900, 35.6928475,140.0254839
2021/04/18 07:07:20 +0900, 35.6928475,140.0254839
2021/04/18 07:08:04 +0900, 35.6928475,140.0254839
2021/04/18 07:08:46 +0900, 35.6928475,140.0254839
2021/04/18 07:09:48 +0900, 35.6928475,140.0254839
2021/04/18 07:10:19 +0900, 35.6928475,140.0254839
2021/04/18 07:10:49 +0900, 35.692967,140.02438
2021/04/18 07:11:19 +0900, 35.692967,140.02438
2021/04/18 07:11:49 +0900, 35.692967,140.02438
2021/04/18 07:12:19 +0900, 35.692967,140.02438
2021/04/18 07:12:49 +0900, 35.692967,140.02438
2021/04/18 07:13:19 +0900, 35.692967,140.02438
2021/04/18 07:13:49 +0900, 35.692967,140.02438
2021/04/18 07:14:19 +0900, 35.692967,140.02438
2021/04/18 07:14:49 +0900, 35.692967,140.02438
2021/04/18 07:16:07 +0900, 35.692967,140.02438
2021/04/18 07:18:03 +0900, 35.692967,140.02438
2021/04/18 07:18:33 +0900, 35.692967,140.02438
2021/04/18 07:19:03 +0900, 35.692967,140.02438
2021/04/18 07:19:33 +0900, 35.692967,140.02438
2021/04/18 07:20:03 +0900, 35.692967,140.02438
2021/04/18 07:20:33 +0900, 35.692967,140.02438
2021/04/18 07:21:03 +0900, 35.692967,140.02438
2021/04/18 07:21:33 +0900, 35.692967,140.02438
2021/04/18 07:23:05 +0900, 35.692967,140.02438
2021/04/18 07:25:58 +0900, 35.692967,140.02438
2021/04/18 07:29:29 +0900, 35.694624,140.0285513
2021/04/18 07:33:04 +0900, 35.694624,140.0285513
2021/04/18 07:37:27 +0900, 35.694624,140.0285513
2021/04/18 07:38:15 +0900, 35.7000291,140.0307702
2021/04/18 07:40:34 +0900, 35.7000291,140.0307702
2021/04/18 07:43:15 +0900, 35.7000291,140.0307702
2021/04/18 07:47:22 +0900, 35.7000291,140.0307702
2021/04/18 07:52:46 +0900, 35.7049418,140.032081
2021/04/18 07:53:17 +0900, 35.7049418,140.032081
2021/04/18 07:53:47 +0900, 35.7049418,140.032081
2021/04/18 07:54:17 +0900, 35.7049418,140.032081
2021/04/18 07:54:47 +0900, 35.7049418,140.032081
2021/04/18 07:55:17 +0900, 35.7049418,140.032081
2021/04/18 07:55:47 +0900, 35.7049418,140.032081
2021/04/18 07:56:17 +0900, 35.7049418,140.032081
2021/04/18 07:56:47 +0900, 35.7049418,140.032081
2021/04/18 07:57:18 +0900, 35.7049418,140.032081
2021/04/18 07:57:47 +0900, 35.7049418,140.032081
2021/04/18 07:58:17 +0900, 35.7049418,140.032081
2021/04/18 07:58:47 +0900, 35.7049418,140.032081
2021/04/18 07:59:17 +0900, 35.7049418,140.032081
2021/04/18 07:59:47 +0900, 35.7049418,140.032081
2021/04/18 08:00:18 +0900, 35.7049418,140.032081
2021/04/18 08:00:47 +0900, 35.7049418,140.032081
2021/04/18 08:01:17 +0900, 35.7049418,140.032081
2021/04/18 08:01:47 +0900, 35.7049418,140.032081
2021/04/18 08:02:17 +0900, 35.7049418,140.032081
2021/04/18 08:02:47 +0900, 35.7049418,140.032081
2021/04/18 08:03:18 +0900, 35.7049418,140.032081
2021/04/18 08:03:48 +0900, 35.7049418,140.032081
2021/04/18 08:04:17 +0900, 35.7049418,140.032081
2021/04/18 08:04:48 +0900, 35.7049418,140.032081
2021/04/18 08:05:18 +0900, 35.7049418,140.032081
2021/04/18 08:05:48 +0900, 35.7049418,140.032081
2021/04/18 08:06:17 +0900, 35.7049418,140.032081
2021/04/18 08:06:48 +0900, 35.7049418,140.032081
2021/04/18 08:07:18 +0900, 35.7049418,140.032081
2021/04/18 08:07:48 +0900, 35.7039338,140.032081
2021/04/18 08:08:18 +0900, 35.7040629,140.032081
2021/04/18 08:08:48 +0900, 35.7049418,140.032081
2021/04/18 08:09:18 +0900, 35.7049418,140.032081
2021/04/18 08:09:47 +0900, 35.7049418,140.032081
2021/04/18 08:10:18 +0900, 35.7049418,140.032081
2021/04/18 08:10:48 +0900, 35.7049418,140.032081
2021/04/18 08:11:18 +0900, 35.7049418,140.032081
2021/04/18 08:11:48 +0900, 35.7049418,140.032081
2021/04/18 08:12:17 +0900, 35.7049418,140.032081
2021/04/18 08:12:47 +0900, 35.7049418,140.032081
2021/04/18 08:13:17 +0900, 35.7049418,140.032081
2021/04/18 08:13:48 +0900, 35.7049418,140.032081
2021/04/18 08:14:18 +0900, 35.7049418,140.032081
2021/04/18 08:14:48 +0900, 35.7049418,140.032081
2021/04/18 08:15:18 +0900, 35.7049418,140.032081
2021/04/18 08:15:48 +0900, 35.7049418,140.032081
2021/04/18 08:16:18 +0900, 35.7049418,140.032081
2021/04/18 08:16:48 +0900, 35.7049418,140.032081
2021/04/18 08:17:18 +0900, 35.7049418,140.032081
2021/04/18 08:17:48 +0900, 35.7049418,140.032081
2021/04/18 08:18:18 +0900, 35.7049418,140.032081
2021/04/18 08:18:48 +0900, 35.7049418,140.032081
2021/04/18 08:19:18 +0900, 35.7049418,140.032081
2021/04/18 08:19:48 +0900, 35.7049418,140.032081
2021/04/18 08:20:18 +0900, 35.7049418,140.032081
2021/04/18 08:20:48 +0900, 35.7049418,140.032081
2021/04/18 08:21:18 +0900, 35.7049418,140.032081
2021/04/18 08:21:48 +0900, 35.7049418,140.032081
2021/04/18 08:22:18 +0900, 35.7049418,140.032081
2021/04/18 08:22:48 +0900, 35.7049418,140.032081
2021/04/18 08:23:18 +0900, 35.7049418,140.032081
2021/04/18 08:23:48 +0900, 35.7049418,140.032081
2021/04/18 08:24:18 +0900, 35.7049418,140.032081
2021/04/18 08:24:48 +0900, 35.7049418,140.032081
2021/04/18 08:25:18 +0900, 35.7049418,140.032081
2021/04/18 08:25:48 +0900, 35.7049418,140.032081
2021/04/18 08:26:18 +0900, 35.7049418,140.032081
2021/04/18 08:26:48 +0900, 35.7049418,140.032081
2021/04/18 08:27:18 +0900, 35.7049418,140.032081
2021/04/18 08:27:48 +0900, 35.7049418,140.032081
2021/04/18 08:28:18 +0900, 35.7049418,140.032081
2021/04/18 08:38:48 +0900, 35.7039342,140.032081
2021/04/18 08:39:18 +0900, 35.7049418,140.032081
2021/04/18 08:39:48 +0900, 35.7049418,140.032081
2021/04/18 08:40:18 +0900, 35.7049418,140.032081
2021/04/18 08:40:48 +0900, 35.7049418,140.032081
2021/04/18 08:41:18 +0900, 35.7049418,140.032081
2021/04/18 08:41:48 +0900, 35.7049418,140.032081
2021/04/18 08:42:18 +0900, 35.7049418,140.032081
2021/04/18 08:42:48 +0900, 35.7049418,140.032081
2021/04/18 08:43:18 +0900, 35.7049418,140.032081
2021/04/18 08:43:48 +0900, 35.7049418,140.032081
2021/04/18 08:44:18 +0900, 35.7049418,140.032081
2021/04/18 08:44:48 +0900, 35.7049418,140.032081
2021/04/18 08:45:18 +0900, 35.7049418,140.032081
2021/04/18 08:45:48 +0900, 35.7049418,140.032081
2021/04/18 08:46:18 +0900, 35.7049418,140.032081
2021/04/18 08:46:48 +0900, 35.7049418,140.032081
2021/04/18 08:47:18 +0900, 35.7049418,140.032081
2021/04/18 08:47:48 +0900, 35.7049418,140.032081
2021/04/18 08:48:18 +0900, 35.7049418,140.032081
2021/04/18 08:48:48 +0900, 35.7049418,140.032081
2021/04/18 08:49:18 +0900, 35.7049418,140.032081
2021/04/18 08:49:48 +0900, 35.7049418,140.032081
2021/04/18 08:50:18 +0900, 35.7049418,140.032081
2021/04/18 08:50:48 +0900, 35.7049418,140.032081
2021/04/18 08:51:18 +0900, 35.7049418,140.032081
2021/04/18 08:51:48 +0900, 35.7049418,140.032081
2021/04/18 08:52:18 +0900, 35.7049418,140.032081
2021/04/18 08:52:48 +0900, 35.7049418,140.032081
2021/04/18 08:53:18 +0900, 35.7049418,140.032081
2021/04/18 08:53:48 +0900, 35.7049418,140.032081
2021/04/18 08:54:18 +0900, 35.7049418,140.032081
2021/04/18 08:54:48 +0900, 35.7049418,140.032081
2021/04/18 08:55:18 +0900, 35.7049418,140.032081
2021/04/18 08:55:48 +0900, 35.7049418,140.032081
2021/04/18 08:56:18 +0900, 35.7049418,140.032081
2021/04/18 08:56:48 +0900, 35.7049418,140.032081
2021/04/18 08:57:18 +0900, 35.7049418,140.032081
2021/04/18 08:57:48 +0900, 35.7049418,140.032081
2021/04/18 08:58:18 +0900, 35.7049418,140.032081
2021/04/18 08:58:48 +0900, 35.7049418,140.032081
2021/04/18 09:09:48 +0900, 35.7049418,140.032081
2021/04/18 09:10:18 +0900, 35.7037838,140.0321171
2021/04/18 09:10:48 +0900, 35.7037914,140.032081
2021/04/18 09:11:18 +0900, 35.7037914,140.032081
2021/04/18 09:11:48 +0900, 35.7037914,140.032081
2021/04/18 09:12:18 +0900, 35.7037914,140.032081
2021/04/18 09:12:48 +0900, 35.7037914,140.032081
2021/04/18 09:13:18 +0900, 35.7037914,140.032081
2021/04/18 09:13:48 +0900, 35.7037914,140.032081
2021/04/18 09:14:18 +0900, 35.7037914,140.032081
2021/04/18 09:14:48 +0900, 35.7037914,140.032081
2021/04/18 09:15:18 +0900, 35.7037914,140.032081
2021/04/18 09:15:48 +0900, 35.7037914,140.032081
2021/04/18 09:16:18 +0900, 35.7037914,140.032081
2021/04/18 09:16:48 +0900, 35.7037914,140.032081
2021/04/18 09:17:18 +0900, 35.7037914,140.032081
2021/04/18 09:17:48 +0900, 35.7037914,140.032081
2021/04/18 09:18:18 +0900, 35.7037914,140.032081
2021/04/18 09:18:48 +0900, 35.7037914,140.032081
2021/04/18 09:19:18 +0900, 35.7037914,140.032081
2021/04/18 09:19:48 +0900, 35.7037914,140.032081
2021/04/18 09:20:18 +0900, 35.7037914,140.032081
2021/04/18 09:20:48 +0900, 35.7037914,140.032081
2021/04/18 09:21:18 +0900, 35.7037914,140.032081
2021/04/18 09:21:48 +0900, 35.7037914,140.032081
2021/04/18 09:22:18 +0900, 35.7049418,140.032081
2021/04/18 09:22:48 +0900, 35.7049418,140.032081
2021/04/18 09:23:18 +0900, 35.7040636,140.032081
2021/04/18 09:23:48 +0900, 35.7040636,140.032081
2021/04/18 09:24:18 +0900, 35.7040636,140.032081
2021/04/18 09:24:48 +0900, 35.7040636,140.032081
2021/04/18 09:25:18 +0900, 35.7040636,140.032081
2021/04/18 09:25:48 +0900, 35.7040636,140.032081
2021/04/18 09:26:18 +0900, 35.7040636,140.032081
2021/04/18 09:26:48 +0900, 35.7040636,140.032081
2021/04/18 09:27:18 +0900, 35.7040636,140.032081
2021/04/18 09:27:48 +0900, 35.7040636,140.032081
2021/04/18 09:28:18 +0900, 35.7040636,140.032081
2021/04/18 09:28:48 +0900, 35.7037914,140.032081
2021/04/18 09:29:18 +0900, 35.7037914,140.032081
2021/04/18 09:29:48 +0900, 35.7037914,140.032081
2021/04/18 09:30:18 +0900, 35.7037914,140.032081
2021/04/18 09:30:48 +0900, 35.7037914,140.032081
2021/04/18 09:31:18 +0900, 35.7037914,140.032081
2021/04/18 09:31:48 +0900, 35.7037914,140.032081
2021/04/18 09:32:18 +0900, 35.7037914,140.032081
2021/04/18 09:32:48 +0900, 35.7037914,140.032081
2021/04/18 09:33:18 +0900, 35.7037914,140.032081
2021/04/18 09:33:48 +0900, 35.7037914,140.032081
2021/04/18 09:34:18 +0900, 35.7037914,140.032081
2021/04/18 09:34:48 +0900, 35.7037914,140.032081
2021/04/18 09:35:18 +0900, 35.7037914,140.032081
2021/04/18 09:35:48 +0900, 35.7037914,140.032081
2021/04/18 09:36:18 +0900, 35.7037914,140.032081
2021/04/18 09:36:48 +0900, 35.7037914,140.032081
2021/04/18 09:37:18 +0900, 35.7037914,140.032081
2021/04/18 09:37:48 +0900, 35.7037914,140.032081
2021/04/18 09:38:18 +0900, 35.7037914,140.032081
2021/04/18 09:38:48 +0900, 35.7037914,140.032081
2021/04/18 09:39:18 +0900, 35.7037914,140.032081
2021/04/18 09:39:48 +0900, 35.7037914,140.032081
2021/04/18 09:40:18 +0900, 35.7037914,140.032081
2021/04/18 09:40:48 +0900, 35.7037914,140.032081
2021/04/18 09:41:18 +0900, 35.7037914,140.032081
2021/04/18 09:41:48 +0900, 35.7037914,140.032081
2021/04/18 09:42:18 +0900, 35.7037914,140.032081
2021/04/18 09:42:48 +0900, 35.7037914,140.032081
2021/04/18 09:43:18 +0900, 35.7037914,140.032081
2021/04/18 09:43:48 +0900, 35.7037914,140.032081
2021/04/18 09:44:18 +0900, 35.7037914,140.032081
2021/04/18 09:44:48 +0900, 35.7037914,140.032081
2021/04/18 09:45:18 +0900, 35.7037914,140.032081
2021/04/18 09:45:48 +0900, 35.7037914,140.032081
2021/04/18 09:46:18 +0900, 35.7037914,140.032081
2021/04/18 09:46:48 +0900, 35.7037914,140.032081
2021/04/18 09:47:18 +0900, 35.7037914,140.032081
2021/04/18 09:47:48 +0900, 35.7037914,140.032081
2021/04/18 09:48:18 +0900, 35.7037914,140.032081
2021/04/18 09:53:29 +0900, 35.7041089,140.0325865
2021/04/18 09:54:10 +0900, 35.7041089,140.0325865
2021/04/18 09:55:01 +0900, 35.7041089,140.0325865
2021/04/18 09:56:02 +0900, 35.7041089,140.0325865
2021/04/18 09:57:14 +0900, 35.7041089,140.0325865
2021/04/18 09:58:18 +0900, 35.7041089,140.0325865
2021/04/18 09:59:16 +0900, 35.7041089,140.0325865
2021/04/18 09:59:50 +0900, 35.7041089,140.0325865
2021/04/18 10:00:46 +0900, 35.7041089,140.0325865
2021/04/18 10:01:48 +0900, 35.7041089,140.0325865
2021/04/18 10:02:45 +0900, 35.7041089,140.0325865
2021/04/18 10:03:28 +0900, 35.7041089,140.0325865
2021/04/18 10:04:26 +0900, 35.7041089,140.0325865
2021/04/18 10:05:34 +0900, 35.7041089,140.0325865
2021/04/18 10:06:26 +0900, 35.7041089,140.0325865
2021/04/18 10:07:12 +0900, 35.7041089,140.0325865
2021/04/18 10:07:58 +0900, 35.7041089,140.0325865
2021/04/18 10:08:57 +0900, 35.7041089,140.0325865
2021/04/18 10:09:59 +0900, 35.7041089,140.0325865
2021/04/18 10:11:07 +0900, 35.7041089,140.0325865
2021/04/18 10:12:16 +0900, 35.7041089,140.0325865
2021/04/18 10:23:26 +0900, 35.7049418,140.032081
2021/04/18 10:23:56 +0900, 35.7049418,140.032081
2021/04/18 10:24:26 +0900, 35.7049418,140.032081
2021/04/18 10:24:56 +0900, 35.7049418,140.032081
2021/04/18 10:25:26 +0900, 35.7049418,140.032081
2021/04/18 10:25:56 +0900, 35.7049418,140.032081
2021/04/18 10:26:26 +0900, 35.7037914,140.032081
2021/04/18 10:26:56 +0900, 35.7049418,140.032081
2021/04/18 10:27:26 +0900, 35.7044375,140.0325451
2021/04/18 10:27:56 +0900, 35.7044375,140.0325451
2021/04/18 10:28:26 +0900, 35.7044375,140.0325451
2021/04/18 10:28:56 +0900, 35.7044375,140.0325451
2021/04/18 10:29:26 +0900, 35.7044375,140.0325451
2021/04/18 10:29:56 +0900, 35.7044375,140.0325451
2021/04/18 10:31:47 +0900, 35.7044375,140.0325451
2021/04/18 10:33:06 +0900, 35.7049418,140.032081
2021/04/18 10:34:42 +0900, 35.7049418,140.032081
2021/04/18 10:35:58 +0900, 35.7049418,140.032081
2021/04/18 10:37:45 +0900, 35.7049418,140.032081
2021/04/18 10:39:02 +0900, 35.7049418,140.032081
2021/04/18 10:40:30 +0900, 35.7049418,140.032081
2021/04/18 10:41:32 +0900, 35.7049418,140.032081
2021/04/18 10:42:57 +0900, 35.7049418,140.032081
2021/04/18 10:44:29 +0900, 35.7049418,140.032081
2021/04/18 10:45:54 +0900, 35.7049418,140.032081
2021/04/18 10:47:32 +0900, 35.7049418,140.032081
2021/04/18 10:49:11 +0900, 35.7049418,140.032081
2021/04/18 10:50:30 +0900, 35.7049418,140.032081
2021/04/18 10:51:39 +0900, 35.7049418,140.032081
2021/04/18 10:52:58 +0900, 35.7043665,140.0326149
2021/04/18 10:54:02 +0900, 35.7043665,140.0326149
2021/04/18 10:55:27 +0900, 35.7043665,140.0326149
2021/04/18 10:56:56 +0900, 35.7043665,140.0326149
2021/04/18 10:58:41 +0900, 35.7043665,140.0326149
2021/04/18 11:00:14 +0900, 35.7043665,140.0326149
2021/04/18 11:01:00 +0900, 35.7041529,140.0324417
2021/04/18 11:02:12 +0900, 35.7041529,140.0324417
2021/04/18 11:03:41 +0900, 35.7041529,140.0324417
2021/04/18 11:05:18 +0900, 35.7041529,140.0324417
2021/04/18 11:06:13 +0900, 35.7041529,140.0324417
2021/04/18 11:08:05 +0900, 35.7041529,140.0324417
2021/04/18 11:09:36 +0900, 35.7041529,140.0324417
2021/04/18 11:10:15 +0900, 35.7041529,140.0324417
2021/04/18 11:10:45 +0900, 35.7041529,140.0324417
2021/04/18 11:11:15 +0900, 35.7041529,140.0324417
2021/04/18 11:11:45 +0900, 35.7041529,140.0324417
2021/04/18 11:12:15 +0900, 35.7041529,140.0324417
2021/04/18 11:12:45 +0900, 35.7041529,140.0324417
2021/04/18 11:13:15 +0900, 35.7041529,140.0324417
2021/04/18 11:13:45 +0900, 35.7041529,140.0324417
2021/04/18 11:14:15 +0900, 35.7041529,140.0324417
2021/04/18 11:14:45 +0900, 35.7041529,140.0324417
2021/04/18 11:15:15 +0900, 35.7041529,140.0324417
2021/04/18 11:15:45 +0900, 35.7041529,140.0324417
2021/04/18 11:16:15 +0900, 35.7041529,140.0324417
2021/04/18 11:16:45 +0900, 35.7041529,140.0324417
2021/04/18 11:17:15 +0900, 35.7041529,140.0324417
2021/04/18 11:18:09 +0900, 35.7041529,140.0324417
2021/04/18 11:19:45 +0900, 35.7041529,140.0324417
2021/04/18 11:20:55 +0900, 35.7041529,140.0324417
2021/04/18 11:31:05 +0900, 35.7049418,140.032081
2021/04/18 11:32:05 +0900, 35.7049418,140.032081
2021/04/18 11:33:35 +0900, 35.7049418,140.032081
2021/04/18 11:34:54 +0900, 35.7049418,140.032081
2021/04/18 11:36:15 +0900, 35.7049418,140.032081
2021/04/18 11:37:34 +0900, 35.7049418,140.032081
2021/04/18 11:39:15 +0900, 35.7049418,140.032081
2021/04/18 11:40:25 +0900, 35.7049418,140.032081
2021/04/18 11:41:28 +0900, 35.7049418,140.032081
2021/04/18 11:42:38 +0900, 35.7049418,140.032081
2021/04/18 11:43:52 +0900, 35.7049418,140.032081
2021/04/18 11:44:58 +0900, 35.7049418,140.032081
2021/04/18 11:46:01 +0900, 35.7049418,140.032081
2021/04/18 11:47:38 +0900, 35.7049418,140.032081
2021/04/18 11:48:54 +0900, 35.7049418,140.032081
2021/04/18 11:50:24 +0900, 35.7049418,140.032081
2021/04/18 12:01:51 +0900, 35.7037914,140.032081
2021/04/18 12:03:00 +0900, 35.7049418,140.032081
2021/04/18 12:04:19 +0900, 35.7049418,140.032081
2021/04/18 12:05:27 +0900, 35.7049418,140.032081
2021/04/18 12:07:08 +0900, 35.7049418,140.032081
2021/04/18 12:08:38 +0900, 35.7049418,140.032081
2021/04/18 12:09:41 +0900, 35.7049418,140.032081
2021/04/18 12:10:59 +0900, 35.7049418,140.032081
2021/04/18 12:12:01 +0900, 35.7049418,140.032081
2021/04/18 12:13:10 +0900, 35.7049418,140.032081
2021/04/18 12:14:33 +0900, 35.7049418,140.032081
2021/04/18 12:15:59 +0900, 35.7049418,140.032081
2021/04/18 12:17:05 +0900, 35.7049418,140.032081
2021/04/18 12:18:28 +0900, 35.7049418,140.032081
2021/04/18 12:19:32 +0900, 35.7049418,140.032081
2021/04/18 12:20:57 +0900, 35.7036639,140.0317601
2021/04/18 12:21:37 +0900, 35.7036639,140.0317601
2021/04/18 12:22:36 +0900, 35.7036639,140.0317601
2021/04/18 12:24:15 +0900, 35.7036639,140.0317601
2021/04/18 12:25:28 +0900, 35.7049418,140.032081
2021/04/18 12:26:40 +0900, 35.7049418,140.032081
2021/04/18 12:27:58 +0900, 35.7049418,140.032081
2021/04/18 12:29:12 +0900, 35.7049418,140.032081
2021/04/18 12:30:42 +0900, 35.7049418,140.032081
2021/04/18 12:31:46 +0900, 35.7049418,140.032081
2021/04/18 12:33:08 +0900, 35.7049418,140.032081
2021/04/18 12:33:59 +0900, 35.7049418,140.032081
2021/04/18 12:35:01 +0900, 35.7049418,140.032081
2021/04/18 12:36:29 +0900, 35.7049418,140.032081
2021/04/18 12:37:31 +0900, 35.7049418,140.032081
2021/04/18 12:38:43 +0900, 35.7049418,140.032081
2021/04/18 12:39:45 +0900, 35.7049418,140.032081
2021/04/18 12:41:10 +0900, 35.7049418,140.032081
2021/04/18 12:42:21 +0900, 35.7049418,140.032081
2021/04/18 12:44:19 +0900, 35.7049418,140.032081
2021/04/18 12:49:11 +0900, 35.7049418,140.032081
2021/04/18 12:50:47 +0900, 35.7049418,140.032081
2021/04/18 12:52:02 +0900, 35.7049418,140.032081
2021/04/18 12:53:09 +0900, 35.7049418,140.032081
2021/04/18 12:54:38 +0900, 35.7049418,140.032081
2021/04/18 12:55:59 +0900, 35.7049418,140.032081
2021/04/18 12:57:48 +0900, 35.7049418,140.032081
2021/04/18 12:59:01 +0900, 35.7049418,140.032081
2021/04/18 13:00:09 +0900, 35.7049418,140.032081
2021/04/18 13:01:04 +0900, 35.7049418,140.032081
2021/04/18 13:01:50 +0900, 35.7049418,140.032081
2021/04/18 13:02:20 +0900, 35.7049418,140.032081
2021/04/18 13:03:35 +0900, 35.7049418,140.032081
2021/04/18 13:04:47 +0900, 35.7049418,140.032081
2021/04/18 13:05:58 +0900, 35.7049418,140.032081
2021/04/18 13:07:28 +0900, 35.7049418,140.032081
2021/04/18 13:08:47 +0900, 35.7049418,140.032081
2021/04/18 13:18:43 +0900, 35.7049418,140.032081
2021/04/18 13:19:13 +0900, 35.7049418,140.032081
2021/04/18 13:19:43 +0900, 35.7045267,140.0317601
2021/04/18 13:20:13 +0900, 35.7045267,140.0317601
2021/04/18 13:20:43 +0900, 35.7045267,140.0317601
2021/04/18 13:21:13 +0900, 35.7045267,140.0317601
2021/04/18 13:21:43 +0900, 35.7045267,140.0317601
2021/04/18 13:22:13 +0900, 35.7045267,140.0317601
2021/04/18 13:22:43 +0900, 35.7045267,140.0317601
2021/04/18 13:23:13 +0900, 35.7045267,140.0317601
2021/04/18 13:23:43 +0900, 35.7045267,140.0317601
2021/04/18 13:24:13 +0900, 35.7045267,140.0317601
2021/04/18 13:24:43 +0900, 35.7045267,140.0317601
2021/04/18 13:25:13 +0900, 35.7045267,140.0317601
2021/04/18 13:25:43 +0900, 35.7045267,140.0317601
2021/04/18 13:26:55 +0900, 35.7045267,140.0317601
2021/04/18 13:28:15 +0900, 35.7045267,140.0317601
2021/04/18 13:29:32 +0900, 35.7045267,140.0317601
2021/04/18 13:30:50 +0900, 35.7045267,140.0317601
2021/04/18 13:31:52 +0900, 35.7045267,140.0317601
2021/04/18 13:33:03 +0900, 35.7045267,140.0317601
2021/04/18 13:34:27 +0900, 35.7045267,140.0317601
2021/04/18 13:35:50 +0900, 35.7045267,140.0317601
2021/04/18 13:37:03 +0900, 35.7045267,140.0317601
2021/04/18 13:38:11 +0900, 35.7045267,140.0317601
2021/04/18 13:50:49 +0900, 35.7049418,140.032081
2021/04/18 13:51:21 +0900, 35.7040699,140.0324296
2021/04/18 13:52:36 +0900, 35.7040671,140.0324307
2021/04/18 13:53:58 +0900, 35.7040671,140.0324307
2021/04/18 13:55:01 +0900, 35.7040671,140.0324307
2021/04/18 13:56:09 +0900, 35.7040671,140.0324307
2021/04/18 13:57:40 +0900, 35.7040671,140.0324307
2021/04/18 13:59:18 +0900, 35.7040671,140.0324307
2021/04/18 14:00:07 +0900, 35.7040671,140.0324307
2021/04/18 14:01:05 +0900, 35.7040671,140.0324307
2021/04/18 14:02:16 +0900, 35.7040671,140.0324307
2021/04/18 14:03:58 +0900, 35.7040671,140.0324307
2021/04/18 14:05:24 +0900, 35.7040671,140.0324307
2021/04/18 14:06:57 +0900, 35.7040671,140.0324307
2021/04/18 14:07:58 +0900, 35.7040671,140.0324307
2021/04/18 14:08:28 +0900, 35.7040671,140.0324307
2021/04/18 14:08:58 +0900, 35.7040671,140.0324307
2021/04/18 14:09:45 +0900, 35.7040671,140.0324307
2021/04/18 14:11:03 +0900, 35.7040671,140.0324307
2021/04/18 14:17:10 +0900, 35.7049418,140.032081
2021/04/18 14:17:40 +0900, 35.7049418,140.032081
2021/04/18 14:18:10 +0900, 35.7049418,140.032081
2021/04/18 14:18:40 +0900, 35.7049418,140.032081
2021/04/18 14:19:10 +0900, 35.7049418,140.032081
2021/04/18 14:19:40 +0900, 35.7049418,140.032081
2021/04/18 14:20:10 +0900, 35.7049418,140.032081
2021/04/18 14:20:40 +0900, 35.7049418,140.032081
2021/04/18 14:21:10 +0900, 35.7037922,140.032081
2021/04/18 14:21:40 +0900, 35.7039579,140.032081
2021/04/18 14:22:10 +0900, 35.7049418,140.032081
2021/04/18 14:22:40 +0900, 35.7049418,140.032081
2021/04/18 14:23:10 +0900, 35.7049418,140.032081
2021/04/18 14:23:40 +0900, 35.7049418,140.032081
2021/04/18 14:24:10 +0900, 35.7049418,140.032081
2021/04/18 14:24:40 +0900, 35.7049418,140.032081
2021/04/18 14:25:51 +0900, 35.7049418,140.032081
2021/04/18 14:27:50 +0900, 35.7049418,140.032081
2021/04/18 14:30:00 +0900, 35.7049418,140.032081
2021/04/18 14:34:03 +0900, 35.7049418,140.032081
2021/04/18 14:38:40 +0900, 35.7049418,140.032081
2021/04/18 14:43:00 +0900, 35.7049418,140.032081
2021/04/18 14:46:02 +0900, 35.7049418,140.032081
2021/04/18 14:50:01 +0900, 35.7049418,140.032081
2021/04/18 14:53:05 +0900, 35.7049418,140.032081
2021/04/18 14:54:34 +0900, 35.7049418,140.032081
2021/04/18 14:56:01 +0900, 35.7039342,140.032081
2021/04/18 14:59:16 +0900, 35.7039342,140.032081
2021/04/18 15:01:03 +0900, 35.7039342,140.032081
2021/04/18 15:01:43 +0900, 35.7049418,140.032081
2021/04/18 15:04:23 +0900, 35.7049418,140.032081
2021/04/18 15:08:33 +0900, 35.7049418,140.032081
2021/04/18 15:14:01 +0900, 35.7049418,140.032081
2021/04/18 15:17:08 +0900, 35.7049418,140.032081
2021/04/18 15:20:38 +0900, 35.7049418,140.032081
2021/04/18 15:24:53 +0900, 35.7049418,140.032081
2021/04/18 15:25:31 +0900, 35.7049418,140.032081
2021/04/18 15:33:21 +0900, 35.7049418,140.032081
2021/04/18 15:40:01 +0900, 35.7049418,140.032081
2021/04/18 16:22:21 +0900, 35.7049418,140.032081
2021/04/18 16:25:49 +0900, 35.7049418,140.032081
2021/04/18 16:32:20 +0900, 35.7049418,140.032081
2021/04/18 16:38:01 +0900, 35.7049418,140.032081
2021/04/18 16:48:00 +0900, 35.7049418,140.032081
2021/04/18 16:56:14 +0900, 35.7049418,140.032081
2021/04/18 17:03:45 +0900, 35.7049418,140.032081
2021/04/18 17:04:15 +0900, 35.7041442,140.0323355
2021/04/18 17:04:45 +0900, 35.7041442,140.0323355
2021/04/18 17:05:15 +0900, 35.7041442,140.0323355
2021/04/18 17:05:45 +0900, 35.7041442,140.0323355
2021/04/18 17:06:15 +0900, 35.7041442,140.0323355
2021/04/18 17:06:45 +0900, 35.7041442,140.0323355
2021/04/18 17:07:15 +0900, 35.7041442,140.0323355
2021/04/18 17:07:45 +0900, 35.7037914,140.032081
2021/04/18 17:08:15 +0900, 35.7037914,140.032081
2021/04/18 17:08:45 +0900, 35.7037914,140.032081
2021/04/18 17:09:15 +0900, 35.7037914,140.032081
2021/04/18 17:09:45 +0900, 35.7037914,140.032081
2021/04/18 17:10:15 +0900, 35.7037914,140.032081
2021/04/18 17:14:00 +0900, 35.7037914,140.032081
2021/04/18 17:14:36 +0900, 35.7037914,140.032081
2021/04/18 17:15:06 +0900, 35.7037914,140.032081
2021/04/18 17:15:36 +0900, 35.7037914,140.032081
2021/04/18 17:16:06 +0900, 35.7037914,140.032081
2021/04/18 17:16:36 +0900, 35.7037914,140.032081
2021/04/18 17:17:06 +0900, 35.7037914,140.032081
2021/04/18 17:17:36 +0900, 35.7037914,140.032081
2021/04/18 17:18:06 +0900, 35.7037914,140.032081
2021/04/18 17:18:36 +0900, 35.7037914,140.032081
2021/04/18 17:19:06 +0900, 35.7037914,140.032081
2021/04/18 17:19:36 +0900, 35.7037914,140.032081
2021/04/18 17:20:06 +0900, 35.7037914,140.032081
2021/04/18 17:20:36 +0900, 35.7037914,140.032081
2021/04/18 17:21:06 +0900, 35.7037914,140.032081
2021/04/18 17:21:36 +0900, 35.7037914,140.032081
2021/04/18 17:22:06 +0900, 35.7037914,140.032081
2021/04/18 17:22:36 +0900, 35.7037914,140.032081
2021/04/18 17:23:06 +0900, 35.7049418,140.032081
2021/04/18 17:23:36 +0900, 35.7049418,140.032081
2021/04/18 17:24:06 +0900, 35.7049418,140.032081
2021/04/18 17:24:36 +0900, 35.7049418,140.032081
2021/04/18 17:25:06 +0900, 35.7049418,140.032081
2021/04/18 17:25:36 +0900, 35.7049418,140.032081
2021/04/18 17:26:06 +0900, 35.7049418,140.032081
2021/04/18 17:26:36 +0900, 35.7049418,140.032081
2021/04/18 17:27:06 +0900, 35.7049418,140.032081
2021/04/18 17:27:36 +0900, 35.7049418,140.032081
2021/04/18 17:28:06 +0900, 35.7049418,140.032081
2021/04/18 17:28:36 +0900, 35.7049418,140.032081
2021/04/18 17:29:06 +0900, 35.7049418,140.032081
2021/04/18 17:29:36 +0900, 35.7049418,140.032081
2021/04/18 17:30:06 +0900, 35.7049418,140.032081
2021/04/18 17:30:36 +0900, 35.7049418,140.032081
2021/04/18 17:31:06 +0900, 35.7049418,140.032081
2021/04/18 17:31:36 +0900, 35.7049418,140.032081
2021/04/18 17:32:06 +0900, 35.7049418,140.032081
2021/04/18 17:32:36 +0900, 35.7049418,140.032081
2021/04/18 17:33:06 +0900, 35.7049418,140.032081
2021/04/18 17:33:36 +0900, 35.7049418,140.032081
2021/04/18 17:34:06 +0900, 35.7049418,140.032081
2021/04/18 17:34:36 +0900, 35.7049418,140.032081
2021/04/18 17:35:06 +0900, 35.7049418,140.032081
2021/04/18 17:35:36 +0900, 35.7049418,140.032081
2021/04/18 17:36:06 +0900, 35.7049418,140.032081
2021/04/18 17:36:36 +0900, 35.7049418,140.032081
2021/04/18 17:37:06 +0900, 35.7049418,140.032081
2021/04/18 17:37:36 +0900, 35.7049418,140.032081
2021/04/18 17:38:06 +0900, 35.7049418,140.032081
2021/04/18 17:38:36 +0900, 35.7049418,140.032081
2021/04/18 17:39:06 +0900, 35.7049418,140.032081
2021/04/18 17:39:36 +0900, 35.7049418,140.032081
2021/04/18 17:40:06 +0900, 35.7049418,140.032081
2021/04/18 17:40:36 +0900, 35.7049418,140.032081
2021/04/18 17:41:06 +0900, 35.7049418,140.032081
2021/04/18 17:41:36 +0900, 35.7049418,140.032081
2021/04/18 17:42:06 +0900, 35.7049418,140.032081
2021/04/18 17:42:36 +0900, 35.7049418,140.032081
2021/04/18 17:43:06 +0900, 35.7049418,140.032081
2021/04/18 17:43:36 +0900, 35.7049418,140.032081
2021/04/18 17:44:06 +0900, 35.7049418,140.032081
2021/04/18 17:44:36 +0900, 35.7049418,140.032081
2021/04/18 17:45:06 +0900, 35.7049418,140.032081
2021/04/18 17:45:36 +0900, 35.7049418,140.032081
2021/04/18 17:46:06 +0900, 35.7049418,140.032081
2021/04/18 17:46:36 +0900, 35.7049418,140.032081
2021/04/18 17:47:06 +0900, 35.7049418,140.032081
2021/04/18 17:47:36 +0900, 35.7049418,140.032081
2021/04/18 17:48:06 +0900, 35.7049418,140.032081
2021/04/18 17:48:36 +0900, 35.7049418,140.032081
2021/04/18 17:49:06 +0900, 35.7049418,140.032081
2021/04/18 17:49:36 +0900, 35.7049418,140.032081
2021/04/18 17:50:06 +0900, 35.7049418,140.032081
2021/04/18 17:50:36 +0900, 35.7049418,140.032081
2021/04/18 17:51:06 +0900, 35.7049418,140.032081
2021/04/18 17:51:36 +0900, 35.7049418,140.032081
2021/04/18 17:52:06 +0900, 35.7049418,140.032081
2021/04/18 17:52:36 +0900, 35.7049418,140.032081
2021/04/18 17:53:06 +0900, 35.7049418,140.032081
2021/04/18 17:53:36 +0900, 35.7049418,140.032081
2021/04/18 17:54:06 +0900, 35.7049418,140.032081
2021/04/18 18:04:36 +0900, 35.7049418,140.032081
2021/04/18 18:05:06 +0900, 35.7049418,140.032081
2021/04/18 18:05:36 +0900, 35.7049418,140.032081
2021/04/18 18:06:06 +0900, 35.7049418,140.032081
2021/04/18 18:06:36 +0900, 35.7049418,140.032081
2021/04/18 18:07:06 +0900, 35.7049418,140.032081
2021/04/18 18:07:36 +0900, 35.7049418,140.032081
2021/04/18 18:08:06 +0900, 35.7049418,140.032081
2021/04/18 18:08:36 +0900, 35.7049418,140.032081
2021/04/18 18:09:06 +0900, 35.7049418,140.032081
2021/04/18 18:09:36 +0900, 35.7049418,140.032081
2021/04/18 18:10:06 +0900, 35.7049418,140.032081
2021/04/18 18:10:36 +0900, 35.7049418,140.032081
2021/04/18 18:11:06 +0900, 35.7049418,140.032081
2021/04/18 18:11:36 +0900, 35.7049418,140.032081
2021/04/18 18:12:06 +0900, 35.7049418,140.032081
2021/04/18 18:12:36 +0900, 35.7049418,140.032081
2021/04/18 18:13:06 +0900, 35.7049418,140.032081
2021/04/18 18:13:36 +0900, 35.7049418,140.032081
2021/04/18 18:14:06 +0900, 35.7049418,140.032081
2021/04/18 18:14:36 +0900, 35.7049418,140.032081
2021/04/18 18:15:06 +0900, 35.7049418,140.032081
2021/04/18 18:15:36 +0900, 35.7049418,140.032081
2021/04/18 18:16:06 +0900, 35.7049418,140.032081
2021/04/18 18:16:36 +0900, 35.7049418,140.032081
2021/04/18 18:17:06 +0900, 35.7049418,140.032081
2021/04/18 18:17:36 +0900, 35.7049418,140.032081
2021/04/18 18:18:06 +0900, 35.7049418,140.032081
2021/04/18 18:18:36 +0900, 35.7049418,140.032081
2021/04/18 18:19:06 +0900, 35.7049418,140.032081
2021/04/18 18:19:36 +0900, 35.7049418,140.032081
2021/04/18 18:20:06 +0900, 35.7049418,140.032081
2021/04/18 18:20:36 +0900, 35.7049418,140.032081
2021/04/18 18:21:06 +0900, 35.7049418,140.032081
2021/04/18 18:21:36 +0900, 35.7049418,140.032081
2021/04/18 18:22:06 +0900, 35.7049418,140.032081
2021/04/18 18:22:36 +0900, 35.7049418,140.032081
2021/04/18 18:23:06 +0900, 35.7049418,140.032081
2021/04/18 18:23:36 +0900, 35.7049418,140.032081
2021/04/18 18:24:06 +0900, 35.7049418,140.032081
2021/04/18 18:24:36 +0900, 35.7049418,140.032081
2021/04/18 18:25:06 +0900, 35.7049418,140.032081
2021/04/18 18:34:36 +0900, 35.7049418,140.032081
2021/04/18 18:35:06 +0900, 35.7042533,140.0325301
2021/04/18 18:35:36 +0900, 35.7042533,140.0325301
2021/04/18 18:36:06 +0900, 35.7042533,140.0325301
2021/04/18 18:36:36 +0900, 35.7042533,140.0325301
2021/04/18 18:37:06 +0900, 35.7042533,140.0325301
2021/04/18 18:37:36 +0900, 35.7042533,140.0325301
2021/04/18 18:38:06 +0900, 35.7042533,140.0325301
2021/04/18 18:38:36 +0900, 35.7042533,140.0325301
2021/04/18 18:39:06 +0900, 35.7042533,140.0325301
2021/04/18 18:39:36 +0900, 35.7042533,140.0325301
2021/04/18 18:40:06 +0900, 35.7042533,140.0325301
2021/04/18 18:40:36 +0900, 35.7042533,140.0325301
2021/04/18 18:41:06 +0900, 35.7042533,140.0325301
2021/04/18 18:41:36 +0900, 35.7042533,140.0325301
2021/04/18 18:42:06 +0900, 35.7049418,140.032081
2021/04/18 18:42:36 +0900, 35.7049418,140.032081
2021/04/18 18:43:06 +0900, 35.7049418,140.032081
2021/04/18 18:43:36 +0900, 35.7049418,140.032081
2021/04/18 18:44:06 +0900, 35.7049418,140.032081
2021/04/18 18:44:36 +0900, 35.7049418,140.032081
2021/04/18 18:45:06 +0900, 35.7049418,140.032081
2021/04/18 18:45:36 +0900, 35.7049418,140.032081
2021/04/18 18:46:06 +0900, 35.7049418,140.032081
2021/04/18 18:46:36 +0900, 35.7049418,140.032081
2021/04/18 18:47:06 +0900, 35.7049418,140.032081
2021/04/18 18:47:36 +0900, 35.7049418,140.032081
2021/04/18 18:48:06 +0900, 35.7049418,140.032081
2021/04/18 18:48:36 +0900, 35.7049418,140.032081
2021/04/18 18:49:06 +0900, 35.7049418,140.032081
2021/04/18 18:49:36 +0900, 35.7049418,140.032081
2021/04/18 18:50:06 +0900, 35.7049418,140.032081
2021/04/18 18:50:36 +0900, 35.7049418,140.032081
2021/04/18 18:51:06 +0900, 35.7049418,140.032081
2021/04/18 18:51:36 +0900, 35.7049418,140.032081
2021/04/18 18:52:06 +0900, 35.7049418,140.032081
2021/04/18 18:52:36 +0900, 35.7049418,140.032081
2021/04/18 18:53:06 +0900, 35.7049418,140.032081
2021/04/18 18:53:36 +0900, 35.7049418,140.032081
2021/04/18 18:54:06 +0900, 35.7049418,140.032081
2021/04/18 18:54:36 +0900, 35.7049418,140.032081
2021/04/18 18:55:06 +0900, 35.7049418,140.032081
2021/04/18 18:55:36 +0900, 35.7049418,140.032081
2021/04/18 18:56:06 +0900, 35.7036639,140.0317601
2021/04/18 18:56:36 +0900, 35.7036639,140.0317601
2021/04/18 18:57:06 +0900, 35.7036639,140.0317601
2021/04/18 18:57:36 +0900, 35.7036639,140.0317601
2021/04/18 18:58:06 +0900, 35.7036639,140.0317601
2021/04/18 18:58:36 +0900, 35.7036639,140.0317601
2021/04/18 18:59:06 +0900, 35.7036639,140.0317601
2021/04/18 18:59:36 +0900, 35.7036639,140.0317601
2021/04/18 19:01:01 +0900, 35.7036639,140.0317601
2021/04/18 19:03:45 +0900, 35.7036639,140.0317601
2021/04/18 19:06:44 +0900, 35.7036639,140.0317601
2021/04/18 19:08:06 +0900, 35.7036639,140.0317601
2021/04/18 19:11:02 +0900, 35.7036639,140.0317601
2021/04/18 19:12:24 +0900, 35.7041493,140.0323434
2021/04/18 19:12:54 +0900, 35.7041493,140.0323434
2021/04/18 19:13:24 +0900, 35.7041493,140.0323434
2021/04/18 19:13:54 +0900, 35.7041493,140.0323434
2021/04/18 19:14:24 +0900, 35.7041493,140.0323434
2021/04/18 19:14:54 +0900, 35.7041493,140.0323434
2021/04/18 19:15:24 +0900, 35.7041493,140.0323434
2021/04/18 19:15:54 +0900, 35.7041493,140.0323434
2021/04/18 19:16:24 +0900, 35.7041493,140.0323434
2021/04/18 19:16:54 +0900, 35.7049418,140.032081
2021/04/18 19:17:24 +0900, 35.7049418,140.032081
2021/04/18 19:17:54 +0900, 35.7049418,140.032081
2021/04/18 19:18:24 +0900, 35.7049418,140.032081
2021/04/18 19:18:54 +0900, 35.7049418,140.032081
2021/04/18 19:19:24 +0900, 35.7049418,140.032081
2021/04/18 19:19:54 +0900, 35.7049418,140.032081
2021/04/18 19:20:24 +0900, 35.7049418,140.032081
2021/04/18 19:20:54 +0900, 35.7049418,140.032081
2021/04/18 19:21:24 +0900, 35.7049418,140.032081
2021/04/18 19:21:54 +0900, 35.7049418,140.032081
2021/04/18 19:22:24 +0900, 35.7049418,140.032081
2021/04/18 19:22:54 +0900, 35.7049418,140.032081
2021/04/18 19:23:24 +0900, 35.7049418,140.032081
2021/04/18 19:23:54 +0900, 35.7049418,140.032081
2021/04/18 19:24:24 +0900, 35.7049418,140.032081
2021/04/18 19:24:54 +0900, 35.7049418,140.032081
2021/04/18 19:25:24 +0900, 35.7049418,140.032081
2021/04/18 19:25:54 +0900, 35.7049418,140.032081
2021/04/18 19:26:24 +0900, 35.7049418,140.032081
2021/04/18 19:26:54 +0900, 35.7049418,140.032081
2021/04/18 19:27:24 +0900, 35.7049418,140.032081
2021/04/18 19:27:54 +0900, 35.7049418,140.032081
2021/04/18 19:28:24 +0900, 35.7049418,140.032081
2021/04/18 19:28:54 +0900, 35.7049418,140.032081
2021/04/18 19:29:24 +0900, 35.7049418,140.032081
2021/04/18 19:29:54 +0900, 35.7049418,140.032081
2021/04/18 19:30:24 +0900, 35.7049418,140.032081
2021/04/18 19:30:54 +0900, 35.7049418,140.032081
2021/04/18 19:31:24 +0900, 35.7049418,140.032081
2021/04/18 19:31:54 +0900, 35.7049418,140.032081
2021/04/18 19:32:24 +0900, 35.7049418,140.032081
2021/04/18 19:32:54 +0900, 35.7049418,140.032081
2021/04/18 19:33:24 +0900, 35.7049418,140.032081
2021/04/18 19:33:54 +0900, 35.7049418,140.032081
2021/04/18 19:34:24 +0900, 35.7049418,140.032081
2021/04/18 19:34:54 +0900, 35.7049418,140.032081
2021/04/18 19:35:24 +0900, 35.7049418,140.032081
2021/04/18 19:35:54 +0900, 35.7049418,140.032081
2021/04/18 19:36:24 +0900, 35.7049418,140.032081
2021/04/18 19:36:54 +0900, 35.7049418,140.032081
2021/04/18 19:37:24 +0900, 35.7049418,140.032081
2021/04/18 19:37:54 +0900, 35.7049418,140.032081
2021/04/18 19:38:24 +0900, 35.7049418,140.032081
2021/04/18 19:38:54 +0900, 35.7049418,140.032081
2021/04/18 19:39:24 +0900, 35.7049418,140.032081
2021/04/18 19:39:54 +0900, 35.7049418,140.032081
2021/04/18 19:40:24 +0900, 35.7049418,140.032081
2021/04/18 19:40:54 +0900, 35.7049418,140.032081
2021/04/18 19:41:24 +0900, 35.7049418,140.032081
2021/04/18 19:41:54 +0900, 35.7049418,140.032081
2021/04/18 19:42:24 +0900, 35.7049418,140.032081
2021/04/18 19:42:54 +0900, 35.7049418,140.032081
2021/04/18 19:43:24 +0900, 35.7049418,140.032081
2021/04/18 19:43:54 +0900, 35.7049418,140.032081
2021/04/18 19:44:24 +0900, 35.7049418,140.032081
2021/04/18 19:44:54 +0900, 35.7049418,140.032081
2021/04/18 19:45:24 +0900, 35.7049418,140.032081
2021/04/18 19:45:54 +0900, 35.7049418,140.032081
2021/04/18 19:46:24 +0900, 35.7049418,140.032081
2021/04/18 19:46:54 +0900, 35.7049418,140.032081
2021/04/18 19:47:24 +0900, 35.7049418,140.032081
2021/04/18 19:47:54 +0900, 35.7049418,140.032081
2021/04/18 19:48:24 +0900, 35.7049418,140.032081
2021/04/18 19:48:54 +0900, 35.7049418,140.032081
2021/04/18 19:49:24 +0900, 35.7049418,140.032081
2021/04/18 19:49:54 +0900, 35.7049418,140.032081
2021/04/18 19:50:24 +0900, 35.7049418,140.032081
2021/04/18 19:50:54 +0900, 35.7049418,140.032081
2021/04/18 19:51:24 +0900, 35.7049418,140.032081
2021/04/18 19:51:54 +0900, 35.7049418,140.032081
2021/04/18 19:52:24 +0900, 35.7049418,140.032081
2021/04/18 19:52:54 +0900, 35.7049418,140.032081
2021/04/18 19:53:24 +0900, 35.7049418,140.032081
2021/04/18 19:53:54 +0900, 35.7049418,140.032081
2021/04/18 19:54:24 +0900, 35.7049418,140.032081
2021/04/18 19:54:54 +0900, 35.7049418,140.032081
2021/04/18 19:55:24 +0900, 35.7049418,140.032081
2021/04/18 19:55:54 +0900, 35.7049418,140.032081
2021/04/18 19:56:41 +0900, 35.7049418,140.032081
2021/04/18 19:57:43 +0900, 35.7049418,140.032081
2021/04/18 19:58:13 +0900, 35.7049418,140.032081
2021/04/18 19:58:43 +0900, 35.7049418,140.032081
2021/04/18 19:59:13 +0900, 35.7049418,140.032081
2021/04/18 19:59:43 +0900, 35.7049418,140.032081
2021/04/18 20:00:13 +0900, 35.7049418,140.032081
2021/04/18 20:00:43 +0900, 35.7049418,140.032081
2021/04/18 20:01:13 +0900, 35.7049418,140.032081
2021/04/18 20:01:43 +0900, 35.7049418,140.032081
2021/04/18 20:02:13 +0900, 35.7049418,140.032081
2021/04/18 20:02:43 +0900, 35.7049418,140.032081
2021/04/18 20:03:13 +0900, 35.7049418,140.032081
2021/04/18 20:03:43 +0900, 35.7049418,140.032081
2021/04/18 20:04:13 +0900, 35.7049418,140.032081
2021/04/18 20:04:43 +0900, 35.7049418,140.032081
2021/04/18 20:05:13 +0900, 35.7049418,140.032081
2021/04/18 20:05:43 +0900, 35.7049418,140.032081
2021/04/18 20:06:13 +0900, 35.7049418,140.032081
2021/04/18 20:06:43 +0900, 35.7049418,140.032081
2021/04/18 20:07:13 +0900, 35.7049418,140.032081
2021/04/18 20:07:43 +0900, 35.7049418,140.032081
2021/04/18 20:08:13 +0900, 35.7049418,140.032081
2021/04/18 20:08:43 +0900, 35.7049418,140.032081
2021/04/18 20:09:13 +0900, 35.7049418,140.032081
2021/04/18 20:09:43 +0900, 35.7049418,140.032081
2021/04/18 20:10:13 +0900, 35.7049418,140.032081
2021/04/18 20:10:43 +0900, 35.7049418,140.032081
2021/04/18 20:11:13 +0900, 35.7049418,140.032081
2021/04/18 20:11:43 +0900, 35.7049418,140.032081
2021/04/18 20:12:13 +0900, 35.7049418,140.032081
2021/04/18 20:12:43 +0900, 35.7040507,140.032081
2021/04/18 20:13:13 +0900, 35.7040507,140.032081
2021/04/18 20:13:43 +0900, 35.7040507,140.032081
2021/04/18 20:14:13 +0900, 35.7040507,140.032081
2021/04/18 20:14:43 +0900, 35.7040507,140.032081
2021/04/18 20:15:13 +0900, 35.7049418,140.032081
2021/04/18 20:15:43 +0900, 35.7049418,140.032081
2021/04/18 20:16:13 +0900, 35.7049418,140.032081
2021/04/18 20:16:43 +0900, 35.7049418,140.032081
2021/04/18 20:18:50 +0900, 35.7049418,140.032081
2021/04/18 20:23:59 +0900, 35.7049418,140.032081
2021/04/18 20:27:59 +0900, 35.7049418,140.032081
2021/04/18 20:34:03 +0900, 35.7049418,140.032081
2021/04/18 20:43:13 +0900, 35.7049418,140.032081
2021/04/18 20:49:00 +0900, 35.7049418,140.032081
2021/04/18 20:55:15 +0900, 35.7049418,140.032081
2021/04/18 21:04:02 +0900, 35.7049418,140.032081
2021/04/18 21:16:54 +0900, 35.7049418,140.032081
2021/04/18 21:18:01 +0900, 35.7049418,140.032081
2021/04/18 21:20:51 +0900, 35.7049418,140.032081
2021/04/18 21:24:37 +0900, 35.7049418,140.032081
2021/04/18 21:29:01 +0900, 35.7049418,140.032081
2021/04/18 21:35:46 +0900, 35.7049418,140.032081
2021/04/18 21:38:50 +0900, 35.7049418,140.032081
2021/04/18 21:47:02 +0900, 35.7049418,140.032081
2021/04/18 21:49:41 +0900, 35.7044225,140.0327728
2021/04/18 21:53:56 +0900, 35.7044225,140.0327728
2021/04/18 21:59:14 +0900, 35.7044225,140.0327728
2021/04/18 22:00:53 +0900, 35.7044225,140.0327728
2021/04/18 22:02:26 +0900, 35.7044225,140.0327728
2021/04/18 22:03:05 +0900, 35.7044225,140.0327728
2021/04/18 22:06:13 +0900, 35.7044225,140.0327728
2021/04/18 22:06:43 +0900, 35.7049418,140.032081
2021/04/18 22:08:01 +0900, 35.7049418,140.032081
2021/04/18 22:11:02 +0900, 35.7049418,140.032081
2021/04/18 22:18:02 +0900, 35.7049418,140.032081
2021/04/18 22:19:41 +0900, 35.7049418,140.032081
2021/04/18 22:24:54 +0900, 35.7049418,140.032081
2021/04/18 22:28:25 +0900, 35.7049418,140.032081
2021/04/18 22:30:15 +0900, 35.7049418,140.032081
2021/04/18 22:30:45 +0900, 35.7049418,140.032081
2021/04/18 22:32:03 +0900, 35.7049418,140.032081
2021/04/18 22:34:37 +0900, 35.7049418,140.032081
2021/04/18 22:37:05 +0900, 35.7049418,140.032081
2021/04/18 22:39:17 +0900, 35.7049418,140.032081
2021/04/18 22:41:02 +0900, 35.7049418,140.032081
2021/04/18 22:55:45 +0900, 35.7049418,140.032081
2021/04/18 23:00:01 +0900, 35.7049418,140.032081
2021/04/18 23:04:53 +0900, 35.7049418,140.032081
2021/04/18 23:10:40 +0900, 35.7049418,140.032081
2021/04/18 23:14:06 +0900, 35.7049418,140.032081
2021/04/18 23:24:09 +0900, 35.7036639,140.0317601
2021/04/18 23:24:39 +0900, 35.7036639,140.0317601
2021/04/18 23:25:09 +0900, 35.7036639,140.0317601
2021/04/18 23:25:50 +0900, 35.7049418,140.032081
2021/04/18 23:27:29 +0900, 35.7049418,140.032081
2021/04/18 23:27:59 +0900, 35.7049418,140.032081
2021/04/18 23:28:29 +0900, 35.7049418,140.032081
2021/04/18 23:28:59 +0900, 35.7049418,140.032081
2021/04/18 23:29:29 +0900, 35.7049418,140.032081
2021/04/18 23:29:59 +0900, 35.7049418,140.032081
2021/04/18 23:30:29 +0900, 35.7049418,140.032081
2021/04/18 23:30:59 +0900, 35.7049418,140.032081
2021/04/18 23:31:29 +0900, 35.7049418,140.032081
2021/04/18 23:31:59 +0900, 35.7049418,140.032081
2021/04/18 23:32:29 +0900, 35.7049418,140.032081
2021/04/18 23:32:59 +0900, 35.7049418,140.032081
2021/04/18 23:33:29 +0900, 35.7049418,140.032081
2021/04/18 23:33:59 +0900, 35.7049418,140.032081
2021/04/18 23:34:29 +0900, 35.7049418,140.032081
2021/04/18 23:34:59 +0900, 35.7049418,140.032081
2021/04/18 23:35:29 +0900, 35.7049418,140.032081
2021/04/18 23:35:59 +0900, 35.7049418,140.032081
2021/04/18 23:36:29 +0900, 35.7049418,140.032081
2021/04/18 23:36:59 +0900, 35.7049418,140.032081
2021/04/18 23:37:29 +0900, 35.7049418,140.032081
2021/04/18 23:37:59 +0900, 35.7049418,140.032081
2021/04/18 23:38:29 +0900, 35.7049418,140.032081
2021/04/18 23:38:59 +0900, 35.7049418,140.032081
2021/04/18 23:39:29 +0900, 35.7049418,140.032081
2021/04/18 23:39:59 +0900, 35.7049418,140.032081
2021/04/18 23:40:29 +0900, 35.7049418,140.032081
2021/04/18 23:40:59 +0900, 35.7049418,140.032081
2021/04/18 23:41:29 +0900, 35.7049418,140.032081
2021/04/18 23:41:59 +0900, 35.7049418,140.032081
2021/04/18 23:42:29 +0900, 35.7049418,140.032081
2021/04/18 23:42:59 +0900, 35.7049418,140.032081
2021/04/18 23:43:29 +0900, 35.7049418,140.032081
2021/04/18 23:43:59 +0900, 35.7049418,140.032081
2021/04/18 23:44:29 +0900, 35.7049418,140.032081
2021/04/18 23:44:59 +0900, 35.7049418,140.032081
2021/04/18 23:45:29 +0900, 35.7049418,140.032081
2021/04/18 23:45:59 +0900, 35.7049418,140.032081
2021/04/18 23:46:29 +0900, 35.7049418,140.032081
2021/04/18 23:46:59 +0900, 35.7049418,140.032081
2021/04/18 23:47:29 +0900, 35.7049418,140.032081
2021/04/18 23:47:59 +0900, 35.7049418,140.032081
2021/04/18 23:48:29 +0900, 35.7049418,140.032081
2021/04/18 23:48:59 +0900, 35.7049418,140.032081
2021/04/18 23:49:29 +0900, 35.7049418,140.032081
2021/04/18 23:49:59 +0900, 35.7049418,140.032081
2021/04/18 23:50:29 +0900, 35.7049418,140.032081
2021/04/18 23:50:59 +0900, 35.7049418,140.032081
2021/04/18 23:51:29 +0900, 35.7049418,140.032081
2021/04/18 23:51:59 +0900, 35.7049418,140.032081
2021/04/18 23:52:29 +0900, 35.7049418,140.032081
2021/04/18 23:52:59 +0900, 35.7049418,140.032081
2021/04/18 23:53:29 +0900, 35.7049418,140.032081
2021/04/18 23:53:59 +0900, 35.7049418,140.032081
2021/04/18 23:54:29 +0900, 35.7049418,140.032081
2021/04/18 23:54:59 +0900, 35.7049418,140.032081
2021/04/18 23:55:29 +0900, 35.7049418,140.032081
2021/04/18 23:55:59 +0900, 35.7049418,140.032081
2021/04/18 23:56:29 +0900, 35.7049418,140.032081
2021/04/18 23:56:59 +0900, 35.7049418,140.032081
2021/04/18 23:57:29 +0900, 35.7049418,140.032081
2021/04/18 23:57:59 +0900, 35.7049418,140.032081
2021/04/18 23:58:29 +0900, 35.7049418,140.032081
2021/04/18 23:58:59 +0900, 35.7049418,140.032081
2021/04/18 23:59:29 +0900, 35.7049418,140.032081
2021/04/18 23:59:59 +0900, 35.7049418,140.032081
