2021/04/19 00:00:29 +0900, 35.7049418,140.032081
2021/04/19 00:00:59 +0900, 35.7049418,140.032081
2021/04/19 00:01:29 +0900, 35.7049418,140.032081
2021/04/19 00:01:59 +0900, 35.7049418,140.032081
2021/04/19 00:02:29 +0900, 35.7049418,140.032081
2021/04/19 00:02:59 +0900, 35.7049418,140.032081
2021/04/19 00:03:29 +0900, 35.7049418,140.032081
2021/04/19 00:03:59 +0900, 35.7049418,140.032081
2021/04/19 00:04:29 +0900, 35.7049418,140.032081
2021/04/19 00:04:59 +0900, 35.7049418,140.032081
2021/04/19 00:05:29 +0900, 35.7049418,140.032081
2021/04/19 00:05:59 +0900, 35.7049418,140.032081
2021/04/19 00:06:29 +0900, 35.7049418,140.032081
2021/04/19 00:06:59 +0900, 35.7049418,140.032081
2021/04/19 00:07:29 +0900, 35.7049418,140.032081
2021/04/19 00:07:59 +0900, 35.7049418,140.032081
2021/04/19 00:08:29 +0900, 35.7049418,140.032081
2021/04/19 00:08:59 +0900, 35.7049418,140.032081
2021/04/19 00:09:29 +0900, 35.7049418,140.032081
2021/04/19 00:09:59 +0900, 35.7049418,140.032081
2021/04/19 00:10:29 +0900, 35.7049418,140.032081
2021/04/19 00:10:59 +0900, 35.7049418,140.032081
2021/04/19 00:11:29 +0900, 35.7049418,140.032081
2021/04/19 00:11:59 +0900, 35.7049418,140.032081
2021/04/19 00:12:29 +0900, 35.7049418,140.032081
2021/04/19 00:12:59 +0900, 35.7049418,140.032081
2021/04/19 00:13:29 +0900, 35.7049418,140.032081
2021/04/19 00:13:59 +0900, 35.7049418,140.032081
2021/04/19 00:14:29 +0900, 35.7049418,140.032081
2021/04/19 00:14:59 +0900, 35.7049418,140.032081
2021/04/19 00:15:29 +0900, 35.7049418,140.032081
2021/04/19 00:15:59 +0900, 35.7049418,140.032081
2021/04/19 00:26:29 +0900, 35.7049418,140.032081
2021/04/19 00:26:59 +0900, 35.7049418,140.032081
2021/04/19 00:27:29 +0900, 35.7049418,140.032081
2021/04/19 00:27:59 +0900, 35.7049418,140.032081
2021/04/19 00:28:29 +0900, 35.7049418,140.032081
2021/04/19 00:28:59 +0900, 35.7049418,140.032081
2021/04/19 00:29:29 +0900, 35.7049418,140.032081
2021/04/19 00:29:59 +0900, 35.7049418,140.032081
2021/04/19 00:30:29 +0900, 35.7049418,140.032081
2021/04/19 00:30:59 +0900, 35.7049418,140.032081
2021/04/19 00:31:29 +0900, 35.7049418,140.032081
2021/04/19 00:31:59 +0900, 35.7049418,140.032081
2021/04/19 00:32:29 +0900, 35.7049418,140.032081
2021/04/19 00:32:59 +0900, 35.7049418,140.032081
2021/04/19 00:33:29 +0900, 35.7049418,140.032081
2021/04/19 00:34:00 +0900, 35.7049418,140.032081
2021/04/19 00:34:29 +0900, 35.7049418,140.032081
2021/04/19 00:34:59 +0900, 35.7049418,140.032081
2021/04/19 00:35:29 +0900, 35.7049418,140.032081
2021/04/19 00:35:59 +0900, 35.7049418,140.032081
2021/04/19 00:36:29 +0900, 35.7049418,140.032081
2021/04/19 00:36:59 +0900, 35.7049418,140.032081
2021/04/19 00:37:29 +0900, 35.7049418,140.032081
2021/04/19 00:37:59 +0900, 35.7049418,140.032081
2021/04/19 00:38:29 +0900, 35.7049418,140.032081
2021/04/19 00:38:59 +0900, 35.7049418,140.032081
2021/04/19 00:39:29 +0900, 35.7049418,140.032081
2021/04/19 00:39:59 +0900, 35.7049418,140.032081
2021/04/19 00:40:29 +0900, 35.7049418,140.032081
2021/04/19 00:40:59 +0900, 35.7049418,140.032081
2021/04/19 00:41:29 +0900, 35.7049418,140.032081
2021/04/19 00:41:59 +0900, 35.7049418,140.032081
2021/04/19 00:42:29 +0900, 35.7049418,140.032081
2021/04/19 00:42:59 +0900, 35.7049418,140.032081
2021/04/19 00:43:29 +0900, 35.7049418,140.032081
2021/04/19 00:43:59 +0900, 35.7049418,140.032081
2021/04/19 00:44:29 +0900, 35.7049418,140.032081
2021/04/19 00:44:59 +0900, 35.7049418,140.032081
2021/04/19 00:45:29 +0900, 35.7049418,140.032081
2021/04/19 00:45:59 +0900, 35.7049418,140.032081
2021/04/19 00:46:29 +0900, 35.7049418,140.032081
2021/04/19 00:50:29 +0900, 35.7049418,140.032081
2021/04/19 00:50:59 +0900, 35.7049418,140.032081
2021/04/19 00:51:30 +0900, 35.7049418,140.032081
2021/04/19 00:52:00 +0900, 35.7049418,140.032081
2021/04/19 00:52:30 +0900, 35.7049418,140.032081
2021/04/19 00:53:12 +0900, 35.7049418,140.032081
2021/04/19 00:53:55 +0900, 35.7049418,140.032081
2021/04/19 00:54:49 +0900, 35.7049418,140.032081
2021/04/19 00:55:31 +0900, 35.7049418,140.032081
2021/04/19 00:56:26 +0900, 35.7049418,140.032081
2021/04/19 00:56:58 +0900, 35.7049418,140.032081
2021/04/19 00:57:56 +0900, 35.7049418,140.032081
2021/04/19 00:58:45 +0900, 35.7049418,140.032081
2021/04/19 00:59:42 +0900, 35.7049418,140.032081
2021/04/19 01:00:41 +0900, 35.7049418,140.032081
2021/04/19 01:01:35 +0900, 35.7049418,140.032081
2021/04/19 01:02:05 +0900, 35.7049418,140.032081
2021/04/19 01:02:35 +0900, 35.7049418,140.032081
2021/04/19 01:03:15 +0900, 35.7049418,140.032081
2021/04/19 01:03:48 +0900, 35.7049418,140.032081
2021/04/19 01:04:20 +0900, 35.7049418,140.032081
2021/04/19 01:04:50 +0900, 35.7049418,140.032081
2021/04/19 01:05:55 +0900, 35.7049418,140.032081
2021/04/19 01:06:30 +0900, 35.7049418,140.032081
2021/04/19 01:07:16 +0900, 35.7049418,140.032081
2021/04/19 01:08:00 +0900, 35.7049418,140.032081
2021/04/19 01:08:56 +0900, 35.7049418,140.032081
2021/04/19 01:09:34 +0900, 35.7049418,140.032081
2021/04/19 01:20:33 +0900, 35.7049418,140.032081
2021/04/19 01:21:08 +0900, 35.7049418,140.032081
2021/04/19 01:21:38 +0900, 35.7049418,140.032081
2021/04/19 01:22:08 +0900, 35.7049418,140.032081
2021/04/19 01:22:38 +0900, 35.7049418,140.032081
2021/04/19 01:23:10 +0900, 35.7049418,140.032081
2021/04/19 01:23:53 +0900, 35.7049418,140.032081
2021/04/19 01:24:42 +0900, 35.7049418,140.032081
2021/04/19 01:25:26 +0900, 35.7049418,140.032081
2021/04/19 01:26:03 +0900, 35.7049418,140.032081
2021/04/19 01:26:37 +0900, 35.7049418,140.032081
2021/04/19 01:27:10 +0900, 35.7049418,140.032081
2021/04/19 01:27:40 +0900, 35.7049418,140.032081
2021/04/19 01:28:23 +0900, 35.7049418,140.032081
2021/04/19 01:29:03 +0900, 35.7049418,140.032081
2021/04/19 01:29:43 +0900, 35.7049418,140.032081
2021/04/19 01:30:23 +0900, 35.7049418,140.032081
2021/04/19 01:31:06 +0900, 35.7049418,140.032081
2021/04/19 01:31:46 +0900, 35.7049418,140.032081
2021/04/19 01:32:23 +0900, 35.7049418,140.032081
2021/04/19 01:32:54 +0900, 35.7049418,140.032081
2021/04/19 01:33:24 +0900, 35.7049418,140.032081
2021/04/19 01:33:54 +0900, 35.7049418,140.032081
2021/04/19 01:34:24 +0900, 35.7049418,140.032081
2021/04/19 01:34:54 +0900, 35.7049418,140.032081
2021/04/19 01:35:24 +0900, 35.7049418,140.032081
2021/04/19 01:35:54 +0900, 35.7049418,140.032081
2021/04/19 01:36:24 +0900, 35.7049418,140.032081
2021/04/19 01:36:54 +0900, 35.7049418,140.032081
2021/04/19 01:37:24 +0900, 35.7049418,140.032081
2021/04/19 01:38:01 +0900, 35.7049418,140.032081
2021/04/19 01:38:57 +0900, 35.7049418,140.032081
2021/04/19 01:39:50 +0900, 35.7049418,140.032081
2021/04/19 01:40:48 +0900, 35.7049418,140.032081
2021/04/19 01:50:46 +0900, 35.7049418,140.032081
2021/04/19 01:51:41 +0900, 35.7049418,140.032081
2021/04/19 01:52:25 +0900, 35.7049418,140.032081
2021/04/19 01:53:22 +0900, 35.7049418,140.032081
2021/04/19 01:54:18 +0900, 35.7049418,140.032081
2021/04/19 01:55:06 +0900, 35.7049418,140.032081
2021/04/19 01:55:55 +0900, 35.7049418,140.032081
2021/04/19 01:56:41 +0900, 35.7049418,140.032081
2021/04/19 01:57:18 +0900, 35.7049418,140.032081
2021/04/19 01:58:10 +0900, 35.7049418,140.032081
2021/04/19 01:59:09 +0900, 35.7049418,140.032081
2021/04/19 01:59:50 +0900, 35.7049418,140.032081
2021/04/19 02:00:45 +0900, 35.7049418,140.032081
2021/04/19 02:01:37 +0900, 35.7049418,140.032081
2021/04/19 02:02:39 +0900, 35.7049418,140.032081
2021/04/19 02:03:33 +0900, 35.7049418,140.032081
2021/04/19 02:04:35 +0900, 35.7049418,140.032081
2021/04/19 02:05:37 +0900, 35.7049418,140.032081
2021/04/19 02:06:30 +0900, 35.7049418,140.032081
2021/04/19 02:07:16 +0900, 35.7049418,140.032081
2021/04/19 02:07:54 +0900, 35.7049418,140.032081
2021/04/19 02:08:34 +0900, 35.7049418,140.032081
2021/04/19 02:09:09 +0900, 35.7049418,140.032081
2021/04/19 02:09:57 +0900, 35.7049418,140.032081
2021/04/19 02:10:57 +0900, 35.7049418,140.032081
2021/04/19 02:22:30 +0900, 35.7049418,140.032081
2021/04/19 02:23:20 +0900, 35.7049418,140.032081
2021/04/19 02:24:19 +0900, 35.7049418,140.032081
2021/04/19 02:25:53 +0900, 35.7049418,140.032081
2021/04/19 02:26:59 +0900, 35.7049418,140.032081
2021/04/19 02:28:23 +0900, 35.7049418,140.032081
2021/04/19 02:29:46 +0900, 35.7049418,140.032081
2021/04/19 02:30:38 +0900, 35.7049418,140.032081
2021/04/19 02:31:56 +0900, 35.7049418,140.032081
2021/04/19 02:33:17 +0900, 35.7049418,140.032081
2021/04/19 02:34:22 +0900, 35.7049418,140.032081
2021/04/19 02:35:59 +0900, 35.7049418,140.032081
2021/04/19 02:37:15 +0900, 35.7049418,140.032081
2021/04/19 02:37:45 +0900, 35.7049418,140.032081
2021/04/19 02:38:15 +0900, 35.7049418,140.032081
2021/04/19 02:38:45 +0900, 35.7049418,140.032081
2021/04/19 02:39:15 +0900, 35.7049418,140.032081
2021/04/19 02:39:45 +0900, 35.7049418,140.032081
2021/04/19 02:40:15 +0900, 35.7049418,140.032081
2021/04/19 02:40:45 +0900, 35.7049418,140.032081
2021/04/19 02:41:15 +0900, 35.7049418,140.032081
2021/04/19 02:41:45 +0900, 35.7049418,140.032081
2021/04/19 02:42:15 +0900, 35.7049418,140.032081
2021/04/19 02:42:45 +0900, 35.7049418,140.032081
2021/04/19 02:54:37 +0900, 35.7049418,140.032081
2021/04/19 02:55:07 +0900, 35.7049418,140.032081
2021/04/19 02:55:37 +0900, 35.7049418,140.032081
2021/04/19 02:56:08 +0900, 35.7049418,140.032081
2021/04/19 02:56:38 +0900, 35.7049418,140.032081
2021/04/19 02:57:22 +0900, 35.7049418,140.032081
2021/04/19 02:58:14 +0900, 35.7049418,140.032081
2021/04/19 02:59:00 +0900, 35.7049418,140.032081
2021/04/19 02:59:48 +0900, 35.7049418,140.032081
2021/04/19 03:00:28 +0900, 35.7049418,140.032081
2021/04/19 03:01:27 +0900, 35.7049418,140.032081
2021/04/19 03:02:25 +0900, 35.7049418,140.032081
2021/04/19 03:03:27 +0900, 35.7049418,140.032081
2021/04/19 03:04:17 +0900, 35.7049418,140.032081
2021/04/19 03:05:06 +0900, 35.7049418,140.032081
2021/04/19 03:05:56 +0900, 35.7049418,140.032081
2021/04/19 03:06:39 +0900, 35.7049418,140.032081
2021/04/19 03:07:25 +0900, 35.7049418,140.032081
2021/04/19 03:07:55 +0900, 35.7049418,140.032081
2021/04/19 03:08:29 +0900, 35.7049418,140.032081
2021/04/19 03:09:23 +0900, 35.7049418,140.032081
2021/04/19 03:10:03 +0900, 35.7049418,140.032081
2021/04/19 03:10:59 +0900, 35.7049418,140.032081
2021/04/19 03:11:35 +0900, 35.7049418,140.032081
2021/04/19 03:12:17 +0900, 35.7049418,140.032081
2021/04/19 03:13:09 +0900, 35.7049418,140.032081
2021/04/19 03:13:51 +0900, 35.7049418,140.032081
2021/04/19 03:14:21 +0900, 35.7049418,140.032081
2021/04/19 03:25:08 +0900, 35.7040348,140.0318532
2021/04/19 03:25:59 +0900, 35.7049418,140.032081
2021/04/19 03:26:48 +0900, 35.7049418,140.032081
2021/04/19 03:27:39 +0900, 35.7049418,140.032081
2021/04/19 03:28:26 +0900, 35.7049418,140.032081
2021/04/19 03:29:21 +0900, 35.7049418,140.032081
2021/04/19 03:30:11 +0900, 35.7049418,140.032081
2021/04/19 03:31:06 +0900, 35.7049418,140.032081
2021/04/19 03:32:02 +0900, 35.7049418,140.032081
2021/04/19 03:33:14 +0900, 35.7049418,140.032081
2021/04/19 03:34:09 +0900, 35.7049418,140.032081
2021/04/19 03:34:59 +0900, 35.7049418,140.032081
2021/04/19 03:35:39 +0900, 35.7049418,140.032081
2021/04/19 03:36:12 +0900, 35.7049418,140.032081
2021/04/19 03:36:47 +0900, 35.7049418,140.032081
2021/04/19 03:37:32 +0900, 35.7049418,140.032081
2021/04/19 03:38:22 +0900, 35.7049418,140.032081
2021/04/19 03:39:06 +0900, 35.7049418,140.032081
2021/04/19 03:39:59 +0900, 35.7049418,140.032081
2021/04/19 03:40:56 +0900, 35.7049418,140.032081
2021/04/19 03:41:55 +0900, 35.7049418,140.032081
2021/04/19 03:42:59 +0900, 35.7049418,140.032081
2021/04/19 03:44:00 +0900, 35.7049418,140.032081
2021/04/19 03:45:02 +0900, 35.7049418,140.032081
2021/04/19 03:55:31 +0900, 35.7049418,140.032081
2021/04/19 03:56:26 +0900, 35.7049418,140.032081
2021/04/19 03:57:40 +0900, 35.7049418,140.032081
2021/04/19 03:59:28 +0900, 35.7049418,140.032081
2021/04/19 04:00:33 +0900, 35.7049418,140.032081
2021/04/19 04:01:45 +0900, 35.7049418,140.032081
2021/04/19 04:03:12 +0900, 35.7049418,140.032081
2021/04/19 04:05:11 +0900, 35.7049418,140.032081
2021/04/19 04:07:04 +0900, 35.7049418,140.032081
2021/04/19 04:08:41 +0900, 35.7049418,140.032081
2021/04/19 04:10:14 +0900, 35.7049418,140.032081
2021/04/19 04:11:43 +0900, 35.7049418,140.032081
2021/04/19 04:13:38 +0900, 35.7049418,140.032081
2021/04/19 04:15:46 +0900, 35.7049418,140.032081
2021/04/19 04:27:03 +0900, 35.7049418,140.032081
2021/04/19 04:29:05 +0900, 35.7049418,140.032081
2021/04/19 04:30:26 +0900, 35.7049418,140.032081
2021/04/19 04:31:27 +0900, 35.7049418,140.032081
2021/04/19 04:32:23 +0900, 35.7049418,140.032081
2021/04/19 04:33:14 +0900, 35.7049418,140.032081
2021/04/19 04:34:16 +0900, 35.7049418,140.032081
2021/04/19 04:36:10 +0900, 35.7049418,140.032081
2021/04/19 04:37:41 +0900, 35.7049418,140.032081
2021/04/19 04:38:59 +0900, 35.7049418,140.032081
2021/04/19 04:39:59 +0900, 35.7049418,140.032081
2021/04/19 04:41:41 +0900, 35.7049418,140.032081
2021/04/19 04:43:11 +0900, 35.7049418,140.032081
2021/04/19 04:44:32 +0900, 35.7049418,140.032081
2021/04/19 04:46:04 +0900, 35.7049418,140.032081
2021/04/19 04:46:34 +0900, 35.7049418,140.032081
2021/04/19 04:47:04 +0900, 35.7049418,140.032081
2021/04/19 04:47:34 +0900, 35.7049418,140.032081
2021/04/19 04:48:04 +0900, 35.7049418,140.032081
2021/04/19 04:48:34 +0900, 35.7049418,140.032081
2021/04/19 04:49:04 +0900, 35.7049418,140.032081
2021/04/19 04:49:34 +0900, 35.7049418,140.032081
2021/04/19 04:50:04 +0900, 35.7049418,140.032081
2021/04/19 04:50:34 +0900, 35.7049418,140.032081
2021/04/19 04:51:04 +0900, 35.7049418,140.032081
2021/04/19 04:51:34 +0900, 35.7049418,140.032081
2021/04/19 04:52:04 +0900, 35.7049418,140.032081
2021/04/19 05:03:01 +0900, 35.7049418,140.032081
2021/04/19 05:04:34 +0900, 35.7049418,140.032081
2021/04/19 05:06:57 +0900, 35.7049418,140.032081
2021/04/19 05:07:33 +0900, 35.7049418,140.032081
2021/04/19 05:09:13 +0900, 35.7049418,140.032081
2021/04/19 05:11:24 +0900, 35.7049418,140.032081
2021/04/19 05:12:57 +0900, 35.7049418,140.032081
2021/04/19 05:15:21 +0900, 35.7049418,140.032081
2021/04/19 05:17:44 +0900, 35.7049418,140.032081
2021/04/19 05:19:03 +0900, 35.7049418,140.032081
2021/04/19 05:21:35 +0900, 35.7049418,140.032081
2021/04/19 05:23:47 +0900, 35.7049418,140.032081
2021/04/19 05:25:27 +0900, 35.7049418,140.032081
2021/04/19 05:27:38 +0900, 35.7049418,140.032081
2021/04/19 05:38:59 +0900, 35.7049418,140.032081
2021/04/19 05:41:00 +0900, 35.7049418,140.032081
2021/04/19 05:42:52 +0900, 35.7049418,140.032081
2021/04/19 05:44:13 +0900, 35.7049418,140.032081
2021/04/19 05:46:08 +0900, 35.7049418,140.032081
2021/04/19 05:47:53 +0900, 35.7049418,140.032081
2021/04/19 05:49:54 +0900, 35.7049418,140.032081
2021/04/19 05:51:00 +0900, 35.7049418,140.032081
2021/04/19 05:53:16 +0900, 35.7049418,140.032081
2021/04/19 05:54:56 +0900, 35.7049418,140.032081
2021/04/19 05:56:18 +0900, 35.7049418,140.032081
2021/04/19 05:58:01 +0900, 35.7049418,140.032081
2021/04/19 06:00:07 +0900, 35.7049418,140.032081
2021/04/19 06:00:47 +0900, 35.7049418,140.032081
2021/04/19 06:02:34 +0900, 35.7049418,140.032081
2021/04/19 06:12:50 +0900, 35.7049418,140.032081
2021/04/19 06:14:12 +0900, 35.7049418,140.032081
2021/04/19 06:15:44 +0900, 35.7049418,140.032081
2021/04/19 06:17:56 +0900, 35.7049418,140.032081
2021/04/19 06:19:16 +0900, 35.7049418,140.032081
2021/04/19 06:20:39 +0900, 35.7049418,140.032081
2021/04/19 06:22:01 +0900, 35.7049418,140.032081
2021/04/19 06:23:55 +0900, 35.7049418,140.032081
2021/04/19 06:25:23 +0900, 35.7049418,140.032081
2021/04/19 06:27:11 +0900, 35.7049418,140.032081
2021/04/19 06:28:46 +0900, 35.7049418,140.032081
2021/04/19 06:30:11 +0900, 35.7049418,140.032081
2021/04/19 06:31:41 +0900, 35.7049418,140.032081
2021/04/19 06:33:02 +0900, 35.7049418,140.032081
2021/04/19 06:44:15 +0900, 35.7049418,140.032081
2021/04/19 06:46:00 +0900, 35.7049418,140.032081
2021/04/19 06:47:19 +0900, 35.7049418,140.032081
2021/04/19 06:49:03 +0900, 35.7049418,140.032081
2021/04/19 06:50:26 +0900, 35.7049418,140.032081
2021/04/19 06:52:31 +0900, 35.7049418,140.032081
2021/04/19 06:54:04 +0900, 35.7049418,140.032081
2021/04/19 06:54:34 +0900, 35.7049418,140.032081
2021/04/19 06:55:04 +0900, 35.7049418,140.032081
2021/04/19 06:55:34 +0900, 35.7049418,140.032081
2021/04/19 06:56:04 +0900, 35.7049418,140.032081
2021/04/19 06:56:34 +0900, 35.7049418,140.032081
2021/04/19 06:57:04 +0900, 35.7049418,140.032081
2021/04/19 06:57:34 +0900, 35.7049418,140.032081
2021/04/19 06:58:04 +0900, 35.7049418,140.032081
2021/04/19 06:58:34 +0900, 35.7049418,140.032081
2021/04/19 06:59:04 +0900, 35.7049418,140.032081
2021/04/19 06:59:34 +0900, 35.7049418,140.032081
2021/04/19 07:00:04 +0900, 35.7049418,140.032081
2021/04/19 07:00:34 +0900, 35.7049418,140.032081
2021/04/19 07:01:04 +0900, 35.7049418,140.032081
2021/04/19 07:01:34 +0900, 35.7049418,140.032081
2021/04/19 07:02:29 +0900, 35.7049418,140.032081
2021/04/19 07:03:40 +0900, 35.7049418,140.032081
2021/04/19 07:04:52 +0900, 35.7049418,140.032081
2021/04/19 07:06:05 +0900, 35.7049418,140.032081
2021/04/19 07:07:20 +0900, 35.7049418,140.032081
2021/04/19 07:08:53 +0900, 35.7049418,140.032081
2021/04/19 07:09:42 +0900, 35.7049418,140.032081
2021/04/19 07:10:49 +0900, 35.7049418,140.032081
2021/04/19 07:12:33 +0900, 35.7049418,140.032081
2021/04/19 07:14:17 +0900, 35.7049418,140.032081
2021/04/19 07:15:12 +0900, 35.7049418,140.032081
2021/04/19 07:16:13 +0900, 35.7049418,140.032081
2021/04/19 07:17:36 +0900, 35.7049418,140.032081
2021/04/19 07:19:12 +0900, 35.7049418,140.032081
2021/04/19 07:20:42 +0900, 35.7049418,140.032081
2021/04/19 07:22:09 +0900, 35.7049418,140.032081
2021/04/19 07:23:45 +0900, 35.7049418,140.032081
2021/04/19 07:24:43 +0900, 35.7049418,140.032081
2021/04/19 07:25:39 +0900, 35.7049418,140.032081
2021/04/19 07:26:34 +0900, 35.7049418,140.032081
2021/04/19 07:27:28 +0900, 35.7049418,140.032081
2021/04/19 07:28:36 +0900, 35.7049418,140.032081
2021/04/19 07:29:36 +0900, 35.7049418,140.032081
2021/04/19 07:30:44 +0900, 35.7049418,140.032081
2021/04/19 07:31:44 +0900, 35.7049418,140.032081
2021/04/19 07:32:38 +0900, 35.7049418,140.032081
2021/04/19 07:33:53 +0900, 35.7049418,140.032081
2021/04/19 07:34:58 +0900, 35.7049418,140.032081
2021/04/19 07:47:44 +0900, 35.7049418,140.032081
2021/04/19 07:49:14 +0900, 35.7049418,140.032081
2021/04/19 07:50:44 +0900, 35.7049418,140.032081
2021/04/19 07:51:27 +0900, 35.7049418,140.032081
2021/04/19 07:53:01 +0900, 35.7049418,140.032081
2021/04/19 07:54:50 +0900, 35.7049418,140.032081
2021/04/19 07:56:27 +0900, 35.7049418,140.032081
2021/04/19 07:58:04 +0900, 35.7049418,140.032081
2021/04/19 07:59:19 +0900, 35.7049418,140.032081
2021/04/19 08:01:20 +0900, 35.7049418,140.032081
2021/04/19 08:03:04 +0900, 35.7049418,140.032081
2021/04/19 08:04:33 +0900, 35.7049418,140.032081
2021/04/19 08:06:00 +0900, 35.7049418,140.032081
2021/04/19 08:18:31 +0900, 35.7049418,140.032081
2021/04/19 08:19:16 +0900, 35.7049418,140.032081
2021/04/19 08:20:07 +0900, 35.7049418,140.032081
2021/04/19 08:21:12 +0900, 35.7049418,140.032081
2021/04/19 08:22:02 +0900, 35.7049418,140.032081
2021/04/19 08:23:08 +0900, 35.7049418,140.032081
2021/04/19 08:24:01 +0900, 35.7049418,140.032081
2021/04/19 08:24:38 +0900, 35.7049418,140.032081
2021/04/19 08:25:41 +0900, 35.7049418,140.032081
2021/04/19 08:26:33 +0900, 35.7049418,140.032081
2021/04/19 08:28:01 +0900, 35.7049418,140.032081
2021/04/19 08:28:47 +0900, 35.7049418,140.032081
2021/04/19 08:29:44 +0900, 35.7049418,140.032081
2021/04/19 08:30:21 +0900, 35.7049418,140.032081
2021/04/19 08:31:39 +0900, 35.7049418,140.032081
2021/04/19 08:32:59 +0900, 35.7049418,140.032081
2021/04/19 08:34:01 +0900, 35.7049418,140.032081
2021/04/19 08:35:11 +0900, 35.7049418,140.032081
2021/04/19 08:36:13 +0900, 35.7049418,140.032081
2021/04/19 08:36:54 +0900, 35.7049418,140.032081
2021/04/19 08:37:24 +0900, 35.7049418,140.032081
2021/04/19 08:37:54 +0900, 35.7049418,140.032081
2021/04/19 08:38:44 +0900, 35.7049418,140.032081
2021/04/19 08:49:27 +0900, 35.7049418,140.032081
2021/04/19 08:49:57 +0900, 35.7049418,140.032081
2021/04/19 08:50:27 +0900, 35.7049418,140.032081
2021/04/19 08:50:57 +0900, 35.7049418,140.032081
2021/04/19 08:52:16 +0900, 35.7049418,140.032081
2021/04/19 08:53:33 +0900, 35.7049418,140.032081
2021/04/19 08:54:58 +0900, 35.7049418,140.032081
2021/04/19 08:56:32 +0900, 35.7049418,140.032081
2021/04/19 08:57:49 +0900, 35.7049418,140.032081
2021/04/19 08:58:24 +0900, 35.7049418,140.032081
2021/04/19 08:59:55 +0900, 35.7049418,140.032081
2021/04/19 09:01:21 +0900, 35.7049418,140.032081
2021/04/19 09:02:13 +0900, 35.7049418,140.032081
2021/04/19 09:02:43 +0900, 35.7049418,140.032081
2021/04/19 09:03:13 +0900, 35.7049418,140.032081
2021/04/19 09:03:43 +0900, 35.7049418,140.032081
2021/04/19 09:04:13 +0900, 35.7049418,140.032081
2021/04/19 09:04:43 +0900, 35.7049418,140.032081
2021/04/19 09:05:13 +0900, 35.7049418,140.032081
2021/04/19 09:05:43 +0900, 35.7049418,140.032081
2021/04/19 09:06:13 +0900, 35.7049418,140.032081
2021/04/19 09:06:43 +0900, 35.7049418,140.032081
2021/04/19 09:07:13 +0900, 35.7049418,140.032081
2021/04/19 09:07:43 +0900, 35.7049418,140.032081
2021/04/19 09:08:13 +0900, 35.7049418,140.032081
2021/04/19 09:08:43 +0900, 35.7049418,140.032081
2021/04/19 09:09:13 +0900, 35.7049418,140.032081
2021/04/19 09:09:43 +0900, 35.7049418,140.032081
2021/04/19 09:19:27 +0900, 35.7049418,140.032081
2021/04/19 09:20:42 +0900, 35.7049418,140.032081
2021/04/19 09:21:34 +0900, 35.7049418,140.032081
2021/04/19 09:22:58 +0900, 35.7049418,140.032081
2021/04/19 09:24:10 +0900, 35.7049418,140.032081
2021/04/19 09:25:27 +0900, 35.7049418,140.032081
2021/04/19 09:26:30 +0900, 35.7049418,140.032081
2021/04/19 09:27:54 +0900, 35.7049418,140.032081
2021/04/19 09:29:01 +0900, 35.7049418,140.032081
2021/04/19 09:30:12 +0900, 35.7049418,140.032081
2021/04/19 09:31:11 +0900, 35.7049418,140.032081
2021/04/19 09:32:30 +0900, 35.7049418,140.032081
2021/04/19 09:34:04 +0900, 35.7049418,140.032081
2021/04/19 09:35:14 +0900, 35.7049418,140.032081
2021/04/19 09:36:45 +0900, 35.7049418,140.032081
2021/04/19 09:38:22 +0900, 35.7049418,140.032081
2021/04/19 09:52:30 +0900, 35.7049418,140.032081
2021/04/19 09:53:29 +0900, 35.7049418,140.032081
2021/04/19 09:54:42 +0900, 35.7049418,140.032081
2021/04/19 09:56:12 +0900, 35.7049418,140.032081
2021/04/19 09:56:56 +0900, 35.7049418,140.032081
2021/04/19 09:57:26 +0900, 35.7049418,140.032081
2021/04/19 09:57:56 +0900, 35.7049418,140.032081
2021/04/19 09:58:26 +0900, 35.7049418,140.032081
2021/04/19 09:58:56 +0900, 35.7049418,140.032081
2021/04/19 09:59:26 +0900, 35.7049418,140.032081
2021/04/19 09:59:56 +0900, 35.7049418,140.032081
2021/04/19 10:00:26 +0900, 35.7049418,140.032081
2021/04/19 10:00:56 +0900, 35.7049418,140.032081
2021/04/19 10:01:26 +0900, 35.7049418,140.032081
2021/04/19 10:01:56 +0900, 35.7049418,140.032081
2021/04/19 10:02:26 +0900, 35.7049418,140.032081
2021/04/19 10:02:56 +0900, 35.7049418,140.032081
2021/04/19 10:03:26 +0900, 35.7049418,140.032081
2021/04/19 10:03:56 +0900, 35.7049418,140.032081
2021/04/19 10:04:26 +0900, 35.7049418,140.032081
2021/04/19 10:04:56 +0900, 35.7049418,140.032081
2021/04/19 10:05:26 +0900, 35.7049418,140.032081
2021/04/19 10:05:56 +0900, 35.7049418,140.032081
2021/04/19 10:06:26 +0900, 35.7049418,140.032081
2021/04/19 10:07:07 +0900, 35.7049418,140.032081
2021/04/19 10:08:13 +0900, 35.7049418,140.032081
2021/04/19 10:09:43 +0900, 35.7049418,140.032081
2021/04/19 10:11:00 +0900, 35.7049418,140.032081
2021/04/19 10:12:13 +0900, 35.7049418,140.032081
2021/04/19 10:13:44 +0900, 35.7049418,140.032081
2021/04/19 10:15:03 +0900, 35.7049418,140.032081
2021/04/19 10:16:37 +0900, 35.7049418,140.032081
2021/04/19 10:17:10 +0900, 35.7049418,140.032081
2021/04/19 10:17:40 +0900, 35.7049418,140.032081
2021/04/19 10:18:16 +0900, 35.7049418,140.032081
2021/04/19 10:19:09 +0900, 35.7049418,140.032081
2021/04/19 10:19:54 +0900, 35.7049418,140.032081
2021/04/19 10:20:41 +0900, 35.7049418,140.032081
2021/04/19 10:21:28 +0900, 35.7049418,140.032081
2021/04/19 10:22:11 +0900, 35.7049418,140.032081
2021/04/19 10:22:48 +0900, 35.7049418,140.032081
2021/04/19 10:23:22 +0900, 35.7049418,140.032081
2021/04/19 10:23:58 +0900, 35.7049418,140.032081
2021/04/19 10:24:44 +0900, 35.7049418,140.032081
2021/04/19 10:25:35 +0900, 35.7049418,140.032081
2021/04/19 10:30:51 +0900, 35.7049418,140.032081
2021/04/19 10:31:28 +0900, 35.7049418,140.032081
2021/04/19 10:32:05 +0900, 35.7049418,140.032081
2021/04/19 10:32:35 +0900, 35.7049418,140.032081
2021/04/19 10:33:05 +0900, 35.7049418,140.032081
2021/04/19 10:33:35 +0900, 35.7049418,140.032081
2021/04/19 10:34:49 +0900, 35.7049418,140.032081
2021/04/19 10:36:28 +0900, 35.7049418,140.032081
2021/04/19 10:37:49 +0900, 35.7049418,140.032081
2021/04/19 10:40:01 +0900, 35.7049418,140.032081
2021/04/19 10:41:43 +0900, 35.7049418,140.032081
2021/04/19 10:42:54 +0900, 35.7049418,140.032081
2021/04/19 10:44:44 +0900, 35.6862535,140.0263052
2021/04/19 10:45:40 +0900, 35.6862535,140.0263052
2021/04/19 10:46:58 +0900, 35.6862535,140.0263052
2021/04/19 10:47:28 +0900, 35.6862535,140.0263052
2021/04/19 10:47:58 +0900, 35.6880514,140.0192465
2021/04/19 10:48:28 +0900, 35.6880514,140.0192465
2021/04/19 10:48:58 +0900, 35.6880514,140.0192465
2021/04/19 10:49:28 +0900, 35.6880514,140.0192465
2021/04/19 10:49:58 +0900, 35.6904798,140.0195674
2021/04/19 10:50:40 +0900, 35.6904798,140.0195674
2021/04/19 10:51:15 +0900, 35.6904798,140.0195674
2021/04/19 10:51:45 +0900, 35.6904798,140.0195674
2021/04/19 10:52:15 +0900, 35.6878913,140.0195674
2021/04/19 10:52:50 +0900, 35.6878913,140.0195674
2021/04/19 10:53:50 +0900, 35.6878913,140.0195674
2021/04/19 10:54:23 +0900, 35.6878913,140.0195674
2021/04/19 10:54:53 +0900, 35.6878913,140.0195674
2021/04/19 10:55:23 +0900, 35.6878913,140.0195674
2021/04/19 10:55:53 +0900, 35.6878913,140.0195674
2021/04/19 10:56:23 +0900, 35.6878913,140.0195674
2021/04/19 10:56:53 +0900, 35.6878913,140.0195674
2021/04/19 10:57:23 +0900, 35.6878913,140.0195674
2021/04/19 10:57:53 +0900, 35.6878913,140.0195674
2021/04/19 10:58:23 +0900, 35.6878913,140.0195674
2021/04/19 10:58:53 +0900, 35.6878913,140.0195674
2021/04/19 10:59:23 +0900, 35.6878913,140.0195674
2021/04/19 10:59:53 +0900, 35.6878913,140.0195674
2021/04/19 11:00:23 +0900, 35.6878913,140.0195674
2021/04/19 11:00:53 +0900, 35.6887425,140.0203125
2021/04/19 11:01:23 +0900, 35.6887425,140.0203125
2021/04/19 11:01:53 +0900, 35.6887425,140.0203125
2021/04/19 11:02:23 +0900, 35.6887425,140.0203125
2021/04/19 11:02:53 +0900, 35.6887425,140.0203125
2021/04/19 11:03:23 +0900, 35.6887425,140.0203125
2021/04/19 11:03:53 +0900, 35.6887425,140.0203125
2021/04/19 11:04:23 +0900, 35.6887425,140.0203125
2021/04/19 11:04:53 +0900, 35.6887425,140.0203125
2021/04/19 11:05:23 +0900, 35.6887425,140.0203125
2021/04/19 11:05:53 +0900, 35.6887425,140.0203125
2021/04/19 11:08:06 +0900, 35.6887425,140.0203125
2021/04/19 11:13:01 +0900, 35.6887425,140.0203125
2021/04/19 11:17:07 +0900, 35.6887425,140.0203125
2021/04/19 11:25:16 +0900, 35.6887425,140.0203125
2021/04/19 11:28:53 +0900, 35.6887425,140.0203125
2021/04/19 11:29:23 +0900, 35.6887425,140.0203125
2021/04/19 11:29:53 +0900, 35.6887425,140.0203125
2021/04/19 11:30:23 +0900, 35.6887425,140.0203125
2021/04/19 11:30:53 +0900, 35.6887425,140.0203125
2021/04/19 11:31:43 +0900, 35.6887425,140.0203125
2021/04/19 11:34:19 +0900, 35.6887425,140.0203125
2021/04/19 11:34:49 +0900, 35.6887635,140.020311
2021/04/19 11:36:43 +0900, 35.6887635,140.020311
2021/04/19 11:37:13 +0900, 35.6887635,140.020311
2021/04/19 11:39:27 +0900, 35.6887635,140.020311
2021/04/19 11:43:02 +0900, 35.6887635,140.020311
2021/04/19 11:44:45 +0900, 35.6887858,140.0203009
2021/04/19 11:45:15 +0900, 35.6887858,140.0203009
2021/04/19 11:46:51 +0900, 35.6887858,140.0203009
2021/04/19 11:48:52 +0900, 35.6887858,140.0203009
2021/04/19 11:53:02 +0900, 35.6887918,140.0202926
2021/04/19 11:56:01 +0900, 35.6887908,140.0203035
2021/04/19 12:02:21 +0900, 35.6887908,140.0203035
2021/04/19 12:05:39 +0900, 35.6887908,140.0203035
2021/04/19 12:06:10 +0900, 35.6887908,140.0203035
2021/04/19 12:09:10 +0900, 35.6887908,140.0203035
2021/04/19 12:10:30 +0900, 35.6887908,140.0203035
2021/04/19 12:11:00 +0900, 35.6887908,140.0203035
2021/04/19 12:11:35 +0900, 35.6887908,140.0203035
2021/04/19 12:12:10 +0900, 35.6887908,140.0203035
2021/04/19 12:13:04 +0900, 35.6887908,140.0203035
2021/04/19 12:13:43 +0900, 35.6887908,140.0203035
2021/04/19 12:14:33 +0900, 35.6887908,140.0203035
2021/04/19 12:15:37 +0900, 35.6887908,140.0203035
2021/04/19 12:16:45 +0900, 35.6887908,140.0203035
2021/04/19 12:17:15 +0900, 35.6887908,140.0203035
2021/04/19 12:17:45 +0900, 35.6887908,140.0203035
2021/04/19 12:18:57 +0900, 35.6887908,140.0203035
2021/04/19 12:19:27 +0900, 35.6887908,140.0203035
2021/04/19 12:19:58 +0900, 35.6887908,140.0203035
2021/04/19 12:20:28 +0900, 35.6887908,140.0203035
2021/04/19 12:20:58 +0900, 35.6887908,140.0203035
2021/04/19 12:21:28 +0900, 35.6887908,140.0203035
2021/04/19 12:21:58 +0900, 35.6887908,140.0203035
2021/04/19 12:22:28 +0900, 35.6887908,140.0203035
2021/04/19 12:22:58 +0900, 35.6887908,140.0203035
2021/04/19 12:23:28 +0900, 35.6887517,140.0203119
2021/04/19 12:23:58 +0900, 35.6887517,140.0203119
2021/04/19 12:24:28 +0900, 35.6887517,140.0203119
2021/04/19 12:24:58 +0900, 35.6887517,140.0203119
2021/04/19 12:25:28 +0900, 35.6887517,140.0203119
2021/04/19 12:25:58 +0900, 35.6887517,140.0203119
2021/04/19 12:26:28 +0900, 35.6887517,140.0203119
2021/04/19 12:26:58 +0900, 35.6887517,140.0203119
2021/04/19 12:27:28 +0900, 35.6887517,140.0203119
2021/04/19 12:27:58 +0900, 35.6887517,140.0203119
2021/04/19 12:28:28 +0900, 35.6887517,140.0203119
2021/04/19 12:28:58 +0900, 35.6887517,140.0203119
2021/04/19 12:29:28 +0900, 35.6887517,140.0203119
2021/04/19 12:29:58 +0900, 35.6887517,140.0203119
2021/04/19 12:30:28 +0900, 35.6887517,140.0203119
2021/04/19 12:30:58 +0900, 35.6887517,140.0203119
2021/04/19 12:31:28 +0900, 35.6887517,140.0203119
2021/04/19 12:32:51 +0900, 35.6887517,140.0203119
2021/04/19 12:34:20 +0900, 35.6887517,140.0203119
2021/04/19 12:35:37 +0900, 35.6887517,140.0203119
2021/04/19 12:36:07 +0900, 35.6887528,140.0202841
2021/04/19 12:36:37 +0900, 35.6887528,140.0202841
2021/04/19 12:37:07 +0900, 35.6887528,140.0202841
2021/04/19 12:37:37 +0900, 35.6887528,140.0202841
2021/04/19 12:38:07 +0900, 35.6887528,140.0202841
2021/04/19 12:38:37 +0900, 35.6887528,140.0202841
2021/04/19 12:39:07 +0900, 35.6887528,140.0202841
2021/04/19 12:39:46 +0900, 35.6887528,140.0202841
2021/04/19 12:40:19 +0900, 35.6887528,140.0202841
2021/04/19 12:41:15 +0900, 35.6887528,140.0202841
2021/04/19 12:42:49 +0900, 35.6887528,140.0202841
2021/04/19 12:44:28 +0900, 35.6887528,140.0202841
2021/04/19 12:47:01 +0900, 35.6887528,140.0202841
2021/04/19 12:47:32 +0900, 35.6884499,140.0215442
2021/04/19 12:48:02 +0900, 35.6884499,140.0215442
2021/04/19 12:48:38 +0900, 35.6884499,140.0215442
2021/04/19 12:49:08 +0900, 35.6884499,140.0215442
2021/04/19 12:49:38 +0900, 35.6884499,140.0215442
2021/04/19 12:50:08 +0900, 35.6884499,140.0215442
2021/04/19 12:50:38 +0900, 35.6884499,140.0215442
2021/04/19 12:51:08 +0900, 35.6884499,140.0215442
2021/04/19 12:51:38 +0900, 35.6884499,140.0215442
2021/04/19 12:52:08 +0900, 35.6884499,140.0215442
2021/04/19 12:52:38 +0900, 35.6884861,140.0215143
2021/04/19 12:53:08 +0900, 35.6884666,140.0215577
2021/04/19 12:53:38 +0900, 35.6884958,140.0215088
2021/04/19 12:54:08 +0900, 35.6884533,140.0215486
2021/04/19 12:54:38 +0900, 35.6884533,140.0215486
2021/04/19 12:55:08 +0900, 35.6884533,140.0215486
2021/04/19 12:55:38 +0900, 35.6884533,140.0215486
2021/04/19 12:56:08 +0900, 35.6884533,140.0215486
2021/04/19 12:56:38 +0900, 35.6884984,140.0215053
2021/04/19 12:57:08 +0900, 35.6884984,140.0215053
2021/04/19 12:57:38 +0900, 35.6884984,140.0215053
2021/04/19 12:58:08 +0900, 35.6884984,140.0215053
2021/04/19 12:59:18 +0900, 35.6884984,140.0215053
2021/04/19 13:00:08 +0900, 35.6884984,140.0215053
2021/04/19 13:00:44 +0900, 35.6884984,140.0215053
2021/04/19 13:01:14 +0900, 35.6884984,140.0215053
2021/04/19 13:01:44 +0900, 35.6884984,140.0215053
2021/04/19 13:02:14 +0900, 35.6884984,140.0215053
2021/04/19 13:02:44 +0900, 35.6884984,140.0215053
2021/04/19 13:03:14 +0900, 35.6884984,140.0215053
2021/04/19 13:03:44 +0900, 35.6884984,140.0215053
2021/04/19 13:04:14 +0900, 35.6884984,140.0215053
2021/04/19 13:04:44 +0900, 35.6884984,140.0215053
2021/04/19 13:05:14 +0900, 35.6884984,140.0215053
2021/04/19 13:05:44 +0900, 35.6884984,140.0215053
2021/04/19 13:06:14 +0900, 35.6884984,140.0215053
2021/04/19 13:06:44 +0900, 35.6884984,140.0215053
2021/04/19 13:07:14 +0900, 35.6884984,140.0215053
2021/04/19 13:07:44 +0900, 35.6884984,140.0215053
2021/04/19 13:08:14 +0900, 35.6884984,140.0215053
2021/04/19 13:08:44 +0900, 35.6884984,140.0215053
2021/04/19 13:09:14 +0900, 35.6880514,140.0192465
2021/04/19 13:09:44 +0900, 35.6880514,140.0192465
2021/04/19 13:10:14 +0900, 35.6880514,140.0192465
2021/04/19 13:11:06 +0900, 35.6880514,140.0192465
2021/04/19 13:12:13 +0900, 35.6885613,140.0202522
2021/04/19 13:12:47 +0900, 35.6885613,140.0202522
2021/04/19 13:13:18 +0900, 35.6885613,140.0202522
2021/04/19 13:14:23 +0900, 35.6885613,140.0202522
2021/04/19 13:15:21 +0900, 35.6885613,140.0202522
2021/04/19 13:15:51 +0900, 35.6885613,140.0202522
2021/04/19 13:16:21 +0900, 35.6885613,140.0202522
2021/04/19 13:17:20 +0900, 35.6885613,140.0202522
2021/04/19 13:21:01 +0900, 35.6885613,140.0202522
2021/04/19 13:24:24 +0900, 35.6925007,140.0275245
2021/04/19 13:28:30 +0900, 35.7042412,140.0325045
2021/04/19 13:32:22 +0900, 35.7042412,140.0325045
2021/04/19 13:38:01 +0900, 35.7042412,140.0325045
2021/04/19 13:45:07 +0900, 35.7042392,140.0324952
2021/04/19 13:50:02 +0900, 35.7042392,140.0324952
2021/04/19 13:58:55 +0900, 35.7042392,140.0324952
2021/04/19 14:02:34 +0900, 35.7042392,140.0324952
2021/04/19 14:06:27 +0900, 35.7042392,140.0324952
2021/04/19 14:13:35 +0900, 35.7042392,140.0324952
2021/04/19 14:18:04 +0900, 35.7042392,140.0324952
2021/04/19 14:24:02 +0900, 35.7042488,140.032506
2021/04/19 14:28:36 +0900, 35.7042488,140.032506
2021/04/19 14:32:15 +0900, 35.7042488,140.032506
2021/04/19 14:37:00 +0900, 35.7042488,140.032506
2021/04/19 14:45:32 +0900, 35.7042488,140.032506
2021/04/19 14:53:36 +0900, 35.7042488,140.032506
2021/04/19 15:02:00 +0900, 35.7042488,140.032506
2021/04/19 15:07:02 +0900, 35.7042488,140.032506
2021/04/19 15:13:06 +0900, 35.7042488,140.032506
2021/04/19 15:14:01 +0900, 35.7042488,140.032506
2021/04/19 15:17:18 +0900, 35.7042488,140.032506
2021/04/19 15:22:01 +0900, 35.7042488,140.032506
2021/04/19 15:27:00 +0900, 35.7042488,140.032506
2021/04/19 15:32:58 +0900, 35.7042488,140.032506
2021/04/19 15:41:03 +0900, 35.7042488,140.032506
2021/04/19 15:46:58 +0900, 35.7042488,140.032506
2021/04/19 15:50:02 +0900, 35.7042488,140.032506
2021/04/19 15:52:52 +0900, 35.7042488,140.032506
2021/04/19 15:59:40 +0900, 35.7042488,140.032506
2021/04/19 16:00:43 +0900, 35.7042488,140.032506
2021/04/19 16:01:13 +0900, 35.7042488,140.032506
2021/04/19 16:01:43 +0900, 35.7042402,140.0324967
2021/04/19 16:02:13 +0900, 35.7042414,140.0325
2021/04/19 16:02:43 +0900, 35.7042414,140.0325
2021/04/19 16:03:13 +0900, 35.7042414,140.0325
2021/04/19 16:03:43 +0900, 35.7042414,140.0325
2021/04/19 16:04:13 +0900, 35.7042414,140.0325
2021/04/19 16:04:43 +0900, 35.7042414,140.0325
2021/04/19 16:05:13 +0900, 35.7042414,140.0325
2021/04/19 16:05:43 +0900, 35.7042414,140.0325
2021/04/19 16:06:13 +0900, 35.7042414,140.0325
2021/04/19 16:06:43 +0900, 35.7042414,140.0325
2021/04/19 16:07:13 +0900, 35.7042414,140.0325
2021/04/19 16:07:43 +0900, 35.7042414,140.0325
2021/04/19 16:08:13 +0900, 35.7042414,140.0325
2021/04/19 16:08:43 +0900, 35.7042414,140.0325
2021/04/19 16:09:13 +0900, 35.7042414,140.0325
2021/04/19 16:09:43 +0900, 35.7042414,140.0325
2021/04/19 16:10:13 +0900, 35.7042414,140.0325
2021/04/19 16:12:32 +0900, 35.7042414,140.0325
2021/04/19 16:13:41 +0900, 35.7042414,140.0325
2021/04/19 16:17:36 +0900, 35.7042414,140.0325
2021/04/19 16:23:51 +0900, 35.7042414,140.0325
2021/04/19 16:26:15 +0900, 35.7042414,140.0325
2021/04/19 16:29:55 +0900, 35.7042414,140.0325
2021/04/19 16:32:07 +0900, 35.7042414,140.0325
2021/04/19 16:33:05 +0900, 35.7042414,140.0325
2021/04/19 16:40:02 +0900, 35.7042414,140.0325
2021/04/19 16:46:03 +0900, 35.7042414,140.0325
2021/04/19 16:54:27 +0900, 35.7042414,140.0325
2021/04/19 17:02:02 +0900, 35.7042414,140.0325
2021/04/19 17:06:55 +0900, 35.7042414,140.0325
2021/04/19 17:08:26 +0900, 35.7042414,140.0325
2021/04/19 17:14:01 +0900, 35.7042368,140.0324885
2021/04/19 17:21:54 +0900, 35.7042368,140.0324885
2021/04/19 17:29:30 +0900, 35.7042368,140.0324885
2021/04/19 17:37:01 +0900, 35.7042368,140.0324885
2021/04/19 17:45:35 +0900, 35.7042368,140.0324885
2021/04/19 17:52:02 +0900, 35.7042368,140.0324885
2021/04/19 17:57:35 +0900, 35.7042368,140.0324885
2021/04/19 18:01:34 +0900, 35.7042368,140.0324885
2021/04/19 18:05:26 +0900, 35.7042368,140.0324885
2021/04/19 18:05:58 +0900, 35.7042368,140.0324885
2021/04/19 18:08:26 +0900, 35.704235,140.0324811
2021/04/19 18:09:01 +0900, 35.704235,140.0324811
2021/04/19 18:12:01 +0900, 35.704235,140.0324811
2021/04/19 18:14:02 +0900, 35.704235,140.0324811
2021/04/19 18:22:02 +0900, 35.704235,140.0324811
2021/04/19 18:29:01 +0900, 35.704235,140.0324811
2021/04/19 18:31:37 +0900, 35.704235,140.0324811
2021/04/19 18:32:07 +0900, 35.704235,140.0324811
2021/04/19 18:32:37 +0900, 35.704235,140.0324811
2021/04/19 18:33:07 +0900, 35.704235,140.0324811
2021/04/19 18:33:37 +0900, 35.704235,140.0324811
2021/04/19 18:34:07 +0900, 35.704235,140.0324811
2021/04/19 18:34:37 +0900, 35.704235,140.0324811
2021/04/19 18:35:07 +0900, 35.704235,140.0324811
2021/04/19 18:35:37 +0900, 35.704235,140.0324811
2021/04/19 18:36:07 +0900, 35.704235,140.0324811
2021/04/19 18:36:37 +0900, 35.704235,140.0324811
2021/04/19 18:37:07 +0900, 35.704235,140.0324811
2021/04/19 18:37:37 +0900, 35.704235,140.0324811
2021/04/19 18:38:07 +0900, 35.704235,140.0324811
2021/04/19 18:38:37 +0900, 35.704235,140.0324811
2021/04/19 18:39:07 +0900, 35.704235,140.0324811
2021/04/19 18:39:37 +0900, 35.704235,140.0324811
2021/04/19 18:40:07 +0900, 35.704235,140.0324811
2021/04/19 18:40:37 +0900, 35.704235,140.0324811
2021/04/19 18:48:16 +0900, 35.704235,140.0324811
2021/04/19 18:53:58 +0900, 35.704235,140.0324811
2021/04/19 19:00:04 +0900, 35.704235,140.0324811
2021/04/19 19:02:02 +0900, 35.704235,140.0324811
2021/04/19 19:04:21 +0900, 35.704235,140.0324811
2021/04/19 19:06:01 +0900, 35.704235,140.0324811
2021/04/19 19:11:01 +0900, 35.7042364,140.0325032
2021/04/19 19:15:34 +0900, 35.7042364,140.0325032
2021/04/19 19:19:08 +0900, 35.7042364,140.0325032
2021/04/19 19:23:34 +0900, 35.7042364,140.0325032
2021/04/19 19:24:04 +0900, 35.7042364,140.0325032
2021/04/19 19:24:34 +0900, 35.7042364,140.0325032
2021/04/19 19:25:04 +0900, 35.7042364,140.0325032
2021/04/19 19:25:34 +0900, 35.7042364,140.0325032
2021/04/19 19:26:04 +0900, 35.7042364,140.0325032
2021/04/19 19:26:34 +0900, 35.7042364,140.0325032
2021/04/19 19:27:04 +0900, 35.7042364,140.0325032
2021/04/19 19:27:34 +0900, 35.7042364,140.0325032
2021/04/19 19:28:04 +0900, 35.7042364,140.0325032
2021/04/19 19:28:34 +0900, 35.7042364,140.0325032
2021/04/19 19:29:04 +0900, 35.7042364,140.0325032
2021/04/19 19:29:34 +0900, 35.7042364,140.0325032
2021/04/19 19:30:04 +0900, 35.7042364,140.0325032
2021/04/19 19:30:34 +0900, 35.7042364,140.0325032
2021/04/19 19:31:04 +0900, 35.7042364,140.0325032
2021/04/19 19:31:34 +0900, 35.7042364,140.0325032
2021/04/19 19:32:04 +0900, 35.7042364,140.0325032
2021/04/19 19:32:34 +0900, 35.7042364,140.0325032
2021/04/19 19:33:04 +0900, 35.7042364,140.0325032
2021/04/19 19:33:34 +0900, 35.7042364,140.0325032
2021/04/19 19:34:04 +0900, 35.7042364,140.0325032
2021/04/19 19:34:34 +0900, 35.7042364,140.0325032
2021/04/19 19:35:04 +0900, 35.7042364,140.0325032
2021/04/19 19:35:34 +0900, 35.7042364,140.0325032
2021/04/19 19:36:04 +0900, 35.7042364,140.0325032
2021/04/19 19:36:34 +0900, 35.7042364,140.0325032
2021/04/19 19:37:04 +0900, 35.7042364,140.0325032
2021/04/19 19:37:34 +0900, 35.704238,140.0325109
2021/04/19 19:38:04 +0900, 35.704238,140.0325109
2021/04/19 19:38:34 +0900, 35.704238,140.0325109
2021/04/19 19:39:04 +0900, 35.704238,140.0325109
2021/04/19 19:39:34 +0900, 35.704238,140.0325109
2021/04/19 19:40:04 +0900, 35.704238,140.0325109
2021/04/19 19:40:34 +0900, 35.704238,140.0325109
2021/04/19 19:41:04 +0900, 35.704238,140.0325109
2021/04/19 19:41:34 +0900, 35.704238,140.0325109
2021/04/19 19:42:04 +0900, 35.704238,140.0325109
2021/04/19 19:42:34 +0900, 35.704238,140.0325109
2021/04/19 19:43:04 +0900, 35.704238,140.0325109
2021/04/19 19:43:34 +0900, 35.704238,140.0325109
2021/04/19 19:44:04 +0900, 35.704238,140.0325109
2021/04/19 19:44:34 +0900, 35.704238,140.0325109
2021/04/19 19:45:04 +0900, 35.704238,140.0325109
2021/04/19 19:45:34 +0900, 35.704238,140.0325109
2021/04/19 19:46:04 +0900, 35.704238,140.0325109
2021/04/19 19:46:34 +0900, 35.7042406,140.0325043
2021/04/19 19:47:04 +0900, 35.7042406,140.0325043
2021/04/19 19:47:34 +0900, 35.7042406,140.0325043
2021/04/19 19:48:04 +0900, 35.7042406,140.0325043
2021/04/19 19:48:34 +0900, 35.7042406,140.0325043
2021/04/19 19:49:04 +0900, 35.7042406,140.0325043
2021/04/19 19:49:34 +0900, 35.7042406,140.0325043
2021/04/19 19:50:04 +0900, 35.7042406,140.0325043
2021/04/19 19:50:34 +0900, 35.7042406,140.0325043
2021/04/19 19:51:04 +0900, 35.7042406,140.0325043
2021/04/19 19:51:34 +0900, 35.7042406,140.0325043
2021/04/19 19:52:04 +0900, 35.7042406,140.0325043
2021/04/19 19:52:34 +0900, 35.7042406,140.0325043
2021/04/19 19:53:04 +0900, 35.7042406,140.0325043
2021/04/19 19:54:16 +0900, 35.7042406,140.0325043
2021/04/19 19:54:46 +0900, 35.7042406,140.0325043
2021/04/19 19:55:16 +0900, 35.7042406,140.0325043
2021/04/19 19:55:46 +0900, 35.7042406,140.0325043
2021/04/19 19:56:16 +0900, 35.7042406,140.0325043
2021/04/19 19:56:46 +0900, 35.7042406,140.0325043
2021/04/19 19:57:16 +0900, 35.7042406,140.0325043
2021/04/19 19:57:46 +0900, 35.7042406,140.0325043
2021/04/19 19:58:24 +0900, 35.7042406,140.0325043
2021/04/19 19:58:54 +0900, 35.7042406,140.0325043
2021/04/19 19:59:24 +0900, 35.7042406,140.0325043
2021/04/19 19:59:54 +0900, 35.7042406,140.0325043
2021/04/19 20:00:23 +0900, 35.7042406,140.0325043
2021/04/19 20:00:54 +0900, 35.7042406,140.0325043
2021/04/19 20:01:24 +0900, 35.7042406,140.0325043
2021/04/19 20:01:54 +0900, 35.7042406,140.0325043
2021/04/19 20:02:24 +0900, 35.7042406,140.0325043
2021/04/19 20:03:21 +0900, 35.7042406,140.0325043
2021/04/19 20:04:19 +0900, 35.7042406,140.0325043
2021/04/19 20:04:58 +0900, 35.7049418,140.032081
2021/04/19 20:06:03 +0900, 35.7049418,140.032081
2021/04/19 20:07:01 +0900, 35.7049418,140.032081
2021/04/19 20:07:58 +0900, 35.7049418,140.032081
2021/04/19 20:09:09 +0900, 35.7049418,140.032081
2021/04/19 20:10:24 +0900, 35.7049418,140.032081
2021/04/19 20:11:05 +0900, 35.7049418,140.032081
2021/04/19 20:11:36 +0900, 35.7049418,140.032081
2021/04/19 20:12:06 +0900, 35.7049418,140.032081
2021/04/19 20:12:36 +0900, 35.7049418,140.032081
2021/04/19 20:13:11 +0900, 35.7049418,140.032081
2021/04/19 20:13:42 +0900, 35.7049418,140.032081
2021/04/19 20:14:12 +0900, 35.7049418,140.032081
2021/04/19 20:14:42 +0900, 35.7049418,140.032081
2021/04/19 20:15:12 +0900, 35.7049418,140.032081
2021/04/19 20:15:42 +0900, 35.7049418,140.032081
2021/04/19 20:16:12 +0900, 35.7049418,140.032081
2021/04/19 20:16:42 +0900, 35.7049418,140.032081
2021/04/19 20:17:12 +0900, 35.7049418,140.032081
2021/04/19 20:17:42 +0900, 35.7049418,140.032081
2021/04/19 20:18:12 +0900, 35.7049418,140.032081
2021/04/19 20:18:42 +0900, 35.7049418,140.032081
2021/04/19 20:19:12 +0900, 35.7049418,140.032081
2021/04/19 20:19:42 +0900, 35.7049418,140.032081
2021/04/19 20:20:12 +0900, 35.7049418,140.032081
2021/04/19 20:20:42 +0900, 35.7041278,140.032081
2021/04/19 20:21:12 +0900, 35.7049418,140.032081
2021/04/19 20:21:42 +0900, 35.7049418,140.032081
2021/04/19 20:22:21 +0900, 35.7037914,140.032081
2021/04/19 20:22:51 +0900, 35.7037914,140.032081
2021/04/19 20:23:21 +0900, 35.7037914,140.032081
2021/04/19 20:23:51 +0900, 35.7037914,140.032081
2021/04/19 20:24:25 +0900, 35.7037914,140.032081
2021/04/19 20:25:10 +0900, 35.7037914,140.032081
2021/04/19 20:26:04 +0900, 35.7037914,140.032081
2021/04/19 20:26:36 +0900, 35.7037914,140.032081
2021/04/19 20:27:56 +0900, 35.7037914,140.032081
2021/04/19 20:29:04 +0900, 35.7037914,140.032081
2021/04/19 20:29:55 +0900, 35.7037914,140.032081
2021/04/19 20:31:17 +0900, 35.7037914,140.032081
2021/04/19 20:31:47 +0900, 35.7049418,140.032081
2021/04/19 20:32:17 +0900, 35.7049418,140.032081
2021/04/19 20:32:47 +0900, 35.7049418,140.032081
2021/04/19 20:33:17 +0900, 35.7049418,140.032081
2021/04/19 20:33:47 +0900, 35.7049418,140.032081
2021/04/19 20:34:17 +0900, 35.7049418,140.032081
2021/04/19 20:34:47 +0900, 35.7049418,140.032081
2021/04/19 20:35:25 +0900, 35.7049418,140.032081
2021/04/19 20:37:15 +0900, 35.7049418,140.032081
2021/04/19 20:39:27 +0900, 35.7049418,140.032081
2021/04/19 20:40:28 +0900, 35.7049418,140.032081
2021/04/19 20:42:18 +0900, 35.7049418,140.032081
2021/04/19 20:43:12 +0900, 35.7049418,140.032081
2021/04/19 20:44:45 +0900, 35.7049418,140.032081
2021/04/19 20:46:34 +0900, 35.7049418,140.032081
2021/04/19 20:47:26 +0900, 35.7049418,140.032081
2021/04/19 20:48:13 +0900, 35.7049418,140.032081
2021/04/19 20:49:00 +0900, 35.7049418,140.032081
2021/04/19 20:49:30 +0900, 35.7049418,140.032081
2021/04/19 20:50:00 +0900, 35.7049418,140.032081
2021/04/19 20:50:30 +0900, 35.7049418,140.032081
2021/04/19 20:51:00 +0900, 35.7049418,140.032081
2021/04/19 20:51:30 +0900, 35.7049418,140.032081
2021/04/19 20:52:00 +0900, 35.7049418,140.032081
2021/04/19 20:52:30 +0900, 35.7049418,140.032081
2021/04/19 20:53:34 +0900, 35.7049418,140.032081
2021/04/19 20:54:33 +0900, 35.7049418,140.032081
2021/04/19 20:55:53 +0900, 35.7049418,140.032081
2021/04/19 20:57:00 +0900, 35.7049418,140.032081
2021/04/19 20:59:01 +0900, 35.7049418,140.032081
2021/04/19 21:00:11 +0900, 35.7049418,140.032081
2021/04/19 21:01:52 +0900, 35.7049418,140.032081
2021/04/19 21:02:59 +0900, 35.7049418,140.032081
2021/04/19 21:04:01 +0900, 35.7049418,140.032081
2021/04/19 21:05:00 +0900, 35.7049418,140.032081
2021/04/19 21:06:04 +0900, 35.7049418,140.032081
2021/04/19 21:07:15 +0900, 35.7049418,140.032081
2021/04/19 21:08:06 +0900, 35.7049418,140.032081
2021/04/19 21:08:46 +0900, 35.7049418,140.032081
2021/04/19 21:09:16 +0900, 35.7049418,140.032081
2021/04/19 21:09:46 +0900, 35.7049418,140.032081
2021/04/19 21:10:16 +0900, 35.7049418,140.032081
2021/04/19 21:10:46 +0900, 35.7049418,140.032081
2021/04/19 21:11:16 +0900, 35.7049418,140.032081
2021/04/19 21:12:33 +0900, 35.7049418,140.032081
2021/04/19 21:14:06 +0900, 35.7049418,140.032081
2021/04/19 21:14:56 +0900, 35.7049418,140.032081
2021/04/19 21:16:00 +0900, 35.7049418,140.032081
2021/04/19 21:18:06 +0900, 35.7049418,140.032081
2021/04/19 21:20:01 +0900, 35.7049418,140.032081
2021/04/19 21:22:07 +0900, 35.7049418,140.032081
2021/04/19 21:22:49 +0900, 35.7049418,140.032081
2021/04/19 21:23:56 +0900, 35.7049418,140.032081
2021/04/19 21:24:41 +0900, 35.7049418,140.032081
2021/04/19 21:25:11 +0900, 35.7049418,140.032081
2021/04/19 21:25:42 +0900, 35.7049418,140.032081
2021/04/19 21:26:11 +0900, 35.7049418,140.032081
2021/04/19 21:26:41 +0900, 35.7049418,140.032081
2021/04/19 21:27:11 +0900, 35.7049418,140.032081
2021/04/19 21:27:41 +0900, 35.7049418,140.032081
2021/04/19 21:28:11 +0900, 35.7049418,140.032081
2021/04/19 21:28:41 +0900, 35.7049418,140.032081
2021/04/19 21:29:12 +0900, 35.7049418,140.032081
2021/04/19 21:29:42 +0900, 35.7049418,140.032081
2021/04/19 21:30:11 +0900, 35.7049418,140.032081
2021/04/19 21:30:42 +0900, 35.7049418,140.032081
2021/04/19 21:31:12 +0900, 35.7049418,140.032081
2021/04/19 21:31:42 +0900, 35.7049418,140.032081
2021/04/19 21:32:12 +0900, 35.7049418,140.032081
2021/04/19 21:32:42 +0900, 35.7049418,140.032081
2021/04/19 21:33:12 +0900, 35.7049418,140.032081
2021/04/19 21:33:42 +0900, 35.7049418,140.032081
2021/04/19 21:34:12 +0900, 35.7049418,140.032081
2021/04/19 21:34:42 +0900, 35.7049418,140.032081
2021/04/19 21:35:12 +0900, 35.7049418,140.032081
2021/04/19 21:35:42 +0900, 35.7049418,140.032081
2021/04/19 21:36:12 +0900, 35.7049418,140.032081
2021/04/19 21:36:42 +0900, 35.7049418,140.032081
2021/04/19 21:37:12 +0900, 35.7049418,140.032081
2021/04/19 21:37:42 +0900, 35.7049418,140.032081
2021/04/19 21:38:12 +0900, 35.7049418,140.032081
2021/04/19 21:38:42 +0900, 35.7049418,140.032081
2021/04/19 21:39:12 +0900, 35.7049418,140.032081
2021/04/19 21:39:42 +0900, 35.7049418,140.032081
2021/04/19 21:40:12 +0900, 35.7049418,140.032081
2021/04/19 21:40:42 +0900, 35.7049418,140.032081
2021/04/19 21:41:12 +0900, 35.7049418,140.032081
2021/04/19 21:41:42 +0900, 35.7049418,140.032081
2021/04/19 21:42:12 +0900, 35.7049418,140.032081
2021/04/19 21:42:42 +0900, 35.7049418,140.032081
2021/04/19 21:43:12 +0900, 35.7049418,140.032081
2021/04/19 21:43:42 +0900, 35.7049418,140.032081
2021/04/19 21:44:12 +0900, 35.7049418,140.032081
2021/04/19 21:44:42 +0900, 35.7049418,140.032081
2021/04/19 21:45:12 +0900, 35.7049418,140.032081
2021/04/19 21:45:42 +0900, 35.7049418,140.032081
2021/04/19 21:46:12 +0900, 35.7049418,140.032081
2021/04/19 21:46:42 +0900, 35.7049418,140.032081
2021/04/19 21:47:12 +0900, 35.7049418,140.032081
2021/04/19 21:47:42 +0900, 35.7049418,140.032081
2021/04/19 21:48:12 +0900, 35.7049418,140.032081
2021/04/19 21:48:42 +0900, 35.7049418,140.032081
2021/04/19 21:49:12 +0900, 35.7049418,140.032081
2021/04/19 21:49:42 +0900, 35.7049418,140.032081
2021/04/19 21:50:12 +0900, 35.7049418,140.032081
2021/04/19 21:50:42 +0900, 35.7049418,140.032081
2021/04/19 21:51:12 +0900, 35.7049418,140.032081
2021/04/19 21:51:42 +0900, 35.7049418,140.032081
2021/04/19 21:52:12 +0900, 35.7049418,140.032081
2021/04/19 21:52:42 +0900, 35.7049418,140.032081
2021/04/19 21:53:12 +0900, 35.7049418,140.032081
2021/04/19 21:53:42 +0900, 35.7049418,140.032081
2021/04/19 21:54:12 +0900, 35.7049418,140.032081
2021/04/19 21:54:42 +0900, 35.7049418,140.032081
2021/04/19 21:55:12 +0900, 35.7049418,140.032081
2021/04/19 21:55:42 +0900, 35.7049418,140.032081
2021/04/19 21:56:12 +0900, 35.7049418,140.032081
2021/04/19 21:56:42 +0900, 35.7049418,140.032081
2021/04/19 21:57:12 +0900, 35.7049418,140.032081
2021/04/19 21:57:42 +0900, 35.7049418,140.032081
2021/04/19 21:58:12 +0900, 35.7049418,140.032081
2021/04/19 21:58:42 +0900, 35.7049418,140.032081
2021/04/19 21:59:12 +0900, 35.7049418,140.032081
2021/04/19 21:59:42 +0900, 35.7049418,140.032081
2021/04/19 22:00:12 +0900, 35.7049418,140.032081
2021/04/19 22:00:42 +0900, 35.7049418,140.032081
2021/04/19 22:01:12 +0900, 35.7049418,140.032081
2021/04/19 22:01:42 +0900, 35.7049418,140.032081
2021/04/19 22:02:12 +0900, 35.7049418,140.032081
2021/04/19 22:02:42 +0900, 35.7049418,140.032081
2021/04/19 22:03:12 +0900, 35.7049418,140.032081
2021/04/19 22:03:42 +0900, 35.7049418,140.032081
2021/04/19 22:04:12 +0900, 35.7049418,140.032081
2021/04/19 22:04:42 +0900, 35.7049418,140.032081
2021/04/19 22:05:12 +0900, 35.7049418,140.032081
2021/04/19 22:05:42 +0900, 35.7049418,140.032081
2021/04/19 22:06:12 +0900, 35.7049418,140.032081
2021/04/19 22:06:42 +0900, 35.7049418,140.032081
2021/04/19 22:07:12 +0900, 35.7049418,140.032081
2021/04/19 22:07:42 +0900, 35.7049418,140.032081
2021/04/19 22:08:12 +0900, 35.7049418,140.032081
2021/04/19 22:08:42 +0900, 35.7049418,140.032081
2021/04/19 22:09:12 +0900, 35.7049418,140.032081
2021/04/19 22:09:42 +0900, 35.7049418,140.032081
2021/04/19 22:10:12 +0900, 35.7049418,140.032081
2021/04/19 22:10:42 +0900, 35.7049418,140.032081
2021/04/19 22:11:12 +0900, 35.7049418,140.032081
2021/04/19 22:11:42 +0900, 35.7049418,140.032081
2021/04/19 22:12:12 +0900, 35.7049418,140.032081
2021/04/19 22:12:42 +0900, 35.7049418,140.032081
2021/04/19 22:13:12 +0900, 35.7049418,140.032081
2021/04/19 22:13:42 +0900, 35.7049418,140.032081
2021/04/19 22:14:12 +0900, 35.7049418,140.032081
2021/04/19 22:14:42 +0900, 35.7049418,140.032081
2021/04/19 22:15:12 +0900, 35.7049418,140.032081
2021/04/19 22:15:42 +0900, 35.7049418,140.032081
2021/04/19 22:16:12 +0900, 35.7049418,140.032081
2021/04/19 22:16:42 +0900, 35.7049418,140.032081
2021/04/19 22:17:12 +0900, 35.7049418,140.032081
2021/04/19 22:17:42 +0900, 35.7049418,140.032081
2021/04/19 22:18:12 +0900, 35.7049418,140.032081
2021/04/19 22:18:42 +0900, 35.7049418,140.032081
2021/04/19 22:19:12 +0900, 35.7049418,140.032081
2021/04/19 22:19:42 +0900, 35.7049418,140.032081
2021/04/19 22:20:12 +0900, 35.7049418,140.032081
2021/04/19 22:20:42 +0900, 35.7049418,140.032081
2021/04/19 22:21:12 +0900, 35.7049418,140.032081
2021/04/19 22:21:42 +0900, 35.7049418,140.032081
2021/04/19 22:22:12 +0900, 35.7049418,140.032081
2021/04/19 22:22:42 +0900, 35.7049418,140.032081
2021/04/19 22:23:12 +0900, 35.7049418,140.032081
2021/04/19 22:23:42 +0900, 35.7049418,140.032081
2021/04/19 22:24:12 +0900, 35.7049418,140.032081
2021/04/19 22:24:42 +0900, 35.7049418,140.032081
2021/04/19 22:25:12 +0900, 35.7049418,140.032081
2021/04/19 22:25:42 +0900, 35.7049418,140.032081
2021/04/19 22:26:12 +0900, 35.7049418,140.032081
2021/04/19 22:26:42 +0900, 35.7049418,140.032081
2021/04/19 22:27:12 +0900, 35.7049418,140.032081
2021/04/19 22:27:42 +0900, 35.7049418,140.032081
2021/04/19 22:28:12 +0900, 35.7049418,140.032081
2021/04/19 22:28:59 +0900, 35.7049418,140.032081
2021/04/19 22:29:29 +0900, 35.7049418,140.032081
2021/04/19 22:30:52 +0900, 35.7049418,140.032081
2021/04/19 22:33:10 +0900, 35.7049418,140.032081
2021/04/19 22:35:37 +0900, 35.7049418,140.032081
2021/04/19 22:36:42 +0900, 35.7049418,140.032081
2021/04/19 22:37:31 +0900, 35.7049418,140.032081
2021/04/19 22:39:28 +0900, 35.7049418,140.032081
2021/04/19 22:40:01 +0900, 35.7049418,140.032081
2021/04/19 22:40:31 +0900, 35.7049418,140.032081
2021/04/19 22:41:01 +0900, 35.7049418,140.032081
2021/04/19 22:41:31 +0900, 35.7049418,140.032081
2021/04/19 22:42:01 +0900, 35.7049418,140.032081
2021/04/19 22:42:31 +0900, 35.7049418,140.032081
2021/04/19 22:43:01 +0900, 35.7049418,140.032081
2021/04/19 22:43:31 +0900, 35.7049418,140.032081
2021/04/19 22:44:01 +0900, 35.7049418,140.032081
2021/04/19 22:44:31 +0900, 35.7049418,140.032081
2021/04/19 22:45:01 +0900, 35.7049418,140.032081
2021/04/19 22:45:31 +0900, 35.7049418,140.032081
2021/04/19 22:46:01 +0900, 35.7049418,140.032081
2021/04/19 22:46:31 +0900, 35.7049418,140.032081
2021/04/19 22:47:01 +0900, 35.7049418,140.032081
2021/04/19 22:47:31 +0900, 35.7049418,140.032081
2021/04/19 22:48:01 +0900, 35.7049418,140.032081
2021/04/19 22:48:31 +0900, 35.7049418,140.032081
2021/04/19 22:49:01 +0900, 35.7049418,140.032081
2021/04/19 22:49:31 +0900, 35.7049418,140.032081
2021/04/19 22:50:01 +0900, 35.7049418,140.032081
2021/04/19 22:50:31 +0900, 35.7049418,140.032081
2021/04/19 22:51:01 +0900, 35.7049418,140.032081
2021/04/19 22:51:31 +0900, 35.7049418,140.032081
2021/04/19 22:52:01 +0900, 35.7049418,140.032081
2021/04/19 22:52:31 +0900, 35.7049418,140.032081
2021/04/19 22:53:01 +0900, 35.7049418,140.032081
2021/04/19 22:53:31 +0900, 35.7049418,140.032081
2021/04/19 22:54:01 +0900, 35.7049418,140.032081
2021/04/19 22:54:31 +0900, 35.7049418,140.032081
2021/04/19 22:55:01 +0900, 35.7049418,140.032081
2021/04/19 22:55:31 +0900, 35.7049418,140.032081
2021/04/19 22:56:01 +0900, 35.7049418,140.032081
2021/04/19 22:56:31 +0900, 35.7049418,140.032081
2021/04/19 22:57:01 +0900, 35.7049418,140.032081
2021/04/19 22:57:31 +0900, 35.7049418,140.032081
2021/04/19 22:58:01 +0900, 35.7049418,140.032081
2021/04/19 22:58:31 +0900, 35.7049418,140.032081
2021/04/19 22:59:01 +0900, 35.7049418,140.032081
2021/04/19 22:59:31 +0900, 35.7049418,140.032081
2021/04/19 23:00:01 +0900, 35.7049418,140.032081
2021/04/19 23:00:31 +0900, 35.7049418,140.032081
2021/04/19 23:01:01 +0900, 35.7049418,140.032081
2021/04/19 23:01:31 +0900, 35.7049418,140.032081
2021/04/19 23:02:01 +0900, 35.7049418,140.032081
2021/04/19 23:02:31 +0900, 35.7049418,140.032081
2021/04/19 23:03:01 +0900, 35.7049418,140.032081
2021/04/19 23:03:31 +0900, 35.7049418,140.032081
2021/04/19 23:04:01 +0900, 35.7049418,140.032081
2021/04/19 23:04:31 +0900, 35.7049418,140.032081
2021/04/19 23:05:01 +0900, 35.7049418,140.032081
2021/04/19 23:16:01 +0900, 35.7059614,140.0346483
2021/04/19 23:16:31 +0900, 35.7049418,140.032081
2021/04/19 23:17:01 +0900, 35.7049418,140.032081
2021/04/19 23:17:31 +0900, 35.7049418,140.032081
2021/04/19 23:18:01 +0900, 35.7049418,140.032081
2021/04/19 23:18:31 +0900, 35.7049418,140.032081
2021/04/19 23:19:01 +0900, 35.7049418,140.032081
2021/04/19 23:19:31 +0900, 35.7049418,140.032081
2021/04/19 23:20:01 +0900, 35.7049418,140.032081
2021/04/19 23:20:31 +0900, 35.7049418,140.032081
2021/04/19 23:21:01 +0900, 35.7049418,140.032081
2021/04/19 23:21:31 +0900, 35.7049418,140.032081
2021/04/19 23:22:01 +0900, 35.7049418,140.032081
2021/04/19 23:22:31 +0900, 35.7049418,140.032081
2021/04/19 23:23:01 +0900, 35.7049418,140.032081
2021/04/19 23:23:31 +0900, 35.7049418,140.032081
2021/04/19 23:24:01 +0900, 35.7049418,140.032081
2021/04/19 23:24:31 +0900, 35.7049418,140.032081
2021/04/19 23:25:01 +0900, 35.7049418,140.032081
2021/04/19 23:25:31 +0900, 35.7049418,140.032081
2021/04/19 23:26:01 +0900, 35.7049418,140.032081
2021/04/19 23:26:31 +0900, 35.7049418,140.032081
2021/04/19 23:27:01 +0900, 35.7049418,140.032081
2021/04/19 23:27:31 +0900, 35.7049418,140.032081
2021/04/19 23:28:01 +0900, 35.7049418,140.032081
2021/04/19 23:28:31 +0900, 35.7049418,140.032081
2021/04/19 23:29:01 +0900, 35.7049418,140.032081
2021/04/19 23:29:31 +0900, 35.7049418,140.032081
2021/04/19 23:30:01 +0900, 35.7049418,140.032081
2021/04/19 23:30:31 +0900, 35.7049418,140.032081
2021/04/19 23:31:01 +0900, 35.7049418,140.032081
2021/04/19 23:31:31 +0900, 35.7049418,140.032081
2021/04/19 23:32:01 +0900, 35.7049418,140.032081
2021/04/19 23:32:31 +0900, 35.7049418,140.032081
2021/04/19 23:33:01 +0900, 35.7049418,140.032081
2021/04/19 23:33:31 +0900, 35.7049418,140.032081
2021/04/19 23:34:01 +0900, 35.7049418,140.032081
2021/04/19 23:34:31 +0900, 35.7049418,140.032081
2021/04/19 23:35:01 +0900, 35.7049418,140.032081
2021/04/19 23:35:31 +0900, 35.7049418,140.032081
2021/04/19 23:36:01 +0900, 35.7049418,140.032081
2021/04/19 23:42:31 +0900, 35.7049418,140.032081
2021/04/19 23:43:01 +0900, 35.7049418,140.032081
2021/04/19 23:43:31 +0900, 35.7049418,140.032081
2021/04/19 23:44:01 +0900, 35.7049418,140.032081
2021/04/19 23:44:31 +0900, 35.7049418,140.032081
2021/04/19 23:45:01 +0900, 35.7049418,140.032081
2021/04/19 23:45:31 +0900, 35.7049418,140.032081
2021/04/19 23:46:01 +0900, 35.7049418,140.032081
2021/04/19 23:46:31 +0900, 35.7049418,140.032081
2021/04/19 23:47:01 +0900, 35.7049418,140.032081
2021/04/19 23:47:31 +0900, 35.7049418,140.032081
2021/04/19 23:48:01 +0900, 35.7049418,140.032081
2021/04/19 23:48:31 +0900, 35.7049418,140.032081
2021/04/19 23:49:01 +0900, 35.7049418,140.032081
2021/04/19 23:49:31 +0900, 35.7049418,140.032081
2021/04/19 23:50:01 +0900, 35.7049418,140.032081
2021/04/19 23:50:31 +0900, 35.7049418,140.032081
2021/04/19 23:51:01 +0900, 35.7049418,140.032081
2021/04/19 23:51:31 +0900, 35.7049418,140.032081
2021/04/19 23:52:01 +0900, 35.7049418,140.032081
2021/04/19 23:52:31 +0900, 35.7049418,140.032081
2021/04/19 23:53:01 +0900, 35.7049418,140.032081
2021/04/19 23:53:31 +0900, 35.7049418,140.032081
2021/04/19 23:54:01 +0900, 35.7049418,140.032081
2021/04/19 23:54:31 +0900, 35.7049418,140.032081
2021/04/19 23:55:01 +0900, 35.7049418,140.032081
2021/04/19 23:55:31 +0900, 35.7049418,140.032081
2021/04/19 23:56:01 +0900, 35.7049418,140.032081
2021/04/19 23:56:31 +0900, 35.7049418,140.032081
2021/04/19 23:57:01 +0900, 35.7049418,140.032081
2021/04/19 23:57:31 +0900, 35.7049418,140.032081
2021/04/19 23:58:01 +0900, 35.7049418,140.032081
2021/04/19 23:58:31 +0900, 35.7049418,140.032081
2021/04/19 23:59:01 +0900, 35.7049418,140.032081
2021/04/19 23:59:31 +0900, 35.7049418,140.032081
