2021/04/28 00:00:06 +0900, 35.7041827,140.0324174
2021/04/28 00:03:33 +0900, 35.7041827,140.0324174
2021/04/28 00:08:30 +0900, 35.7041827,140.0324174
2021/04/28 00:22:03 +0900, 35.7041827,140.0324174
2021/04/28 00:25:58 +0900, 35.7041827,140.0324174
2021/04/28 00:30:13 +0900, 35.7041827,140.0324174
2021/04/28 00:33:53 +0900, 35.7041827,140.0324174
2021/04/28 00:34:23 +0900, 35.7041827,140.0324174
2021/04/28 00:34:53 +0900, 35.7041827,140.0324174
2021/04/28 00:35:23 +0900, 35.7041827,140.0324174
2021/04/28 00:35:53 +0900, 35.7041827,140.0324174
2021/04/28 00:36:23 +0900, 35.7041827,140.0324174
2021/04/28 00:36:53 +0900, 35.7041827,140.0324174
2021/04/28 00:37:23 +0900, 35.7041827,140.0324174
2021/04/28 00:37:53 +0900, 35.7041827,140.0324174
2021/04/28 00:38:23 +0900, 35.7041827,140.0324174
2021/04/28 00:38:53 +0900, 35.7041827,140.0324174
2021/04/28 00:39:23 +0900, 35.7041827,140.0324174
2021/04/28 00:39:53 +0900, 35.7041827,140.0324174
2021/04/28 00:40:23 +0900, 35.7041827,140.0324174
2021/04/28 00:40:53 +0900, 35.7041827,140.0324174
2021/04/28 00:41:23 +0900, 35.7041827,140.0324174
2021/04/28 00:41:53 +0900, 35.7041827,140.0324174
2021/04/28 00:42:23 +0900, 35.7041827,140.0324174
2021/04/28 00:42:53 +0900, 35.7041827,140.0324174
2021/04/28 00:43:23 +0900, 35.7041827,140.0324174
2021/04/28 00:43:53 +0900, 35.7041827,140.0324174
2021/04/28 00:44:23 +0900, 35.7041827,140.0324174
2021/04/28 00:44:53 +0900, 35.7041827,140.0324174
2021/04/28 00:45:23 +0900, 35.7041827,140.0324174
2021/04/28 00:45:53 +0900, 35.7041827,140.0324174
2021/04/28 00:46:23 +0900, 35.7041827,140.0324174
2021/04/28 00:46:53 +0900, 35.7041827,140.0324174
2021/04/28 00:47:23 +0900, 35.7041827,140.0324174
2021/04/28 00:47:53 +0900, 35.7041827,140.0324174
2021/04/28 00:48:23 +0900, 35.7041827,140.0324174
2021/04/28 00:48:53 +0900, 35.7041827,140.0324174
2021/04/28 00:49:23 +0900, 35.7041827,140.0324174
2021/04/28 00:49:53 +0900, 35.7041827,140.0324174
2021/04/28 00:50:23 +0900, 35.7041827,140.0324174
2021/04/28 00:50:53 +0900, 35.7041827,140.0324174
2021/04/28 00:51:23 +0900, 35.7041827,140.0324174
2021/04/28 00:51:53 +0900, 35.7041827,140.0324174
2021/04/28 00:52:23 +0900, 35.7041827,140.0324174
2021/04/28 00:52:53 +0900, 35.7041827,140.0324174
2021/04/28 00:53:23 +0900, 35.7041827,140.0324174
2021/04/28 00:53:53 +0900, 35.7041827,140.0324174
2021/04/28 00:54:23 +0900, 35.7041827,140.0324174
2021/04/28 00:54:53 +0900, 35.7041827,140.0324174
2021/04/28 00:55:23 +0900, 35.7041827,140.0324174
2021/04/28 00:55:53 +0900, 35.7041827,140.0324174
2021/04/28 00:56:23 +0900, 35.7041827,140.0324174
2021/04/28 00:56:53 +0900, 35.7041827,140.0324174
2021/04/28 00:57:23 +0900, 35.7041827,140.0324174
2021/04/28 00:57:53 +0900, 35.7041827,140.0324174
2021/04/28 00:58:23 +0900, 35.7041827,140.0324174
2021/04/28 00:58:53 +0900, 35.7041827,140.0324174
2021/04/28 00:59:23 +0900, 35.7041827,140.0324174
2021/04/28 00:59:53 +0900, 35.7041827,140.0324174
2021/04/28 01:00:23 +0900, 35.7041827,140.0324174
2021/04/28 01:00:53 +0900, 35.7041827,140.0324174
2021/04/28 01:01:23 +0900, 35.7041827,140.0324174
2021/04/28 01:01:53 +0900, 35.7041827,140.0324174
2021/04/28 01:02:23 +0900, 35.7041827,140.0324174
2021/04/28 01:02:53 +0900, 35.7041827,140.0324174
2021/04/28 01:03:23 +0900, 35.7041827,140.0324174
2021/04/28 01:03:53 +0900, 35.7041827,140.0324174
2021/04/28 01:04:23 +0900, 35.7041827,140.0324174
2021/04/28 01:04:53 +0900, 35.7041827,140.0324174
2021/04/28 01:05:23 +0900, 35.7041827,140.0324174
2021/04/28 01:05:53 +0900, 35.7041827,140.0324174
2021/04/28 01:06:23 +0900, 35.7041827,140.0324174
2021/04/28 01:06:53 +0900, 35.7041827,140.0324174
2021/04/28 01:07:23 +0900, 35.7041827,140.0324174
2021/04/28 01:07:53 +0900, 35.7041827,140.0324174
2021/04/28 01:08:23 +0900, 35.7041827,140.0324174
2021/04/28 01:08:53 +0900, 35.7041827,140.0324174
2021/04/28 01:09:23 +0900, 35.7041827,140.0324174
2021/04/28 01:09:53 +0900, 35.7041827,140.0324174
2021/04/28 01:10:23 +0900, 35.7041827,140.0324174
2021/04/28 01:10:53 +0900, 35.7041827,140.0324174
2021/04/28 01:11:23 +0900, 35.7041827,140.0324174
2021/04/28 01:22:31 +0900, 35.7041827,140.0324174
2021/04/28 01:30:09 +0900, 35.7041827,140.0324174
2021/04/28 01:37:32 +0900, 35.7042461,140.0324771
2021/04/28 01:53:41 +0900, 35.7042461,140.0324771
2021/04/28 02:04:24 +0900, 35.7042461,140.0324771
2021/04/28 02:05:06 +0900, 35.7042461,140.0324771
2021/04/28 02:05:36 +0900, 35.7042461,140.0324771
2021/04/28 02:06:06 +0900, 35.7042461,140.0324771
2021/04/28 02:06:36 +0900, 35.7042461,140.0324771
2021/04/28 02:07:06 +0900, 35.7042461,140.0324771
2021/04/28 02:07:36 +0900, 35.7042461,140.0324771
2021/04/28 02:08:06 +0900, 35.7042461,140.0324771
2021/04/28 02:08:36 +0900, 35.7042461,140.0324771
2021/04/28 02:09:06 +0900, 35.7042461,140.0324771
2021/04/28 02:09:36 +0900, 35.7042461,140.0324771
2021/04/28 02:10:06 +0900, 35.7042461,140.0324771
2021/04/28 02:10:36 +0900, 35.7042461,140.0324771
2021/04/28 02:11:06 +0900, 35.7042461,140.0324771
2021/04/28 02:16:51 +0900, 35.7042461,140.0324771
2021/04/28 02:17:21 +0900, 35.7042461,140.0324771
2021/04/28 02:17:51 +0900, 35.7042461,140.0324771
2021/04/28 02:18:21 +0900, 35.7042461,140.0324771
2021/04/28 02:18:51 +0900, 35.7042461,140.0324771
2021/04/28 02:19:21 +0900, 35.7042461,140.0324771
2021/04/28 02:19:51 +0900, 35.7042461,140.0324771
2021/04/28 02:20:21 +0900, 35.7042461,140.0324771
2021/04/28 02:20:51 +0900, 35.7042461,140.0324771
2021/04/28 02:21:21 +0900, 35.7042461,140.0324771
2021/04/28 02:22:55 +0900, 35.7042461,140.0324771
2021/04/28 02:28:27 +0900, 35.7042461,140.0324771
2021/04/28 02:36:13 +0900, 35.7042461,140.0324771
2021/04/28 02:46:30 +0900, 35.7042461,140.0324771
2021/04/28 03:05:18 +0900, 35.7042461,140.0324771
2021/04/28 03:09:36 +0900, 35.7042461,140.0324771
2021/04/28 03:22:01 +0900, 35.7042461,140.0324771
2021/04/28 03:32:03 +0900, 35.7042461,140.0324771
2021/04/28 03:32:33 +0900, 35.7042461,140.0324771
2021/04/28 03:33:03 +0900, 35.7042461,140.0324771
2021/04/28 03:33:38 +0900, 35.7042461,140.0324771
2021/04/28 03:38:54 +0900, 35.7042461,140.0324771
2021/04/28 03:41:16 +0900, 35.7042461,140.0324771
2021/04/28 03:41:46 +0900, 35.7042393,140.0324807
2021/04/28 03:42:16 +0900, 35.7042393,140.0324807
2021/04/28 03:42:46 +0900, 35.7042393,140.0324807
2021/04/28 03:43:16 +0900, 35.7042393,140.0324807
2021/04/28 03:43:46 +0900, 35.7042393,140.0324807
2021/04/28 03:44:16 +0900, 35.7042393,140.0324807
2021/04/28 03:44:46 +0900, 35.7042393,140.0324807
2021/04/28 03:45:16 +0900, 35.7042708,140.0325226
2021/04/28 03:45:46 +0900, 35.704223,140.0324804
2021/04/28 03:46:16 +0900, 35.704242,140.0324903
2021/04/28 03:46:46 +0900, 35.704242,140.0324903
2021/04/28 03:47:16 +0900, 35.704242,140.0324903
2021/04/28 03:47:46 +0900, 35.704242,140.0324903
2021/04/28 03:48:16 +0900, 35.704242,140.0324903
2021/04/28 03:48:46 +0900, 35.704242,140.0324903
2021/04/28 03:49:16 +0900, 35.704242,140.0324903
2021/04/28 03:49:46 +0900, 35.704242,140.0324903
2021/04/28 03:50:16 +0900, 35.704242,140.0324903
2021/04/28 03:50:46 +0900, 35.704242,140.0324903
2021/04/28 03:51:16 +0900, 35.704242,140.0324903
2021/04/28 03:51:46 +0900, 35.704242,140.0324903
2021/04/28 03:52:16 +0900, 35.704242,140.0324903
2021/04/28 03:52:46 +0900, 35.704242,140.0324903
2021/04/28 03:53:16 +0900, 35.704242,140.0324903
2021/04/28 03:53:46 +0900, 35.704242,140.0324903
2021/04/28 03:54:16 +0900, 35.704242,140.0324903
2021/04/28 03:54:46 +0900, 35.704242,140.0324903
2021/04/28 03:55:16 +0900, 35.704242,140.0324903
2021/04/28 03:55:46 +0900, 35.704242,140.0324903
2021/04/28 03:56:16 +0900, 35.704242,140.0324903
2021/04/28 03:56:46 +0900, 35.704242,140.0324903
2021/04/28 03:57:16 +0900, 35.704242,140.0324903
2021/04/28 03:57:46 +0900, 35.704242,140.0324903
2021/04/28 03:58:16 +0900, 35.704242,140.0324903
2021/04/28 03:58:46 +0900, 35.704242,140.0324903
2021/04/28 03:59:16 +0900, 35.704242,140.0324903
2021/04/28 03:59:46 +0900, 35.704242,140.0324903
2021/04/28 04:00:16 +0900, 35.704242,140.0324903
2021/04/28 04:00:46 +0900, 35.704242,140.0324903
2021/04/28 04:01:16 +0900, 35.704242,140.0324903
2021/04/28 04:01:46 +0900, 35.704242,140.0324903
2021/04/28 04:02:16 +0900, 35.704242,140.0324903
2021/04/28 04:02:46 +0900, 35.704242,140.0324903
2021/04/28 04:03:16 +0900, 35.704242,140.0324903
2021/04/28 04:03:46 +0900, 35.704242,140.0324903
2021/04/28 04:04:16 +0900, 35.704242,140.0324903
2021/04/28 04:04:46 +0900, 35.704242,140.0324903
2021/04/28 04:05:16 +0900, 35.704242,140.0324903
2021/04/28 04:05:46 +0900, 35.704242,140.0324903
2021/04/28 04:06:16 +0900, 35.704242,140.0324903
2021/04/28 04:06:46 +0900, 35.704242,140.0324903
2021/04/28 04:07:16 +0900, 35.704242,140.0324903
2021/04/28 04:07:46 +0900, 35.7042336,140.032406
2021/04/28 04:08:16 +0900, 35.7042057,140.0324393
2021/04/28 04:08:46 +0900, 35.7042057,140.0324393
2021/04/28 04:09:16 +0900, 35.7042057,140.0324393
2021/04/28 04:09:46 +0900, 35.7042057,140.0324393
2021/04/28 04:10:16 +0900, 35.7042057,140.0324393
2021/04/28 04:10:46 +0900, 35.7042057,140.0324393
2021/04/28 04:11:16 +0900, 35.7042057,140.0324393
2021/04/28 04:11:46 +0900, 35.7042057,140.0324393
2021/04/28 04:12:16 +0900, 35.7042057,140.0324393
2021/04/28 04:12:46 +0900, 35.7042618,140.0324995
2021/04/28 04:13:16 +0900, 35.7042585,140.032495
2021/04/28 04:13:46 +0900, 35.7042585,140.032495
2021/04/28 04:14:16 +0900, 35.7042585,140.032495
2021/04/28 04:14:46 +0900, 35.7042585,140.032495
2021/04/28 04:15:16 +0900, 35.7042585,140.032495
2021/04/28 04:15:46 +0900, 35.7042585,140.032495
2021/04/28 04:16:16 +0900, 35.7042585,140.032495
2021/04/28 04:16:46 +0900, 35.7042585,140.032495
2021/04/28 04:17:16 +0900, 35.7042585,140.032495
2021/04/28 04:17:46 +0900, 35.7042585,140.032495
2021/04/28 04:18:16 +0900, 35.7042585,140.032495
2021/04/28 04:18:46 +0900, 35.7042585,140.032495
2021/04/28 04:19:16 +0900, 35.7042585,140.032495
2021/04/28 04:19:46 +0900, 35.7042585,140.032495
2021/04/28 04:20:16 +0900, 35.704237,140.0324474
2021/04/28 04:20:46 +0900, 35.704237,140.0324474
2021/04/28 04:21:16 +0900, 35.704237,140.0324474
2021/04/28 04:21:46 +0900, 35.704237,140.0324474
2021/04/28 04:22:16 +0900, 35.704237,140.0324474
2021/04/28 04:22:46 +0900, 35.704237,140.0324474
2021/04/28 04:23:16 +0900, 35.704237,140.0324474
2021/04/28 04:23:46 +0900, 35.704237,140.0324474
2021/04/28 04:24:16 +0900, 35.704237,140.0324474
2021/04/28 04:24:46 +0900, 35.704237,140.0324474
2021/04/28 04:25:16 +0900, 35.704237,140.0324474
2021/04/28 04:25:46 +0900, 35.7042421,140.0324567
2021/04/28 04:26:16 +0900, 35.7042421,140.0324567
2021/04/28 04:26:46 +0900, 35.7042421,140.0324567
2021/04/28 04:27:16 +0900, 35.7042421,140.0324567
2021/04/28 04:27:46 +0900, 35.7042421,140.0324567
2021/04/28 04:28:16 +0900, 35.7042421,140.0324567
2021/04/28 04:28:46 +0900, 35.7042421,140.0324567
2021/04/28 04:29:16 +0900, 35.7042421,140.0324567
2021/04/28 04:29:46 +0900, 35.7042421,140.0324567
2021/04/28 04:30:16 +0900, 35.7042421,140.0324567
2021/04/28 04:30:46 +0900, 35.7042421,140.0324567
2021/04/28 04:31:16 +0900, 35.7042421,140.0324567
2021/04/28 04:31:46 +0900, 35.7042421,140.0324567
2021/04/28 04:32:16 +0900, 35.7042421,140.0324567
2021/04/28 04:32:46 +0900, 35.7042421,140.0324567
2021/04/28 04:33:16 +0900, 35.7042421,140.0324567
2021/04/28 04:33:46 +0900, 35.7042421,140.0324567
2021/04/28 04:34:16 +0900, 35.7042421,140.0324567
2021/04/28 04:34:46 +0900, 35.7042421,140.0324567
2021/04/28 04:35:16 +0900, 35.7042421,140.0324567
2021/04/28 04:35:46 +0900, 35.7042421,140.0324567
2021/04/28 04:36:16 +0900, 35.7042421,140.0324567
2021/04/28 04:36:46 +0900, 35.7042421,140.0324567
2021/04/28 04:37:16 +0900, 35.7042421,140.0324567
2021/04/28 04:37:46 +0900, 35.7042421,140.0324567
2021/04/28 04:38:16 +0900, 35.7042421,140.0324567
2021/04/28 04:38:46 +0900, 35.7042421,140.0324567
2021/04/28 04:39:16 +0900, 35.7042421,140.0324567
2021/04/28 04:39:46 +0900, 35.7042421,140.0324567
2021/04/28 04:40:16 +0900, 35.7042421,140.0324567
2021/04/28 04:40:46 +0900, 35.7042421,140.0324567
2021/04/28 04:41:16 +0900, 35.7042421,140.0324567
2021/04/28 04:41:46 +0900, 35.7042421,140.0324567
2021/04/28 04:42:16 +0900, 35.7042421,140.0324567
2021/04/28 04:42:46 +0900, 35.7042421,140.0324567
2021/04/28 04:43:16 +0900, 35.7042421,140.0324567
2021/04/28 04:43:46 +0900, 35.7042421,140.0324567
2021/04/28 04:44:16 +0900, 35.7042421,140.0324567
2021/04/28 04:44:46 +0900, 35.7042421,140.0324567
2021/04/28 04:45:16 +0900, 35.7042421,140.0324567
2021/04/28 04:45:46 +0900, 35.7042421,140.0324567
2021/04/28 04:46:16 +0900, 35.7042421,140.0324567
2021/04/28 04:46:46 +0900, 35.7042421,140.0324567
2021/04/28 04:47:16 +0900, 35.7042421,140.0324567
2021/04/28 04:47:46 +0900, 35.7042421,140.0324567
2021/04/28 04:48:16 +0900, 35.7042421,140.0324567
2021/04/28 04:48:46 +0900, 35.7042421,140.0324567
2021/04/28 04:49:16 +0900, 35.7042421,140.0324567
2021/04/28 04:49:46 +0900, 35.7042421,140.0324567
2021/04/28 04:50:16 +0900, 35.7042421,140.0324567
2021/04/28 04:50:46 +0900, 35.7042421,140.0324567
2021/04/28 04:51:16 +0900, 35.7042421,140.0324567
2021/04/28 04:51:46 +0900, 35.7042421,140.0324567
2021/04/28 04:52:16 +0900, 35.7042421,140.0324567
2021/04/28 04:52:46 +0900, 35.7042421,140.0324567
2021/04/28 04:53:16 +0900, 35.7042421,140.0324567
2021/04/28 04:53:46 +0900, 35.7042421,140.0324567
2021/04/28 04:54:16 +0900, 35.7042421,140.0324567
2021/04/28 04:54:46 +0900, 35.7042421,140.0324567
2021/04/28 04:55:16 +0900, 35.7042421,140.0324567
2021/04/28 04:55:46 +0900, 35.7042421,140.0324567
2021/04/28 04:56:16 +0900, 35.7042421,140.0324567
2021/04/28 04:56:46 +0900, 35.7042421,140.0324567
2021/04/28 04:57:16 +0900, 35.7042421,140.0324567
2021/04/28 04:57:46 +0900, 35.7042421,140.0324567
2021/04/28 04:58:16 +0900, 35.7042421,140.0324567
2021/04/28 04:58:46 +0900, 35.7042421,140.0324567
2021/04/28 04:59:16 +0900, 35.7042421,140.0324567
2021/04/28 04:59:46 +0900, 35.7042421,140.0324567
2021/04/28 05:00:16 +0900, 35.7042421,140.0324567
2021/04/28 05:00:46 +0900, 35.7042421,140.0324567
2021/04/28 05:01:16 +0900, 35.7042421,140.0324567
2021/04/28 05:01:46 +0900, 35.7042421,140.0324567
2021/04/28 05:02:16 +0900, 35.7042421,140.0324567
2021/04/28 05:02:46 +0900, 35.7042421,140.0324567
2021/04/28 05:03:16 +0900, 35.7042421,140.0324567
2021/04/28 05:03:46 +0900, 35.7042421,140.0324567
2021/04/28 05:04:16 +0900, 35.7042421,140.0324567
2021/04/28 05:04:46 +0900, 35.7042421,140.0324567
2021/04/28 05:05:16 +0900, 35.7042421,140.0324567
2021/04/28 05:05:46 +0900, 35.7042421,140.0324567
2021/04/28 05:06:16 +0900, 35.7042421,140.0324567
2021/04/28 05:06:46 +0900, 35.7042421,140.0324567
2021/04/28 05:07:16 +0900, 35.7042421,140.0324567
2021/04/28 05:07:46 +0900, 35.7042421,140.0324567
2021/04/28 05:08:16 +0900, 35.7042421,140.0324567
2021/04/28 05:08:46 +0900, 35.7042421,140.0324567
2021/04/28 05:09:16 +0900, 35.7042421,140.0324567
2021/04/28 05:09:46 +0900, 35.7042421,140.0324567
2021/04/28 05:10:16 +0900, 35.7042421,140.0324567
2021/04/28 05:10:46 +0900, 35.7042421,140.0324567
2021/04/28 05:11:16 +0900, 35.7042421,140.0324567
2021/04/28 05:11:46 +0900, 35.7042421,140.0324567
2021/04/28 05:12:16 +0900, 35.7042421,140.0324567
2021/04/28 05:12:46 +0900, 35.7042421,140.0324567
2021/04/28 05:13:16 +0900, 35.7042421,140.0324567
2021/04/28 05:13:46 +0900, 35.7042421,140.0324567
2021/04/28 05:14:16 +0900, 35.7042627,140.0325039
2021/04/28 05:14:46 +0900, 35.7042627,140.0325039
2021/04/28 05:15:16 +0900, 35.7042627,140.0325039
2021/04/28 05:15:46 +0900, 35.7042627,140.0325039
2021/04/28 05:16:16 +0900, 35.7042627,140.0325039
2021/04/28 05:16:46 +0900, 35.7042627,140.0325039
2021/04/28 05:17:16 +0900, 35.7042627,140.0325039
2021/04/28 05:17:46 +0900, 35.7042627,140.0325039
2021/04/28 05:18:16 +0900, 35.7042627,140.0325039
2021/04/28 05:18:46 +0900, 35.7042627,140.0325039
2021/04/28 05:19:16 +0900, 35.7042627,140.0325039
2021/04/28 05:19:46 +0900, 35.7042627,140.0325039
2021/04/28 05:20:16 +0900, 35.7042627,140.0325039
2021/04/28 05:20:46 +0900, 35.7042627,140.0325039
2021/04/28 05:21:16 +0900, 35.7042392,140.0324568
2021/04/28 05:21:46 +0900, 35.7042392,140.0324568
2021/04/28 05:22:16 +0900, 35.7042392,140.0324568
2021/04/28 05:22:46 +0900, 35.7042392,140.0324568
2021/04/28 05:23:16 +0900, 35.7042392,140.0324568
2021/04/28 05:23:46 +0900, 35.7042392,140.0324568
2021/04/28 05:24:16 +0900, 35.7042392,140.0324568
2021/04/28 05:24:46 +0900, 35.7042392,140.0324568
2021/04/28 05:25:16 +0900, 35.7042392,140.0324568
2021/04/28 05:25:46 +0900, 35.7042392,140.0324568
2021/04/28 05:26:16 +0900, 35.7042392,140.0324568
2021/04/28 05:26:46 +0900, 35.7042392,140.0324568
2021/04/28 05:27:16 +0900, 35.7042392,140.0324568
2021/04/28 05:27:46 +0900, 35.7042392,140.0324568
2021/04/28 05:28:16 +0900, 35.7042392,140.0324568
2021/04/28 05:28:46 +0900, 35.7042392,140.0324568
2021/04/28 05:29:16 +0900, 35.7042392,140.0324568
2021/04/28 05:29:46 +0900, 35.7042392,140.0324568
2021/04/28 05:30:16 +0900, 35.7042392,140.0324568
2021/04/28 05:30:46 +0900, 35.7042392,140.0324568
2021/04/28 05:31:16 +0900, 35.7042392,140.0324568
2021/04/28 05:31:46 +0900, 35.7042392,140.0324568
2021/04/28 05:32:16 +0900, 35.7042392,140.0324568
2021/04/28 05:32:46 +0900, 35.7042392,140.0324568
2021/04/28 05:33:16 +0900, 35.7042392,140.0324568
2021/04/28 05:33:46 +0900, 35.7042392,140.0324568
2021/04/28 05:34:16 +0900, 35.7042392,140.0324568
2021/04/28 05:34:46 +0900, 35.7042392,140.0324568
2021/04/28 05:35:16 +0900, 35.7042392,140.0324568
2021/04/28 05:35:46 +0900, 35.7042392,140.0324568
2021/04/28 05:36:16 +0900, 35.7042392,140.0324568
2021/04/28 05:36:46 +0900, 35.7042392,140.0324568
2021/04/28 05:37:16 +0900, 35.7042392,140.0324568
2021/04/28 05:37:46 +0900, 35.7042392,140.0324568
2021/04/28 05:38:16 +0900, 35.7042392,140.0324568
2021/04/28 05:38:46 +0900, 35.7042392,140.0324568
2021/04/28 05:39:16 +0900, 35.7042392,140.0324568
2021/04/28 05:39:46 +0900, 35.7042392,140.0324568
2021/04/28 05:40:16 +0900, 35.7042392,140.0324568
2021/04/28 05:40:46 +0900, 35.7042392,140.0324568
2021/04/28 05:41:16 +0900, 35.7042392,140.0324568
2021/04/28 05:41:46 +0900, 35.7042392,140.0324568
2021/04/28 05:42:16 +0900, 35.7042392,140.0324568
2021/04/28 05:42:46 +0900, 35.7042392,140.0324568
2021/04/28 05:43:16 +0900, 35.7042392,140.0324568
2021/04/28 05:43:46 +0900, 35.7042392,140.0324568
2021/04/28 05:44:16 +0900, 35.7042392,140.0324568
2021/04/28 05:44:46 +0900, 35.7042392,140.0324568
2021/04/28 05:45:16 +0900, 35.7042392,140.0324568
2021/04/28 05:45:46 +0900, 35.7042392,140.0324568
2021/04/28 05:46:16 +0900, 35.7042392,140.0324568
2021/04/28 05:46:46 +0900, 35.7042392,140.0324568
2021/04/28 05:47:16 +0900, 35.7042392,140.0324568
2021/04/28 05:47:46 +0900, 35.7042392,140.0324568
2021/04/28 05:48:16 +0900, 35.7042392,140.0324568
2021/04/28 05:48:46 +0900, 35.7042392,140.0324568
2021/04/28 05:49:16 +0900, 35.7042392,140.0324568
2021/04/28 05:49:46 +0900, 35.7042392,140.0324568
2021/04/28 05:50:16 +0900, 35.7042392,140.0324568
2021/04/28 05:50:46 +0900, 35.7042392,140.0324568
2021/04/28 05:51:16 +0900, 35.7042392,140.0324568
2021/04/28 05:51:46 +0900, 35.7042392,140.0324568
2021/04/28 05:52:16 +0900, 35.7042392,140.0324568
2021/04/28 05:52:46 +0900, 35.7042392,140.0324568
2021/04/28 05:53:16 +0900, 35.7042392,140.0324568
2021/04/28 05:53:46 +0900, 35.7042392,140.0324568
2021/04/28 05:54:16 +0900, 35.7042392,140.0324568
2021/04/28 05:54:46 +0900, 35.7042392,140.0324568
2021/04/28 05:55:16 +0900, 35.7042392,140.0324568
2021/04/28 05:55:46 +0900, 35.7042392,140.0324568
2021/04/28 05:56:16 +0900, 35.7042392,140.0324568
2021/04/28 05:56:46 +0900, 35.7042392,140.0324568
2021/04/28 05:57:16 +0900, 35.7042392,140.0324568
2021/04/28 05:57:46 +0900, 35.7042392,140.0324568
2021/04/28 05:58:16 +0900, 35.7042392,140.0324568
2021/04/28 05:58:46 +0900, 35.7042392,140.0324568
2021/04/28 05:59:16 +0900, 35.7042392,140.0324568
2021/04/28 05:59:46 +0900, 35.7042392,140.0324568
2021/04/28 06:00:16 +0900, 35.7042392,140.0324568
2021/04/28 06:00:46 +0900, 35.7042392,140.0324568
2021/04/28 06:01:16 +0900, 35.7042392,140.0324568
2021/04/28 06:01:46 +0900, 35.7042392,140.0324568
2021/04/28 06:02:16 +0900, 35.7042392,140.0324568
2021/04/28 06:02:46 +0900, 35.7042392,140.0324568
2021/04/28 06:03:16 +0900, 35.7042392,140.0324568
2021/04/28 06:03:46 +0900, 35.7042392,140.0324568
2021/04/28 06:04:16 +0900, 35.7042392,140.0324568
2021/04/28 06:04:46 +0900, 35.7042392,140.0324568
2021/04/28 06:05:16 +0900, 35.7042392,140.0324568
2021/04/28 06:05:46 +0900, 35.7042392,140.0324568
2021/04/28 06:06:16 +0900, 35.7042392,140.0324568
2021/04/28 06:06:46 +0900, 35.7042392,140.0324568
2021/04/28 06:07:16 +0900, 35.7042392,140.0324568
2021/04/28 06:07:46 +0900, 35.7042392,140.0324568
2021/04/28 06:08:16 +0900, 35.7042392,140.0324568
2021/04/28 06:08:46 +0900, 35.7042392,140.0324568
2021/04/28 06:09:16 +0900, 35.7042392,140.0324568
2021/04/28 06:09:46 +0900, 35.7042392,140.0324568
2021/04/28 06:10:16 +0900, 35.7042392,140.0324568
2021/04/28 06:10:46 +0900, 35.7042392,140.0324568
2021/04/28 06:11:16 +0900, 35.7042392,140.0324568
2021/04/28 06:11:46 +0900, 35.7042392,140.0324568
2021/04/28 06:12:16 +0900, 35.7042392,140.0324568
2021/04/28 06:12:46 +0900, 35.7042392,140.0324568
2021/04/28 06:13:16 +0900, 35.7042392,140.0324568
2021/04/28 06:13:46 +0900, 35.7042392,140.0324568
2021/04/28 06:14:16 +0900, 35.7042392,140.0324568
2021/04/28 06:14:46 +0900, 35.7042392,140.0324568
2021/04/28 06:15:16 +0900, 35.7042392,140.0324568
2021/04/28 06:15:46 +0900, 35.7042392,140.0324568
2021/04/28 06:16:16 +0900, 35.7042392,140.0324568
2021/04/28 06:16:46 +0900, 35.7042392,140.0324568
2021/04/28 06:17:16 +0900, 35.7042392,140.0324568
2021/04/28 06:17:46 +0900, 35.7042392,140.0324568
2021/04/28 06:18:16 +0900, 35.7042392,140.0324568
2021/04/28 06:18:46 +0900, 35.7042392,140.0324568
2021/04/28 06:19:16 +0900, 35.7042392,140.0324568
2021/04/28 06:19:46 +0900, 35.7042392,140.0324568
2021/04/28 06:20:16 +0900, 35.7042392,140.0324568
2021/04/28 06:20:46 +0900, 35.7042392,140.0324568
2021/04/28 06:21:16 +0900, 35.7042552,140.0325098
2021/04/28 06:21:46 +0900, 35.7042552,140.0325098
2021/04/28 06:22:16 +0900, 35.7042552,140.0325098
2021/04/28 06:22:46 +0900, 35.7042552,140.0325098
2021/04/28 06:23:16 +0900, 35.7042552,140.0325098
2021/04/28 06:23:46 +0900, 35.7042552,140.0325098
2021/04/28 06:24:16 +0900, 35.7042552,140.0325098
2021/04/28 06:24:46 +0900, 35.7042552,140.0325098
2021/04/28 06:25:16 +0900, 35.7042552,140.0325098
2021/04/28 06:25:46 +0900, 35.7042552,140.0325098
2021/04/28 06:26:16 +0900, 35.7042552,140.0325098
2021/04/28 06:26:46 +0900, 35.7042552,140.0325098
2021/04/28 06:27:16 +0900, 35.7042552,140.0325098
2021/04/28 06:27:46 +0900, 35.7042552,140.0325098
2021/04/28 06:28:16 +0900, 35.7042552,140.0325098
2021/04/28 06:28:46 +0900, 35.7042552,140.0325098
2021/04/28 06:29:16 +0900, 35.7042552,140.0325098
2021/04/28 06:29:46 +0900, 35.7042552,140.0325098
2021/04/28 06:30:16 +0900, 35.7042552,140.0325098
2021/04/28 06:30:46 +0900, 35.7042552,140.0325098
2021/04/28 06:31:16 +0900, 35.7042552,140.0325098
2021/04/28 06:31:46 +0900, 35.7042552,140.0325098
2021/04/28 06:32:16 +0900, 35.7042552,140.0325098
2021/04/28 06:32:46 +0900, 35.7042552,140.0325098
2021/04/28 06:33:16 +0900, 35.7042552,140.0325098
2021/04/28 06:33:46 +0900, 35.7042552,140.0325098
2021/04/28 06:34:16 +0900, 35.7042552,140.0325098
2021/04/28 06:34:46 +0900, 35.7042552,140.0325098
2021/04/28 06:35:16 +0900, 35.7042552,140.0325098
2021/04/28 06:35:46 +0900, 35.7042552,140.0325098
2021/04/28 06:36:16 +0900, 35.7042552,140.0325098
2021/04/28 06:36:46 +0900, 35.7042552,140.0325098
2021/04/28 06:37:16 +0900, 35.7042552,140.0325098
2021/04/28 06:37:46 +0900, 35.7042552,140.0325098
2021/04/28 06:38:16 +0900, 35.7042552,140.0325098
2021/04/28 06:38:46 +0900, 35.7042552,140.0325098
2021/04/28 06:39:16 +0900, 35.7042552,140.0325098
2021/04/28 06:39:46 +0900, 35.7042552,140.0325098
2021/04/28 06:40:16 +0900, 35.7042552,140.0325098
2021/04/28 06:40:46 +0900, 35.7042552,140.0325098
2021/04/28 06:41:16 +0900, 35.7042552,140.0325098
2021/04/28 06:41:46 +0900, 35.7042552,140.0325098
2021/04/28 06:42:16 +0900, 35.7042552,140.0325098
2021/04/28 06:42:46 +0900, 35.7042552,140.0325098
2021/04/28 06:43:16 +0900, 35.7042552,140.0325098
2021/04/28 06:43:46 +0900, 35.7042552,140.0325098
2021/04/28 06:44:16 +0900, 35.7042552,140.0325098
2021/04/28 06:44:46 +0900, 35.7042552,140.0325098
2021/04/28 06:45:16 +0900, 35.7042552,140.0325098
2021/04/28 06:45:46 +0900, 35.7042552,140.0325098
2021/04/28 06:46:16 +0900, 35.7042552,140.0325098
2021/04/28 06:46:46 +0900, 35.7042552,140.0325098
2021/04/28 06:47:16 +0900, 35.7042552,140.0325098
2021/04/28 06:47:46 +0900, 35.7042552,140.0325098
2021/04/28 06:48:16 +0900, 35.7042552,140.0325098
2021/04/28 06:48:46 +0900, 35.7042552,140.0325098
2021/04/28 06:49:16 +0900, 35.7042552,140.0325098
2021/04/28 06:49:46 +0900, 35.7042552,140.0325098
2021/04/28 06:50:16 +0900, 35.7042552,140.0325098
2021/04/28 06:50:46 +0900, 35.7042552,140.0325098
2021/04/28 06:51:16 +0900, 35.7042414,140.0324764
2021/04/28 06:51:46 +0900, 35.7042414,140.0324764
2021/04/28 06:52:16 +0900, 35.7042414,140.0324764
2021/04/28 06:52:46 +0900, 35.7042414,140.0324764
2021/04/28 06:53:16 +0900, 35.7042414,140.0324764
2021/04/28 06:53:46 +0900, 35.7042414,140.0324764
2021/04/28 06:54:16 +0900, 35.7042414,140.0324764
2021/04/28 06:54:46 +0900, 35.7042414,140.0324764
2021/04/28 06:55:16 +0900, 35.7042414,140.0324764
2021/04/28 06:55:46 +0900, 35.7042414,140.0324764
2021/04/28 06:56:16 +0900, 35.7042414,140.0324764
2021/04/28 06:56:46 +0900, 35.7042414,140.0324764
2021/04/28 06:57:16 +0900, 35.7042451,140.0324956
2021/04/28 06:57:46 +0900, 35.7042451,140.0324956
2021/04/28 06:58:16 +0900, 35.7042451,140.0324956
2021/04/28 06:58:46 +0900, 35.7042451,140.0324956
2021/04/28 06:59:16 +0900, 35.7042451,140.0324956
2021/04/28 06:59:46 +0900, 35.7042451,140.0324956
2021/04/28 07:00:16 +0900, 35.7042451,140.0324956
2021/04/28 07:00:46 +0900, 35.7042451,140.0324956
2021/04/28 07:01:16 +0900, 35.7042451,140.0324956
2021/04/28 07:01:46 +0900, 35.7042451,140.0324956
2021/04/28 07:02:16 +0900, 35.7042451,140.0324956
2021/04/28 07:02:46 +0900, 35.7042451,140.0324956
2021/04/28 07:03:16 +0900, 35.7042451,140.0324956
2021/04/28 07:03:46 +0900, 35.7042451,140.0324956
2021/04/28 07:04:16 +0900, 35.7042451,140.0324956
2021/04/28 07:04:46 +0900, 35.7042451,140.0324956
2021/04/28 07:05:16 +0900, 35.7042451,140.0324956
2021/04/28 07:05:46 +0900, 35.7042451,140.0324956
2021/04/28 07:06:16 +0900, 35.7042451,140.0324956
2021/04/28 07:06:46 +0900, 35.7042451,140.0324956
2021/04/28 07:07:16 +0900, 35.7042451,140.0324956
2021/04/28 07:07:46 +0900, 35.7042451,140.0324956
2021/04/28 07:08:16 +0900, 35.7042451,140.0324956
2021/04/28 07:08:46 +0900, 35.7042451,140.0324956
2021/04/28 07:09:16 +0900, 35.7042451,140.0324956
2021/04/28 07:09:46 +0900, 35.7042451,140.0324956
2021/04/28 07:10:16 +0900, 35.7042451,140.0324956
2021/04/28 07:10:46 +0900, 35.7042451,140.0324956
2021/04/28 07:11:16 +0900, 35.7042451,140.0324956
2021/04/28 07:11:46 +0900, 35.7042451,140.0324956
2021/04/28 07:12:16 +0900, 35.7042451,140.0324956
2021/04/28 07:12:46 +0900, 35.7042451,140.0324956
2021/04/28 07:15:37 +0900, 35.7042451,140.0324956
2021/04/28 07:20:32 +0900, 35.7042451,140.0324956
2021/04/28 07:23:17 +0900, 35.7042451,140.0324956
2021/04/28 07:26:30 +0900, 35.7042451,140.0324956
2021/04/28 07:32:58 +0900, 35.7042451,140.0324956
2021/04/28 07:37:39 +0900, 35.7042451,140.0324956
2021/04/28 07:40:44 +0900, 35.7042451,140.0324956
2021/04/28 07:41:14 +0900, 35.7042451,140.0324956
2021/04/28 07:41:44 +0900, 35.7042451,140.0324956
2021/04/28 07:42:14 +0900, 35.7042451,140.0324956
2021/04/28 07:42:44 +0900, 35.7042451,140.0324956
2021/04/28 07:43:14 +0900, 35.7042451,140.0324956
2021/04/28 07:43:44 +0900, 35.7042451,140.0324956
2021/04/28 07:44:14 +0900, 35.7042451,140.0324956
2021/04/28 07:44:44 +0900, 35.7042451,140.0324956
2021/04/28 07:45:14 +0900, 35.7042451,140.0324956
2021/04/28 07:45:44 +0900, 35.7042451,140.0324956
2021/04/28 07:46:14 +0900, 35.7042451,140.0324956
2021/04/28 07:46:44 +0900, 35.7042451,140.0324956
2021/04/28 07:47:14 +0900, 35.7042451,140.0324956
2021/04/28 07:47:44 +0900, 35.7042451,140.0324956
2021/04/28 07:48:14 +0900, 35.7042451,140.0324956
2021/04/28 07:48:44 +0900, 35.7042451,140.0324956
2021/04/28 07:49:14 +0900, 35.7042451,140.0324956
2021/04/28 07:49:44 +0900, 35.7042451,140.0324956
2021/04/28 07:50:14 +0900, 35.7042451,140.0324956
2021/04/28 07:50:44 +0900, 35.7042451,140.0324956
2021/04/28 07:51:14 +0900, 35.7042451,140.0324956
2021/04/28 07:51:44 +0900, 35.7042451,140.0324956
2021/04/28 07:52:14 +0900, 35.7042451,140.0324956
2021/04/28 07:52:44 +0900, 35.7042451,140.0324956
2021/04/28 07:53:14 +0900, 35.7042451,140.0324956
2021/04/28 07:53:44 +0900, 35.7042373,140.0324834
2021/04/28 07:54:14 +0900, 35.7042373,140.0324834
2021/04/28 07:54:44 +0900, 35.7042373,140.0324834
2021/04/28 07:55:14 +0900, 35.7042388,140.0325014
2021/04/28 07:55:44 +0900, 35.7042388,140.0325014
2021/04/28 07:56:14 +0900, 35.7042388,140.0325014
2021/04/28 07:56:44 +0900, 35.7042388,140.0325014
2021/04/28 07:57:14 +0900, 35.7042388,140.0325014
2021/04/28 07:57:44 +0900, 35.7042388,140.0325014
2021/04/28 07:58:14 +0900, 35.7042388,140.0325014
2021/04/28 07:58:44 +0900, 35.7042388,140.0325014
2021/04/28 07:59:14 +0900, 35.7042388,140.0325014
2021/04/28 07:59:44 +0900, 35.7042388,140.0325014
2021/04/28 08:00:14 +0900, 35.7042388,140.0325014
2021/04/28 08:00:44 +0900, 35.7042388,140.0325014
2021/04/28 08:01:14 +0900, 35.7042388,140.0325014
2021/04/28 08:01:44 +0900, 35.7042388,140.0325014
2021/04/28 08:02:14 +0900, 35.7042388,140.0325014
2021/04/28 08:02:44 +0900, 35.7042388,140.0325014
2021/04/28 08:03:14 +0900, 35.7042388,140.0325014
2021/04/28 08:03:44 +0900, 35.7042388,140.0325014
2021/04/28 08:04:14 +0900, 35.7042388,140.0325014
2021/04/28 08:04:44 +0900, 35.7042388,140.0325014
2021/04/28 08:05:14 +0900, 35.7042388,140.0325014
2021/04/28 08:05:44 +0900, 35.7042388,140.0325014
2021/04/28 08:06:14 +0900, 35.7042388,140.0325014
2021/04/28 08:06:44 +0900, 35.7042388,140.0325014
2021/04/28 08:07:14 +0900, 35.7042388,140.0325014
2021/04/28 08:07:44 +0900, 35.7042388,140.0325014
2021/04/28 08:08:14 +0900, 35.7042388,140.0325014
2021/04/28 08:08:44 +0900, 35.7042388,140.0325014
2021/04/28 08:09:14 +0900, 35.7042388,140.0325014
2021/04/28 08:09:44 +0900, 35.7042388,140.0325014
2021/04/28 08:10:14 +0900, 35.7042388,140.0325014
2021/04/28 08:10:44 +0900, 35.7042388,140.0325014
2021/04/28 08:11:14 +0900, 35.7042388,140.0325014
2021/04/28 08:11:44 +0900, 35.7042388,140.0325014
2021/04/28 08:12:14 +0900, 35.7042388,140.0325014
2021/04/28 08:12:44 +0900, 35.7042388,140.0325014
2021/04/28 08:13:14 +0900, 35.7042388,140.0325014
2021/04/28 08:13:44 +0900, 35.7042388,140.0325014
2021/04/28 08:14:14 +0900, 35.7042388,140.0325014
2021/04/28 08:14:44 +0900, 35.7042388,140.0325014
2021/04/28 08:15:14 +0900, 35.7042388,140.0325014
2021/04/28 08:15:44 +0900, 35.7042388,140.0325014
2021/04/28 08:16:14 +0900, 35.7042388,140.0325014
2021/04/28 08:16:44 +0900, 35.7042388,140.0325014
2021/04/28 08:17:14 +0900, 35.7042388,140.0325014
2021/04/28 08:17:44 +0900, 35.7042388,140.0325014
2021/04/28 08:18:14 +0900, 35.7042388,140.0325014
2021/04/28 08:18:44 +0900, 35.7042388,140.0325014
2021/04/28 08:19:14 +0900, 35.7042388,140.0325014
2021/04/28 08:19:44 +0900, 35.7042388,140.0325014
2021/04/28 08:20:14 +0900, 35.7042388,140.0325014
2021/04/28 08:20:44 +0900, 35.7042388,140.0325014
2021/04/28 08:21:14 +0900, 35.7042388,140.0325014
2021/04/28 08:21:44 +0900, 35.7042388,140.0325014
2021/04/28 08:22:14 +0900, 35.7042388,140.0325014
2021/04/28 08:22:44 +0900, 35.7042388,140.0325014
2021/04/28 08:23:14 +0900, 35.7042388,140.0325014
2021/04/28 08:23:44 +0900, 35.7042388,140.0325014
2021/04/28 08:24:14 +0900, 35.7042388,140.0325014
2021/04/28 08:24:44 +0900, 35.7042388,140.0325014
2021/04/28 08:25:14 +0900, 35.7042388,140.0325014
2021/04/28 08:25:44 +0900, 35.7042388,140.0325014
2021/04/28 08:26:14 +0900, 35.7042388,140.0325014
2021/04/28 08:26:44 +0900, 35.7042438,140.0324799
2021/04/28 08:27:14 +0900, 35.7042438,140.0324799
2021/04/28 08:27:44 +0900, 35.7042438,140.0324799
2021/04/28 08:28:14 +0900, 35.7042438,140.0324799
2021/04/28 08:28:44 +0900, 35.7042438,140.0324799
2021/04/28 08:29:14 +0900, 35.7042438,140.0324799
2021/04/28 08:32:40 +0900, 35.7042438,140.0324799
2021/04/28 08:36:28 +0900, 35.7042438,140.0324799
2021/04/28 08:41:02 +0900, 35.7042438,140.0324799
2021/04/28 08:43:12 +0900, 35.7043167,140.0328165
2021/04/28 08:46:36 +0900, 35.7042553,140.0324932
2021/04/28 08:50:55 +0900, 35.7042553,140.0324932
2021/04/28 08:54:06 +0900, 35.7042553,140.0324932
2021/04/28 08:58:12 +0900, 35.7042553,140.0324932
2021/04/28 09:05:01 +0900, 35.7042553,140.0324932
2021/04/28 09:13:11 +0900, 35.7042553,140.0324932
2021/04/28 09:21:01 +0900, 35.7042553,140.0324932
2021/04/28 09:29:02 +0900, 35.7042553,140.0324932
2021/04/28 09:30:30 +0900, 35.7042376,140.0325004
2021/04/28 09:37:47 +0900, 35.7042376,140.0325004
2021/04/28 09:47:02 +0900, 35.7042376,140.0325004
2021/04/28 09:56:01 +0900, 35.7042376,140.0325004
2021/04/28 10:03:31 +0900, 35.7042376,140.0325004
2021/04/28 10:11:01 +0900, 35.7042376,140.0325004
2021/04/28 10:19:15 +0900, 35.7042376,140.0325004
2021/04/28 10:22:13 +0900, 35.7042376,140.0325004
2021/04/28 10:26:00 +0900, 35.7042376,140.0325004
2021/04/28 10:33:03 +0900, 35.7042376,140.0325004
2021/04/28 10:38:01 +0900, 35.7042376,140.0325004
2021/04/28 10:44:01 +0900, 35.7042376,140.0325004
2021/04/28 10:52:52 +0900, 35.7042376,140.0325004
2021/04/28 10:59:01 +0900, 35.7042376,140.0325004
2021/04/28 11:03:02 +0900, 35.7042376,140.0325004
2021/04/28 11:12:01 +0900, 35.7042376,140.0325004
2021/04/28 11:18:01 +0900, 35.7042376,140.0325004
2021/04/28 11:23:00 +0900, 35.7042376,140.0325004
2021/04/28 11:29:49 +0900, 35.7042376,140.0325004
2021/04/28 11:38:01 +0900, 35.7042376,140.0325004
2021/04/28 11:44:01 +0900, 35.7042376,140.0325004
2021/04/28 11:48:14 +0900, 35.7042376,140.0325004
2021/04/28 11:54:17 +0900, 35.7042376,140.0325004
2021/04/28 12:01:01 +0900, 35.7042376,140.0325004
2021/04/28 12:07:00 +0900, 35.7042376,140.0325004
2021/04/28 12:11:16 +0900, 35.7042376,140.0325004
2021/04/28 12:11:46 +0900, 35.7042061,140.0324483
2021/04/28 12:12:16 +0900, 35.7042061,140.0324483
2021/04/28 12:12:46 +0900, 35.7042061,140.0324483
2021/04/28 12:13:16 +0900, 35.7042061,140.0324483
2021/04/28 12:13:46 +0900, 35.7042061,140.0324483
2021/04/28 12:14:16 +0900, 35.7042061,140.0324483
2021/04/28 12:14:46 +0900, 35.7042061,140.0324483
2021/04/28 12:15:16 +0900, 35.7042061,140.0324483
2021/04/28 12:15:46 +0900, 35.7042061,140.0324483
2021/04/28 12:16:16 +0900, 35.7042061,140.0324483
2021/04/28 12:16:46 +0900, 35.7042061,140.0324483
2021/04/28 12:17:16 +0900, 35.7042061,140.0324483
2021/04/28 12:17:46 +0900, 35.7042061,140.0324483
2021/04/28 12:18:16 +0900, 35.7042061,140.0324483
2021/04/28 12:18:46 +0900, 35.7042061,140.0324483
2021/04/28 12:19:16 +0900, 35.7042061,140.0324483
2021/04/28 12:20:12 +0900, 35.7042061,140.0324483
2021/04/28 12:22:53 +0900, 35.7042061,140.0324483
2021/04/28 12:26:01 +0900, 35.7042061,140.0324483
2021/04/28 12:29:02 +0900, 35.7042061,140.0324483
2021/04/28 12:34:48 +0900, 35.7042061,140.0324483
2021/04/28 12:42:13 +0900, 35.7042061,140.0324483
2021/04/28 12:45:31 +0900, 35.7042061,140.0324483
2021/04/28 12:46:01 +0900, 35.70424,140.0324673
2021/04/28 12:46:31 +0900, 35.70424,140.0324673
2021/04/28 12:47:01 +0900, 35.70424,140.0324673
2021/04/28 12:47:31 +0900, 35.70424,140.0324673
2021/04/28 12:48:01 +0900, 35.70424,140.0324673
2021/04/28 12:48:31 +0900, 35.70424,140.0324673
2021/04/28 12:49:01 +0900, 35.70424,140.0324673
2021/04/28 12:49:31 +0900, 35.70424,140.0324673
2021/04/28 12:50:01 +0900, 35.70424,140.0324673
2021/04/28 12:50:31 +0900, 35.70424,140.0324673
2021/04/28 12:51:01 +0900, 35.7042312,140.032443
2021/04/28 12:51:31 +0900, 35.7042312,140.032443
2021/04/28 12:52:01 +0900, 35.7042312,140.032443
2021/04/28 12:52:31 +0900, 35.7042312,140.032443
2021/04/28 12:53:01 +0900, 35.7042312,140.032443
2021/04/28 12:53:31 +0900, 35.7042312,140.032443
2021/04/28 12:54:01 +0900, 35.7042312,140.032443
2021/04/28 12:54:42 +0900, 35.7042312,140.032443
2021/04/28 12:55:38 +0900, 35.704249,140.0324728
2021/04/28 12:57:03 +0900, 35.704249,140.0324728
2021/04/28 12:57:33 +0900, 35.7038387,140.0327196
2021/04/28 12:58:49 +0900, 35.7038387,140.0327196
2021/04/28 12:59:19 +0900, 35.7042277,140.0324874
2021/04/28 12:59:49 +0900, 35.7042277,140.0324874
2021/04/28 13:00:19 +0900, 35.7042277,140.0324874
2021/04/28 13:00:49 +0900, 35.7042277,140.0324874
2021/04/28 13:01:19 +0900, 35.7042277,140.0324874
2021/04/28 13:01:49 +0900, 35.7042277,140.0324874
2021/04/28 13:02:19 +0900, 35.7042432,140.0324662
2021/04/28 13:02:49 +0900, 35.7042432,140.0324662
2021/04/28 13:03:19 +0900, 35.7042432,140.0324662
2021/04/28 13:03:49 +0900, 35.7042432,140.0324662
2021/04/28 13:04:42 +0900, 35.7042432,140.0324662
2021/04/28 13:06:05 +0900, 35.7042432,140.0324662
2021/04/28 13:08:01 +0900, 35.7042432,140.0324662
2021/04/28 13:08:47 +0900, 35.7042432,140.0324662
2021/04/28 13:09:45 +0900, 35.7042432,140.0324662
2021/04/28 13:10:15 +0900, 35.7042432,140.0324662
2021/04/28 13:10:45 +0900, 35.7042432,140.0324662
2021/04/28 13:11:15 +0900, 35.7042432,140.0324662
2021/04/28 13:11:45 +0900, 35.7042432,140.0324662
2021/04/28 13:14:03 +0900, 35.7042432,140.0324662
2021/04/28 13:16:46 +0900, 35.7042454,140.0324853
2021/04/28 13:17:48 +0900, 35.7042454,140.0324853
2021/04/28 13:21:12 +0900, 35.7006446,140.0309722
2021/04/28 13:21:42 +0900, 35.7006446,140.0309722
2021/04/28 13:22:12 +0900, 35.7006446,140.0309722
2021/04/28 13:22:42 +0900, 35.7006446,140.0309722
2021/04/28 13:23:12 +0900, 35.7006446,140.0309722
2021/04/28 13:23:42 +0900, 35.7006446,140.0309722
2021/04/28 13:24:12 +0900, 35.7004622,140.0307289
2021/04/28 13:24:42 +0900, 35.7004622,140.0307289
2021/04/28 13:25:12 +0900, 35.7004622,140.0307289
2021/04/28 13:26:00 +0900, 35.7004622,140.0307289
2021/04/28 13:29:01 +0900, 35.700475,140.0307723
2021/04/28 13:31:44 +0900, 35.7005126,140.0308201
2021/04/28 13:34:04 +0900, 35.7005122,140.0308316
2021/04/28 13:36:02 +0900, 35.7005122,140.0308316
2021/04/28 13:37:05 +0900, 35.7005122,140.0308316
2021/04/28 13:38:06 +0900, 35.7005122,140.0308316
2021/04/28 13:39:41 +0900, 35.7005122,140.0308316
2021/04/28 13:41:01 +0900, 35.7002814,140.0307984
2021/04/28 13:45:35 +0900, 35.689015,140.0267444
2021/04/28 13:48:50 +0900, 35.6881727,140.023828
2021/04/28 13:50:24 +0900, 35.6881764,140.0237643
2021/04/28 13:50:54 +0900, 35.6887666,140.0216423
2021/04/28 13:51:24 +0900, 35.6886264,140.0216805
2021/04/28 13:51:54 +0900, 35.6884771,140.0211245
2021/04/28 13:52:24 +0900, 35.6884719,140.0215544
2021/04/28 13:52:54 +0900, 35.6884791,140.0215433
2021/04/28 13:53:24 +0900, 35.6884791,140.0215433
2021/04/28 13:53:54 +0900, 35.6884791,140.0215433
2021/04/28 13:54:24 +0900, 35.6884791,140.0215433
2021/04/28 13:54:54 +0900, 35.6884791,140.0215433
2021/04/28 13:55:24 +0900, 35.6884791,140.0215433
2021/04/28 13:55:54 +0900, 35.6884791,140.0215433
2021/04/28 13:56:24 +0900, 35.6884791,140.0215433
2021/04/28 13:56:54 +0900, 35.6884791,140.0215433
2021/04/28 13:57:24 +0900, 35.6884791,140.0215433
2021/04/28 13:57:54 +0900, 35.6884791,140.0215433
2021/04/28 13:58:24 +0900, 35.6884791,140.0215433
2021/04/28 13:58:54 +0900, 35.6884791,140.0215433
2021/04/28 13:59:24 +0900, 35.6884791,140.0215433
2021/04/28 13:59:54 +0900, 35.6884791,140.0215433
2021/04/28 14:00:24 +0900, 35.6884791,140.0215433
2021/04/28 14:00:54 +0900, 35.6884791,140.0215433
2021/04/28 14:01:24 +0900, 35.6884791,140.0215433
2021/04/28 14:01:54 +0900, 35.6884791,140.0215433
2021/04/28 14:02:24 +0900, 35.6884791,140.0215433
2021/04/28 14:02:54 +0900, 35.6884791,140.0215433
2021/04/28 14:03:24 +0900, 35.6884791,140.0215433
2021/04/28 14:03:54 +0900, 35.6884791,140.0215433
2021/04/28 14:04:24 +0900, 35.6884791,140.0215433
2021/04/28 14:04:54 +0900, 35.6884791,140.0215433
2021/04/28 14:05:24 +0900, 35.6884791,140.0215433
2021/04/28 14:05:54 +0900, 35.6884791,140.0215433
2021/04/28 14:06:24 +0900, 35.6884791,140.0215433
2021/04/28 14:06:54 +0900, 35.6884791,140.0215433
2021/04/28 14:07:24 +0900, 35.6884791,140.0215433
2021/04/28 14:07:54 +0900, 35.6884791,140.0215433
2021/04/28 14:08:24 +0900, 35.6884791,140.0215433
2021/04/28 14:08:54 +0900, 35.6884791,140.0215433
2021/04/28 14:09:24 +0900, 35.6884791,140.0215433
2021/04/28 14:09:54 +0900, 35.6884791,140.0215433
2021/04/28 14:10:24 +0900, 35.6884791,140.0215433
2021/04/28 14:10:55 +0900, 35.6885089,140.0215532
2021/04/28 14:11:25 +0900, 35.6885089,140.0215532
2021/04/28 14:11:55 +0900, 35.6885089,140.0215532
2021/04/28 14:12:25 +0900, 35.6884454,140.0216209
2021/04/28 14:12:55 +0900, 35.6884454,140.0216209
2021/04/28 14:13:25 +0900, 35.6884808,140.0200118
2021/04/28 14:13:55 +0900, 35.689093,140.0199523
2021/04/28 14:14:25 +0900, 35.689093,140.0199523
2021/04/28 14:14:55 +0900, 35.689093,140.0199523
2021/04/28 14:15:25 +0900, 35.689093,140.0199523
2021/04/28 14:15:55 +0900, 35.689093,140.0199523
2021/04/28 14:16:25 +0900, 35.689093,140.0199523
2021/04/28 14:16:55 +0900, 35.689093,140.0199523
2021/04/28 14:17:25 +0900, 35.689093,140.0199523
2021/04/28 14:17:55 +0900, 35.689093,140.0199523
2021/04/28 14:18:25 +0900, 35.689093,140.0199523
2021/04/28 14:18:55 +0900, 35.6891969,140.0199568
2021/04/28 14:19:25 +0900, 35.6891969,140.0199568
2021/04/28 14:19:55 +0900, 35.6891969,140.0199568
2021/04/28 14:20:25 +0900, 35.6891969,140.0199568
2021/04/28 14:20:55 +0900, 35.6891969,140.0199568
2021/04/28 14:21:25 +0900, 35.6891969,140.0199568
2021/04/28 14:21:55 +0900, 35.6891969,140.0199568
2021/04/28 14:22:25 +0900, 35.6891969,140.0199568
2021/04/28 14:22:55 +0900, 35.6891969,140.0199568
2021/04/28 14:23:25 +0900, 35.6891969,140.0199568
2021/04/28 14:23:55 +0900, 35.6891969,140.0199568
2021/04/28 14:24:25 +0900, 35.6891969,140.0199568
2021/04/28 14:24:55 +0900, 35.6891969,140.0199568
2021/04/28 14:25:25 +0900, 35.6891969,140.0199568
2021/04/28 14:25:55 +0900, 35.6891969,140.0199568
2021/04/28 14:26:25 +0900, 35.6891969,140.0199568
2021/04/28 14:26:55 +0900, 35.6891969,140.0199568
2021/04/28 14:27:25 +0900, 35.6891969,140.0199568
2021/04/28 14:27:55 +0900, 35.6891969,140.0199568
2021/04/28 14:28:25 +0900, 35.6891222,140.0199487
2021/04/28 14:28:55 +0900, 35.6891222,140.0199487
2021/04/28 14:29:25 +0900, 35.6891222,140.0199487
2021/04/28 14:29:55 +0900, 35.6891222,140.0199487
2021/04/28 14:30:25 +0900, 35.6891222,140.0199487
2021/04/28 14:30:55 +0900, 35.6891222,140.0199487
2021/04/28 14:31:25 +0900, 35.6891222,140.0199487
2021/04/28 14:31:55 +0900, 35.6891222,140.0199487
2021/04/28 14:32:25 +0900, 35.6891222,140.0199487
2021/04/28 14:32:55 +0900, 35.6891222,140.0199487
2021/04/28 14:33:25 +0900, 35.6891222,140.0199487
2021/04/28 14:33:55 +0900, 35.6891222,140.0199487
2021/04/28 14:34:25 +0900, 35.6891222,140.0199487
2021/04/28 14:34:55 +0900, 35.6891222,140.0199487
2021/04/28 14:35:25 +0900, 35.6891222,140.0199487
2021/04/28 14:35:55 +0900, 35.6891222,140.0199487
2021/04/28 14:36:25 +0900, 35.6891222,140.0199487
2021/04/28 14:36:55 +0900, 35.6891222,140.0199487
2021/04/28 14:37:25 +0900, 35.6891222,140.0199487
2021/04/28 14:37:55 +0900, 35.6891222,140.0199487
2021/04/28 14:38:25 +0900, 35.6891222,140.0199487
2021/04/28 14:38:55 +0900, 35.6891222,140.0199487
2021/04/28 14:39:25 +0900, 35.6891222,140.0199487
2021/04/28 14:39:55 +0900, 35.6891222,140.0199487
2021/04/28 14:40:25 +0900, 35.6890003,140.0199715
2021/04/28 14:40:55 +0900, 35.6890003,140.0199715
2021/04/28 14:41:25 +0900, 35.6890003,140.0199715
2021/04/28 14:41:55 +0900, 35.6890003,140.0199715
2021/04/28 14:42:25 +0900, 35.6890003,140.0199715
2021/04/28 14:42:55 +0900, 35.6890003,140.0199715
2021/04/28 14:43:25 +0900, 35.6890003,140.0199715
2021/04/28 14:43:55 +0900, 35.6890003,140.0199715
2021/04/28 14:44:25 +0900, 35.6890003,140.0199715
2021/04/28 14:44:55 +0900, 35.6890003,140.0199715
2021/04/28 14:45:25 +0900, 35.6890003,140.0199715
2021/04/28 14:45:55 +0900, 35.6882912,140.0205249
2021/04/28 14:46:25 +0900, 35.6882912,140.0205249
2021/04/28 14:46:55 +0900, 35.6882912,140.0205249
2021/04/28 14:47:25 +0900, 35.6882912,140.0205249
2021/04/28 14:47:55 +0900, 35.6882912,140.0205249
2021/04/28 14:48:25 +0900, 35.6882912,140.0205249
2021/04/28 14:48:55 +0900, 35.6882912,140.0205249
2021/04/28 14:49:25 +0900, 35.6882912,140.0205249
2021/04/28 14:49:55 +0900, 35.6890585,140.0199111
2021/04/28 14:50:25 +0900, 35.6890585,140.0199111
2021/04/28 14:50:55 +0900, 35.6890759,140.0199164
2021/04/28 14:51:25 +0900, 35.6890759,140.0199164
2021/04/28 14:51:55 +0900, 35.6890759,140.0199164
2021/04/28 14:52:25 +0900, 35.6890759,140.0199164
2021/04/28 14:52:55 +0900, 35.6890759,140.0199164
2021/04/28 14:53:25 +0900, 35.6890607,140.0199039
2021/04/28 14:53:55 +0900, 35.6890607,140.0199039
2021/04/28 14:54:25 +0900, 35.6890607,140.0199039
2021/04/28 14:54:55 +0900, 35.6890607,140.0199039
2021/04/28 14:55:25 +0900, 35.6890607,140.0199039
2021/04/28 14:55:55 +0900, 35.6890607,140.0199039
2021/04/28 14:56:25 +0900, 35.6890607,140.0199039
2021/04/28 14:56:55 +0900, 35.6890607,140.0199039
2021/04/28 14:57:25 +0900, 35.6890607,140.0199039
2021/04/28 14:57:55 +0900, 35.6890607,140.0199039
2021/04/28 14:58:25 +0900, 35.6890607,140.0199039
2021/04/28 14:58:55 +0900, 35.6890607,140.0199039
2021/04/28 14:59:25 +0900, 35.6890607,140.0199039
2021/04/28 14:59:55 +0900, 35.6890607,140.0199039
2021/04/28 15:00:25 +0900, 35.6890607,140.0199039
2021/04/28 15:00:55 +0900, 35.6890607,140.0199039
2021/04/28 15:01:25 +0900, 35.6890607,140.0199039
2021/04/28 15:01:55 +0900, 35.6890607,140.0199039
2021/04/28 15:02:25 +0900, 35.6890607,140.0199039
2021/04/28 15:02:55 +0900, 35.6890607,140.0199039
2021/04/28 15:03:25 +0900, 35.6890607,140.0199039
2021/04/28 15:04:58 +0900, 35.6890607,140.0199039
2021/04/28 15:05:50 +0900, 35.6890607,140.0199039
2021/04/28 15:06:20 +0900, 35.6890607,140.0199039
2021/04/28 15:06:50 +0900, 35.6890607,140.0199039
2021/04/28 15:07:20 +0900, 35.6890607,140.0199039
2021/04/28 15:07:50 +0900, 35.6890607,140.0199039
2021/04/28 15:08:20 +0900, 35.6890607,140.0199039
2021/04/28 15:08:50 +0900, 35.6890607,140.0199039
2021/04/28 15:09:20 +0900, 35.6890607,140.0199039
2021/04/28 15:09:50 +0900, 35.6890607,140.0199039
2021/04/28 15:10:20 +0900, 35.6890607,140.0199039
2021/04/28 15:10:50 +0900, 35.6890607,140.0199039
2021/04/28 15:11:20 +0900, 35.6890607,140.0199039
2021/04/28 15:11:50 +0900, 35.6890607,140.0199039
2021/04/28 15:12:20 +0900, 35.6890607,140.0199039
2021/04/28 15:12:50 +0900, 35.6890607,140.0199039
2021/04/28 15:13:20 +0900, 35.6890607,140.0199039
2021/04/28 15:13:50 +0900, 35.6890607,140.0199039
2021/04/28 15:14:20 +0900, 35.6890607,140.0199039
2021/04/28 15:14:50 +0900, 35.6890607,140.0199039
2021/04/28 15:15:20 +0900, 35.6890607,140.0199039
2021/04/28 15:15:50 +0900, 35.6891427,140.0199394
2021/04/28 15:16:20 +0900, 35.6891427,140.0199394
2021/04/28 15:16:50 +0900, 35.6891427,140.0199394
2021/04/28 15:17:20 +0900, 35.6891427,140.0199394
2021/04/28 15:17:50 +0900, 35.6891427,140.0199394
2021/04/28 15:18:20 +0900, 35.6891427,140.0199394
2021/04/28 15:18:50 +0900, 35.6891427,140.0199394
2021/04/28 15:19:20 +0900, 35.6891427,140.0199394
2021/04/28 15:19:50 +0900, 35.6891427,140.0199394
2021/04/28 15:20:20 +0900, 35.6891427,140.0199394
2021/04/28 15:20:50 +0900, 35.6891427,140.0199394
2021/04/28 15:21:20 +0900, 35.6891427,140.0199394
2021/04/28 15:21:50 +0900, 35.6891427,140.0199394
2021/04/28 15:22:20 +0900, 35.6891427,140.0199394
2021/04/28 15:22:50 +0900, 35.6891427,140.0199394
2021/04/28 15:23:20 +0900, 35.6891427,140.0199394
2021/04/28 15:23:50 +0900, 35.6891427,140.0199394
2021/04/28 15:24:20 +0900, 35.6891427,140.0199394
2021/04/28 15:24:50 +0900, 35.6891427,140.0199394
2021/04/28 15:25:20 +0900, 35.6891427,140.0199394
2021/04/28 15:25:50 +0900, 35.6891427,140.0199394
2021/04/28 15:26:20 +0900, 35.6891427,140.0199394
2021/04/28 15:26:50 +0900, 35.6891427,140.0199394
2021/04/28 15:28:15 +0900, 35.6891491,140.0199528
2021/04/28 15:29:55 +0900, 35.6891491,140.0199528
2021/04/28 15:30:25 +0900, 35.6891491,140.0199528
2021/04/28 15:30:55 +0900, 35.6891491,140.0199528
2021/04/28 15:31:25 +0900, 35.6891491,140.0199528
2021/04/28 15:31:55 +0900, 35.6891491,140.0199528
2021/04/28 15:32:25 +0900, 35.6891491,140.0199528
2021/04/28 15:32:55 +0900, 35.6891491,140.0199528
2021/04/28 15:33:25 +0900, 35.6891491,140.0199528
2021/04/28 15:33:55 +0900, 35.6891491,140.0199528
2021/04/28 15:34:25 +0900, 35.6891491,140.0199528
2021/04/28 15:38:12 +0900, 35.6891491,140.0199528
2021/04/28 15:43:21 +0900, 35.6891491,140.0199528
2021/04/28 15:43:59 +0900, 35.6890452,140.0199223
2021/04/28 15:44:34 +0900, 35.6890556,140.0199131
2021/04/28 15:45:06 +0900, 35.6890556,140.0199131
2021/04/28 15:45:36 +0900, 35.6890556,140.0199131
2021/04/28 15:46:06 +0900, 35.6890556,140.0199131
2021/04/28 15:46:36 +0900, 35.6890556,140.0199131
2021/04/28 15:47:06 +0900, 35.6884467,140.0208174
2021/04/28 15:47:36 +0900, 35.6884949,140.0214561
2021/04/28 15:48:06 +0900, 35.6884949,140.0214561
2021/04/28 15:48:36 +0900, 35.6884949,140.0214561
2021/04/28 15:49:29 +0900, 35.6884949,140.0214561
2021/04/28 15:52:01 +0900, 35.6878954,140.024043
2021/04/28 15:55:20 +0900, 35.6884188,140.0271024
2021/04/28 15:59:39 +0900, 35.6922226,140.027444
2021/04/28 16:03:15 +0900, 35.700755,140.0303031
2021/04/28 16:06:23 +0900, 35.7042205,140.0324493
2021/04/28 16:07:41 +0900, 35.7042575,140.0324781
2021/04/28 16:10:01 +0900, 35.7042486,140.0324817
2021/04/28 16:13:54 +0900, 35.7042486,140.0324817
2021/04/28 16:16:02 +0900, 35.7042486,140.0324817
2021/04/28 16:18:09 +0900, 35.7042486,140.0324817
2021/04/28 16:18:39 +0900, 35.7042486,140.0324817
2021/04/28 16:19:09 +0900, 35.7042486,140.0324817
2021/04/28 16:19:39 +0900, 35.7042486,140.0324817
2021/04/28 16:20:09 +0900, 35.7042486,140.0324817
2021/04/28 16:20:39 +0900, 35.7042486,140.0324817
2021/04/28 16:21:09 +0900, 35.7042486,140.0324817
2021/04/28 16:21:39 +0900, 35.7042486,140.0324817
2021/04/28 16:22:09 +0900, 35.7042486,140.0324817
2021/04/28 16:22:39 +0900, 35.7042486,140.0324817
2021/04/28 16:23:09 +0900, 35.7042486,140.0324817
2021/04/28 16:23:39 +0900, 35.7042486,140.0324817
2021/04/28 16:24:09 +0900, 35.7042486,140.0324817
2021/04/28 16:24:39 +0900, 35.7042486,140.0324817
2021/04/28 16:25:09 +0900, 35.7042486,140.0324817
2021/04/28 16:25:39 +0900, 35.7042486,140.0324817
2021/04/28 16:26:09 +0900, 35.7042486,140.0324817
2021/04/28 16:26:39 +0900, 35.7042486,140.0324817
2021/04/28 16:27:09 +0900, 35.7042486,140.0324817
2021/04/28 16:27:39 +0900, 35.7042486,140.0324817
2021/04/28 16:28:09 +0900, 35.7042486,140.0324817
2021/04/28 16:28:39 +0900, 35.7042486,140.0324817
2021/04/28 16:29:09 +0900, 35.7042486,140.0324817
2021/04/28 16:29:39 +0900, 35.7042486,140.0324817
2021/04/28 16:30:09 +0900, 35.7042486,140.0324817
2021/04/28 16:30:39 +0900, 35.7042486,140.0324817
2021/04/28 16:31:09 +0900, 35.7042486,140.0324817
2021/04/28 16:31:39 +0900, 35.7042486,140.0324817
2021/04/28 16:32:09 +0900, 35.7042486,140.0324817
2021/04/28 16:32:39 +0900, 35.7042486,140.0324817
2021/04/28 16:33:09 +0900, 35.7042486,140.0324817
2021/04/28 16:33:39 +0900, 35.7042486,140.0324817
2021/04/28 16:34:09 +0900, 35.7042486,140.0324817
2021/04/28 16:34:39 +0900, 35.7042486,140.0324817
2021/04/28 16:35:09 +0900, 35.7042486,140.0324817
2021/04/28 16:35:39 +0900, 35.7042486,140.0324817
2021/04/28 16:36:09 +0900, 35.7042486,140.0324817
2021/04/28 16:36:39 +0900, 35.7042486,140.0324817
2021/04/28 16:37:09 +0900, 35.7042486,140.0324817
2021/04/28 16:37:39 +0900, 35.7042486,140.0324817
2021/04/28 16:38:09 +0900, 35.7042486,140.0324817
2021/04/28 16:38:39 +0900, 35.7042486,140.0324817
2021/04/28 16:39:09 +0900, 35.7042486,140.0324817
2021/04/28 16:39:39 +0900, 35.7042486,140.0324817
2021/04/28 16:40:09 +0900, 35.7042486,140.0324817
2021/04/28 16:40:39 +0900, 35.7042486,140.0324817
2021/04/28 16:41:09 +0900, 35.7042486,140.0324817
2021/04/28 16:41:39 +0900, 35.7042486,140.0324817
2021/04/28 16:42:09 +0900, 35.7042486,140.0324817
2021/04/28 16:42:39 +0900, 35.7042486,140.0324817
2021/04/28 16:43:09 +0900, 35.7042486,140.0324817
2021/04/28 16:43:39 +0900, 35.7042486,140.0324817
2021/04/28 16:44:09 +0900, 35.7042486,140.0324817
2021/04/28 16:44:39 +0900, 35.7042486,140.0324817
2021/04/28 16:45:09 +0900, 35.7042486,140.0324817
2021/04/28 16:45:39 +0900, 35.7042486,140.0324817
2021/04/28 16:46:09 +0900, 35.7042486,140.0324817
2021/04/28 16:46:39 +0900, 35.7042486,140.0324817
2021/04/28 16:47:09 +0900, 35.7042486,140.0324817
2021/04/28 16:47:39 +0900, 35.7042486,140.0324817
2021/04/28 16:48:09 +0900, 35.7042486,140.0324817
2021/04/28 16:48:39 +0900, 35.7042486,140.0324817
2021/04/28 16:49:09 +0900, 35.7042486,140.0324817
2021/04/28 16:49:39 +0900, 35.7042486,140.0324817
2021/04/28 16:50:09 +0900, 35.7042486,140.0324817
2021/04/28 16:50:39 +0900, 35.7042486,140.0324817
2021/04/28 16:51:09 +0900, 35.7042486,140.0324817
2021/04/28 16:51:39 +0900, 35.7042486,140.0324817
2021/04/28 16:52:09 +0900, 35.7042486,140.0324817
2021/04/28 16:52:39 +0900, 35.7042486,140.0324817
2021/04/28 16:53:09 +0900, 35.7042486,140.0324817
2021/04/28 16:53:39 +0900, 35.7042486,140.0324817
2021/04/28 16:54:09 +0900, 35.7042486,140.0324817
2021/04/28 16:54:39 +0900, 35.7042486,140.0324817
2021/04/28 16:55:09 +0900, 35.7042486,140.0324817
2021/04/28 16:55:39 +0900, 35.7042486,140.0324817
2021/04/28 16:56:09 +0900, 35.7042486,140.0324817
2021/04/28 16:56:39 +0900, 35.7042486,140.0324817
2021/04/28 16:57:09 +0900, 35.7042486,140.0324817
2021/04/28 16:57:39 +0900, 35.7042486,140.0324817
2021/04/28 16:58:09 +0900, 35.7042486,140.0324817
2021/04/28 16:58:39 +0900, 35.7042486,140.0324817
2021/04/28 16:59:09 +0900, 35.7042486,140.0324817
2021/04/28 16:59:39 +0900, 35.7042486,140.0324817
2021/04/28 17:00:09 +0900, 35.7042486,140.0324817
2021/04/28 17:00:39 +0900, 35.7042486,140.0324817
2021/04/28 17:01:09 +0900, 35.7042486,140.0324817
2021/04/28 17:01:39 +0900, 35.7042486,140.0324817
2021/04/28 17:02:09 +0900, 35.7042486,140.0324817
2021/04/28 17:02:39 +0900, 35.7042486,140.0324817
2021/04/28 17:03:09 +0900, 35.7042486,140.0324817
2021/04/28 17:03:39 +0900, 35.7042486,140.0324817
2021/04/28 17:04:09 +0900, 35.7042486,140.0324817
2021/04/28 17:04:39 +0900, 35.7042486,140.0324817
2021/04/28 17:05:09 +0900, 35.7042486,140.0324817
2021/04/28 17:05:39 +0900, 35.7042486,140.0324817
2021/04/28 17:06:09 +0900, 35.7042486,140.0324817
2021/04/28 17:06:39 +0900, 35.7042486,140.0324817
2021/04/28 17:07:09 +0900, 35.7042486,140.0324817
2021/04/28 17:07:39 +0900, 35.7042486,140.0324817
2021/04/28 17:08:09 +0900, 35.7042486,140.0324817
2021/04/28 17:08:39 +0900, 35.7042486,140.0324817
2021/04/28 17:09:09 +0900, 35.7042486,140.0324817
2021/04/28 17:09:39 +0900, 35.7042486,140.0324817
2021/04/28 17:10:09 +0900, 35.7042486,140.0324817
2021/04/28 17:10:39 +0900, 35.7042486,140.0324817
2021/04/28 17:11:09 +0900, 35.7042486,140.0324817
2021/04/28 17:11:39 +0900, 35.7042486,140.0324817
2021/04/28 17:12:09 +0900, 35.7042486,140.0324817
2021/04/28 17:12:39 +0900, 35.7042486,140.0324817
2021/04/28 17:13:09 +0900, 35.7042486,140.0324817
2021/04/28 17:13:39 +0900, 35.7042486,140.0324817
2021/04/28 17:14:09 +0900, 35.7042486,140.0324817
2021/04/28 17:14:39 +0900, 35.7042486,140.0324817
2021/04/28 17:15:09 +0900, 35.7042486,140.0324817
2021/04/28 17:15:39 +0900, 35.7042486,140.0324817
2021/04/28 17:16:09 +0900, 35.7042486,140.0324817
2021/04/28 17:16:39 +0900, 35.7042486,140.0324817
2021/04/28 17:17:09 +0900, 35.7042486,140.0324817
2021/04/28 17:17:39 +0900, 35.7042486,140.0324817
2021/04/28 17:18:09 +0900, 35.7042486,140.0324817
2021/04/28 17:18:39 +0900, 35.7042486,140.0324817
2021/04/28 17:19:09 +0900, 35.7042486,140.0324817
2021/04/28 17:19:39 +0900, 35.7042486,140.0324817
2021/04/28 17:20:09 +0900, 35.7042486,140.0324817
2021/04/28 17:20:39 +0900, 35.7042486,140.0324817
2021/04/28 17:21:09 +0900, 35.7042486,140.0324817
2021/04/28 17:21:39 +0900, 35.7042486,140.0324817
2021/04/28 17:22:09 +0900, 35.7042486,140.0324817
2021/04/28 17:22:39 +0900, 35.7042486,140.0324817
2021/04/28 17:23:09 +0900, 35.7042486,140.0324817
2021/04/28 17:23:39 +0900, 35.7042486,140.0324817
2021/04/28 17:24:09 +0900, 35.7042486,140.0324817
2021/04/28 17:24:39 +0900, 35.7042486,140.0324817
2021/04/28 17:25:09 +0900, 35.7042486,140.0324817
2021/04/28 17:25:39 +0900, 35.7042486,140.0324817
2021/04/28 17:26:09 +0900, 35.7042486,140.0324817
2021/04/28 17:26:39 +0900, 35.7042486,140.0324817
2021/04/28 17:27:09 +0900, 35.7042058,140.0324536
2021/04/28 17:27:39 +0900, 35.7042058,140.0324536
2021/04/28 17:28:09 +0900, 35.7042058,140.0324536
2021/04/28 17:28:39 +0900, 35.7042058,140.0324536
2021/04/28 17:29:09 +0900, 35.7042058,140.0324536
2021/04/28 17:29:39 +0900, 35.7042058,140.0324536
2021/04/28 17:30:09 +0900, 35.7042058,140.0324536
2021/04/28 17:30:39 +0900, 35.7042058,140.0324536
2021/04/28 17:31:09 +0900, 35.7042058,140.0324536
2021/04/28 17:31:39 +0900, 35.7042058,140.0324536
2021/04/28 17:32:09 +0900, 35.7042411,140.0324625
2021/04/28 17:32:39 +0900, 35.7042411,140.0324625
2021/04/28 17:33:09 +0900, 35.7042411,140.0324625
2021/04/28 17:33:39 +0900, 35.7042411,140.0324625
2021/04/28 17:34:09 +0900, 35.7042411,140.0324625
2021/04/28 17:34:39 +0900, 35.7042411,140.0324625
2021/04/28 17:35:09 +0900, 35.7042411,140.0324625
2021/04/28 17:35:39 +0900, 35.7042411,140.0324625
2021/04/28 17:36:09 +0900, 35.7042411,140.0324625
2021/04/28 17:36:39 +0900, 35.7042411,140.0324625
2021/04/28 17:37:09 +0900, 35.7042411,140.0324625
2021/04/28 17:37:39 +0900, 35.7042411,140.0324625
2021/04/28 17:38:09 +0900, 35.7042411,140.0324625
2021/04/28 17:38:39 +0900, 35.7042411,140.0324625
2021/04/28 17:39:09 +0900, 35.7042411,140.0324625
2021/04/28 17:39:39 +0900, 35.7042411,140.0324625
2021/04/28 17:40:09 +0900, 35.7042411,140.0324625
2021/04/28 17:40:39 +0900, 35.7042411,140.0324625
2021/04/28 17:41:09 +0900, 35.7042411,140.0324625
2021/04/28 17:41:39 +0900, 35.7042411,140.0324625
2021/04/28 17:42:09 +0900, 35.7042411,140.0324625
2021/04/28 17:42:39 +0900, 35.7042411,140.0324625
2021/04/28 17:43:09 +0900, 35.7042411,140.0324625
2021/04/28 17:43:39 +0900, 35.7042411,140.0324625
2021/04/28 17:44:09 +0900, 35.7042411,140.0324625
2021/04/28 17:44:39 +0900, 35.7042411,140.0324625
2021/04/28 17:45:09 +0900, 35.7042411,140.0324625
2021/04/28 17:45:39 +0900, 35.7042411,140.0324625
2021/04/28 17:46:09 +0900, 35.7042411,140.0324625
2021/04/28 17:46:39 +0900, 35.7042411,140.0324625
2021/04/28 17:47:09 +0900, 35.7042421,140.0324717
2021/04/28 17:47:39 +0900, 35.7042421,140.0324717
2021/04/28 17:48:09 +0900, 35.7042256,140.0324393
2021/04/28 17:48:39 +0900, 35.7042256,140.0324393
2021/04/28 17:49:09 +0900, 35.7042256,140.0324393
2021/04/28 17:49:39 +0900, 35.7042256,140.0324393
2021/04/28 17:50:09 +0900, 35.7042256,140.0324393
2021/04/28 17:50:39 +0900, 35.7042256,140.0324393
2021/04/28 17:51:09 +0900, 35.7042256,140.0324393
2021/04/28 17:53:28 +0900, 35.7042256,140.0324393
2021/04/28 17:56:32 +0900, 35.7042256,140.0324393
2021/04/28 17:57:09 +0900, 35.7042256,140.0324393
2021/04/28 17:57:39 +0900, 35.7042256,140.0324393
2021/04/28 17:58:09 +0900, 35.7042256,140.0324393
2021/04/28 17:58:39 +0900, 35.7042256,140.0324393
2021/04/28 17:59:09 +0900, 35.7042256,140.0324393
2021/04/28 17:59:39 +0900, 35.7042256,140.0324393
2021/04/28 18:00:09 +0900, 35.7042256,140.0324393
2021/04/28 18:00:39 +0900, 35.7042256,140.0324393
2021/04/28 18:01:09 +0900, 35.7042256,140.0324393
2021/04/28 18:01:39 +0900, 35.7042256,140.0324393
2021/04/28 18:02:09 +0900, 35.7042256,140.0324393
2021/04/28 18:02:39 +0900, 35.7042256,140.0324393
2021/04/28 18:06:20 +0900, 35.7042256,140.0324393
2021/04/28 18:12:33 +0900, 35.7042256,140.0324393
2021/04/28 18:17:36 +0900, 35.7042256,140.0324393
2021/04/28 18:25:15 +0900, 35.7042256,140.0324393
2021/04/28 18:32:01 +0900, 35.7042256,140.0324393
2021/04/28 18:38:06 +0900, 35.7042256,140.0324393
2021/04/28 18:42:38 +0900, 35.7042256,140.0324393
2021/04/28 18:43:13 +0900, 35.7042256,140.0324393
2021/04/28 18:46:34 +0900, 35.7042256,140.0324393
2021/04/28 18:49:15 +0900, 35.7042256,140.0324393
2021/04/28 18:51:00 +0900, 35.7042256,140.0324393
2021/04/28 18:53:47 +0900, 35.7042256,140.0324393
2021/04/28 18:56:06 +0900, 35.7042256,140.0324393
2021/04/28 18:56:40 +0900, 35.7042256,140.0324393
2021/04/28 19:00:27 +0900, 35.7042256,140.0324393
2021/04/28 19:03:04 +0900, 35.7042256,140.0324393
2021/04/28 19:04:53 +0900, 35.7042256,140.0324393
2021/04/28 19:05:55 +0900, 35.7042216,140.0324553
2021/04/28 19:06:26 +0900, 35.7042382,140.0324681
2021/04/28 19:06:55 +0900, 35.7042458,140.0324744
2021/04/28 19:07:25 +0900, 35.703874,140.0318608
2021/04/28 19:07:55 +0900, 35.7040164,140.031805
2021/04/28 19:08:25 +0900, 35.7039833,140.031624
2021/04/28 19:08:55 +0900, 35.7039056,140.0319624
2021/04/28 19:09:25 +0900, 35.7040689,140.0320208
2021/04/28 19:09:55 +0900, 35.70406,140.0319945
2021/04/28 19:15:33 +0900, 35.70406,140.0319945
2021/04/28 19:21:19 +0900, 35.70406,140.0319945
2021/04/28 19:25:59 +0900, 35.70406,140.0319945
2021/04/28 19:26:45 +0900, 35.70406,140.0319945
2021/04/28 19:31:30 +0900, 35.70406,140.0319945
2021/04/28 19:36:43 +0900, 35.70406,140.0319945
2021/04/28 19:42:04 +0900, 35.70406,140.0319945
2021/04/28 19:46:08 +0900, 35.70406,140.0319945
2021/04/28 19:50:58 +0900, 35.70406,140.0319945
2021/04/28 19:56:00 +0900, 35.70406,140.0319945
2021/04/28 20:02:01 +0900, 35.70406,140.0319945
2021/04/28 20:03:59 +0900, 35.70406,140.0319945
2021/04/28 20:07:02 +0900, 35.70406,140.0319945
2021/04/28 20:09:04 +0900, 35.70406,140.0319945
2021/04/28 20:12:59 +0900, 35.70406,140.0319945
2021/04/28 20:16:00 +0900, 35.70406,140.0319945
2021/04/28 20:18:43 +0900, 35.70406,140.0319945
2021/04/28 20:21:15 +0900, 35.70406,140.0319945
2021/04/28 20:24:56 +0900, 35.70406,140.0319945
2021/04/28 20:27:41 +0900, 35.7042476,140.03247
2021/04/28 20:28:21 +0900, 35.7042426,140.0324702
2021/04/28 20:32:02 +0900, 35.7042426,140.0324702
2021/04/28 20:40:30 +0900, 35.7042426,140.0324702
2021/04/28 20:49:02 +0900, 35.7042426,140.0324702
2021/04/28 20:56:27 +0900, 35.7042426,140.0324702
2021/04/28 21:03:42 +0900, 35.7042426,140.0324702
2021/04/28 21:04:20 +0900, 35.7042426,140.0324702
2021/04/28 21:04:50 +0900, 35.7042426,140.0324702
2021/04/28 21:05:20 +0900, 35.7042426,140.0324702
2021/04/28 21:05:50 +0900, 35.7042426,140.0324702
2021/04/28 21:06:20 +0900, 35.7042426,140.0324702
2021/04/28 21:06:50 +0900, 35.7042426,140.0324702
2021/04/28 21:07:20 +0900, 35.7042426,140.0324702
2021/04/28 21:07:50 +0900, 35.7042426,140.0324702
2021/04/28 21:08:20 +0900, 35.7042426,140.0324702
2021/04/28 21:08:50 +0900, 35.7042426,140.0324702
2021/04/28 21:11:01 +0900, 35.7042426,140.0324702
2021/04/28 21:12:48 +0900, 35.7042426,140.0324702
2021/04/28 21:13:51 +0900, 35.7042426,140.0324702
2021/04/28 21:14:21 +0900, 35.7042426,140.0324702
2021/04/28 21:17:14 +0900, 35.7042426,140.0324702
2021/04/28 21:20:36 +0900, 35.7042426,140.0324702
2021/04/28 21:22:14 +0900, 35.7042426,140.0324702
2021/04/28 21:25:00 +0900, 35.7042426,140.0324702
2021/04/28 21:27:05 +0900, 35.7042426,140.0324702
2021/04/28 21:32:00 +0900, 35.7042426,140.0324702
2021/04/28 21:37:15 +0900, 35.7042426,140.0324702
2021/04/28 21:37:45 +0900, 35.7042426,140.0324702
2021/04/28 21:38:26 +0900, 35.7042426,140.0324702
2021/04/28 21:41:58 +0900, 35.7042426,140.0324702
2021/04/28 21:45:48 +0900, 35.7042426,140.0324702
2021/04/28 21:47:48 +0900, 35.7042275,140.0324668
2021/04/28 21:48:18 +0900, 35.7042275,140.0324668
2021/04/28 21:48:48 +0900, 35.7042275,140.0324668
2021/04/28 21:49:18 +0900, 35.7042275,140.0324668
2021/04/28 21:49:48 +0900, 35.7042275,140.0324668
2021/04/28 21:50:18 +0900, 35.7042275,140.0324668
2021/04/28 21:50:48 +0900, 35.7042275,140.0324668
2021/04/28 21:51:18 +0900, 35.7042275,140.0324668
2021/04/28 21:51:48 +0900, 35.7042275,140.0324668
2021/04/28 21:52:18 +0900, 35.7042275,140.0324668
2021/04/28 21:52:48 +0900, 35.7042275,140.0324668
2021/04/28 21:53:18 +0900, 35.7042275,140.0324668
2021/04/28 21:53:48 +0900, 35.7042275,140.0324668
2021/04/28 21:54:18 +0900, 35.7042275,140.0324668
2021/04/28 21:54:48 +0900, 35.7042275,140.0324668
2021/04/28 21:57:29 +0900, 35.7042275,140.0324668
2021/04/28 22:01:35 +0900, 35.7042275,140.0324668
2021/04/28 22:04:38 +0900, 35.7042275,140.0324668
2021/04/28 22:07:01 +0900, 35.7042275,140.0324668
2021/04/28 22:12:02 +0900, 35.7042275,140.0324668
2021/04/28 22:12:36 +0900, 35.7042275,140.0324668
2021/04/28 22:13:06 +0900, 35.7042275,140.0324668
2021/04/28 22:13:36 +0900, 35.7042275,140.0324668
2021/04/28 22:14:06 +0900, 35.7042275,140.0324668
2021/04/28 22:14:36 +0900, 35.7042275,140.0324668
2021/04/28 22:15:06 +0900, 35.7042275,140.0324668
2021/04/28 22:15:36 +0900, 35.7042275,140.0324668
2021/04/28 22:16:06 +0900, 35.7042275,140.0324668
2021/04/28 22:16:36 +0900, 35.7042275,140.0324668
2021/04/28 22:17:06 +0900, 35.7042275,140.0324668
2021/04/28 22:17:36 +0900, 35.7042275,140.0324668
2021/04/28 22:18:06 +0900, 35.7042275,140.0324668
2021/04/28 22:18:36 +0900, 35.7042275,140.0324668
2021/04/28 22:19:06 +0900, 35.7042275,140.0324668
2021/04/28 22:19:36 +0900, 35.7042275,140.0324668
2021/04/28 22:20:06 +0900, 35.7042275,140.0324668
2021/04/28 22:20:36 +0900, 35.7042275,140.0324668
2021/04/28 22:21:06 +0900, 35.7042275,140.0324668
2021/04/28 22:21:36 +0900, 35.7042275,140.0324668
2021/04/28 22:22:06 +0900, 35.7042275,140.0324668
2021/04/28 22:22:36 +0900, 35.7042275,140.0324668
2021/04/28 22:23:06 +0900, 35.7042275,140.0324668
2021/04/28 22:23:36 +0900, 35.7042275,140.0324668
2021/04/28 22:24:06 +0900, 35.7042275,140.0324668
2021/04/28 22:24:36 +0900, 35.7042275,140.0324668
2021/04/28 22:25:06 +0900, 35.7042275,140.0324668
2021/04/28 22:25:36 +0900, 35.7042275,140.0324668
2021/04/28 22:26:06 +0900, 35.7042275,140.0324668
2021/04/28 22:26:36 +0900, 35.7042275,140.0324668
2021/04/28 22:30:02 +0900, 35.7042275,140.0324668
2021/04/28 22:36:33 +0900, 35.7042275,140.0324668
2021/04/28 22:40:11 +0900, 35.7042275,140.0324668
2021/04/28 22:40:41 +0900, 35.7042275,140.0324668
2021/04/28 22:43:02 +0900, 35.7042275,140.0324668
2021/04/28 22:47:01 +0900, 35.7042275,140.0324668
2021/04/28 22:53:02 +0900, 35.7042275,140.0324668
2021/04/28 22:55:43 +0900, 35.7042275,140.0324668
2021/04/28 23:00:13 +0900, 35.7042275,140.0324668
2021/04/28 23:06:16 +0900, 35.7042275,140.0324668
2021/04/28 23:14:10 +0900, 35.7042275,140.0324668
2021/04/28 23:23:00 +0900, 35.7042275,140.0324668
2021/04/28 23:23:30 +0900, 35.7042428,140.0324777
2021/04/28 23:27:21 +0900, 35.7042428,140.0324777
2021/04/28 23:35:34 +0900, 35.7042428,140.0324777
2021/04/28 23:44:20 +0900, 35.7042428,140.0324777
2021/04/28 23:45:02 +0900, 35.7042428,140.0324777
2021/04/28 23:45:32 +0900, 35.7042428,140.0324777
2021/04/28 23:47:00 +0900, 35.7042428,140.0324777
2021/04/28 23:51:53 +0900, 35.7042428,140.0324777
2021/04/28 23:58:09 +0900, 35.7042428,140.0324777
