2021/04/29 00:00:08 +0900, 35.7042428,140.0324777
2021/04/29 00:00:38 +0900, 35.7042428,140.0324777
2021/04/29 00:02:55 +0900, 35.7042428,140.0324777
2021/04/29 00:08:09 +0900, 35.7042428,140.0324777
2021/04/29 00:17:09 +0900, 35.7042428,140.0324777
2021/04/29 00:17:43 +0900, 35.704242,140.0324716
2021/04/29 00:18:13 +0900, 35.704242,140.0324716
2021/04/29 00:18:43 +0900, 35.704242,140.0324716
2021/04/29 00:19:13 +0900, 35.704242,140.0324716
2021/04/29 00:19:43 +0900, 35.704242,140.0324716
2021/04/29 00:20:13 +0900, 35.704242,140.0324716
2021/04/29 00:20:43 +0900, 35.704242,140.0324716
2021/04/29 00:21:13 +0900, 35.704242,140.0324716
2021/04/29 00:21:43 +0900, 35.704242,140.0324716
2021/04/29 00:22:13 +0900, 35.704242,140.0324716
2021/04/29 00:22:43 +0900, 35.704242,140.0324716
2021/04/29 00:23:13 +0900, 35.704242,140.0324716
2021/04/29 00:23:43 +0900, 35.704242,140.0324716
2021/04/29 00:24:13 +0900, 35.704242,140.0324716
2021/04/29 00:24:43 +0900, 35.704242,140.0324716
2021/04/29 00:25:13 +0900, 35.704242,140.0324716
2021/04/29 00:25:43 +0900, 35.704242,140.0324716
2021/04/29 00:26:13 +0900, 35.704242,140.0324716
2021/04/29 00:26:43 +0900, 35.704242,140.0324716
2021/04/29 00:27:13 +0900, 35.704242,140.0324716
2021/04/29 00:27:43 +0900, 35.704242,140.0324716
2021/04/29 00:28:13 +0900, 35.704242,140.0324716
2021/04/29 00:33:47 +0900, 35.704242,140.0324716
2021/04/29 00:41:18 +0900, 35.704242,140.0324716
2021/04/29 00:46:45 +0900, 35.7042661,140.0324851
2021/04/29 00:47:15 +0900, 35.7042541,140.0324806
2021/04/29 00:47:45 +0900, 35.7043012,140.0324385
2021/04/29 00:48:15 +0900, 35.7042725,140.0325181
2021/04/29 00:48:45 +0900, 35.7042495,140.0324405
2021/04/29 00:49:15 +0900, 35.7042495,140.0324405
2021/04/29 00:49:45 +0900, 35.7042495,140.0324405
2021/04/29 00:50:15 +0900, 35.7042495,140.0324405
2021/04/29 00:50:45 +0900, 35.7042495,140.0324405
2021/04/29 00:51:15 +0900, 35.7042495,140.0324405
2021/04/29 00:53:15 +0900, 35.7042495,140.0324405
2021/04/29 01:00:04 +0900, 35.7042495,140.0324405
2021/04/29 01:11:17 +0900, 35.7042495,140.0324405
2021/04/29 01:19:53 +0900, 35.7042495,140.0324405
2021/04/29 01:26:53 +0900, 35.7042495,140.0324405
2021/04/29 01:32:52 +0900, 35.7042495,140.0324405
2021/04/29 01:38:25 +0900, 35.7042495,140.0324405
2021/04/29 01:38:55 +0900, 35.704238,140.0324889
2021/04/29 01:39:25 +0900, 35.704238,140.0324889
2021/04/29 01:39:55 +0900, 35.704238,140.0324889
2021/04/29 01:41:44 +0900, 35.704238,140.0324889
2021/04/29 01:45:20 +0900, 35.704238,140.0324889
2021/04/29 01:50:46 +0900, 35.704238,140.0324889
2021/04/29 01:51:16 +0900, 35.704238,140.0324889
2021/04/29 01:51:46 +0900, 35.704238,140.0324889
2021/04/29 01:52:48 +0900, 35.7042563,140.0324975
2021/04/29 01:55:47 +0900, 35.7042417,140.032473
2021/04/29 02:01:38 +0900, 35.7042417,140.032473
2021/04/29 02:06:12 +0900, 35.7042417,140.032473
2021/04/29 02:13:15 +0900, 35.7042417,140.032473
2021/04/29 02:23:00 +0900, 35.7042417,140.032473
2021/04/29 02:36:24 +0900, 35.7042417,140.032473
2021/04/29 02:47:23 +0900, 35.7042417,140.032473
2021/04/29 02:53:13 +0900, 35.7042417,140.032473
2021/04/29 03:08:13 +0900, 35.7042336,140.032461
2021/04/29 03:29:22 +0900, 35.7042336,140.032461
2021/04/29 03:41:01 +0900, 35.7042336,140.032461
2021/04/29 03:41:31 +0900, 35.7042336,140.032461
2021/04/29 03:50:39 +0900, 35.7042336,140.032461
2021/04/29 04:03:48 +0900, 35.7042336,140.032461
2021/04/29 04:22:02 +0900, 35.7042336,140.032461
2021/04/29 04:38:19 +0900, 35.7042336,140.032461
2021/04/29 04:55:19 +0900, 35.7042336,140.032461
2021/04/29 05:09:23 +0900, 35.7042336,140.032461
2021/04/29 05:25:16 +0900, 35.7042336,140.032461
2021/04/29 05:28:37 +0900, 35.7042336,140.032461
2021/04/29 05:35:54 +0900, 35.7042336,140.032461
2021/04/29 05:51:41 +0900, 35.7042336,140.032461
2021/04/29 06:03:47 +0900, 35.7042336,140.032461
2021/04/29 06:17:56 +0900, 35.7042336,140.032461
2021/04/29 06:33:48 +0900, 35.7042336,140.032461
2021/04/29 06:51:34 +0900, 35.7042336,140.032461
2021/04/29 07:00:09 +0900, 35.7042336,140.032461
2021/04/29 07:03:47 +0900, 35.7042336,140.032461
2021/04/29 07:05:31 +0900, 35.7042336,140.032461
2021/04/29 07:10:43 +0900, 35.7042336,140.032461
2021/04/29 07:15:01 +0900, 35.7042336,140.032461
2021/04/29 07:23:53 +0900, 35.7042336,140.032461
2021/04/29 07:33:01 +0900, 35.7042336,140.032461
2021/04/29 07:42:14 +0900, 35.7042336,140.032461
2021/04/29 07:51:04 +0900, 35.7042336,140.032461
2021/04/29 07:58:40 +0900, 35.7042336,140.032461
2021/04/29 08:04:01 +0900, 35.7042336,140.032461
2021/04/29 08:07:50 +0900, 35.7042336,140.032461
2021/04/29 08:11:50 +0900, 35.7042336,140.032461
2021/04/29 08:17:01 +0900, 35.7042336,140.032461
2021/04/29 08:22:21 +0900, 35.7042336,140.032461
2021/04/29 08:26:52 +0900, 35.7042336,140.032461
2021/04/29 08:31:54 +0900, 35.7042336,140.032461
2021/04/29 08:39:32 +0900, 35.7042336,140.032461
2021/04/29 08:43:53 +0900, 35.7042336,140.032461
2021/04/29 08:47:07 +0900, 35.7042336,140.032461
2021/04/29 08:52:22 +0900, 35.7042336,140.032461
2021/04/29 08:58:31 +0900, 35.7042336,140.032461
2021/04/29 09:05:02 +0900, 35.7042336,140.032461
2021/04/29 09:10:01 +0900, 35.7042336,140.032461
2021/04/29 09:20:01 +0900, 35.7042336,140.032461
2021/04/29 09:23:33 +0900, 35.7042336,140.032461
2021/04/29 09:25:34 +0900, 35.7042336,140.032461
2021/04/29 09:29:23 +0900, 35.7042336,140.032461
2021/04/29 09:32:15 +0900, 35.7042336,140.032461
2021/04/29 09:32:45 +0900, 35.7042336,140.032461
2021/04/29 09:33:15 +0900, 35.7042336,140.032461
2021/04/29 09:33:45 +0900, 35.7042336,140.032461
2021/04/29 09:34:15 +0900, 35.7042534,140.032483
2021/04/29 09:34:45 +0900, 35.7042534,140.032483
2021/04/29 09:35:15 +0900, 35.7042534,140.032483
2021/04/29 09:35:45 +0900, 35.7042534,140.032483
2021/04/29 09:36:15 +0900, 35.7042534,140.032483
2021/04/29 09:36:45 +0900, 35.7042534,140.032483
2021/04/29 09:37:15 +0900, 35.7042534,140.032483
2021/04/29 09:37:45 +0900, 35.7042534,140.032483
2021/04/29 09:38:15 +0900, 35.7042534,140.032483
2021/04/29 09:38:45 +0900, 35.7042534,140.032483
2021/04/29 09:39:15 +0900, 35.7042534,140.032483
2021/04/29 09:39:45 +0900, 35.7042534,140.032483
2021/04/29 09:40:15 +0900, 35.7042534,140.032483
2021/04/29 09:40:45 +0900, 35.7042534,140.032483
2021/04/29 09:41:15 +0900, 35.7042534,140.032483
2021/04/29 09:41:45 +0900, 35.7042534,140.032483
2021/04/29 09:42:15 +0900, 35.7042534,140.032483
2021/04/29 09:42:45 +0900, 35.7042534,140.032483
2021/04/29 09:43:15 +0900, 35.7042534,140.032483
2021/04/29 09:43:45 +0900, 35.7042534,140.032483
2021/04/29 09:44:15 +0900, 35.7042534,140.032483
2021/04/29 09:44:45 +0900, 35.7042534,140.032483
2021/04/29 09:45:15 +0900, 35.7042534,140.032483
2021/04/29 09:46:47 +0900, 35.7042534,140.032483
2021/04/29 09:53:02 +0900, 35.7042534,140.032483
2021/04/29 09:57:01 +0900, 35.7042534,140.032483
2021/04/29 10:03:03 +0900, 35.7042534,140.032483
2021/04/29 10:08:36 +0900, 35.7042534,140.032483
2021/04/29 10:13:01 +0900, 35.7042534,140.032483
2021/04/29 10:19:53 +0900, 35.7042534,140.032483
2021/04/29 10:25:01 +0900, 35.7042534,140.032483
2021/04/29 10:29:35 +0900, 35.7042534,140.032483
2021/04/29 10:34:31 +0900, 35.7042534,140.032483
2021/04/29 10:37:59 +0900, 35.7042534,140.032483
2021/04/29 10:43:02 +0900, 35.7042534,140.032483
2021/04/29 10:47:53 +0900, 35.7042534,140.032483
2021/04/29 10:53:48 +0900, 35.704278,140.0325077
2021/04/29 11:01:02 +0900, 35.704278,140.0325077
2021/04/29 11:07:59 +0900, 35.704278,140.0325077
2021/04/29 11:16:01 +0900, 35.704278,140.0325077
2021/04/29 11:19:20 +0900, 35.704278,140.0325077
2021/04/29 11:19:50 +0900, 35.704278,140.0325077
2021/04/29 11:21:59 +0900, 35.704278,140.0325077
2021/04/29 11:27:01 +0900, 35.704278,140.0325077
2021/04/29 11:32:23 +0900, 35.704278,140.0325077
2021/04/29 11:38:02 +0900, 35.704278,140.0325077
2021/04/29 11:42:46 +0900, 35.704278,140.0325077
2021/04/29 11:45:41 +0900, 35.704278,140.0325077
2021/04/29 11:47:46 +0900, 35.704278,140.0325077
2021/04/29 11:53:53 +0900, 35.704278,140.0325077
2021/04/29 11:58:58 +0900, 35.704278,140.0325077
2021/04/29 12:03:28 +0900, 35.704278,140.0325077
2021/04/29 12:07:05 +0900, 35.704278,140.0325077
2021/04/29 12:10:01 +0900, 35.704278,140.0325077
2021/04/29 12:15:18 +0900, 35.7042854,140.0325102
2021/04/29 12:23:45 +0900, 35.7042854,140.0325102
2021/04/29 12:25:26 +0900, 35.7042854,140.0325102
2021/04/29 12:30:02 +0900, 35.7042515,140.0324835
2021/04/29 12:35:00 +0900, 35.7042515,140.0324835
2021/04/29 12:38:02 +0900, 35.7042515,140.0324835
2021/04/29 12:38:58 +0900, 35.7042515,140.0324835
2021/04/29 12:40:59 +0900, 35.7042515,140.0324835
2021/04/29 12:41:29 +0900, 35.7042515,140.0324835
2021/04/29 12:41:59 +0900, 35.7042515,140.0324835
2021/04/29 12:42:29 +0900, 35.7042515,140.0324835
2021/04/29 12:42:59 +0900, 35.7042515,140.0324835
2021/04/29 12:43:29 +0900, 35.7042515,140.0324835
2021/04/29 12:43:59 +0900, 35.7042515,140.0324835
2021/04/29 12:44:29 +0900, 35.7042515,140.0324835
2021/04/29 12:44:59 +0900, 35.7042515,140.0324835
2021/04/29 12:45:29 +0900, 35.7042515,140.0324835
2021/04/29 12:45:59 +0900, 35.7042515,140.0324835
2021/04/29 12:46:29 +0900, 35.7042515,140.0324835
2021/04/29 12:46:59 +0900, 35.7042515,140.0324835
2021/04/29 12:47:29 +0900, 35.7042515,140.0324835
2021/04/29 12:47:59 +0900, 35.7042515,140.0324835
2021/04/29 12:48:29 +0900, 35.7042515,140.0324835
2021/04/29 12:48:59 +0900, 35.7042515,140.0324835
2021/04/29 12:49:29 +0900, 35.7042515,140.0324835
2021/04/29 12:49:59 +0900, 35.7042515,140.0324835
2021/04/29 12:50:29 +0900, 35.7042515,140.0324835
2021/04/29 12:50:59 +0900, 35.7042515,140.0324835
2021/04/29 12:51:29 +0900, 35.7042515,140.0324835
2021/04/29 12:51:59 +0900, 35.7042515,140.0324835
2021/04/29 12:52:29 +0900, 35.7042515,140.0324835
2021/04/29 12:52:59 +0900, 35.7042515,140.0324835
2021/04/29 12:53:29 +0900, 35.7042515,140.0324835
2021/04/29 12:53:59 +0900, 35.7042515,140.0324835
2021/04/29 12:54:29 +0900, 35.7042515,140.0324835
2021/04/29 12:54:59 +0900, 35.7042515,140.0324835
2021/04/29 12:56:01 +0900, 35.7042515,140.0324835
2021/04/29 12:58:06 +0900, 35.7042515,140.0324835
2021/04/29 13:00:34 +0900, 35.7042515,140.0324835
2021/04/29 13:01:04 +0900, 35.7042515,140.0324835
2021/04/29 13:01:34 +0900, 35.7042515,140.0324835
2021/04/29 13:02:04 +0900, 35.7042515,140.0324835
2021/04/29 13:02:35 +0900, 35.7042515,140.0324835
2021/04/29 13:03:09 +0900, 35.7042515,140.0324835
2021/04/29 13:03:59 +0900, 35.7048143,140.0317601
2021/04/29 13:05:11 +0900, 35.7048143,140.0317601
2021/04/29 13:07:51 +0900, 35.7048143,140.0317601
2021/04/29 13:10:17 +0900, 35.7048143,140.0317601
2021/04/29 13:17:01 +0900, 35.7042392,140.0324632
2021/04/29 13:17:37 +0900, 35.7042392,140.0324632
2021/04/29 13:18:07 +0900, 35.7042392,140.0324632
2021/04/29 13:18:37 +0900, 35.7042392,140.0324632
2021/04/29 13:19:07 +0900, 35.7042392,140.0324632
2021/04/29 13:20:27 +0900, 35.7042392,140.0324632
2021/04/29 13:23:48 +0900, 35.7042392,140.0324632
2021/04/29 13:28:31 +0900, 35.7042392,140.0324632
2021/04/29 13:35:02 +0900, 35.7042392,140.0324632
2021/04/29 13:39:14 +0900, 35.7042392,140.0324632
2021/04/29 13:45:51 +0900, 35.7042392,140.0324632
2021/04/29 13:49:57 +0900, 35.7042392,140.0324632
2021/04/29 13:57:02 +0900, 35.7042392,140.0324632
2021/04/29 14:02:33 +0900, 35.7042392,140.0324632
2021/04/29 14:10:01 +0900, 35.7042392,140.0324632
2021/04/29 14:14:39 +0900, 35.7042392,140.0324632
2021/04/29 14:19:21 +0900, 35.7042392,140.0324632
2021/04/29 14:19:51 +0900, 35.7042392,140.0324632
2021/04/29 14:20:21 +0900, 35.7042392,140.0324632
2021/04/29 14:20:51 +0900, 35.7042392,140.0324632
2021/04/29 14:21:21 +0900, 35.7042392,140.0324632
2021/04/29 14:21:56 +0900, 35.7042392,140.0324632
2021/04/29 14:23:03 +0900, 35.7042392,140.0324632
2021/04/29 14:24:04 +0900, 35.7042392,140.0324632
2021/04/29 14:24:49 +0900, 35.7042392,140.0324632
2021/04/29 14:30:01 +0900, 35.7042392,140.0324632
2021/04/29 14:37:01 +0900, 35.7042392,140.0324632
2021/04/29 14:44:33 +0900, 35.7042392,140.0324632
2021/04/29 14:53:01 +0900, 35.7042392,140.0324632
2021/04/29 14:57:00 +0900, 35.7042392,140.0324632
2021/04/29 15:06:48 +0900, 35.7042392,140.0324632
2021/04/29 15:10:01 +0900, 35.7042392,140.0324632
2021/04/29 15:15:19 +0900, 35.7042392,140.0324632
2021/04/29 15:18:04 +0900, 35.7042392,140.0324632
2021/04/29 15:23:59 +0900, 35.7042392,140.0324632
2021/04/29 15:28:35 +0900, 35.7042392,140.0324632
2021/04/29 15:36:01 +0900, 35.7042372,140.0324274
2021/04/29 15:43:48 +0900, 35.7042372,140.0324274
2021/04/29 15:44:21 +0900, 35.7042372,140.0324274
2021/04/29 15:44:51 +0900, 35.7042794,140.0325084
2021/04/29 15:45:21 +0900, 35.7042794,140.0325084
2021/04/29 15:45:51 +0900, 35.7042794,140.0325084
2021/04/29 15:46:21 +0900, 35.7042794,140.0325084
2021/04/29 15:46:51 +0900, 35.7042794,140.0325084
2021/04/29 15:47:21 +0900, 35.7042794,140.0325084
2021/04/29 15:47:51 +0900, 35.7042794,140.0325084
2021/04/29 15:48:21 +0900, 35.7042794,140.0325084
2021/04/29 15:48:51 +0900, 35.7042794,140.0325084
2021/04/29 15:49:21 +0900, 35.7042794,140.0325084
2021/04/29 15:49:51 +0900, 35.7042394,140.0324924
2021/04/29 15:50:21 +0900, 35.7042394,140.0324924
2021/04/29 15:50:51 +0900, 35.7042394,140.0324924
2021/04/29 15:51:21 +0900, 35.7042394,140.0324924
2021/04/29 15:51:51 +0900, 35.7042394,140.0324924
2021/04/29 15:54:41 +0900, 35.7042394,140.0324924
2021/04/29 15:57:12 +0900, 35.7042394,140.0324924
2021/04/29 15:57:42 +0900, 35.7042394,140.0324924
2021/04/29 15:58:12 +0900, 35.7042394,140.0324924
2021/04/29 15:58:42 +0900, 35.7042394,140.0324924
2021/04/29 15:59:12 +0900, 35.7042394,140.0324924
2021/04/29 15:59:42 +0900, 35.7042394,140.0324924
2021/04/29 16:00:12 +0900, 35.7042394,140.0324924
2021/04/29 16:00:42 +0900, 35.7042394,140.0324924
2021/04/29 16:01:12 +0900, 35.7042394,140.0324924
2021/04/29 16:01:42 +0900, 35.7042394,140.0324924
2021/04/29 16:02:12 +0900, 35.7042394,140.0324924
2021/04/29 16:02:42 +0900, 35.7042394,140.0324924
2021/04/29 16:03:12 +0900, 35.7042394,140.0324924
2021/04/29 16:03:42 +0900, 35.7042394,140.0324924
2021/04/29 16:04:12 +0900, 35.7042394,140.0324924
2021/04/29 16:04:42 +0900, 35.7042394,140.0324924
2021/04/29 16:05:12 +0900, 35.7042394,140.0324924
2021/04/29 16:05:42 +0900, 35.7042394,140.0324924
2021/04/29 16:06:12 +0900, 35.7042394,140.0324924
2021/04/29 16:06:42 +0900, 35.7042394,140.0324924
2021/04/29 16:07:12 +0900, 35.7042394,140.0324924
2021/04/29 16:07:42 +0900, 35.7042394,140.0324924
2021/04/29 16:08:12 +0900, 35.7042394,140.0324924
2021/04/29 16:08:42 +0900, 35.7042394,140.0324924
2021/04/29 16:09:12 +0900, 35.7042394,140.0324924
2021/04/29 16:09:42 +0900, 35.7042394,140.0324924
2021/04/29 16:10:12 +0900, 35.7042394,140.0324924
2021/04/29 16:10:42 +0900, 35.7042394,140.0324924
2021/04/29 16:11:12 +0900, 35.7042394,140.0324924
2021/04/29 16:11:42 +0900, 35.7042394,140.0324924
2021/04/29 16:12:12 +0900, 35.7042394,140.0324924
2021/04/29 16:12:42 +0900, 35.7042394,140.0324924
2021/04/29 16:13:12 +0900, 35.7042394,140.0324924
2021/04/29 16:13:42 +0900, 35.7042394,140.0324924
2021/04/29 16:14:12 +0900, 35.7042394,140.0324924
2021/04/29 16:14:42 +0900, 35.7042394,140.0324924
2021/04/29 16:15:12 +0900, 35.7042394,140.0324924
2021/04/29 16:15:42 +0900, 35.7042394,140.0324924
2021/04/29 16:16:12 +0900, 35.7042394,140.0324924
2021/04/29 16:16:42 +0900, 35.7042394,140.0324924
2021/04/29 16:17:12 +0900, 35.7042394,140.0324821
2021/04/29 16:17:42 +0900, 35.7042394,140.0324821
2021/04/29 16:18:12 +0900, 35.7042394,140.0324821
2021/04/29 16:18:42 +0900, 35.7042394,140.0324821
2021/04/29 16:19:12 +0900, 35.7042394,140.0324821
2021/04/29 16:19:42 +0900, 35.7042394,140.0324821
2021/04/29 16:20:12 +0900, 35.7042394,140.0324821
2021/04/29 16:20:42 +0900, 35.7042394,140.0324821
2021/04/29 16:21:12 +0900, 35.7042394,140.0324821
2021/04/29 16:21:42 +0900, 35.7042394,140.0324821
2021/04/29 16:22:12 +0900, 35.7042394,140.0324821
2021/04/29 16:22:42 +0900, 35.7042394,140.0324821
2021/04/29 16:23:12 +0900, 35.7042394,140.0324821
2021/04/29 16:23:42 +0900, 35.7042394,140.0324821
2021/04/29 16:24:12 +0900, 35.7042394,140.0324821
2021/04/29 16:24:42 +0900, 35.7042394,140.0324821
2021/04/29 16:25:12 +0900, 35.7042394,140.0324821
2021/04/29 16:25:42 +0900, 35.7042394,140.0324821
2021/04/29 16:26:12 +0900, 35.7042394,140.0324821
2021/04/29 16:26:42 +0900, 35.7042394,140.0324821
2021/04/29 16:27:12 +0900, 35.7042394,140.0324821
2021/04/29 16:27:42 +0900, 35.7042394,140.0324821
2021/04/29 16:28:12 +0900, 35.7042394,140.0324821
2021/04/29 16:28:42 +0900, 35.7042394,140.0324821
2021/04/29 16:29:12 +0900, 35.7042394,140.0324821
2021/04/29 16:29:42 +0900, 35.7042394,140.0324821
2021/04/29 16:30:12 +0900, 35.7042394,140.0324821
2021/04/29 16:30:42 +0900, 35.7042394,140.0324821
2021/04/29 16:31:12 +0900, 35.7042394,140.0324821
2021/04/29 16:31:42 +0900, 35.7042394,140.0324821
2021/04/29 16:32:12 +0900, 35.7042394,140.0324821
2021/04/29 16:32:42 +0900, 35.7042394,140.0324821
2021/04/29 16:33:12 +0900, 35.7042394,140.0324821
2021/04/29 16:33:42 +0900, 35.7042394,140.0324821
2021/04/29 16:34:12 +0900, 35.7042394,140.0324821
2021/04/29 16:34:42 +0900, 35.7042394,140.0324821
2021/04/29 16:35:12 +0900, 35.7042394,140.0324821
2021/04/29 16:35:42 +0900, 35.7042394,140.0324821
2021/04/29 16:36:12 +0900, 35.7042394,140.0324821
2021/04/29 16:36:42 +0900, 35.7042394,140.0324821
2021/04/29 16:37:12 +0900, 35.7042394,140.0324821
2021/04/29 16:37:42 +0900, 35.7042394,140.0324821
2021/04/29 16:38:12 +0900, 35.7042394,140.0324821
2021/04/29 16:38:42 +0900, 35.7042394,140.0324821
2021/04/29 16:39:12 +0900, 35.7042394,140.0324821
2021/04/29 16:39:42 +0900, 35.7042394,140.0324821
2021/04/29 16:40:12 +0900, 35.7042394,140.0324821
2021/04/29 16:40:42 +0900, 35.7042394,140.0324821
2021/04/29 16:41:12 +0900, 35.7042394,140.0324821
2021/04/29 16:41:42 +0900, 35.7042394,140.0324821
2021/04/29 16:42:12 +0900, 35.7042394,140.0324821
2021/04/29 16:42:42 +0900, 35.7042394,140.0324821
2021/04/29 16:43:12 +0900, 35.7042394,140.0324821
2021/04/29 16:43:42 +0900, 35.7042394,140.0324821
2021/04/29 16:44:12 +0900, 35.7042394,140.0324821
2021/04/29 16:44:42 +0900, 35.7042394,140.0324821
2021/04/29 16:45:12 +0900, 35.7042394,140.0324821
2021/04/29 16:45:42 +0900, 35.7042394,140.0324821
2021/04/29 16:46:12 +0900, 35.7042394,140.0324821
2021/04/29 16:46:42 +0900, 35.7042394,140.0324821
2021/04/29 16:47:12 +0900, 35.7042394,140.0324821
2021/04/29 16:47:42 +0900, 35.7042394,140.0324821
2021/04/29 16:48:12 +0900, 35.7042394,140.0324821
2021/04/29 16:48:42 +0900, 35.7042394,140.0324821
2021/04/29 16:49:12 +0900, 35.7042394,140.0324821
2021/04/29 16:49:42 +0900, 35.7042394,140.0324821
2021/04/29 16:50:12 +0900, 35.7042394,140.0324821
2021/04/29 16:50:42 +0900, 35.7042394,140.0324821
2021/04/29 16:51:12 +0900, 35.7042394,140.0324821
2021/04/29 16:51:42 +0900, 35.7042394,140.0324821
2021/04/29 16:52:12 +0900, 35.7042394,140.0324821
2021/04/29 16:52:42 +0900, 35.7042394,140.0324821
2021/04/29 16:53:12 +0900, 35.7042394,140.0324821
2021/04/29 16:53:42 +0900, 35.7042394,140.0324821
2021/04/29 16:54:12 +0900, 35.7042394,140.0324821
2021/04/29 16:54:42 +0900, 35.7042394,140.0324821
2021/04/29 16:55:12 +0900, 35.7042394,140.0324821
2021/04/29 16:55:42 +0900, 35.7042394,140.0324821
2021/04/29 16:56:12 +0900, 35.7042394,140.0324821
2021/04/29 16:56:42 +0900, 35.7042394,140.0324821
2021/04/29 16:57:12 +0900, 35.7042394,140.0324821
2021/04/29 16:57:42 +0900, 35.7042394,140.0324821
2021/04/29 16:58:12 +0900, 35.7042394,140.0324821
2021/04/29 16:58:42 +0900, 35.7042394,140.0324821
2021/04/29 16:59:12 +0900, 35.7042394,140.0324821
2021/04/29 16:59:42 +0900, 35.7042394,140.0324821
2021/04/29 17:00:12 +0900, 35.7042394,140.0324821
2021/04/29 17:00:42 +0900, 35.7042394,140.0324821
2021/04/29 17:01:12 +0900, 35.7042394,140.0324821
2021/04/29 17:01:42 +0900, 35.7042394,140.0324821
2021/04/29 17:02:12 +0900, 35.7042394,140.0324821
2021/04/29 17:02:42 +0900, 35.7042394,140.0324821
2021/04/29 17:03:12 +0900, 35.7042394,140.0324821
2021/04/29 17:03:42 +0900, 35.7042394,140.0324821
2021/04/29 17:04:12 +0900, 35.7042394,140.0324821
2021/04/29 17:04:42 +0900, 35.7042394,140.0324821
2021/04/29 17:05:12 +0900, 35.7042394,140.0324821
2021/04/29 17:05:42 +0900, 35.7042394,140.0324821
2021/04/29 17:06:12 +0900, 35.7042394,140.0324821
2021/04/29 17:06:42 +0900, 35.7042394,140.0324821
2021/04/29 17:07:12 +0900, 35.7042394,140.0324821
2021/04/29 17:07:42 +0900, 35.7042394,140.0324821
2021/04/29 17:08:12 +0900, 35.7042394,140.0324821
2021/04/29 17:08:42 +0900, 35.7042394,140.0324821
2021/04/29 17:09:12 +0900, 35.704229,140.0324699
2021/04/29 17:09:42 +0900, 35.704229,140.0324699
2021/04/29 17:10:12 +0900, 35.704229,140.0324699
2021/04/29 17:10:42 +0900, 35.704229,140.0324699
2021/04/29 17:11:12 +0900, 35.704229,140.0324699
2021/04/29 17:11:42 +0900, 35.704229,140.0324699
2021/04/29 17:12:12 +0900, 35.704229,140.0324699
2021/04/29 17:12:42 +0900, 35.704229,140.0324699
2021/04/29 17:13:12 +0900, 35.704229,140.0324699
2021/04/29 17:13:42 +0900, 35.704229,140.0324699
2021/04/29 17:14:12 +0900, 35.704229,140.0324699
2021/04/29 17:14:42 +0900, 35.704229,140.0324699
2021/04/29 17:15:12 +0900, 35.704229,140.0324699
2021/04/29 17:15:42 +0900, 35.704229,140.0324699
2021/04/29 17:16:12 +0900, 35.704229,140.0324699
2021/04/29 17:16:42 +0900, 35.704229,140.0324699
2021/04/29 17:17:12 +0900, 35.704229,140.0324699
2021/04/29 17:17:42 +0900, 35.704229,140.0324699
2021/04/29 17:18:12 +0900, 35.704229,140.0324699
2021/04/29 17:18:42 +0900, 35.704229,140.0324699
2021/04/29 17:19:12 +0900, 35.704229,140.0324699
2021/04/29 17:19:42 +0900, 35.704229,140.0324699
2021/04/29 17:20:12 +0900, 35.704229,140.0324699
2021/04/29 17:20:42 +0900, 35.704229,140.0324699
2021/04/29 17:21:12 +0900, 35.704229,140.0324699
2021/04/29 17:21:42 +0900, 35.704229,140.0324699
2021/04/29 17:22:12 +0900, 35.704229,140.0324699
2021/04/29 17:22:42 +0900, 35.704229,140.0324699
2021/04/29 17:23:12 +0900, 35.704229,140.0324699
2021/04/29 17:23:42 +0900, 35.704229,140.0324699
2021/04/29 17:24:12 +0900, 35.704229,140.0324699
2021/04/29 17:25:32 +0900, 35.704229,140.0324699
2021/04/29 17:31:07 +0900, 35.704229,140.0324699
2021/04/29 17:35:52 +0900, 35.704229,140.0324699
2021/04/29 17:42:02 +0900, 35.704229,140.0324699
2021/04/29 17:45:23 +0900, 35.704229,140.0324699
2021/04/29 17:49:02 +0900, 35.704229,140.0324699
2021/04/29 17:53:03 +0900, 35.704229,140.0324699
2021/04/29 17:56:05 +0900, 35.704229,140.0324699
2021/04/29 17:58:03 +0900, 35.704229,140.0324699
2021/04/29 18:02:58 +0900, 35.704229,140.0324699
2021/04/29 18:04:02 +0900, 35.704229,140.0324699
2021/04/29 18:06:25 +0900, 35.704229,140.0324699
2021/04/29 18:07:59 +0900, 35.704229,140.0324699
2021/04/29 18:14:02 +0900, 35.704229,140.0324699
2021/04/29 18:19:00 +0900, 35.704229,140.0324699
2021/04/29 18:25:02 +0900, 35.704229,140.0324699
2021/04/29 18:28:02 +0900, 35.7042373,140.0324577
2021/04/29 18:38:01 +0900, 35.7042373,140.0324577
2021/04/29 18:44:21 +0900, 35.7042373,140.0324577
2021/04/29 18:49:23 +0900, 35.7042373,140.0324577
2021/04/29 18:53:47 +0900, 35.7042373,140.0324577
2021/04/29 19:00:58 +0900, 35.7042373,140.0324577
2021/04/29 19:08:16 +0900, 35.7042373,140.0324577
2021/04/29 19:08:46 +0900, 35.7042349,140.0324767
2021/04/29 19:09:16 +0900, 35.7042349,140.0324767
2021/04/29 19:09:46 +0900, 35.7042349,140.0324767
2021/04/29 19:10:16 +0900, 35.7042349,140.0324767
2021/04/29 19:10:46 +0900, 35.7042349,140.0324767
2021/04/29 19:11:16 +0900, 35.7042349,140.0324767
2021/04/29 19:11:46 +0900, 35.7042349,140.0324767
2021/04/29 19:12:16 +0900, 35.7042349,140.0324767
2021/04/29 19:12:46 +0900, 35.7042349,140.0324767
2021/04/29 19:13:16 +0900, 35.7042349,140.0324767
2021/04/29 19:13:46 +0900, 35.7042349,140.0324767
2021/04/29 19:14:16 +0900, 35.7042349,140.0324767
2021/04/29 19:14:46 +0900, 35.7042349,140.0324767
2021/04/29 19:15:16 +0900, 35.7042349,140.0324767
2021/04/29 19:15:46 +0900, 35.7042349,140.0324767
2021/04/29 19:16:16 +0900, 35.7042349,140.0324767
2021/04/29 19:16:46 +0900, 35.7042349,140.0324767
2021/04/29 19:17:16 +0900, 35.7042349,140.0324767
2021/04/29 19:17:46 +0900, 35.7042349,140.0324767
2021/04/29 19:18:16 +0900, 35.7042349,140.0324767
2021/04/29 19:18:46 +0900, 35.7042349,140.0324767
2021/04/29 19:19:16 +0900, 35.7042349,140.0324767
2021/04/29 19:19:46 +0900, 35.7042349,140.0324767
2021/04/29 19:20:16 +0900, 35.7042349,140.0324767
2021/04/29 19:20:46 +0900, 35.7042349,140.0324767
2021/04/29 19:21:16 +0900, 35.7042349,140.0324767
2021/04/29 19:22:14 +0900, 35.7042349,140.0324767
2021/04/29 19:25:01 +0900, 35.7042349,140.0324767
2021/04/29 19:31:08 +0900, 35.7042349,140.0324767
2021/04/29 19:39:02 +0900, 35.7042349,140.0324767
2021/04/29 19:46:01 +0900, 35.7042349,140.0324767
2021/04/29 19:55:03 +0900, 35.7042349,140.0324767
2021/04/29 20:00:32 +0900, 35.7042349,140.0324767
2021/04/29 20:05:20 +0900, 35.7042349,140.0324767
2021/04/29 20:07:43 +0900, 35.7042349,140.0324767
2021/04/29 20:08:13 +0900, 35.7042349,140.0324767
2021/04/29 20:08:48 +0900, 35.7042349,140.0324767
2021/04/29 20:12:01 +0900, 35.7042349,140.0324767
2021/04/29 20:18:32 +0900, 35.7042349,140.0324767
2021/04/29 20:24:03 +0900, 35.7042349,140.0324767
2021/04/29 20:27:34 +0900, 35.7042349,140.0324767
2021/04/29 20:28:58 +0900, 35.7042349,140.0324767
2021/04/29 20:31:29 +0900, 35.7042349,140.0324767
2021/04/29 20:35:19 +0900, 35.7042349,140.0324767
2021/04/29 20:41:57 +0900, 35.7042349,140.0324767
2021/04/29 20:49:00 +0900, 35.7042349,140.0324767
2021/04/29 20:52:03 +0900, 35.7042349,140.0324767
2021/04/29 20:58:12 +0900, 35.7042349,140.0324767
2021/04/29 21:04:08 +0900, 35.7042349,140.0324767
2021/04/29 21:05:37 +0900, 35.7042349,140.0324767
2021/04/29 21:08:26 +0900, 35.7042349,140.0324767
2021/04/29 21:11:34 +0900, 35.7042137,140.0324294
2021/04/29 21:17:13 +0900, 35.7042137,140.0324294
2021/04/29 21:22:42 +0900, 35.7042137,140.0324294
2021/04/29 21:24:51 +0900, 35.7042822,140.0325068
2021/04/29 21:28:02 +0900, 35.7042822,140.0325068
2021/04/29 21:35:01 +0900, 35.7042822,140.0325068
2021/04/29 21:38:43 +0900, 35.7042822,140.0325068
2021/04/29 21:42:01 +0900, 35.7042822,140.0325068
2021/04/29 21:45:48 +0900, 35.7042822,140.0325068
2021/04/29 21:52:10 +0900, 35.7042822,140.0325068
2021/04/29 21:52:40 +0900, 35.7041992,140.0324324
2021/04/29 21:53:10 +0900, 35.7041992,140.0324324
2021/04/29 21:53:40 +0900, 35.7041992,140.0324324
2021/04/29 21:54:10 +0900, 35.7041992,140.0324324
2021/04/29 21:54:40 +0900, 35.7041992,140.0324324
2021/04/29 21:55:10 +0900, 35.7041992,140.0324324
2021/04/29 21:55:40 +0900, 35.7041992,140.0324324
2021/04/29 21:56:10 +0900, 35.7041992,140.0324324
2021/04/29 21:56:40 +0900, 35.7041992,140.0324324
2021/04/29 21:57:10 +0900, 35.7041992,140.0324324
2021/04/29 21:57:40 +0900, 35.7041992,140.0324324
2021/04/29 21:58:10 +0900, 35.7041992,140.0324324
2021/04/29 21:58:40 +0900, 35.7041992,140.0324324
2021/04/29 21:59:10 +0900, 35.7041992,140.0324324
2021/04/29 21:59:40 +0900, 35.7041992,140.0324324
2021/04/29 22:00:10 +0900, 35.7041992,140.0324324
2021/04/29 22:00:40 +0900, 35.7041992,140.0324324
2021/04/29 22:01:10 +0900, 35.7041992,140.0324324
2021/04/29 22:01:40 +0900, 35.7041992,140.0324324
2021/04/29 22:02:10 +0900, 35.7041992,140.0324324
2021/04/29 22:02:40 +0900, 35.7041992,140.0324324
2021/04/29 22:03:10 +0900, 35.7041992,140.0324324
2021/04/29 22:03:40 +0900, 35.7041992,140.0324324
2021/04/29 22:04:10 +0900, 35.7041992,140.0324324
2021/04/29 22:04:40 +0900, 35.7041992,140.0324324
2021/04/29 22:05:10 +0900, 35.7041992,140.0324324
2021/04/29 22:05:40 +0900, 35.7041992,140.0324324
2021/04/29 22:06:10 +0900, 35.7041992,140.0324324
2021/04/29 22:06:40 +0900, 35.7041992,140.0324324
2021/04/29 22:07:10 +0900, 35.7041992,140.0324324
2021/04/29 22:07:40 +0900, 35.7041992,140.0324324
2021/04/29 22:08:10 +0900, 35.7041992,140.0324324
2021/04/29 22:08:40 +0900, 35.7041992,140.0324324
2021/04/29 22:09:10 +0900, 35.7041992,140.0324324
2021/04/29 22:09:40 +0900, 35.7041992,140.0324324
2021/04/29 22:10:10 +0900, 35.7041992,140.0324324
2021/04/29 22:10:40 +0900, 35.7043408,140.0325437
2021/04/29 22:11:10 +0900, 35.7042508,140.0324886
2021/04/29 22:11:40 +0900, 35.7043216,140.0325214
2021/04/29 22:12:10 +0900, 35.7042954,140.0325211
2021/04/29 22:12:40 +0900, 35.704287,140.0324932
2021/04/29 22:13:10 +0900, 35.7042443,140.0324833
2021/04/29 22:13:40 +0900, 35.7042302,140.0324654
2021/04/29 22:14:10 +0900, 35.7043059,140.0325183
2021/04/29 22:14:40 +0900, 35.7043059,140.0325183
2021/04/29 22:15:10 +0900, 35.7043059,140.0325183
2021/04/29 22:15:40 +0900, 35.7043059,140.0325183
2021/04/29 22:16:10 +0900, 35.7043059,140.0325183
2021/04/29 22:16:40 +0900, 35.7043059,140.0325183
2021/04/29 22:17:10 +0900, 35.7043059,140.0325183
2021/04/29 22:17:40 +0900, 35.7043059,140.0325183
2021/04/29 22:18:10 +0900, 35.704195,140.0324084
2021/04/29 22:18:40 +0900, 35.7042283,140.0324538
2021/04/29 22:19:10 +0900, 35.7042142,140.0324377
2021/04/29 22:19:40 +0900, 35.704236,140.0324596
2021/04/29 22:20:10 +0900, 35.7043118,140.0325367
2021/04/29 22:20:40 +0900, 35.7042806,140.0325015
2021/04/29 22:21:10 +0900, 35.7042733,140.0324954
2021/04/29 22:21:40 +0900, 35.7042403,140.032482
2021/04/29 22:22:10 +0900, 35.7042114,140.0324459
2021/04/29 22:22:40 +0900, 35.7042787,140.0325073
2021/04/29 22:23:10 +0900, 35.7042024,140.0324279
2021/04/29 22:23:40 +0900, 35.7042476,140.0324668
2021/04/29 22:24:10 +0900, 35.7042437,140.0324615
2021/04/29 22:24:40 +0900, 35.7042193,140.0324402
2021/04/29 22:25:10 +0900, 35.7042426,140.0324781
2021/04/29 22:25:40 +0900, 35.7042284,140.0324491
2021/04/29 22:26:10 +0900, 35.7042485,140.0324792
2021/04/29 22:26:40 +0900, 35.7042342,140.032483
2021/04/29 22:27:10 +0900, 35.7042294,140.0324564
2021/04/29 22:27:40 +0900, 35.7042787,140.0324955
2021/04/29 22:28:10 +0900, 35.7042396,140.0324647
2021/04/29 22:28:40 +0900, 35.7042701,140.0324889
2021/04/29 22:29:10 +0900, 35.7042252,140.0324505
2021/04/29 22:29:40 +0900, 35.7042183,140.0324481
2021/04/29 22:30:10 +0900, 35.704234,140.0324525
2021/04/29 22:30:40 +0900, 35.7042549,140.0324723
2021/04/29 22:31:10 +0900, 35.7042381,140.0324679
2021/04/29 22:31:40 +0900, 35.7042365,140.0324592
2021/04/29 22:32:10 +0900, 35.7042365,140.0324592
2021/04/29 22:32:40 +0900, 35.7042365,140.0324592
2021/04/29 22:33:10 +0900, 35.7042365,140.0324592
2021/04/29 22:33:40 +0900, 35.7042854,140.0325217
2021/04/29 22:34:10 +0900, 35.7042854,140.0325217
2021/04/29 22:35:01 +0900, 35.7042854,140.0325217
2021/04/29 22:35:44 +0900, 35.7042854,140.0325217
2021/04/29 22:36:14 +0900, 35.7042854,140.0325217
2021/04/29 22:36:44 +0900, 35.7042021,140.0324296
2021/04/29 22:37:14 +0900, 35.7042021,140.0324296
2021/04/29 22:37:44 +0900, 35.7042021,140.0324296
2021/04/29 22:38:14 +0900, 35.7042021,140.0324296
2021/04/29 22:39:31 +0900, 35.7042021,140.0324296
2021/04/29 22:40:44 +0900, 35.7042021,140.0324296
2021/04/29 22:42:58 +0900, 35.7042021,140.0324296
2021/04/29 22:45:01 +0900, 35.7042021,140.0324296
2021/04/29 22:47:56 +0900, 35.7042021,140.0324296
2021/04/29 22:49:58 +0900, 35.7042021,140.0324296
2021/04/29 22:51:19 +0900, 35.7042021,140.0324296
2021/04/29 22:51:49 +0900, 35.7042021,140.0324296
2021/04/29 22:52:59 +0900, 35.7042021,140.0324296
2021/04/29 22:54:52 +0900, 35.7042021,140.0324296
2021/04/29 22:58:00 +0900, 35.7042021,140.0324296
2021/04/29 23:00:34 +0900, 35.7042021,140.0324296
2021/04/29 23:03:00 +0900, 35.7042021,140.0324296
2021/04/29 23:05:01 +0900, 35.7042021,140.0324296
2021/04/29 23:07:17 +0900, 35.7042021,140.0324296
2021/04/29 23:10:19 +0900, 35.7042021,140.0324296
2021/04/29 23:12:22 +0900, 35.7042021,140.0324296
2021/04/29 23:15:12 +0900, 35.7042021,140.0324296
2021/04/29 23:18:33 +0900, 35.7042021,140.0324296
2021/04/29 23:22:31 +0900, 35.7042021,140.0324296
2021/04/29 23:25:02 +0900, 35.7042021,140.0324296
2021/04/29 23:27:02 +0900, 35.7042021,140.0324296
2021/04/29 23:27:52 +0900, 35.7042021,140.0324296
2021/04/29 23:29:03 +0900, 35.7042021,140.0324296
2021/04/29 23:31:22 +0900, 35.7042021,140.0324296
2021/04/29 23:34:01 +0900, 35.7042021,140.0324296
2021/04/29 23:36:44 +0900, 35.7042021,140.0324296
2021/04/29 23:38:40 +0900, 35.7042021,140.0324296
2021/04/29 23:40:39 +0900, 35.7042021,140.0324296
2021/04/29 23:42:42 +0900, 35.7042021,140.0324296
2021/04/29 23:44:49 +0900, 35.7042021,140.0324296
2021/04/29 23:48:00 +0900, 35.7042021,140.0324296
2021/04/29 23:52:22 +0900, 35.7042021,140.0324296
2021/04/29 23:54:48 +0900, 35.7042021,140.0324296
2021/04/29 23:55:18 +0900, 35.7042021,140.0324296
2021/04/29 23:55:48 +0900, 35.7042021,140.0324296
2021/04/29 23:59:37 +0900, 35.7042021,140.0324296
