2021/04/17 12:53:38 +0900, 35.6892176,140.0240708
2021/04/17 12:54:08 +0900, 35.6892176,140.0240708
2021/04/17 12:56:02 +0900, 35.6892176,140.0240708
2021/04/17 12:58:01 +0900, 35.6892176,140.0240708
2021/04/17 13:01:33 +0900, 35.6884685,140.0216711
2021/04/17 13:02:51 +0900, 35.6884733,140.021442
2021/04/17 13:07:01 +0900, 35.6884733,140.021442
2021/04/17 13:11:00 +0900, 35.6884427,140.0213865
2021/04/17 13:14:29 +0900, 35.6884472,140.02142
2021/04/17 13:14:59 +0900, 35.6884472,140.02142
2021/04/17 13:16:56 +0900, 35.6884472,140.02142
2021/04/17 13:17:26 +0900, 35.6884821,140.0215109
2021/04/17 13:17:56 +0900, 35.6884821,140.0215109
2021/04/17 13:18:26 +0900, 35.6884821,140.0215109
2021/04/17 13:18:56 +0900, 35.6884821,140.0215109
2021/04/17 13:19:26 +0900, 35.6884821,140.0215109
2021/04/17 13:19:56 +0900, 35.6884821,140.0215109
2021/04/17 13:20:26 +0900, 35.6884821,140.0215109
2021/04/17 13:20:56 +0900, 35.6884821,140.0215109
2021/04/17 13:21:26 +0900, 35.6884821,140.0215109
2021/04/17 13:21:56 +0900, 35.6884821,140.0215109
2021/04/17 13:22:26 +0900, 35.6884821,140.0215109
2021/04/17 13:22:56 +0900, 35.6884821,140.0215109
2021/04/17 13:23:26 +0900, 35.6884821,140.0215109
2021/04/17 13:23:56 +0900, 35.6884821,140.0215109
2021/04/17 13:24:26 +0900, 35.6884821,140.0215109
2021/04/17 13:24:56 +0900, 35.6884821,140.0215109
2021/04/17 13:25:26 +0900, 35.6884821,140.0215109
2021/04/17 13:25:56 +0900, 35.6884821,140.0215109
2021/04/17 13:26:26 +0900, 35.6887179,140.0200623
2021/04/17 13:26:56 +0900, 35.6887179,140.0200623
2021/04/17 13:27:26 +0900, 35.6887179,140.0200623
2021/04/17 13:27:56 +0900, 35.6887179,140.0200623
2021/04/17 13:29:39 +0900, 35.6887179,140.0200623
2021/04/17 13:31:19 +0900, 35.6887179,140.0200623
2021/04/17 13:33:17 +0900, 35.6887179,140.0200623
2021/04/17 13:34:50 +0900, 35.6890932,140.0200368
2021/04/17 13:38:59 +0900, 35.6890786,140.0200512
2021/04/17 13:42:58 +0900, 35.6895416,140.0200158
2021/04/17 13:48:00 +0900, 35.6890841,140.0202984
2021/04/17 13:48:36 +0900, 35.6893914,140.0200237
2021/04/17 13:49:06 +0900, 35.689371,140.0199801
2021/04/17 13:51:27 +0900, 35.689371,140.0199801
2021/04/17 13:53:13 +0900, 35.689371,140.0199801
2021/04/17 13:56:01 +0900, 35.6892694,140.0200419
2021/04/17 13:59:54 +0900, 35.6892694,140.0200419
2021/04/17 14:00:32 +0900, 35.6892694,140.0200419
2021/04/17 14:01:37 +0900, 35.6892694,140.0200419
2021/04/17 14:03:34 +0900, 35.6892694,140.0200419
2021/04/17 14:06:38 +0900, 35.6891497,140.0200083
2021/04/17 14:07:26 +0900, 35.6891497,140.0200083
2021/04/17 14:10:43 +0900, 35.6891497,140.0200083
2021/04/17 14:13:13 +0900, 35.6891497,140.0200083
2021/04/17 14:17:28 +0900, 35.6891497,140.0200083
2021/04/17 14:19:19 +0900, 35.6893289,140.0200276
2021/04/17 14:21:51 +0900, 35.6892854,140.0200445
2021/04/17 14:24:00 +0900, 35.6892854,140.0200445
2021/04/17 14:25:50 +0900, 35.6892854,140.0200445
2021/04/17 14:27:19 +0900, 35.6892854,140.0200445
2021/04/17 14:28:52 +0900, 35.6897456,140.0206375
2021/04/17 14:29:42 +0900, 35.6897456,140.0206375
2021/04/17 14:32:47 +0900, 35.6897456,140.0206375
2021/04/17 14:34:14 +0900, 35.6897456,140.0206375
2021/04/17 14:39:24 +0900, 35.6908526,140.0268629
2021/04/17 14:44:32 +0900, 35.6908526,140.0268629
2021/04/17 14:48:42 +0900, 35.7016316,140.0301733
2021/04/17 14:52:59 +0900, 35.7042167,140.0324813
2021/04/17 14:58:34 +0900, 35.7042184,140.0324854
2021/04/17 15:04:24 +0900, 35.7042329,140.032495
2021/04/17 15:12:00 +0900, 35.7042335,140.0324928
2021/04/17 15:15:51 +0900, 35.7042335,140.0324928
2021/04/17 15:16:21 +0900, 35.7042335,140.0324928
2021/04/17 15:16:51 +0900, 35.7042335,140.0324928
2021/04/17 15:17:21 +0900, 35.7042335,140.0324928
2021/04/17 15:17:51 +0900, 35.7042335,140.0324928
2021/04/17 15:18:21 +0900, 35.7042343,140.0324788
2021/04/17 15:18:51 +0900, 35.7042343,140.0324788
2021/04/17 15:19:21 +0900, 35.7042343,140.0324788
2021/04/17 15:19:51 +0900, 35.7042343,140.0324788
2021/04/17 15:20:21 +0900, 35.7042343,140.0324788
2021/04/17 15:20:51 +0900, 35.7042343,140.0324788
2021/04/17 15:21:21 +0900, 35.7042343,140.0324788
2021/04/17 15:21:51 +0900, 35.7042343,140.0324788
2021/04/17 15:22:21 +0900, 35.7042343,140.0324788
2021/04/17 15:22:51 +0900, 35.7042343,140.0324788
2021/04/17 15:23:21 +0900, 35.7042343,140.0324788
2021/04/17 15:23:51 +0900, 35.7042343,140.0324788
2021/04/17 15:24:21 +0900, 35.7042314,140.032476
2021/04/17 15:24:51 +0900, 35.7042314,140.032476
2021/04/17 15:25:21 +0900, 35.7042314,140.032476
2021/04/17 15:25:51 +0900, 35.7042314,140.032476
2021/04/17 15:26:21 +0900, 35.7042314,140.032476
2021/04/17 15:26:51 +0900, 35.7042307,140.0324853
2021/04/17 15:27:21 +0900, 35.7042307,140.0324853
2021/04/17 15:27:51 +0900, 35.7042307,140.0324853
2021/04/17 15:28:21 +0900, 35.7042307,140.0324853
2021/04/17 15:28:51 +0900, 35.7042328,140.0324941
2021/04/17 15:29:21 +0900, 35.7042328,140.0324941
2021/04/17 15:29:51 +0900, 35.7042328,140.0324941
2021/04/17 15:30:21 +0900, 35.7042328,140.0324941
2021/04/17 15:30:51 +0900, 35.7042328,140.0324941
2021/04/17 15:31:21 +0900, 35.7042328,140.0324941
2021/04/17 15:31:51 +0900, 35.7042328,140.0324941
2021/04/17 15:32:21 +0900, 35.7042328,140.0324941
2021/04/17 15:32:51 +0900, 35.7042331,140.0324932
2021/04/17 15:33:21 +0900, 35.7042342,140.0324797
2021/04/17 15:33:51 +0900, 35.7042387,140.032482
2021/04/17 15:34:21 +0900, 35.7042387,140.032482
2021/04/17 15:34:51 +0900, 35.7042328,140.0324726
2021/04/17 15:35:21 +0900, 35.7042328,140.0324726
2021/04/17 15:35:51 +0900, 35.7042328,140.0324726
2021/04/17 15:36:21 +0900, 35.704234,140.03247
2021/04/17 15:36:51 +0900, 35.704234,140.03247
2021/04/17 15:37:21 +0900, 35.704234,140.03247
2021/04/17 15:37:51 +0900, 35.704234,140.03247
2021/04/17 15:38:21 +0900, 35.704234,140.03247
2021/04/17 15:38:51 +0900, 35.704234,140.03247
2021/04/17 15:39:21 +0900, 35.704234,140.03247
2021/04/17 15:39:51 +0900, 35.704234,140.03247
2021/04/17 15:40:21 +0900, 35.704234,140.03247
2021/04/17 15:40:51 +0900, 35.704234,140.03247
2021/04/17 15:41:21 +0900, 35.704234,140.03247
2021/04/17 15:41:51 +0900, 35.704234,140.03247
2021/04/17 15:42:21 +0900, 35.704234,140.03247
2021/04/17 15:42:51 +0900, 35.704234,140.03247
2021/04/17 15:43:21 +0900, 35.704234,140.03247
2021/04/17 15:43:51 +0900, 35.704234,140.03247
2021/04/17 15:44:21 +0900, 35.704234,140.03247
2021/04/17 15:44:51 +0900, 35.704234,140.03247
2021/04/17 15:45:21 +0900, 35.704234,140.03247
2021/04/17 15:45:51 +0900, 35.704234,140.03247
2021/04/17 15:46:21 +0900, 35.704234,140.03247
2021/04/17 15:46:51 +0900, 35.704234,140.03247
2021/04/17 15:47:21 +0900, 35.704234,140.03247
2021/04/17 15:47:51 +0900, 35.704234,140.03247
2021/04/17 15:48:21 +0900, 35.704234,140.03247
2021/04/17 15:48:51 +0900, 35.704234,140.03247
2021/04/17 15:49:21 +0900, 35.704234,140.03247
2021/04/17 15:49:51 +0900, 35.704234,140.03247
2021/04/17 15:50:21 +0900, 35.704234,140.03247
2021/04/17 15:50:51 +0900, 35.704234,140.03247
2021/04/17 15:51:21 +0900, 35.704234,140.03247
2021/04/17 15:51:51 +0900, 35.704234,140.03247
2021/04/17 15:52:21 +0900, 35.704234,140.03247
2021/04/17 15:52:51 +0900, 35.704234,140.03247
2021/04/17 15:53:21 +0900, 35.704234,140.03247
2021/04/17 15:53:51 +0900, 35.704234,140.03247
2021/04/17 15:54:21 +0900, 35.704234,140.03247
2021/04/17 15:54:51 +0900, 35.704234,140.03247
2021/04/17 15:55:21 +0900, 35.704234,140.03247
2021/04/17 15:55:51 +0900, 35.704234,140.03247
2021/04/17 16:06:21 +0900, 35.704235,140.0324847
2021/04/17 16:06:51 +0900, 35.704235,140.0324847
2021/04/17 16:07:21 +0900, 35.704235,140.0324847
2021/04/17 16:07:51 +0900, 35.704235,140.0324847
2021/04/17 16:08:21 +0900, 35.704235,140.0324847
2021/04/17 16:08:51 +0900, 35.704235,140.0324847
2021/04/17 16:09:21 +0900, 35.704235,140.0324847
2021/04/17 16:09:51 +0900, 35.704235,140.0324847
2021/04/17 16:10:21 +0900, 35.704235,140.0324847
2021/04/17 16:10:51 +0900, 35.704235,140.0324847
2021/04/17 16:11:21 +0900, 35.704235,140.0324847
2021/04/17 16:11:51 +0900, 35.704235,140.0324847
2021/04/17 16:12:21 +0900, 35.704235,140.0324847
2021/04/17 16:12:51 +0900, 35.704235,140.0324847
2021/04/17 16:13:21 +0900, 35.704235,140.0324847
2021/04/17 16:13:51 +0900, 35.704235,140.0324847
2021/04/17 16:14:21 +0900, 35.704235,140.0324847
2021/04/17 16:14:51 +0900, 35.704235,140.0324847
2021/04/17 16:15:21 +0900, 35.704235,140.0324847
2021/04/17 16:15:51 +0900, 35.704235,140.0324847
2021/04/17 16:16:21 +0900, 35.704235,140.0324847
2021/04/17 16:16:51 +0900, 35.704235,140.0324847
2021/04/17 16:17:21 +0900, 35.704235,140.0324847
2021/04/17 16:17:51 +0900, 35.704235,140.0324847
2021/04/17 16:18:21 +0900, 35.704235,140.0324847
2021/04/17 16:18:51 +0900, 35.704235,140.0324847
2021/04/17 16:19:21 +0900, 35.704235,140.0324847
2021/04/17 16:19:51 +0900, 35.704235,140.0324847
2021/04/17 16:20:21 +0900, 35.704235,140.0324847
2021/04/17 16:20:51 +0900, 35.704235,140.0324847
2021/04/17 16:21:21 +0900, 35.704235,140.0324847
2021/04/17 16:21:51 +0900, 35.704235,140.0324847
2021/04/17 16:22:21 +0900, 35.704235,140.0324847
2021/04/17 16:22:51 +0900, 35.704235,140.0324847
2021/04/17 16:23:21 +0900, 35.704235,140.0324847
2021/04/17 16:23:51 +0900, 35.704235,140.0324847
2021/04/17 16:24:21 +0900, 35.704235,140.0324847
2021/04/17 16:24:51 +0900, 35.704235,140.0324847
2021/04/17 16:25:21 +0900, 35.704235,140.0324847
2021/04/17 16:25:51 +0900, 35.704235,140.0324847
2021/04/17 16:30:51 +0900, 35.7042321,140.0324933
2021/04/17 16:31:21 +0900, 35.7042371,140.0324922
2021/04/17 16:31:51 +0900, 35.7042371,140.0324922
2021/04/17 16:32:21 +0900, 35.7042371,140.0324922
2021/04/17 16:32:51 +0900, 35.7042371,140.0324922
2021/04/17 16:33:21 +0900, 35.7042371,140.0324922
2021/04/17 16:33:51 +0900, 35.7042371,140.0324922
2021/04/17 16:34:25 +0900, 35.7042371,140.0324922
2021/04/17 16:34:57 +0900, 35.7042371,140.0324922
2021/04/17 16:35:27 +0900, 35.7042371,140.0324922
2021/04/17 16:35:57 +0900, 35.7042371,140.0324922
2021/04/17 16:36:27 +0900, 35.7042371,140.0324922
2021/04/17 16:36:57 +0900, 35.7042371,140.0324922
2021/04/17 16:37:27 +0900, 35.7042371,140.0324922
2021/04/17 16:37:57 +0900, 35.7042371,140.0324922
2021/04/17 16:38:27 +0900, 35.7042371,140.0324922
2021/04/17 16:38:57 +0900, 35.7042371,140.0324922
2021/04/17 16:39:27 +0900, 35.7042371,140.0324922
2021/04/17 16:39:57 +0900, 35.7042371,140.0324922
2021/04/17 16:40:27 +0900, 35.7042371,140.0324922
2021/04/17 16:40:57 +0900, 35.7042371,140.0324922
2021/04/17 16:41:27 +0900, 35.704233,140.032471
2021/04/17 16:41:57 +0900, 35.704233,140.032471
2021/04/17 16:42:27 +0900, 35.704233,140.032471
2021/04/17 16:42:57 +0900, 35.704233,140.032471
2021/04/17 16:43:27 +0900, 35.704233,140.032471
2021/04/17 16:43:57 +0900, 35.704233,140.032471
2021/04/17 16:44:27 +0900, 35.704233,140.032471
2021/04/17 16:44:57 +0900, 35.704233,140.032471
2021/04/17 16:45:27 +0900, 35.704233,140.032471
2021/04/17 16:45:57 +0900, 35.704233,140.032471
2021/04/17 16:46:27 +0900, 35.704233,140.032471
2021/04/17 16:46:57 +0900, 35.704233,140.032471
2021/04/17 16:47:27 +0900, 35.704233,140.032471
2021/04/17 16:47:57 +0900, 35.7042387,140.0324746
2021/04/17 16:48:27 +0900, 35.7042387,140.0324746
2021/04/17 16:48:57 +0900, 35.7042387,140.0324746
2021/04/17 16:49:27 +0900, 35.7042387,140.0324746
2021/04/17 16:49:57 +0900, 35.7042387,140.0324746
2021/04/17 16:50:27 +0900, 35.7042387,140.0324746
2021/04/17 16:50:57 +0900, 35.7042387,140.0324746
2021/04/17 16:51:27 +0900, 35.7042387,140.0324746
2021/04/17 16:51:57 +0900, 35.7042387,140.0324746
2021/04/17 16:52:27 +0900, 35.7042387,140.0324746
2021/04/17 16:52:57 +0900, 35.7042387,140.0324746
2021/04/17 16:53:27 +0900, 35.7042387,140.0324746
2021/04/17 16:53:57 +0900, 35.7042387,140.0324746
2021/04/17 16:54:27 +0900, 35.7042387,140.0324746
2021/04/17 16:54:57 +0900, 35.7042372,140.0325069
2021/04/17 16:55:27 +0900, 35.7042372,140.0325069
2021/04/17 16:55:57 +0900, 35.7042372,140.0325069
2021/04/17 16:56:27 +0900, 35.7042372,140.0325069
2021/04/17 16:56:57 +0900, 35.7042372,140.0325069
2021/04/17 16:57:27 +0900, 35.7042372,140.0325069
2021/04/17 16:57:57 +0900, 35.7042361,140.0325005
2021/04/17 16:58:27 +0900, 35.7042361,140.0325005
2021/04/17 16:58:57 +0900, 35.7042361,140.0325005
2021/04/17 16:59:27 +0900, 35.7042361,140.0325005
2021/04/17 16:59:57 +0900, 35.7042332,140.0324726
2021/04/17 17:00:27 +0900, 35.7042332,140.0324726
2021/04/17 17:00:57 +0900, 35.7042332,140.0324726
2021/04/17 17:01:27 +0900, 35.7042332,140.0324726
2021/04/17 17:01:57 +0900, 35.7042339,140.0324857
2021/04/17 17:02:27 +0900, 35.7042339,140.0324857
2021/04/17 17:02:57 +0900, 35.7042339,140.0324857
2021/04/17 17:03:27 +0900, 35.7042339,140.0324857
2021/04/17 17:03:57 +0900, 35.7042339,140.0324857
2021/04/17 17:04:27 +0900, 35.7042339,140.0324857
2021/04/17 17:04:57 +0900, 35.7042339,140.0324857
2021/04/17 17:05:27 +0900, 35.7042339,140.0324857
2021/04/17 17:05:57 +0900, 35.7042339,140.0324857
2021/04/17 17:06:27 +0900, 35.7042339,140.0324857
2021/04/17 17:06:57 +0900, 35.7042381,140.0324847
2021/04/17 17:07:27 +0900, 35.7042381,140.0324847
2021/04/17 17:07:57 +0900, 35.7042381,140.0324847
2021/04/17 17:08:27 +0900, 35.7042381,140.0324847
2021/04/17 17:08:57 +0900, 35.7042381,140.0324847
2021/04/17 17:09:27 +0900, 35.7042381,140.0324847
2021/04/17 17:09:57 +0900, 35.7042381,140.0324847
2021/04/17 17:10:27 +0900, 35.7042381,140.0324847
2021/04/17 17:10:57 +0900, 35.7042381,140.0324847
2021/04/17 17:11:27 +0900, 35.7042363,140.0324779
2021/04/17 17:11:57 +0900, 35.7042405,140.0325041
2021/04/17 17:12:27 +0900, 35.7042405,140.0325041
2021/04/17 17:12:57 +0900, 35.7042405,140.0325041
2021/04/17 17:13:27 +0900, 35.7042405,140.0325041
2021/04/17 17:13:57 +0900, 35.7042405,140.0325041
2021/04/17 17:14:27 +0900, 35.7042405,140.0325041
2021/04/17 17:14:57 +0900, 35.7042405,140.0325041
2021/04/17 17:15:27 +0900, 35.7042405,140.0325041
2021/04/17 17:15:57 +0900, 35.7042405,140.0325041
2021/04/17 17:16:27 +0900, 35.7042405,140.0325041
2021/04/17 17:16:57 +0900, 35.7042405,140.0325041
2021/04/17 17:17:27 +0900, 35.7042391,140.0324978
2021/04/17 17:17:57 +0900, 35.7042391,140.0324978
2021/04/17 17:18:27 +0900, 35.7042391,140.0324978
2021/04/17 17:18:57 +0900, 35.7042391,140.0324978
2021/04/17 17:19:27 +0900, 35.7042391,140.0324978
2021/04/17 17:19:57 +0900, 35.7042391,140.0324978
2021/04/17 17:20:27 +0900, 35.7042391,140.0324978
2021/04/17 17:20:57 +0900, 35.7042391,140.0324978
2021/04/17 17:21:27 +0900, 35.7042391,140.0324978
2021/04/17 17:21:57 +0900, 35.7042391,140.0324978
2021/04/17 17:22:27 +0900, 35.7042391,140.0324978
2021/04/17 17:22:57 +0900, 35.7042391,140.0324978
2021/04/17 17:23:27 +0900, 35.7042391,140.0324978
2021/04/17 17:23:57 +0900, 35.7042318,140.032474
2021/04/17 17:24:27 +0900, 35.7042318,140.032474
2021/04/17 17:24:57 +0900, 35.7042318,140.032474
2021/04/17 17:25:27 +0900, 35.7042318,140.032474
2021/04/17 17:25:57 +0900, 35.7042318,140.032474
2021/04/17 17:26:27 +0900, 35.7042318,140.032474
2021/04/17 17:26:57 +0900, 35.7042318,140.032474
2021/04/17 17:27:27 +0900, 35.7042318,140.032474
2021/04/17 17:27:57 +0900, 35.7042318,140.032474
2021/04/17 17:28:27 +0900, 35.7042318,140.032474
2021/04/17 17:28:57 +0900, 35.7042318,140.032474
2021/04/17 17:29:27 +0900, 35.7042318,140.032474
2021/04/17 17:29:57 +0900, 35.7042318,140.032474
2021/04/17 17:30:27 +0900, 35.7042318,140.032474
2021/04/17 17:30:57 +0900, 35.7042318,140.032474
2021/04/17 17:31:27 +0900, 35.7042318,140.032474
2021/04/17 17:31:57 +0900, 35.7042318,140.032474
2021/04/17 17:32:27 +0900, 35.7042318,140.032474
2021/04/17 17:32:57 +0900, 35.7042318,140.032474
2021/04/17 17:33:27 +0900, 35.7042318,140.032474
2021/04/17 17:33:57 +0900, 35.7042318,140.032474
2021/04/17 17:34:27 +0900, 35.7042318,140.032474
2021/04/17 17:34:57 +0900, 35.7042318,140.032474
2021/04/17 17:35:27 +0900, 35.7042318,140.032474
2021/04/17 17:35:57 +0900, 35.7042318,140.032474
2021/04/17 17:36:27 +0900, 35.7042318,140.032474
2021/04/17 17:36:57 +0900, 35.7042318,140.032474
2021/04/17 17:37:27 +0900, 35.7042318,140.032474
2021/04/17 17:37:57 +0900, 35.7042318,140.032474
2021/04/17 17:38:27 +0900, 35.7042318,140.032474
2021/04/17 17:38:57 +0900, 35.7042318,140.032474
2021/04/17 17:39:27 +0900, 35.7042318,140.032474
2021/04/17 17:39:57 +0900, 35.7042318,140.032474
2021/04/17 17:40:27 +0900, 35.7042393,140.0325013
2021/04/17 17:40:57 +0900, 35.7042421,140.0325037
2021/04/17 17:41:27 +0900, 35.7042421,140.0325037
2021/04/17 17:41:57 +0900, 35.7042421,140.0325037
2021/04/17 17:42:27 +0900, 35.7042421,140.0325037
2021/04/17 17:44:39 +0900, 35.7042421,140.0325037
2021/04/17 17:48:01 +0900, 35.7042421,140.0325037
2021/04/17 17:50:21 +0900, 35.7042383,140.0324966
2021/04/17 17:50:51 +0900, 35.7042356,140.03249
2021/04/17 17:53:02 +0900, 35.7042356,140.03249
2021/04/17 17:56:42 +0900, 35.7042455,140.0324805
2021/04/17 18:00:17 +0900, 35.7042455,140.0324805
2021/04/17 18:02:28 +0900, 35.7042363,140.0324966
2021/04/17 18:03:03 +0900, 35.7042363,140.0324966
2021/04/17 18:05:21 +0900, 35.7042363,140.0324966
2021/04/17 18:07:50 +0900, 35.7042363,140.0324966
2021/04/17 18:09:23 +0900, 35.7042363,140.0324966
2021/04/17 18:12:00 +0900, 35.7042363,140.0324966
2021/04/17 18:18:42 +0900, 35.7042363,140.0324966
2021/04/17 18:34:21 +0900, 35.704246,140.0325058
2021/04/17 18:43:13 +0900, 35.704246,140.0325058
2021/04/17 18:49:02 +0900, 35.704246,140.0325058
2021/04/17 18:51:35 +0900, 35.704246,140.0325058
2021/04/17 18:52:30 +0900, 35.7042451,140.0325075
2021/04/17 18:53:39 +0900, 35.7042451,140.0325075
2021/04/17 18:54:09 +0900, 35.7042451,140.0325075
2021/04/17 18:54:39 +0900, 35.7042451,140.0325075
2021/04/17 18:55:09 +0900, 35.7042451,140.0325075
2021/04/17 18:55:39 +0900, 35.7042333,140.0324788
2021/04/17 18:56:09 +0900, 35.7042333,140.0324788
2021/04/17 18:56:39 +0900, 35.7042333,140.0324788
2021/04/17 18:57:09 +0900, 35.7042333,140.0324788
2021/04/17 18:57:39 +0900, 35.7042333,140.0324788
2021/04/17 18:58:09 +0900, 35.7042333,140.0324788
2021/04/17 18:58:39 +0900, 35.7042333,140.0324788
2021/04/17 18:59:09 +0900, 35.7042333,140.0324788
2021/04/17 18:59:39 +0900, 35.7042333,140.0324788
2021/04/17 19:00:09 +0900, 35.7042333,140.0324788
2021/04/17 19:00:39 +0900, 35.7042333,140.0324788
2021/04/17 19:01:09 +0900, 35.7042333,140.0324788
2021/04/17 19:01:39 +0900, 35.7042333,140.0324788
2021/04/17 19:02:09 +0900, 35.7042333,140.0324788
2021/04/17 19:02:39 +0900, 35.7042333,140.0324788
2021/04/17 19:03:09 +0900, 35.7042333,140.0324788
2021/04/17 19:03:39 +0900, 35.7042333,140.0324788
2021/04/17 19:04:09 +0900, 35.7042333,140.0324788
2021/04/17 19:04:39 +0900, 35.7042333,140.0324788
2021/04/17 19:05:09 +0900, 35.704238,140.0325064
2021/04/17 19:05:39 +0900, 35.704238,140.0325064
2021/04/17 19:06:09 +0900, 35.704238,140.0325064
2021/04/17 19:06:39 +0900, 35.704238,140.0325064
2021/04/17 19:07:09 +0900, 35.7042426,140.0325042
2021/04/17 19:07:39 +0900, 35.7042426,140.0325042
2021/04/17 19:08:09 +0900, 35.7042426,140.0325042
2021/04/17 19:08:39 +0900, 35.7042426,140.0325042
2021/04/17 19:09:09 +0900, 35.7042426,140.0325042
2021/04/17 19:09:39 +0900, 35.7042426,140.0325042
2021/04/17 19:10:09 +0900, 35.7042426,140.0325042
2021/04/17 19:10:39 +0900, 35.7042426,140.0325042
2021/04/17 19:11:09 +0900, 35.7042426,140.0325042
2021/04/17 19:11:39 +0900, 35.7042426,140.0325042
2021/04/17 19:12:09 +0900, 35.7042426,140.0325042
2021/04/17 19:12:39 +0900, 35.7042426,140.0325042
2021/04/17 19:13:09 +0900, 35.7042426,140.0325042
2021/04/17 19:13:39 +0900, 35.7042426,140.0325042
2021/04/17 19:14:09 +0900, 35.7042426,140.0325042
2021/04/17 19:14:39 +0900, 35.7042426,140.0325042
2021/04/17 19:15:09 +0900, 35.7042426,140.0325042
2021/04/17 19:15:39 +0900, 35.7042426,140.0325042
2021/04/17 19:16:09 +0900, 35.7042426,140.0325042
2021/04/17 19:16:39 +0900, 35.7042426,140.0325042
2021/04/17 19:17:09 +0900, 35.7042426,140.0325042
2021/04/17 19:17:39 +0900, 35.7042426,140.0325042
2021/04/17 19:18:09 +0900, 35.7042354,140.0324739
2021/04/17 19:18:39 +0900, 35.7042354,140.0324739
2021/04/17 19:19:09 +0900, 35.7042354,140.0324739
2021/04/17 19:19:39 +0900, 35.7042354,140.0324739
2021/04/17 19:20:09 +0900, 35.7042354,140.0324739
2021/04/17 19:20:39 +0900, 35.7042354,140.0324739
2021/04/17 19:21:09 +0900, 35.7042354,140.0324739
2021/04/17 19:21:39 +0900, 35.7042354,140.0324739
2021/04/17 19:22:09 +0900, 35.7042354,140.0324739
2021/04/17 19:22:39 +0900, 35.7042354,140.0324739
2021/04/17 19:23:09 +0900, 35.7042354,140.0324739
2021/04/17 19:23:39 +0900, 35.7042354,140.0324739
2021/04/17 19:24:09 +0900, 35.7042354,140.0324739
2021/04/17 19:24:39 +0900, 35.7042354,140.0324739
2021/04/17 19:25:09 +0900, 35.7042354,140.0324739
2021/04/17 19:25:39 +0900, 35.7042354,140.0324739
2021/04/17 19:26:09 +0900, 35.7042354,140.0324739
2021/04/17 19:26:39 +0900, 35.7042354,140.0324739
2021/04/17 19:27:09 +0900, 35.7042354,140.0324739
2021/04/17 19:27:39 +0900, 35.7042354,140.0324739
2021/04/17 19:28:09 +0900, 35.7042354,140.0324739
2021/04/17 19:28:39 +0900, 35.7042354,140.0324739
2021/04/17 19:29:09 +0900, 35.7042354,140.0324739
2021/04/17 19:29:39 +0900, 35.7042354,140.0324739
2021/04/17 19:30:09 +0900, 35.7042354,140.0324739
2021/04/17 19:30:39 +0900, 35.7042354,140.0324739
2021/04/17 19:31:09 +0900, 35.7042354,140.0324739
2021/04/17 19:31:39 +0900, 35.7042354,140.0324739
2021/04/17 19:32:09 +0900, 35.7042354,140.0324739
2021/04/17 19:32:39 +0900, 35.7042354,140.0324739
2021/04/17 19:33:09 +0900, 35.7042354,140.0324739
2021/04/17 19:33:39 +0900, 35.7042354,140.0324739
2021/04/17 19:34:09 +0900, 35.7042354,140.0324739
2021/04/17 19:34:39 +0900, 35.7042354,140.0324739
2021/04/17 19:35:09 +0900, 35.7042441,140.0325029
2021/04/17 19:35:39 +0900, 35.7042441,140.0325029
2021/04/17 19:36:09 +0900, 35.7042441,140.0325029
2021/04/17 19:36:39 +0900, 35.7042441,140.0325029
2021/04/17 19:37:09 +0900, 35.7042441,140.0325029
2021/04/17 19:37:39 +0900, 35.7042441,140.0325029
2021/04/17 19:38:09 +0900, 35.7042441,140.0325029
2021/04/17 19:38:39 +0900, 35.7042441,140.0325029
2021/04/17 19:39:09 +0900, 35.7042441,140.0325029
2021/04/17 19:39:39 +0900, 35.7042441,140.0325029
2021/04/17 19:40:09 +0900, 35.7042441,140.0325029
2021/04/17 19:40:39 +0900, 35.7042441,140.0325029
2021/04/17 19:41:09 +0900, 35.7042441,140.0325029
2021/04/17 19:41:39 +0900, 35.7042441,140.0325029
2021/04/17 19:42:09 +0900, 35.7042441,140.0325029
2021/04/17 19:42:39 +0900, 35.7042441,140.0325029
2021/04/17 19:43:09 +0900, 35.7042441,140.0325029
2021/04/17 19:43:39 +0900, 35.7042441,140.0325029
2021/04/17 19:44:09 +0900, 35.7042441,140.0325029
2021/04/17 19:44:39 +0900, 35.7042441,140.0325029
2021/04/17 19:45:09 +0900, 35.7042441,140.0325029
2021/04/17 19:45:39 +0900, 35.7042381,140.0324936
2021/04/17 19:46:09 +0900, 35.7042381,140.0324936
2021/04/17 19:46:39 +0900, 35.7042381,140.0324936
2021/04/17 19:47:09 +0900, 35.7042381,140.0324936
2021/04/17 19:47:39 +0900, 35.7042381,140.0324936
2021/04/17 19:48:09 +0900, 35.7042381,140.0324936
2021/04/17 19:48:39 +0900, 35.7042381,140.0324936
2021/04/17 19:49:09 +0900, 35.7042381,140.0324936
2021/04/17 19:49:39 +0900, 35.7042381,140.0324936
2021/04/17 19:50:09 +0900, 35.7042381,140.0324936
2021/04/17 19:50:39 +0900, 35.7042381,140.0324936
2021/04/17 19:51:09 +0900, 35.7042381,140.0324936
2021/04/17 19:51:39 +0900, 35.7042381,140.0324936
2021/04/17 19:52:09 +0900, 35.7042353,140.0324736
2021/04/17 19:52:39 +0900, 35.7042353,140.0324736
2021/04/17 19:53:09 +0900, 35.7042353,140.0324736
2021/04/17 19:53:39 +0900, 35.7042353,140.0324736
2021/04/17 19:54:09 +0900, 35.7042363,140.0325001
2021/04/17 19:54:39 +0900, 35.7042363,140.0325001
2021/04/17 19:55:09 +0900, 35.7042363,140.0325001
2021/04/17 19:55:39 +0900, 35.7042363,140.0325001
2021/04/17 19:56:09 +0900, 35.7042363,140.0325001
2021/04/17 19:56:39 +0900, 35.7042394,140.0324984
2021/04/17 19:57:09 +0900, 35.7042394,140.0324984
2021/04/17 19:57:39 +0900, 35.7042394,140.0324984
2021/04/17 19:58:09 +0900, 35.7042394,140.0324984
2021/04/17 19:58:39 +0900, 35.7042394,140.0324984
2021/04/17 19:59:09 +0900, 35.7042394,140.0324984
2021/04/17 19:59:39 +0900, 35.7042394,140.0324984
2021/04/17 20:00:09 +0900, 35.7042394,140.0324984
2021/04/17 20:00:39 +0900, 35.7042394,140.0324984
2021/04/17 20:01:09 +0900, 35.7042394,140.0324984
2021/04/17 20:01:39 +0900, 35.7042394,140.0324984
2021/04/17 20:02:09 +0900, 35.7042394,140.0324984
2021/04/17 20:02:39 +0900, 35.7042394,140.0324984
2021/04/17 20:03:09 +0900, 35.7042394,140.0324984
2021/04/17 20:03:39 +0900, 35.7042394,140.0324984
2021/04/17 20:04:09 +0900, 35.7042394,140.0324984
2021/04/17 20:04:39 +0900, 35.7042394,140.0324984
2021/04/17 20:05:09 +0900, 35.7042394,140.0324984
2021/04/17 20:05:39 +0900, 35.7042394,140.0324984
2021/04/17 20:06:09 +0900, 35.7042394,140.0324984
2021/04/17 20:06:39 +0900, 35.7042394,140.0324984
2021/04/17 20:07:09 +0900, 35.7042394,140.0324984
2021/04/17 20:07:39 +0900, 35.7042394,140.0324984
2021/04/17 20:08:09 +0900, 35.7042394,140.0324984
2021/04/17 20:08:39 +0900, 35.7042394,140.0324984
2021/04/17 20:09:09 +0900, 35.7042394,140.0324984
2021/04/17 20:09:39 +0900, 35.7042394,140.0324984
2021/04/17 20:10:09 +0900, 35.7042394,140.0324984
2021/04/17 20:10:39 +0900, 35.7042394,140.0324984
2021/04/17 20:11:09 +0900, 35.7042394,140.0324984
2021/04/17 20:11:39 +0900, 35.7042394,140.0324984
2021/04/17 20:12:09 +0900, 35.7042394,140.0324984
2021/04/17 20:12:39 +0900, 35.7042394,140.0324984
2021/04/17 20:13:09 +0900, 35.7042394,140.0324984
2021/04/17 20:13:39 +0900, 35.7042394,140.0324984
2021/04/17 20:14:09 +0900, 35.7042394,140.0324984
2021/04/17 20:14:39 +0900, 35.7042394,140.0324984
2021/04/17 20:15:09 +0900, 35.7042394,140.0324984
2021/04/17 20:15:39 +0900, 35.7042394,140.0324984
2021/04/17 20:16:09 +0900, 35.7042394,140.0324984
2021/04/17 20:16:39 +0900, 35.7042394,140.0324984
2021/04/17 20:17:09 +0900, 35.7042394,140.0324984
2021/04/17 20:17:39 +0900, 35.7042394,140.0324984
2021/04/17 20:18:09 +0900, 35.7042394,140.0324984
2021/04/17 20:18:39 +0900, 35.7042394,140.0324984
2021/04/17 20:19:09 +0900, 35.7042394,140.0324984
2021/04/17 20:19:39 +0900, 35.7042394,140.0324984
2021/04/17 20:20:09 +0900, 35.7042394,140.0324984
2021/04/17 20:20:39 +0900, 35.7042394,140.0324984
2021/04/17 20:21:09 +0900, 35.7042394,140.0324984
2021/04/17 20:21:39 +0900, 35.7042394,140.0324984
2021/04/17 20:22:09 +0900, 35.7042394,140.0324984
2021/04/17 20:22:39 +0900, 35.7042394,140.0324984
2021/04/17 20:23:09 +0900, 35.7042394,140.0324984
2021/04/17 20:23:39 +0900, 35.7042394,140.0324984
2021/04/17 20:24:09 +0900, 35.7042394,140.0324984
2021/04/17 20:24:39 +0900, 35.7042394,140.0324984
2021/04/17 20:25:09 +0900, 35.7042394,140.0324984
2021/04/17 20:25:39 +0900, 35.7042394,140.0324984
2021/04/17 20:26:09 +0900, 35.7042394,140.0324984
2021/04/17 20:26:39 +0900, 35.7049418,140.032081
2021/04/17 20:27:09 +0900, 35.7049418,140.032081
2021/04/17 20:27:39 +0900, 35.7049418,140.032081
2021/04/17 20:28:09 +0900, 35.7049418,140.032081
2021/04/17 20:28:39 +0900, 35.7049418,140.032081
2021/04/17 20:29:09 +0900, 35.7049418,140.032081
2021/04/17 20:29:39 +0900, 35.7049418,140.032081
2021/04/17 20:30:09 +0900, 35.7049418,140.032081
2021/04/17 20:30:39 +0900, 35.7049418,140.032081
2021/04/17 20:31:09 +0900, 35.7049418,140.032081
2021/04/17 20:31:39 +0900, 35.7049418,140.032081
2021/04/17 20:32:09 +0900, 35.7049418,140.032081
2021/04/17 20:32:40 +0900, 35.7049418,140.032081
2021/04/17 20:33:10 +0900, 35.7049418,140.032081
2021/04/17 20:33:42 +0900, 35.7049418,140.032081
2021/04/17 20:34:13 +0900, 35.7049418,140.032081
2021/04/17 20:34:43 +0900, 35.7049418,140.032081
2021/04/17 20:35:13 +0900, 35.7049418,140.032081
2021/04/17 20:35:43 +0900, 35.7049418,140.032081
2021/04/17 20:36:13 +0900, 35.7049418,140.032081
2021/04/17 20:36:43 +0900, 35.7049418,140.032081
2021/04/17 20:37:13 +0900, 35.7049418,140.032081
2021/04/17 20:37:43 +0900, 35.7049418,140.032081
2021/04/17 20:38:13 +0900, 35.7049418,140.032081
2021/04/17 20:38:43 +0900, 35.7049418,140.032081
2021/04/17 20:39:13 +0900, 35.7049418,140.032081
2021/04/17 20:39:43 +0900, 35.7049418,140.032081
2021/04/17 20:40:13 +0900, 35.7049418,140.032081
2021/04/17 20:40:43 +0900, 35.7049418,140.032081
2021/04/17 20:41:13 +0900, 35.7049418,140.032081
2021/04/17 20:41:43 +0900, 35.7049418,140.032081
2021/04/17 20:42:13 +0900, 35.7049418,140.032081
2021/04/17 20:42:43 +0900, 35.7049418,140.032081
2021/04/17 20:43:13 +0900, 35.7049418,140.032081
2021/04/17 20:43:43 +0900, 35.7049418,140.032081
2021/04/17 20:44:13 +0900, 35.7049418,140.032081
2021/04/17 20:44:43 +0900, 35.7049418,140.032081
2021/04/17 20:45:13 +0900, 35.7049418,140.032081
2021/04/17 20:45:43 +0900, 35.7049418,140.032081
2021/04/17 20:46:13 +0900, 35.7049418,140.032081
2021/04/17 20:46:43 +0900, 35.7049418,140.032081
2021/04/17 20:47:13 +0900, 35.7049418,140.032081
2021/04/17 20:56:13 +0900, 35.7049418,140.032081
2021/04/17 20:56:43 +0900, 35.7049418,140.032081
2021/04/17 20:57:13 +0900, 35.7049418,140.032081
2021/04/17 20:57:43 +0900, 35.7049418,140.032081
2021/04/17 20:58:13 +0900, 35.7049418,140.032081
2021/04/17 20:58:43 +0900, 35.7049418,140.032081
2021/04/17 20:59:13 +0900, 35.7049418,140.032081
2021/04/17 20:59:43 +0900, 35.7049418,140.032081
2021/04/17 21:00:13 +0900, 35.7049418,140.032081
2021/04/17 21:00:43 +0900, 35.7049418,140.032081
2021/04/17 21:01:13 +0900, 35.7049418,140.032081
2021/04/17 21:01:43 +0900, 35.7049418,140.032081
2021/04/17 21:02:13 +0900, 35.7037914,140.032081
2021/04/17 21:02:43 +0900, 35.7037914,140.032081
2021/04/17 21:04:20 +0900, 35.7037914,140.032081
2021/04/17 21:07:52 +0900, 35.7037914,140.032081
2021/04/17 21:08:24 +0900, 35.7037914,140.032081
2021/04/17 21:11:15 +0900, 35.7037914,140.032081
2021/04/17 21:15:34 +0900, 35.7037914,140.032081
2021/04/17 21:20:27 +0900, 35.7037914,140.032081
2021/04/17 21:26:10 +0900, 35.7049418,140.032081
2021/04/17 21:27:20 +0900, 35.7037914,140.032081
2021/04/17 21:28:46 +0900, 35.7037914,140.032081
2021/04/17 21:29:54 +0900, 35.7037914,140.032081
2021/04/17 21:30:24 +0900, 35.7037914,140.032081
2021/04/17 21:30:54 +0900, 35.7037914,140.032081
2021/04/17 21:31:24 +0900, 35.7037914,140.032081
2021/04/17 21:31:54 +0900, 35.7037914,140.032081
2021/04/17 21:32:24 +0900, 35.7037914,140.032081
2021/04/17 21:32:54 +0900, 35.7037914,140.032081
2021/04/17 21:33:24 +0900, 35.7037914,140.032081
2021/04/17 21:33:54 +0900, 35.7037914,140.032081
2021/04/17 21:34:24 +0900, 35.7037914,140.032081
2021/04/17 21:34:54 +0900, 35.7037914,140.032081
2021/04/17 21:35:24 +0900, 35.7037914,140.032081
2021/04/17 21:35:54 +0900, 35.7037914,140.032081
2021/04/17 21:36:24 +0900, 35.7037914,140.032081
2021/04/17 21:36:54 +0900, 35.7037914,140.032081
2021/04/17 21:37:24 +0900, 35.7037914,140.032081
2021/04/17 21:37:54 +0900, 35.7037914,140.032081
2021/04/17 21:38:24 +0900, 35.7037914,140.032081
2021/04/17 21:38:54 +0900, 35.7037914,140.032081
2021/04/17 21:39:24 +0900, 35.7037914,140.032081
2021/04/17 21:39:54 +0900, 35.7037914,140.032081
2021/04/17 21:40:24 +0900, 35.7037914,140.032081
2021/04/17 21:40:54 +0900, 35.7037914,140.032081
2021/04/17 21:41:25 +0900, 35.7037914,140.032081
2021/04/17 21:41:55 +0900, 35.7037914,140.032081
2021/04/17 21:42:28 +0900, 35.7037914,140.032081
2021/04/17 21:43:09 +0900, 35.7037914,140.032081
2021/04/17 21:43:50 +0900, 35.7037914,140.032081
2021/04/17 21:44:25 +0900, 35.7037914,140.032081
2021/04/17 21:45:07 +0900, 35.7037914,140.032081
2021/04/17 21:45:48 +0900, 35.7037914,140.032081
2021/04/17 21:46:25 +0900, 35.7037914,140.032081
2021/04/17 21:47:07 +0900, 35.7037914,140.032081
2021/04/17 21:57:40 +0900, 35.704106,140.032172
2021/04/17 21:58:10 +0900, 35.704106,140.032172
2021/04/17 21:58:40 +0900, 35.704106,140.032172
2021/04/17 21:59:10 +0900, 35.704106,140.032172
2021/04/17 21:59:40 +0900, 35.704106,140.032172
2021/04/17 22:00:10 +0900, 35.704106,140.032172
2021/04/17 22:00:40 +0900, 35.7049418,140.032081
2021/04/17 22:01:10 +0900, 35.7049418,140.032081
2021/04/17 22:01:40 +0900, 35.7049418,140.032081
2021/04/17 22:02:10 +0900, 35.7049418,140.032081
2021/04/17 22:02:40 +0900, 35.7049418,140.032081
2021/04/17 22:03:10 +0900, 35.7049418,140.032081
2021/04/17 22:03:40 +0900, 35.7049418,140.032081
2021/04/17 22:04:10 +0900, 35.7049418,140.032081
2021/04/17 22:04:40 +0900, 35.7049418,140.032081
2021/04/17 22:05:10 +0900, 35.7049418,140.032081
2021/04/17 22:05:40 +0900, 35.7049418,140.032081
2021/04/17 22:06:10 +0900, 35.7049418,140.032081
2021/04/17 22:06:40 +0900, 35.7049418,140.032081
2021/04/17 22:07:10 +0900, 35.7049418,140.032081
2021/04/17 22:07:40 +0900, 35.7049418,140.032081
2021/04/17 22:08:10 +0900, 35.7049418,140.032081
2021/04/17 22:08:40 +0900, 35.7049418,140.032081
2021/04/17 22:09:10 +0900, 35.7049418,140.032081
2021/04/17 22:09:40 +0900, 35.7049418,140.032081
2021/04/17 22:10:10 +0900, 35.7049418,140.032081
2021/04/17 22:10:40 +0900, 35.7049418,140.032081
2021/04/17 22:11:10 +0900, 35.7049418,140.032081
2021/04/17 22:11:40 +0900, 35.7049418,140.032081
2021/04/17 22:12:10 +0900, 35.7049418,140.032081
2021/04/17 22:12:40 +0900, 35.7049418,140.032081
2021/04/17 22:13:10 +0900, 35.7049418,140.032081
2021/04/17 22:13:40 +0900, 35.7037914,140.032081
2021/04/17 22:14:10 +0900, 35.7037914,140.032081
2021/04/17 22:14:40 +0900, 35.7037914,140.032081
2021/04/17 22:15:10 +0900, 35.7037914,140.032081
2021/04/17 22:15:40 +0900, 35.7037914,140.032081
2021/04/17 22:16:10 +0900, 35.7037914,140.032081
2021/04/17 22:16:40 +0900, 35.7037914,140.032081
2021/04/17 22:17:10 +0900, 35.7037914,140.032081
2021/04/17 22:17:43 +0900, 35.7037914,140.032081
2021/04/17 22:18:17 +0900, 35.7037914,140.032081
2021/04/17 22:18:58 +0900, 35.7037914,140.032081
2021/04/17 22:19:40 +0900, 35.7037914,140.032081
2021/04/17 22:20:19 +0900, 35.7037914,140.032081
2021/04/17 22:20:49 +0900, 35.7037914,140.032081
2021/04/17 22:21:24 +0900, 35.7037914,140.032081
2021/04/17 22:22:01 +0900, 35.7037914,140.032081
2021/04/17 22:22:37 +0900, 35.7037914,140.032081
2021/04/17 22:23:14 +0900, 35.7037914,140.032081
2021/04/17 22:23:49 +0900, 35.7037914,140.032081
2021/04/17 22:24:34 +0900, 35.7037914,140.032081
2021/04/17 22:25:06 +0900, 35.7037914,140.032081
2021/04/17 22:25:56 +0900, 35.7037914,140.032081
2021/04/17 22:26:34 +0900, 35.7037914,140.032081
2021/04/17 22:27:23 +0900, 35.7037914,140.032081
2021/04/17 22:27:56 +0900, 35.7039552,140.0318333
2021/04/17 22:28:37 +0900, 35.7039552,140.0318333
2021/04/17 22:29:20 +0900, 35.7039552,140.0318333
2021/04/17 22:30:39 +0900, 35.7039552,140.0318333
2021/04/17 22:31:19 +0900, 35.7039552,140.0318333
2021/04/17 22:31:56 +0900, 35.7039552,140.0318333
2021/04/17 22:32:40 +0900, 35.7039552,140.0318333
2021/04/17 22:33:20 +0900, 35.7039552,140.0318333
2021/04/17 22:34:09 +0900, 35.7039552,140.0318333
2021/04/17 22:34:46 +0900, 35.7039552,140.0318333
2021/04/17 22:35:24 +0900, 35.7039552,140.0318333
2021/04/17 22:36:06 +0900, 35.7039552,140.0318333
2021/04/17 22:36:47 +0900, 35.7039552,140.0318333
2021/04/17 22:37:23 +0900, 35.7039552,140.0318333
2021/04/17 22:38:02 +0900, 35.7039552,140.0318333
2021/04/17 22:38:39 +0900, 35.7039552,140.0318333
2021/04/17 22:39:13 +0900, 35.7039552,140.0318333
2021/04/17 22:39:59 +0900, 35.7039552,140.0318333
2021/04/17 22:40:36 +0900, 35.7039552,140.0318333
2021/04/17 22:41:18 +0900, 35.7039552,140.0318333
2021/04/17 22:42:01 +0900, 35.7039552,140.0318333
2021/04/17 22:42:39 +0900, 35.7039552,140.0318333
2021/04/17 22:43:24 +0900, 35.7039552,140.0318333
2021/04/17 22:44:09 +0900, 35.7039552,140.0318333
2021/04/17 22:44:57 +0900, 35.7039552,140.0318333
2021/04/17 22:45:33 +0900, 35.7039552,140.0318333
2021/04/17 22:46:20 +0900, 35.7039552,140.0318333
2021/04/17 22:47:00 +0900, 35.7039552,140.0318333
2021/04/17 22:47:43 +0900, 35.7039552,140.0318333
2021/04/17 22:58:02 +0900, 35.7036639,140.0317601
2021/04/17 22:58:49 +0900, 35.7045866,140.0330799
2021/04/17 22:59:37 +0900, 35.7045866,140.0330799
2021/04/17 23:00:18 +0900, 35.7045866,140.0330799
2021/04/17 23:00:58 +0900, 35.7045866,140.0330799
2021/04/17 23:01:37 +0900, 35.7045866,140.0330799
2021/04/17 23:02:07 +0900, 35.7037914,140.032081
2021/04/17 23:02:37 +0900, 35.7037914,140.032081
2021/04/17 23:03:07 +0900, 35.7037914,140.032081
2021/04/17 23:03:37 +0900, 35.7037914,140.032081
2021/04/17 23:04:07 +0900, 35.7037914,140.032081
2021/04/17 23:04:41 +0900, 35.7037914,140.032081
2021/04/17 23:05:14 +0900, 35.7037914,140.032081
2021/04/17 23:05:46 +0900, 35.7037914,140.032081
2021/04/17 23:06:19 +0900, 35.7037914,140.032081
2021/04/17 23:06:50 +0900, 35.7037914,140.032081
2021/04/17 23:07:24 +0900, 35.7037914,140.032081
2021/04/17 23:07:57 +0900, 35.7037914,140.032081
2021/04/17 23:08:31 +0900, 35.7037914,140.032081
2021/04/17 23:09:03 +0900, 35.7037914,140.032081
2021/04/17 23:09:36 +0900, 35.7037914,140.032081
2021/04/17 23:10:09 +0900, 35.7037914,140.032081
2021/04/17 23:10:42 +0900, 35.7037914,140.032081
2021/04/17 23:11:13 +0900, 35.7037914,140.032081
2021/04/17 23:11:49 +0900, 35.7037914,140.032081
2021/04/17 23:12:22 +0900, 35.7037914,140.032081
2021/04/17 23:12:56 +0900, 35.7037914,140.032081
2021/04/17 23:13:32 +0900, 35.7037914,140.032081
2021/04/17 23:14:04 +0900, 35.7037914,140.032081
2021/04/17 23:14:37 +0900, 35.7037914,140.032081
2021/04/17 23:15:10 +0900, 35.7037914,140.032081
2021/04/17 23:15:44 +0900, 35.7037914,140.032081
2021/04/17 23:16:18 +0900, 35.7037914,140.032081
2021/04/17 23:16:50 +0900, 35.7037914,140.032081
2021/04/17 23:17:24 +0900, 35.7037914,140.032081
2021/04/17 23:17:55 +0900, 35.7037914,140.032081
2021/04/17 23:18:28 +0900, 35.7037914,140.032081
2021/04/17 23:19:02 +0900, 35.7037914,140.032081
2021/04/17 23:19:36 +0900, 35.7037914,140.032081
2021/04/17 23:20:09 +0900, 35.7037914,140.032081
2021/04/17 23:20:40 +0900, 35.7037914,140.032081
2021/04/17 23:21:14 +0900, 35.7037914,140.032081
2021/04/17 23:21:50 +0900, 35.7037914,140.032081
