2021/04/30 00:03:11 +0900, 35.7042021,140.0324296
2021/04/30 00:06:34 +0900, 35.7042021,140.0324296
2021/04/30 00:11:18 +0900, 35.7042021,140.0324296
2021/04/30 00:15:18 +0900, 35.7042021,140.0324296
2021/04/30 00:18:49 +0900, 35.7042021,140.0324296
2021/04/30 00:22:29 +0900, 35.7042021,140.0324296
2021/04/30 00:24:48 +0900, 35.7042021,140.0324296
2021/04/30 00:28:23 +0900, 35.7042021,140.0324296
2021/04/30 00:31:09 +0900, 35.7042021,140.0324296
2021/04/30 00:34:31 +0900, 35.7042021,140.0324296
2021/04/30 00:38:02 +0900, 35.7042021,140.0324296
2021/04/30 00:40:22 +0900, 35.7042021,140.0324296
2021/04/30 00:40:52 +0900, 35.7042957,140.0325161
2021/04/30 00:41:26 +0900, 35.704235,140.0324772
2021/04/30 00:43:25 +0900, 35.704235,140.0324772
2021/04/30 00:45:51 +0900, 35.704235,140.0324772
2021/04/30 00:49:52 +0900, 35.704235,140.0324772
2021/04/30 00:53:26 +0900, 35.704235,140.0324772
2021/04/30 00:55:23 +0900, 35.7042699,140.0325015
2021/04/30 00:58:58 +0900, 35.7042699,140.0325015
2021/04/30 00:59:57 +0900, 35.7042699,140.0325015
2021/04/30 01:02:38 +0900, 35.7042699,140.0325015
2021/04/30 01:05:46 +0900, 35.7042699,140.0325015
2021/04/30 01:09:15 +0900, 35.7042699,140.0325015
2021/04/30 01:11:59 +0900, 35.7042699,140.0325015
2021/04/30 01:14:55 +0900, 35.7042699,140.0325015
2021/04/30 01:17:47 +0900, 35.7042699,140.0325015
2021/04/30 01:20:36 +0900, 35.7042699,140.0325015
2021/04/30 01:23:31 +0900, 35.7042699,140.0325015
2021/04/30 01:26:02 +0900, 35.7042699,140.0325015
2021/04/30 01:28:41 +0900, 35.7042699,140.0325015
2021/04/30 01:31:44 +0900, 35.7042699,140.0325015
2021/04/30 01:33:46 +0900, 35.7042699,140.0325015
2021/04/30 01:36:46 +0900, 35.7042699,140.0325015
2021/04/30 01:39:27 +0900, 35.7042699,140.0325015
2021/04/30 01:42:33 +0900, 35.7042699,140.0325015
2021/04/30 01:45:32 +0900, 35.7042393,140.0324904
2021/04/30 01:49:19 +0900, 35.7042393,140.0324904
2021/04/30 01:51:01 +0900, 35.7042393,140.0324904
2021/04/30 01:54:08 +0900, 35.7042393,140.0324904
2021/04/30 01:58:14 +0900, 35.7042393,140.0324904
2021/04/30 02:00:40 +0900, 35.7042393,140.0324904
2021/04/30 02:05:01 +0900, 35.7042393,140.0324904
2021/04/30 02:08:23 +0900, 35.7042393,140.0324904
2021/04/30 02:11:38 +0900, 35.7042393,140.0324904
2021/04/30 02:15:38 +0900, 35.7042393,140.0324904
2021/04/30 02:20:17 +0900, 35.7042393,140.0324904
2021/04/30 02:24:13 +0900, 35.7042393,140.0324904
2021/04/30 02:28:07 +0900, 35.7042393,140.0324904
2021/04/30 02:28:49 +0900, 35.7042393,140.0324904
2021/04/30 02:32:56 +0900, 35.7042393,140.0324904
2021/04/30 02:35:40 +0900, 35.7042393,140.0324904
2021/04/30 02:39:08 +0900, 35.7042393,140.0324904
2021/04/30 02:43:27 +0900, 35.7042393,140.0324904
2021/04/30 02:47:49 +0900, 35.7042393,140.0324904
2021/04/30 02:50:43 +0900, 35.7042393,140.0324904
2021/04/30 02:53:48 +0900, 35.7042393,140.0324904
2021/04/30 02:57:07 +0900, 35.7042393,140.0324904
2021/04/30 02:59:56 +0900, 35.7042393,140.0324904
2021/04/30 03:02:50 +0900, 35.7042393,140.0324904
2021/04/30 03:06:20 +0900, 35.7042393,140.0324904
2021/04/30 03:09:06 +0900, 35.7042393,140.0324904
2021/04/30 03:11:41 +0900, 35.7042393,140.0324904
2021/04/30 03:14:31 +0900, 35.7042393,140.0324904
2021/04/30 03:18:01 +0900, 35.7042393,140.0324904
2021/04/30 03:22:14 +0900, 35.7042393,140.0324904
2021/04/30 03:25:09 +0900, 35.7042393,140.0324904
2021/04/30 03:29:05 +0900, 35.7042393,140.0324904
2021/04/30 03:33:47 +0900, 35.7042393,140.0324904
2021/04/30 03:36:47 +0900, 35.7042393,140.0324904
2021/04/30 03:40:46 +0900, 35.7042393,140.0324904
2021/04/30 03:44:18 +0900, 35.7042393,140.0324904
2021/04/30 03:47:40 +0900, 35.7042393,140.0324904
2021/04/30 03:50:34 +0900, 35.7042393,140.0324904
2021/04/30 03:53:55 +0900, 35.7042393,140.0324904
2021/04/30 03:56:58 +0900, 35.7042393,140.0324904
2021/04/30 03:59:49 +0900, 35.7042393,140.0324904
2021/04/30 04:03:12 +0900, 35.7042393,140.0324904
2021/04/30 04:06:52 +0900, 35.7042393,140.0324904
2021/04/30 04:11:19 +0900, 35.7042393,140.0324904
2021/04/30 04:15:23 +0900, 35.7042393,140.0324904
2021/04/30 04:19:25 +0900, 35.7042393,140.0324904
2021/04/30 04:24:09 +0900, 35.7042393,140.0324904
2021/04/30 04:28:11 +0900, 35.7042393,140.0324904
2021/04/30 04:28:48 +0900, 35.7042393,140.0324904
2021/04/30 04:31:18 +0900, 35.7042393,140.0324904
2021/04/30 04:32:12 +0900, 35.7042393,140.0324904
2021/04/30 04:34:45 +0900, 35.7042393,140.0324904
2021/04/30 04:37:19 +0900, 35.7042393,140.0324904
2021/04/30 04:41:09 +0900, 35.7042393,140.0324904
2021/04/30 04:44:51 +0900, 35.7042393,140.0324904
2021/04/30 04:48:28 +0900, 35.7042393,140.0324904
2021/04/30 04:52:52 +0900, 35.7042393,140.0324904
2021/04/30 04:55:46 +0900, 35.7042393,140.0324904
2021/04/30 04:58:50 +0900, 35.7042393,140.0324904
2021/04/30 05:01:45 +0900, 35.7042393,140.0324904
2021/04/30 05:06:07 +0900, 35.7042393,140.0324904
2021/04/30 05:09:16 +0900, 35.7042393,140.0324904
2021/04/30 05:13:46 +0900, 35.7042393,140.0324904
2021/04/30 05:17:00 +0900, 35.7042393,140.0324904
2021/04/30 05:20:19 +0900, 35.7042393,140.0324904
2021/04/30 05:24:53 +0900, 35.7042393,140.0324904
2021/04/30 05:29:37 +0900, 35.7042393,140.0324904
2021/04/30 05:33:34 +0900, 35.7042393,140.0324904
2021/04/30 05:37:39 +0900, 35.7042393,140.0324904
2021/04/30 05:40:18 +0900, 35.7042326,140.0324819
2021/04/30 05:43:56 +0900, 35.7042326,140.0324819
2021/04/30 05:49:59 +0900, 35.7042326,140.0324819
2021/04/30 05:54:23 +0900, 35.7042326,140.0324819
2021/04/30 05:59:12 +0900, 35.7042326,140.0324819
2021/04/30 06:02:41 +0900, 35.7042326,140.0324819
2021/04/30 06:06:07 +0900, 35.7042326,140.0324819
2021/04/30 06:06:37 +0900, 35.7042326,140.0324819
2021/04/30 06:07:07 +0900, 35.7042326,140.0324819
2021/04/30 06:07:39 +0900, 35.7042326,140.0324819
2021/04/30 06:10:39 +0900, 35.7042326,140.0324819
2021/04/30 06:13:57 +0900, 35.7042326,140.0324819
2021/04/30 06:17:16 +0900, 35.7042326,140.0324819
2021/04/30 06:21:03 +0900, 35.7042326,140.0324819
2021/04/30 06:22:31 +0900, 35.7042326,140.0324819
2021/04/30 06:23:01 +0900, 35.7042333,140.0324613
2021/04/30 06:23:31 +0900, 35.7042333,140.0324613
2021/04/30 06:24:01 +0900, 35.7042333,140.0324613
2021/04/30 06:24:31 +0900, 35.7042333,140.0324613
2021/04/30 06:25:01 +0900, 35.7042333,140.0324613
2021/04/30 06:25:31 +0900, 35.7042664,140.0325149
2021/04/30 06:26:01 +0900, 35.7042337,140.0324511
2021/04/30 06:26:31 +0900, 35.7042369,140.0324654
2021/04/30 06:27:07 +0900, 35.7042369,140.0324654
2021/04/30 06:28:09 +0900, 35.7042369,140.0324654
2021/04/30 06:29:26 +0900, 35.7042369,140.0324654
2021/04/30 06:29:56 +0900, 35.7042369,140.0324654
2021/04/30 06:30:26 +0900, 35.7042369,140.0324654
2021/04/30 06:34:27 +0900, 35.7042369,140.0324654
2021/04/30 06:37:57 +0900, 35.7042369,140.0324654
2021/04/30 06:41:13 +0900, 35.7042369,140.0324654
2021/04/30 06:44:37 +0900, 35.7042369,140.0324654
2021/04/30 06:49:13 +0900, 35.7042369,140.0324654
2021/04/30 06:54:01 +0900, 35.7042369,140.0324654
2021/04/30 06:58:21 +0900, 35.7042369,140.0324654
2021/04/30 07:01:20 +0900, 35.7042369,140.0324654
2021/04/30 07:04:04 +0900, 35.7042369,140.0324654
2021/04/30 07:07:01 +0900, 35.7042369,140.0324654
2021/04/30 07:09:38 +0900, 35.7042369,140.0324654
2021/04/30 07:12:49 +0900, 35.7042369,140.0324654
2021/04/30 07:16:42 +0900, 35.7042369,140.0324654
2021/04/30 07:20:00 +0900, 35.7042369,140.0324654
2021/04/30 07:23:54 +0900, 35.7042369,140.0324654
2021/04/30 07:28:13 +0900, 35.7042369,140.0324654
2021/04/30 07:30:52 +0900, 35.7042369,140.0324654
2021/04/30 07:34:51 +0900, 35.7042369,140.0324654
2021/04/30 07:38:21 +0900, 35.7042369,140.0324654
2021/04/30 07:39:45 +0900, 35.7042782,140.0325092
2021/04/30 07:43:28 +0900, 35.7043433,140.0323222
2021/04/30 07:47:01 +0900, 35.7043433,140.0323222
2021/04/30 07:51:00 +0900, 35.7043433,140.0323222
2021/04/30 07:56:00 +0900, 35.7043433,140.0323222
2021/04/30 08:00:41 +0900, 35.7043433,140.0323222
2021/04/30 08:04:01 +0900, 35.7043433,140.0323222
2021/04/30 08:06:14 +0900, 35.7043433,140.0323222
2021/04/30 08:09:18 +0900, 35.7043433,140.0323222
2021/04/30 08:12:46 +0900, 35.7043433,140.0323222
2021/04/30 08:17:17 +0900, 35.7043433,140.0323222
2021/04/30 08:20:06 +0900, 35.7043433,140.0323222
2021/04/30 08:24:01 +0900, 35.7043433,140.0323222
2021/04/30 08:28:03 +0900, 35.7043433,140.0323222
2021/04/30 08:31:46 +0900, 35.7043433,140.0323222
2021/04/30 08:33:53 +0900, 35.7043433,140.0323222
2021/04/30 08:36:03 +0900, 35.7043433,140.0323222
2021/04/30 08:39:20 +0900, 35.7043433,140.0323222
2021/04/30 08:42:37 +0900, 35.7043433,140.0323222
2021/04/30 08:44:13 +0900, 35.7043433,140.0323222
2021/04/30 08:46:41 +0900, 35.7043433,140.0323222
2021/04/30 08:49:04 +0900, 35.7043433,140.0323222
2021/04/30 08:51:28 +0900, 35.7043433,140.0323222
2021/04/30 08:53:02 +0900, 35.7043433,140.0323222
2021/04/30 08:55:48 +0900, 35.7043433,140.0323222
2021/04/30 08:58:21 +0900, 35.7043433,140.0323222
2021/04/30 09:02:42 +0900, 35.7043433,140.0323222
2021/04/30 09:05:21 +0900, 35.7043433,140.0323222
2021/04/30 09:08:37 +0900, 35.7043433,140.0323222
2021/04/30 09:12:42 +0900, 35.7043433,140.0323222
2021/04/30 09:17:03 +0900, 35.7043433,140.0323222
2021/04/30 09:21:57 +0900, 35.7043433,140.0323222
2021/04/30 09:26:01 +0900, 35.7043433,140.0323222
2021/04/30 09:30:15 +0900, 35.7043433,140.0323222
2021/04/30 09:34:25 +0900, 35.7043433,140.0323222
2021/04/30 09:37:59 +0900, 35.7043433,140.0323222
2021/04/30 09:39:19 +0900, 35.7043433,140.0323222
2021/04/30 09:42:02 +0900, 35.7043433,140.0323222
2021/04/30 09:46:20 +0900, 35.7043433,140.0323222
2021/04/30 09:49:58 +0900, 35.7043433,140.0323222
2021/04/30 09:53:48 +0900, 35.7043433,140.0323222
2021/04/30 09:58:01 +0900, 35.7043433,140.0323222
2021/04/30 10:01:20 +0900, 35.7043433,140.0323222
2021/04/30 10:05:00 +0900, 35.7043433,140.0323222
2021/04/30 10:08:50 +0900, 35.7043433,140.0323222
2021/04/30 10:12:15 +0900, 35.7043433,140.0323222
2021/04/30 10:16:05 +0900, 35.7043433,140.0323222
2021/04/30 10:19:43 +0900, 35.7043433,140.0323222
2021/04/30 10:22:58 +0900, 35.7043433,140.0323222
2021/04/30 10:25:46 +0900, 35.7043433,140.0323222
2021/04/30 10:26:49 +0900, 35.7043433,140.0323222
2021/04/30 10:29:30 +0900, 35.7043433,140.0323222
2021/04/30 10:30:34 +0900, 35.7043433,140.0323222
2021/04/30 10:34:02 +0900, 35.7043433,140.0323222
2021/04/30 10:36:15 +0900, 35.7043433,140.0323222
2021/04/30 10:39:45 +0900, 35.7043433,140.0323222
2021/04/30 10:43:51 +0900, 35.7043433,140.0323222
2021/04/30 10:47:18 +0900, 35.7043433,140.0323222
2021/04/30 10:50:32 +0900, 35.7043433,140.0323222
2021/04/30 10:54:26 +0900, 35.7043433,140.0323222
2021/04/30 10:57:31 +0900, 35.7043433,140.0323222
2021/04/30 11:01:00 +0900, 35.7043433,140.0323222
2021/04/30 11:04:07 +0900, 35.7043433,140.0323222
2021/04/30 11:07:13 +0900, 35.7043433,140.0323222
2021/04/30 11:10:00 +0900, 35.7043433,140.0323222
2021/04/30 11:14:00 +0900, 35.7043433,140.0323222
2021/04/30 11:17:32 +0900, 35.7043433,140.0323222
2021/04/30 11:20:11 +0900, 35.7043433,140.0323222
2021/04/30 11:24:00 +0900, 35.7043433,140.0323222
2021/04/30 11:27:21 +0900, 35.7043433,140.0323222
2021/04/30 11:30:29 +0900, 35.7043433,140.0323222
2021/04/30 11:32:47 +0900, 35.7043433,140.0323222
2021/04/30 11:35:40 +0900, 35.7043433,140.0323222
2021/04/30 11:38:02 +0900, 35.7043433,140.0323222
2021/04/30 11:40:40 +0900, 35.7043433,140.0323222
2021/04/30 11:44:08 +0900, 35.7043433,140.0323222
2021/04/30 11:47:25 +0900, 35.7043433,140.0323222
2021/04/30 11:49:19 +0900, 35.7043433,140.0323222
2021/04/30 11:51:37 +0900, 35.7043433,140.0323222
2021/04/30 11:54:52 +0900, 35.7043433,140.0323222
2021/04/30 11:59:59 +0900, 35.7043433,140.0323222
2021/04/30 12:02:00 +0900, 35.7043433,140.0323222
2021/04/30 12:03:59 +0900, 35.7043433,140.0323222
2021/04/30 12:05:59 +0900, 35.7043433,140.0323222
2021/04/30 12:08:59 +0900, 35.7043433,140.0323222
2021/04/30 12:10:36 +0900, 35.7043433,140.0323222
2021/04/30 12:12:00 +0900, 35.7043433,140.0323222
2021/04/30 12:14:24 +0900, 35.7043433,140.0323222
2021/04/30 12:15:46 +0900, 35.7043433,140.0323222
2021/04/30 12:19:42 +0900, 35.7043433,140.0323222
2021/04/30 12:24:01 +0900, 35.7043433,140.0323222
2021/04/30 12:28:11 +0900, 35.7043433,140.0323222
2021/04/30 12:32:36 +0900, 35.7043433,140.0323222
2021/04/30 12:35:43 +0900, 35.7043433,140.0323222
2021/04/30 12:38:24 +0900, 35.7043433,140.0323222
2021/04/30 12:41:01 +0900, 35.7043433,140.0323222
2021/04/30 12:43:30 +0900, 35.7043433,140.0323222
2021/04/30 12:44:56 +0900, 35.7043433,140.0323222
2021/04/30 12:46:53 +0900, 35.7043433,140.0323222
2021/04/30 12:47:50 +0900, 35.7043433,140.0323222
2021/04/30 12:48:20 +0900, 35.7043584,140.0325548
2021/04/30 12:48:50 +0900, 35.7042358,140.0324651
2021/04/30 12:49:23 +0900, 35.7042358,140.0324651
2021/04/30 12:50:09 +0900, 35.7042358,140.0324651
2021/04/30 12:50:39 +0900, 35.7041965,140.032417
2021/04/30 12:51:09 +0900, 35.7041965,140.032417
2021/04/30 12:51:39 +0900, 35.7041965,140.032417
2021/04/30 12:52:09 +0900, 35.7041965,140.032417
2021/04/30 12:52:39 +0900, 35.7041965,140.032417
2021/04/30 12:53:09 +0900, 35.7041965,140.032417
2021/04/30 12:53:39 +0900, 35.7041965,140.032417
2021/04/30 12:54:09 +0900, 35.7041965,140.032417
2021/04/30 12:54:39 +0900, 35.7041965,140.032417
2021/04/30 12:55:09 +0900, 35.7041663,140.0323592
2021/04/30 12:56:01 +0900, 35.7041663,140.0323592
2021/04/30 12:58:25 +0900, 35.7041663,140.0323592
2021/04/30 13:00:01 +0900, 35.7041663,140.0323592
2021/04/30 13:02:02 +0900, 35.7041663,140.0323592
2021/04/30 13:03:37 +0900, 35.7041663,140.0323592
2021/04/30 13:06:22 +0900, 35.7041663,140.0323592
2021/04/30 13:07:48 +0900, 35.7041663,140.0323592
2021/04/30 13:09:10 +0900, 35.7041663,140.0323592
2021/04/30 13:10:38 +0900, 35.7041663,140.0323592
2021/04/30 13:12:07 +0900, 35.7041663,140.0323592
2021/04/30 13:13:56 +0900, 35.7042269,140.0324568
2021/04/30 13:14:40 +0900, 35.7042269,140.0324568
2021/04/30 13:15:10 +0900, 35.7042269,140.0324568
2021/04/30 13:16:30 +0900, 35.7042269,140.0324568
2021/04/30 13:19:37 +0900, 35.704352,140.0326637
2021/04/30 13:21:34 +0900, 35.702268,140.0308524
2021/04/30 13:22:43 +0900, 35.702268,140.0308524
2021/04/30 13:25:15 +0900, 35.693079,140.0277844
2021/04/30 13:26:55 +0900, 35.693079,140.0277844
2021/04/30 13:29:01 +0900, 35.6890372,140.0267918
2021/04/30 13:30:44 +0900, 35.6890372,140.0267918
2021/04/30 13:33:02 +0900, 35.6904799,140.0206422
2021/04/30 13:34:51 +0900, 35.6904799,140.0206422
2021/04/30 13:38:23 +0900, 35.6904799,140.0206422
2021/04/30 13:41:00 +0900, 35.6904799,140.0206422
2021/04/30 13:43:52 +0900, 35.6904799,140.0206422
2021/04/30 13:47:01 +0900, 35.6904799,140.0206422
2021/04/30 13:49:16 +0900, 35.6904799,140.0206422
2021/04/30 13:52:41 +0900, 35.6904799,140.0206422
2021/04/30 14:41:24 +0900, 35.6869353,139.9942666
2021/04/30 14:41:54 +0900, 35.6869353,139.9942666
2021/04/30 14:42:26 +0900, 35.6869353,139.9942666
2021/04/30 14:43:19 +0900, 35.6869353,139.9942666
2021/04/30 14:44:30 +0900, 35.6869353,139.9942666
2021/04/30 14:45:26 +0900, 35.6869353,139.9942666
2021/04/30 14:46:10 +0900, 35.6869353,139.9942666
2021/04/30 14:47:49 +0900, 35.6869353,139.9942666
2021/04/30 14:49:41 +0900, 35.6868942,139.9939064
2021/04/30 14:51:31 +0900, 35.6868942,139.9939064
2021/04/30 14:53:12 +0900, 35.6841787,139.9935857
2021/04/30 14:55:20 +0900, 35.6868942,139.9939064
2021/04/30 14:58:00 +0900, 35.6868942,139.9939064
2021/04/30 14:58:48 +0900, 35.6869355,139.9942657
2021/04/30 14:59:20 +0900, 35.6869355,139.9942657
2021/04/30 14:59:52 +0900, 35.6869355,139.9942657
2021/04/30 15:00:59 +0900, 35.6841787,139.9935857
2021/04/30 15:02:20 +0900, 35.6841787,139.9935857
2021/04/30 15:02:50 +0900, 35.6841787,139.9935857
2021/04/30 15:03:39 +0900, 35.6841787,139.9935857
2021/04/30 15:04:13 +0900, 35.6869355,139.9942655
2021/04/30 15:04:43 +0900, 35.6869357,139.9942654
2021/04/30 15:05:13 +0900, 35.686927,139.9942654
2021/04/30 15:06:14 +0900, 35.6869271,139.9942662
2021/04/30 15:06:44 +0900, 35.6869271,139.9942662
2021/04/30 15:07:14 +0900, 35.6869355,139.9942655
2021/04/30 15:07:44 +0900, 35.6868965,139.9940352
2021/04/30 15:08:14 +0900, 35.6869136,139.9941751
2021/04/30 15:08:44 +0900, 35.6868579,139.9939207
2021/04/30 15:09:14 +0900, 35.6868526,139.9939077
2021/04/30 15:09:44 +0900, 35.6868659,139.9939006
2021/04/30 15:10:14 +0900, 35.6869146,139.9941993
2021/04/30 15:10:44 +0900, 35.6868342,139.9938902
2021/04/30 15:11:14 +0900, 35.6869015,139.9941589
2021/04/30 15:11:51 +0900, 35.6868907,139.9941208
2021/04/30 15:12:21 +0900, 35.6868907,139.9941208
2021/04/30 15:12:51 +0900, 35.6868907,139.9941208
2021/04/30 15:13:21 +0900, 35.6868907,139.9941208
2021/04/30 15:15:07 +0900, 35.6868907,139.9941208
2021/04/30 15:15:37 +0900, 35.6868942,139.9939064
2021/04/30 15:16:07 +0900, 35.6869301,139.9942586
2021/04/30 15:16:37 +0900, 35.6869301,139.9942586
2021/04/30 15:17:07 +0900, 35.6869301,139.9942586
2021/04/30 15:17:37 +0900, 35.6869301,139.9942586
2021/04/30 15:18:07 +0900, 35.6869301,139.9942586
2021/04/30 15:18:37 +0900, 35.6841787,139.9935857
2021/04/30 15:19:07 +0900, 35.6841787,139.9935857
2021/04/30 15:19:37 +0900, 35.6868564,139.9944298
2021/04/30 15:20:07 +0900, 35.6868564,139.9944298
2021/04/30 15:20:37 +0900, 35.6868564,139.9944298
2021/04/30 15:21:07 +0900, 35.6868564,139.9944298
2021/04/30 15:21:37 +0900, 35.6868564,139.9944298
2021/04/30 15:22:07 +0900, 35.6868564,139.9944298
2021/04/30 15:22:37 +0900, 35.6868564,139.9944298
2021/04/30 15:23:07 +0900, 35.6858739,139.9913409
2021/04/30 15:23:37 +0900, 35.6858739,139.9913409
2021/04/30 15:24:07 +0900, 35.6841787,139.9935857
2021/04/30 15:24:37 +0900, 35.6841787,139.9935857
2021/04/30 15:25:07 +0900, 35.6841787,139.9935857
2021/04/30 15:25:46 +0900, 35.6841787,139.9935857
2021/04/30 15:26:36 +0900, 35.6841787,139.9935857
2021/04/30 15:27:19 +0900, 35.6868942,139.9939064
2021/04/30 15:27:55 +0900, 35.6841787,139.9935857
2021/04/30 15:28:57 +0900, 35.6841787,139.9935857
2021/04/30 15:29:47 +0900, 35.6863804,139.993835
2021/04/30 15:30:21 +0900, 35.6863804,139.993835
2021/04/30 15:31:22 +0900, 35.6863804,139.993835
2021/04/30 15:32:35 +0900, 35.6863837,139.9938354
2021/04/30 15:33:58 +0900, 35.6863837,139.9938354
2021/04/30 15:34:46 +0900, 35.6869157,139.9937841
2021/04/30 15:35:18 +0900, 35.686916,139.9937841
2021/04/30 15:35:48 +0900, 35.6841787,139.9935857
2021/04/30 15:36:18 +0900, 35.6841787,139.9935857
2021/04/30 15:36:48 +0900, 35.6841787,139.9935857
2021/04/30 15:37:18 +0900, 35.6841787,139.9935857
2021/04/30 15:37:48 +0900, 35.6841787,139.9935857
2021/04/30 15:38:18 +0900, 35.6841787,139.9935857
2021/04/30 15:38:48 +0900, 35.6871167,139.9951892
2021/04/30 15:39:18 +0900, 35.6841787,139.9935857
2021/04/30 15:39:48 +0900, 35.6841787,139.9935857
2021/04/30 15:40:18 +0900, 35.6841787,139.9935857
2021/04/30 15:40:48 +0900, 35.6841787,139.9935857
2021/04/30 15:41:18 +0900, 35.6841787,139.9935857
2021/04/30 15:41:48 +0900, 35.6841787,139.9935857
2021/04/30 15:42:18 +0900, 35.6841787,139.9935857
2021/04/30 15:42:48 +0900, 35.6841787,139.9935857
2021/04/30 15:43:18 +0900, 35.6841787,139.9935857
2021/04/30 15:43:48 +0900, 35.6841787,139.9935857
2021/04/30 15:44:18 +0900, 35.6841787,139.9935857
2021/04/30 15:44:48 +0900, 35.6841787,139.9935857
2021/04/30 15:45:36 +0900, 35.6841787,139.9935857
2021/04/30 15:46:10 +0900, 35.6865675,139.9941809
2021/04/30 15:47:06 +0900, 35.6865675,139.9941809
2021/04/30 15:47:43 +0900, 35.6865675,139.9941809
2021/04/30 15:48:52 +0900, 35.6865675,139.9941809
2021/04/30 15:49:27 +0900, 35.6865906,139.9932452
2021/04/30 15:50:39 +0900, 35.6865933,139.9931377
2021/04/30 15:51:31 +0900, 35.6882669,139.9951892
2021/04/30 15:52:31 +0900, 35.6882669,139.9951892
2021/04/30 15:53:40 +0900, 35.6882669,139.9951892
2021/04/30 15:54:37 +0900, 35.6882669,139.9951892
2021/04/30 15:56:02 +0900, 35.6882669,139.9951892
2021/04/30 15:57:31 +0900, 35.6861615,139.9913409
2021/04/30 15:58:16 +0900, 35.6861615,139.9913409
2021/04/30 15:59:21 +0900, 35.6861615,139.9913409
2021/04/30 16:00:19 +0900, 35.6861615,139.9913409
2021/04/30 16:01:50 +0900, 35.6861615,139.9913409
2021/04/30 16:03:07 +0900, 35.6861615,139.9913409
2021/04/30 16:04:12 +0900, 35.6847237,139.9913409
2021/04/30 16:05:28 +0900, 35.6847237,139.9913409
2021/04/30 16:05:59 +0900, 35.6847237,139.9913409
2021/04/30 16:07:13 +0900, 35.6847237,139.9913409
2021/04/30 16:08:16 +0900, 35.6851595,139.9915923
2021/04/30 16:09:09 +0900, 35.6851595,139.9915923
2021/04/30 16:10:35 +0900, 35.6846778,140.0064148
2021/04/30 16:11:37 +0900, 35.6846778,140.0064148
2021/04/30 16:13:39 +0900, 35.6846778,140.0064148
2021/04/30 16:14:40 +0900, 35.6846778,140.0064148
2021/04/30 16:15:11 +0900, 35.6846778,140.0064148
2021/04/30 16:15:41 +0900, 35.6847237,139.9913409
2021/04/30 16:16:11 +0900, 35.6847237,139.9913409
2021/04/30 16:16:41 +0900, 35.6847237,139.9913409
2021/04/30 16:17:11 +0900, 35.6847237,139.9913409
2021/04/30 16:17:41 +0900, 35.6847237,139.9913409
2021/04/30 16:18:11 +0900, 35.6847237,139.9913409
2021/04/30 16:18:41 +0900, 35.6847237,139.9913409
2021/04/30 16:19:11 +0900, 35.6849772,139.9920281
2021/04/30 16:19:41 +0900, 35.6849772,139.9920281
2021/04/30 16:20:11 +0900, 35.6849772,139.9920281
2021/04/30 16:20:41 +0900, 35.6849772,139.9920281
2021/04/30 16:21:11 +0900, 35.6861615,139.9913409
2021/04/30 16:21:41 +0900, 35.6861615,139.9913409
2021/04/30 16:22:11 +0900, 35.6861615,139.9913409
2021/04/30 16:22:41 +0900, 35.6861615,139.9913409
2021/04/30 16:23:11 +0900, 35.6861615,139.9913409
2021/04/30 16:23:41 +0900, 35.6861615,139.9913409
2021/04/30 16:24:11 +0900, 35.6861615,139.9913409
2021/04/30 16:24:41 +0900, 35.6861615,139.9913409
2021/04/30 16:25:11 +0900, 35.6861615,139.9913409
2021/04/30 16:25:41 +0900, 35.6861615,139.9913409
2021/04/30 16:26:11 +0900, 35.6861615,139.9913409
2021/04/30 16:26:41 +0900, 35.6861615,139.9913409
2021/04/30 16:27:11 +0900, 35.6861615,139.9913409
2021/04/30 16:27:41 +0900, 35.6861615,139.9913409
2021/04/30 16:29:00 +0900, 35.6861615,139.9913409
2021/04/30 16:30:00 +0900, 35.685508,139.9906506
2021/04/30 16:31:25 +0900, 35.685508,139.9906506
2021/04/30 16:32:19 +0900, 35.685508,139.9906506
2021/04/30 16:33:15 +0900, 35.6847237,139.9913409
2021/04/30 16:34:09 +0900, 35.6855151,139.9913389
2021/04/30 16:35:11 +0900, 35.6855151,139.9913389
2021/04/30 16:35:43 +0900, 35.6855391,139.9899834
2021/04/30 16:37:26 +0900, 35.6855391,139.9899834
2021/04/30 16:38:57 +0900, 35.6855391,139.9899834
2021/04/30 16:39:49 +0900, 35.6852288,139.9983963
2021/04/30 16:40:23 +0900, 35.6852288,139.9983963
2021/04/30 16:40:53 +0900, 35.6852288,139.9983963
2021/04/30 16:41:23 +0900, 35.6852288,139.9983963
2021/04/30 16:41:53 +0900, 35.6852288,139.9983963
2021/04/30 16:42:23 +0900, 35.6852288,139.9983963
2021/04/30 16:42:53 +0900, 35.6852288,139.9983963
2021/04/30 16:43:23 +0900, 35.6852288,139.9983963
2021/04/30 16:43:53 +0900, 35.6855391,139.9899834
2021/04/30 16:44:23 +0900, 35.6855391,139.9899834
2021/04/30 16:44:53 +0900, 35.6861747,139.9898577
2021/04/30 16:45:47 +0900, 35.6861747,139.9898577
2021/04/30 16:46:21 +0900, 35.6861747,139.9898577
2021/04/30 16:46:51 +0900, 35.6861747,139.9898577
2021/04/30 16:48:00 +0900, 35.6861747,139.9898577
2021/04/30 16:49:59 +0900, 35.6861747,139.9898577
2021/04/30 16:52:31 +0900, 35.6861747,139.9898577
2021/04/30 16:53:53 +0900, 35.6861747,139.9898577
2021/04/30 16:54:28 +0900, 35.6861747,139.9898577
2021/04/30 16:55:04 +0900, 35.6861747,139.9898577
2021/04/30 16:56:17 +0900, 35.6861747,139.9898577
2021/04/30 16:56:47 +0900, 35.6861747,139.9898577
2021/04/30 16:57:17 +0900, 35.6877313,139.9858896
2021/04/30 16:58:14 +0900, 35.6877313,139.9858896
2021/04/30 16:58:44 +0900, 35.6877313,139.9858896
2021/04/30 16:59:14 +0900, 35.6863894,139.9891363
2021/04/30 16:59:49 +0900, 35.6866287,139.9891969
2021/04/30 17:00:20 +0900, 35.6866287,139.9891969
2021/04/30 17:01:34 +0900, 35.6866287,139.9891969
2021/04/30 17:02:37 +0900, 35.687216,139.9906678
2021/04/30 17:03:37 +0900, 35.687216,139.9906678
2021/04/30 17:05:09 +0900, 35.687216,139.9906678
2021/04/30 17:06:37 +0900, 35.6868058,139.9934855
2021/04/30 17:07:43 +0900, 35.6868058,139.9934855
2021/04/30 17:08:48 +0900, 35.6873008,139.9935382
2021/04/30 17:09:41 +0900, 35.6873008,139.9935382
2021/04/30 17:11:02 +0900, 35.6873008,139.9935382
2021/04/30 17:12:50 +0900, 35.6873101,139.9935215
2021/04/30 17:13:49 +0900, 35.6873334,139.993732
2021/04/30 17:15:08 +0900, 35.6873334,139.993732
2021/04/30 17:16:43 +0900, 35.6869396,139.9937279
2021/04/30 17:18:04 +0900, 35.6871045,139.9944427
2021/04/30 17:18:42 +0900, 35.6870895,139.994729
2021/04/30 17:19:12 +0900, 35.6871132,139.9947277
2021/04/30 17:19:42 +0900, 35.6871319,139.9947531
2021/04/30 17:20:12 +0900, 35.6871138,139.9947302
2021/04/30 17:20:42 +0900, 35.6871138,139.9947295
2021/04/30 17:21:12 +0900, 35.6871152,139.9947274
2021/04/30 17:21:42 +0900, 35.6870592,139.9944883
2021/04/30 17:22:12 +0900, 35.6865344,139.9938978
2021/04/30 17:22:42 +0900, 35.6855417,139.9932881
2021/04/30 17:23:12 +0900, 35.6845085,139.9926318
2021/04/30 17:23:42 +0900, 35.6845094,139.9926313
2021/04/30 17:24:12 +0900, 35.6842437,139.9924485
2021/04/30 17:24:42 +0900, 35.6828228,139.9951727
2021/04/30 17:25:12 +0900, 35.6816689,139.9975885
2021/04/30 17:25:42 +0900, 35.6816481,139.9975313
2021/04/30 17:26:12 +0900, 35.6816544,139.997618
2021/04/30 17:26:42 +0900, 35.6813414,139.9982237
2021/04/30 17:27:12 +0900, 35.6794433,140.0013886
2021/04/30 17:27:42 +0900, 35.675793,140.0035757
2021/04/30 17:28:12 +0900, 35.6727618,140.0059263
2021/04/30 17:29:04 +0900, 35.6720393,140.0070045
2021/04/30 17:30:56 +0900, 35.6720393,140.0070045
2021/04/30 17:32:06 +0900, 35.6779163,140.0142864
2021/04/30 17:33:32 +0900, 35.6779163,140.0142864
2021/04/30 17:34:03 +0900, 35.6779163,140.0142864
2021/04/30 17:35:14 +0900, 35.6779163,140.0142864
2021/04/30 17:37:08 +0900, 35.679685,140.0157081
2021/04/30 17:38:15 +0900, 35.6805882,140.0166452
2021/04/30 17:39:31 +0900, 35.6813435,140.0171157
2021/04/30 17:41:16 +0900, 35.6896464,140.0201211
2021/04/30 17:42:52 +0900, 35.6906067,140.0200195
2021/04/30 17:43:24 +0900, 35.6906067,140.0200195
2021/04/30 17:44:44 +0900, 35.6906067,140.0200195
2021/04/30 17:46:01 +0900, 35.6882451,140.026858
2021/04/30 17:47:59 +0900, 35.6882451,140.026858
2021/04/30 17:49:09 +0900, 35.6927887,140.0267641
2021/04/30 17:51:04 +0900, 35.6927887,140.0267641
2021/04/30 17:52:33 +0900, 35.6998406,140.0308956
2021/04/30 17:54:12 +0900, 35.6998406,140.0308956
2021/04/30 17:55:17 +0900, 35.7016264,140.0318678
2021/04/30 17:57:14 +0900, 35.7016264,140.0318678
2021/04/30 17:58:31 +0900, 35.7057078,140.0342162
2021/04/30 17:59:06 +0900, 35.707371,140.0359341
2021/04/30 18:00:07 +0900, 35.707371,140.0359341
2021/04/30 18:01:02 +0900, 35.707371,140.0359341
2021/04/30 18:01:44 +0900, 35.707371,140.0359341
2021/04/30 18:02:29 +0900, 35.707371,140.0359341
2021/04/30 18:03:09 +0900, 35.7073853,140.035832
2021/04/30 18:03:53 +0900, 35.7073853,140.035832
2021/04/30 18:04:36 +0900, 35.7056804,140.0342084
2021/04/30 18:05:33 +0900, 35.7056804,140.0342084
2021/04/30 18:06:59 +0900, 35.7056804,140.0342084
2021/04/30 18:08:32 +0900, 35.7042395,140.0325871
2021/04/30 18:09:58 +0900, 35.7042395,140.0325871
2021/04/30 18:11:19 +0900, 35.7042395,140.0325871
2021/04/30 18:11:50 +0900, 35.704223,140.032486
2021/04/30 18:14:28 +0900, 35.7042151,140.0324321
2021/04/30 18:16:27 +0900, 35.7042151,140.0324321
2021/04/30 18:18:58 +0900, 35.7042151,140.0324321
2021/04/30 18:20:45 +0900, 35.7042151,140.0324321
2021/04/30 18:23:14 +0900, 35.7042151,140.0324321
2021/04/30 18:25:31 +0900, 35.7042151,140.0324321
2021/04/30 18:26:05 +0900, 35.7042151,140.0324321
2021/04/30 18:26:36 +0900, 35.7042151,140.0324321
2021/04/30 18:27:05 +0900, 35.7042151,140.0324321
2021/04/30 18:27:35 +0900, 35.7042151,140.0324321
2021/04/30 18:28:06 +0900, 35.7042151,140.0324321
2021/04/30 18:28:35 +0900, 35.7042151,140.0324321
2021/04/30 18:29:05 +0900, 35.7042151,140.0324321
2021/04/30 18:29:36 +0900, 35.7042151,140.0324321
2021/04/30 18:30:05 +0900, 35.7042151,140.0324321
2021/04/30 18:30:35 +0900, 35.7042151,140.0324321
2021/04/30 18:31:06 +0900, 35.7042151,140.0324321
2021/04/30 18:31:35 +0900, 35.7042151,140.0324321
2021/04/30 18:32:05 +0900, 35.7042151,140.0324321
2021/04/30 18:32:36 +0900, 35.7042151,140.0324321
2021/04/30 18:33:06 +0900, 35.7042151,140.0324321
2021/04/30 18:33:36 +0900, 35.7042151,140.0324321
2021/04/30 18:34:06 +0900, 35.7042151,140.0324321
2021/04/30 18:34:36 +0900, 35.7041876,140.0324389
2021/04/30 18:35:06 +0900, 35.7041876,140.0324389
2021/04/30 18:35:36 +0900, 35.7041876,140.0324389
2021/04/30 18:36:21 +0900, 35.7041876,140.0324389
2021/04/30 18:36:51 +0900, 35.7042021,140.0324678
2021/04/30 18:37:21 +0900, 35.7042021,140.0324678
2021/04/30 18:38:09 +0900, 35.7042021,140.0324678
2021/04/30 18:38:39 +0900, 35.7042021,140.0324678
2021/04/30 18:39:09 +0900, 35.7042021,140.0324678
2021/04/30 18:39:39 +0900, 35.7042021,140.0324678
2021/04/30 18:40:09 +0900, 35.7042021,140.0324678
2021/04/30 18:40:39 +0900, 35.704236,140.0324476
2021/04/30 18:41:25 +0900, 35.704236,140.0324476
2021/04/30 18:41:56 +0900, 35.704236,140.0324476
2021/04/30 18:42:33 +0900, 35.704236,140.0324476
2021/04/30 18:43:03 +0900, 35.704236,140.0324476
2021/04/30 18:43:43 +0900, 35.704236,140.0324476
2021/04/30 18:46:32 +0900, 35.704236,140.0324476
2021/04/30 18:47:05 +0900, 35.704236,140.0324476
2021/04/30 18:47:35 +0900, 35.704236,140.0324476
2021/04/30 18:48:05 +0900, 35.704236,140.0324476
2021/04/30 18:48:35 +0900, 35.704236,140.0324476
2021/04/30 18:49:05 +0900, 35.704236,140.0324476
2021/04/30 18:49:35 +0900, 35.704236,140.0324476
2021/04/30 18:50:05 +0900, 35.704236,140.0324476
2021/04/30 18:50:35 +0900, 35.704236,140.0324476
2021/04/30 18:51:05 +0900, 35.704236,140.0324476
2021/04/30 18:51:35 +0900, 35.704236,140.0324476
2021/04/30 18:52:05 +0900, 35.704236,140.0324476
2021/04/30 18:52:35 +0900, 35.704236,140.0324476
2021/04/30 18:53:05 +0900, 35.704236,140.0324476
2021/04/30 18:53:35 +0900, 35.704236,140.0324476
2021/04/30 18:54:05 +0900, 35.704236,140.0324476
2021/04/30 18:54:48 +0900, 35.704236,140.0324476
2021/04/30 18:55:18 +0900, 35.704236,140.0324476
2021/04/30 18:56:38 +0900, 35.704236,140.0324476
2021/04/30 18:57:08 +0900, 35.704236,140.0324476
2021/04/30 18:57:38 +0900, 35.7041954,140.0324374
2021/04/30 18:58:08 +0900, 35.7041954,140.0324374
2021/04/30 18:58:38 +0900, 35.7041954,140.0324374
2021/04/30 18:59:08 +0900, 35.7041954,140.0324374
2021/04/30 18:59:38 +0900, 35.7041954,140.0324374
2021/04/30 19:00:08 +0900, 35.7041954,140.0324374
2021/04/30 19:00:38 +0900, 35.7041954,140.0324374
2021/04/30 19:01:08 +0900, 35.7041954,140.0324374
2021/04/30 19:01:38 +0900, 35.7041954,140.0324374
2021/04/30 19:02:08 +0900, 35.7041954,140.0324374
2021/04/30 19:02:38 +0900, 35.7041954,140.0324374
2021/04/30 19:03:08 +0900, 35.7041954,140.0324374
2021/04/30 19:03:38 +0900, 35.7041954,140.0324374
2021/04/30 19:04:08 +0900, 35.7041954,140.0324374
2021/04/30 19:04:38 +0900, 35.7042467,140.0325092
2021/04/30 19:05:51 +0900, 35.7042467,140.0325092
2021/04/30 19:06:21 +0900, 35.7042467,140.0325092
2021/04/30 19:06:51 +0900, 35.7042701,140.0324946
2021/04/30 19:07:21 +0900, 35.7042701,140.0324946
2021/04/30 19:07:51 +0900, 35.7042701,140.0324946
2021/04/30 19:08:21 +0900, 35.7042701,140.0324946
2021/04/30 19:08:51 +0900, 35.7042701,140.0324946
2021/04/30 19:09:21 +0900, 35.7042701,140.0324946
2021/04/30 19:09:51 +0900, 35.7042701,140.0324946
2021/04/30 19:10:21 +0900, 35.7042701,140.0324946
2021/04/30 19:10:51 +0900, 35.7042701,140.0324946
2021/04/30 19:11:21 +0900, 35.7042701,140.0324946
2021/04/30 19:11:51 +0900, 35.7042701,140.0324946
2021/04/30 19:12:21 +0900, 35.7042701,140.0324946
2021/04/30 19:12:51 +0900, 35.7042701,140.0324946
2021/04/30 19:13:21 +0900, 35.7042701,140.0324946
2021/04/30 19:13:51 +0900, 35.7042701,140.0324946
2021/04/30 19:14:21 +0900, 35.7042701,140.0324946
2021/04/30 19:14:51 +0900, 35.7042701,140.0324946
2021/04/30 19:15:21 +0900, 35.7042701,140.0324946
2021/04/30 19:15:51 +0900, 35.7042701,140.0324946
2021/04/30 19:16:21 +0900, 35.7042701,140.0324946
2021/04/30 19:16:51 +0900, 35.7042701,140.0324946
2021/04/30 19:17:21 +0900, 35.7042701,140.0324946
2021/04/30 19:17:51 +0900, 35.7042701,140.0324946
2021/04/30 19:18:21 +0900, 35.7042701,140.0324946
2021/04/30 19:18:51 +0900, 35.7042701,140.0324946
2021/04/30 19:19:21 +0900, 35.7042701,140.0324946
2021/04/30 19:19:51 +0900, 35.7042701,140.0324946
2021/04/30 19:20:21 +0900, 35.7042701,140.0324946
2021/04/30 19:20:51 +0900, 35.7042701,140.0324946
2021/04/30 19:21:21 +0900, 35.7042701,140.0324946
2021/04/30 19:21:51 +0900, 35.7042701,140.0324946
2021/04/30 19:22:21 +0900, 35.7042701,140.0324946
2021/04/30 19:22:51 +0900, 35.7042701,140.0324946
2021/04/30 19:23:21 +0900, 35.7042701,140.0324946
2021/04/30 19:23:51 +0900, 35.7042701,140.0324946
2021/04/30 19:24:21 +0900, 35.7042701,140.0324946
2021/04/30 19:24:51 +0900, 35.7042701,140.0324946
2021/04/30 19:25:21 +0900, 35.7042701,140.0324946
2021/04/30 19:26:33 +0900, 35.7042701,140.0324946
2021/04/30 19:27:03 +0900, 35.7042701,140.0324946
2021/04/30 19:27:33 +0900, 35.7042701,140.0324946
2021/04/30 19:28:03 +0900, 35.7042701,140.0324946
2021/04/30 19:28:33 +0900, 35.7042161,140.0324501
2021/04/30 19:29:03 +0900, 35.7042161,140.0324501
2021/04/30 19:29:33 +0900, 35.7042161,140.0324501
2021/04/30 19:30:03 +0900, 35.7042161,140.0324501
2021/04/30 19:30:33 +0900, 35.7042161,140.0324501
2021/04/30 19:31:03 +0900, 35.7042161,140.0324501
2021/04/30 19:31:33 +0900, 35.7042161,140.0324501
2021/04/30 19:32:03 +0900, 35.7042161,140.0324501
2021/04/30 19:32:33 +0900, 35.7042161,140.0324501
2021/04/30 19:33:03 +0900, 35.7042161,140.0324501
2021/04/30 19:34:45 +0900, 35.7042161,140.0324501
2021/04/30 19:38:31 +0900, 35.7042161,140.0324501
2021/04/30 19:39:22 +0900, 35.7042641,140.0324994
2021/04/30 19:39:52 +0900, 35.7042641,140.0324994
2021/04/30 19:40:30 +0900, 35.7042641,140.0324994
2021/04/30 19:41:08 +0900, 35.7042641,140.0324994
2021/04/30 19:41:43 +0900, 35.7042641,140.0324994
2021/04/30 19:42:22 +0900, 35.7042641,140.0324994
2021/04/30 19:42:59 +0900, 35.7042641,140.0324994
2021/04/30 19:43:37 +0900, 35.7042641,140.0324994
2021/04/30 19:44:51 +0900, 35.7042641,140.0324994
2021/04/30 19:48:28 +0900, 35.7042641,140.0324994
2021/04/30 19:51:35 +0900, 35.7042641,140.0324994
2021/04/30 19:54:50 +0900, 35.7042641,140.0324994
2021/04/30 19:56:15 +0900, 35.7043482,140.0325892
2021/04/30 19:57:24 +0900, 35.7043482,140.0325892
2021/04/30 19:59:17 +0900, 35.7043482,140.0325892
2021/04/30 20:00:49 +0900, 35.7050687,140.0337066
2021/04/30 20:02:16 +0900, 35.7050687,140.0337066
2021/04/30 20:03:03 +0900, 35.7067843,140.0353199
2021/04/30 20:04:12 +0900, 35.7067843,140.0353199
2021/04/30 20:06:03 +0900, 35.7067843,140.0353199
2021/04/30 20:07:07 +0900, 35.7085211,140.0383331
2021/04/30 20:09:07 +0900, 35.7085211,140.0383331
2021/04/30 20:10:45 +0900, 35.7096857,140.0398879
2021/04/30 20:12:25 +0900, 35.7096857,140.0398879
2021/04/30 20:13:11 +0900, 35.7097878,140.040252
2021/04/30 20:15:12 +0900, 35.7097878,140.040252
2021/04/30 20:16:53 +0900, 35.7097508,140.0400986
2021/04/30 20:18:07 +0900, 35.7097212,140.0398176
2021/04/30 20:19:47 +0900, 35.7097212,140.0398176
2021/04/30 20:21:15 +0900, 35.7096771,140.0397095
2021/04/30 20:23:46 +0900, 35.7096771,140.0397095
2021/04/30 20:25:20 +0900, 35.7082992,140.0374769
2021/04/30 20:28:10 +0900, 35.7082992,140.0374769
2021/04/30 20:29:53 +0900, 35.7062943,140.0350637
2021/04/30 20:31:32 +0900, 35.7062943,140.0350637
2021/04/30 20:33:09 +0900, 35.7040555,140.0331415
2021/04/30 20:34:54 +0900, 35.7040555,140.0331415
2021/04/30 20:36:56 +0900, 35.7042426,140.0324618
2021/04/30 20:39:57 +0900, 35.7042617,140.0324962
2021/04/30 20:43:27 +0900, 35.7042617,140.0324962
2021/04/30 20:45:56 +0900, 35.7042617,140.0324962
2021/04/30 20:47:06 +0900, 35.7042617,140.0324962
2021/04/30 20:49:32 +0900, 35.7042617,140.0324962
2021/04/30 20:51:43 +0900, 35.7042617,140.0324962
2021/04/30 20:52:23 +0900, 35.7042617,140.0324962
2021/04/30 20:54:31 +0900, 35.7042617,140.0324962
2021/04/30 20:56:19 +0900, 35.7042617,140.0324962
2021/04/30 20:57:45 +0900, 35.7042617,140.0324962
2021/04/30 21:00:20 +0900, 35.7042617,140.0324962
2021/04/30 21:02:50 +0900, 35.7042617,140.0324962
2021/04/30 21:04:18 +0900, 35.7042617,140.0324962
2021/04/30 21:06:29 +0900, 35.7042617,140.0324962
2021/04/30 21:09:05 +0900, 35.7042617,140.0324962
2021/04/30 21:12:21 +0900, 35.7042617,140.0324962
2021/04/30 21:15:08 +0900, 35.7042617,140.0324962
2021/04/30 21:19:01 +0900, 35.7042617,140.0324962
2021/04/30 21:20:15 +0900, 35.7042168,140.0324499
2021/04/30 21:24:06 +0900, 35.7042168,140.0324499
2021/04/30 21:27:00 +0900, 35.7042168,140.0324499
2021/04/30 21:29:42 +0900, 35.7042168,140.0324499
2021/04/30 21:33:45 +0900, 35.7042168,140.0324499
2021/04/30 21:37:43 +0900, 35.7042168,140.0324499
2021/04/30 21:41:56 +0900, 35.7042168,140.0324499
2021/04/30 21:45:31 +0900, 35.7042168,140.0324499
2021/04/30 21:48:30 +0900, 35.7042168,140.0324499
2021/04/30 21:50:38 +0900, 35.7042168,140.0324499
2021/04/30 21:53:26 +0900, 35.7042168,140.0324499
2021/04/30 21:56:39 +0900, 35.7042168,140.0324499
2021/04/30 22:00:36 +0900, 35.7042168,140.0324499
2021/04/30 22:02:47 +0900, 35.7042168,140.0324499
2021/04/30 22:06:07 +0900, 35.7042168,140.0324499
2021/04/30 22:08:42 +0900, 35.7042168,140.0324499
2021/04/30 22:12:25 +0900, 35.7042168,140.0324499
2021/04/30 22:13:31 +0900, 35.7042168,140.0324499
2021/04/30 22:16:30 +0900, 35.7042168,140.0324499
2021/04/30 22:20:35 +0900, 35.7042168,140.0324499
2021/04/30 22:24:54 +0900, 35.7042168,140.0324499
2021/04/30 22:29:36 +0900, 35.7042168,140.0324499
2021/04/30 22:32:46 +0900, 35.7042168,140.0324499
2021/04/30 22:36:47 +0900, 35.7042168,140.0324499
2021/04/30 22:39:15 +0900, 35.7042168,140.0324499
2021/04/30 22:43:07 +0900, 35.7042168,140.0324499
2021/04/30 22:47:54 +0900, 35.7042168,140.0324499
2021/04/30 22:48:26 +0900, 35.7042168,140.0324499
2021/04/30 22:48:56 +0900, 35.7042168,140.0324499
2021/04/30 22:49:26 +0900, 35.7042168,140.0324499
2021/04/30 22:49:56 +0900, 35.7042168,140.0324499
2021/04/30 22:50:26 +0900, 35.7042168,140.0324499
2021/04/30 22:50:56 +0900, 35.7042168,140.0324499
2021/04/30 22:51:26 +0900, 35.7042168,140.0324499
2021/04/30 22:51:56 +0900, 35.7042168,140.0324499
2021/04/30 22:52:26 +0900, 35.7042168,140.0324499
2021/04/30 22:52:56 +0900, 35.7042168,140.0324499
2021/04/30 22:53:26 +0900, 35.7042168,140.0324499
2021/04/30 22:53:56 +0900, 35.7042168,140.0324499
2021/04/30 22:54:26 +0900, 35.7042168,140.0324499
2021/04/30 22:54:56 +0900, 35.7042168,140.0324499
2021/04/30 22:55:26 +0900, 35.7042168,140.0324499
2021/04/30 22:55:56 +0900, 35.7042168,140.0324499
2021/04/30 22:56:26 +0900, 35.7042168,140.0324499
2021/04/30 22:56:56 +0900, 35.7042168,140.0324499
2021/04/30 22:57:26 +0900, 35.7042168,140.0324499
2021/04/30 22:58:11 +0900, 35.7042168,140.0324499
2021/04/30 23:00:50 +0900, 35.7042168,140.0324499
2021/04/30 23:03:03 +0900, 35.7042168,140.0324499
2021/04/30 23:06:18 +0900, 35.7042168,140.0324499
2021/04/30 23:08:33 +0900, 35.7042168,140.0324499
2021/04/30 23:13:05 +0900, 35.7042168,140.0324499
2021/04/30 23:15:48 +0900, 35.7042168,140.0324499
2021/04/30 23:18:16 +0900, 35.7042168,140.0324499
2021/04/30 23:21:36 +0900, 35.7042537,140.0324797
2021/04/30 23:24:50 +0900, 35.7042537,140.0324797
2021/04/30 23:28:28 +0900, 35.7042537,140.0324797
2021/04/30 23:33:25 +0900, 35.7042537,140.0324797
2021/04/30 23:36:16 +0900, 35.7042537,140.0324797
2021/04/30 23:36:46 +0900, 35.7042537,140.0324797
2021/04/30 23:37:16 +0900, 35.7042537,140.0324797
2021/04/30 23:37:46 +0900, 35.7042537,140.0324797
2021/04/30 23:38:16 +0900, 35.7042537,140.0324797
2021/04/30 23:38:46 +0900, 35.7042537,140.0324797
2021/04/30 23:39:16 +0900, 35.7042537,140.0324797
2021/04/30 23:39:46 +0900, 35.7042537,140.0324797
2021/04/30 23:40:16 +0900, 35.7042537,140.0324797
2021/04/30 23:40:46 +0900, 35.7042537,140.0324797
2021/04/30 23:41:16 +0900, 35.7042537,140.0324797
2021/04/30 23:41:46 +0900, 35.7042537,140.0324797
2021/04/30 23:42:16 +0900, 35.7042537,140.0324797
2021/04/30 23:42:46 +0900, 35.7042537,140.0324797
2021/04/30 23:43:25 +0900, 35.7042537,140.0324797
2021/04/30 23:50:29 +0900, 35.7042537,140.0324797
2021/04/30 23:50:59 +0900, 35.7042537,140.0324797
2021/04/30 23:51:29 +0900, 35.7042537,140.0324797
2021/04/30 23:51:59 +0900, 35.7042537,140.0324797
2021/04/30 23:52:29 +0900, 35.7042537,140.0324797
2021/04/30 23:52:59 +0900, 35.7042537,140.0324797
2021/04/30 23:53:29 +0900, 35.7042537,140.0324797
2021/04/30 23:53:59 +0900, 35.7042537,140.0324797
2021/04/30 23:54:29 +0900, 35.7042537,140.0324797
2021/04/30 23:54:59 +0900, 35.7042537,140.0324797
2021/04/30 23:55:29 +0900, 35.7042537,140.0324797
2021/04/30 23:55:59 +0900, 35.7042537,140.0324797
2021/04/30 23:56:29 +0900, 35.7042537,140.0324797
2021/04/30 23:56:59 +0900, 35.7042537,140.0324797
2021/04/30 23:57:29 +0900, 35.7042537,140.0324797
2021/04/30 23:57:59 +0900, 35.7042537,140.0324797
2021/04/30 23:58:29 +0900, 35.7042537,140.0324797
2021/04/30 23:58:59 +0900, 35.7042537,140.0324797
2021/04/30 23:59:29 +0900, 35.7042537,140.0324797
2021/04/30 23:59:59 +0900, 35.7042537,140.0324797
