2021/04/26 04:52:15 +0900, 35.7042567,140.032459
2021/04/26 05:02:32 +0900, 35.7042567,140.032459
2021/04/26 05:12:14 +0900, 35.7042567,140.032459
2021/04/26 05:23:47 +0900, 35.7042567,140.032459
2021/04/26 05:42:58 +0900, 35.7042567,140.032459
2021/04/26 05:50:01 +0900, 35.7042729,140.0324778
2021/04/26 06:05:09 +0900, 35.7042729,140.0324778
2021/04/26 06:24:00 +0900, 35.7042729,140.0324778
2021/04/26 06:35:11 +0900, 35.7042729,140.0324778
2021/04/26 06:43:47 +0900, 35.7042729,140.0324778
2021/04/26 06:52:47 +0900, 35.7042729,140.0324778
2021/04/26 07:00:58 +0900, 35.7042729,140.0324778
2021/04/26 07:04:49 +0900, 35.7042729,140.0324778
2021/04/26 07:10:00 +0900, 35.7042729,140.0324778
2021/04/26 07:19:31 +0900, 35.7042729,140.0324778
2021/04/26 07:27:02 +0900, 35.7042729,140.0324778
2021/04/26 07:36:02 +0900, 35.7042729,140.0324778
2021/04/26 07:45:54 +0900, 35.7042729,140.0324778
2021/04/26 07:53:47 +0900, 35.7042729,140.0324778
2021/04/26 08:02:01 +0900, 35.7042729,140.0324778
2021/04/26 08:10:12 +0900, 35.7042729,140.0324778
2021/04/26 08:17:08 +0900, 35.7042729,140.0324778
2021/04/26 08:23:02 +0900, 35.7042729,140.0324778
2021/04/26 08:28:39 +0900, 35.7042729,140.0324778
2021/04/26 08:35:46 +0900, 35.7042729,140.0324778
2021/04/26 08:36:16 +0900, 35.7042729,140.0324778
2021/04/26 08:36:46 +0900, 35.7042729,140.0324778
2021/04/26 08:37:16 +0900, 35.7042729,140.0324778
2021/04/26 08:37:46 +0900, 35.7042729,140.0324778
2021/04/26 08:38:16 +0900, 35.7042729,140.0324778
2021/04/26 08:38:46 +0900, 35.7042729,140.0324778
2021/04/26 08:39:16 +0900, 35.7042729,140.0324778
2021/04/26 08:39:46 +0900, 35.7042729,140.0324778
2021/04/26 08:40:16 +0900, 35.7042729,140.0324778
2021/04/26 08:40:46 +0900, 35.7042729,140.0324778
2021/04/26 08:41:16 +0900, 35.7042729,140.0324778
2021/04/26 08:41:46 +0900, 35.7042729,140.0324778
2021/04/26 08:42:16 +0900, 35.7042729,140.0324778
2021/04/26 08:42:46 +0900, 35.7042729,140.0324778
2021/04/26 08:43:16 +0900, 35.7042729,140.0324778
2021/04/26 08:43:46 +0900, 35.7042729,140.0324778
2021/04/26 08:44:16 +0900, 35.7042729,140.0324778
2021/04/26 08:44:46 +0900, 35.7042729,140.0324778
2021/04/26 08:50:58 +0900, 35.7042729,140.0324778
2021/04/26 08:58:03 +0900, 35.7042729,140.0324778
2021/04/26 09:04:01 +0900, 35.7042729,140.0324778
2021/04/26 09:13:02 +0900, 35.7042729,140.0324778
2021/04/26 09:21:03 +0900, 35.7042729,140.0324778
2021/04/26 09:31:00 +0900, 35.7042729,140.0324778
2021/04/26 09:39:01 +0900, 35.7042729,140.0324778
2021/04/26 09:47:59 +0900, 35.7042729,140.0324778
2021/04/26 09:54:02 +0900, 35.7042729,140.0324778
2021/04/26 10:03:03 +0900, 35.7042729,140.0324778
2021/04/26 10:13:01 +0900, 35.7042729,140.0324778
2021/04/26 10:21:29 +0900, 35.7042729,140.0324778
2021/04/26 10:28:01 +0900, 35.7042729,140.0324778
2021/04/26 10:33:48 +0900, 35.7042729,140.0324778
2021/04/26 10:36:03 +0900, 35.7042373,140.032467
2021/04/26 10:36:33 +0900, 35.7042373,140.032467
2021/04/26 10:37:03 +0900, 35.7042373,140.032467
2021/04/26 10:37:33 +0900, 35.7042373,140.032467
2021/04/26 10:38:03 +0900, 35.7042373,140.032467
2021/04/26 10:38:33 +0900, 35.7042373,140.032467
2021/04/26 10:39:03 +0900, 35.7042373,140.032467
2021/04/26 10:39:33 +0900, 35.7042373,140.032467
2021/04/26 10:40:03 +0900, 35.7042373,140.032467
2021/04/26 10:40:33 +0900, 35.7042373,140.032467
2021/04/26 10:41:03 +0900, 35.7042373,140.032467
2021/04/26 10:41:33 +0900, 35.7042373,140.032467
2021/04/26 10:42:03 +0900, 35.7042373,140.032467
2021/04/26 10:42:33 +0900, 35.7042373,140.032467
2021/04/26 10:43:03 +0900, 35.7042373,140.032467
2021/04/26 10:43:33 +0900, 35.7042373,140.032467
2021/04/26 10:44:03 +0900, 35.7042373,140.032467
2021/04/26 10:44:33 +0900, 35.7033501,140.0355578
2021/04/26 10:45:03 +0900, 35.7033501,140.0355578
2021/04/26 10:45:33 +0900, 35.7033501,140.0355578
2021/04/26 10:46:03 +0900, 35.7033501,140.0355578
2021/04/26 10:46:33 +0900, 35.7033501,140.0355578
2021/04/26 10:47:03 +0900, 35.7033501,140.0355578
2021/04/26 10:47:33 +0900, 35.7033501,140.0355578
2021/04/26 10:48:03 +0900, 35.7033501,140.0355578
2021/04/26 10:48:33 +0900, 35.7033501,140.0355578
2021/04/26 10:49:03 +0900, 35.7033501,140.0355578
2021/04/26 10:49:33 +0900, 35.7033501,140.0355578
2021/04/26 10:50:03 +0900, 35.7033501,140.0355578
2021/04/26 10:50:33 +0900, 35.7005042,140.0308839
2021/04/26 10:51:03 +0900, 35.7005042,140.0308839
2021/04/26 10:54:12 +0900, 35.7005042,140.0308839
2021/04/26 10:57:12 +0900, 35.6886559,140.0231668
2021/04/26 10:58:14 +0900, 35.6885704,140.0206188
2021/04/26 10:58:44 +0900, 35.6884098,140.0208516
2021/04/26 10:59:14 +0900, 35.6884098,140.0208516
2021/04/26 10:59:44 +0900, 35.6887383,140.0202306
2021/04/26 11:00:14 +0900, 35.6887383,140.0202306
2021/04/26 11:00:44 +0900, 35.688778,140.0202303
2021/04/26 11:01:14 +0900, 35.68881,140.0203178
2021/04/26 11:01:44 +0900, 35.6887676,140.020217
2021/04/26 11:02:14 +0900, 35.6887916,140.0203119
2021/04/26 11:02:44 +0900, 35.6887744,140.0202287
2021/04/26 11:03:14 +0900, 35.6887884,140.0202868
2021/04/26 11:03:44 +0900, 35.6887669,140.0202233
2021/04/26 11:04:14 +0900, 35.6888079,140.0203036
2021/04/26 11:04:44 +0900, 35.6887583,140.0202079
2021/04/26 11:05:14 +0900, 35.6888022,140.020287
2021/04/26 11:05:44 +0900, 35.6887901,140.0202915
2021/04/26 11:06:14 +0900, 35.6887898,140.0202997
2021/04/26 11:06:44 +0900, 35.6887634,140.020221
2021/04/26 11:07:14 +0900, 35.6887829,140.0203243
2021/04/26 11:07:44 +0900, 35.6887919,140.0203116
2021/04/26 11:08:14 +0900, 35.6887976,140.0202998
2021/04/26 11:08:44 +0900, 35.6888051,140.020293
2021/04/26 11:09:14 +0900, 35.6888134,140.0202973
2021/04/26 11:09:44 +0900, 35.6887844,140.0202538
2021/04/26 11:10:14 +0900, 35.6887709,140.0203215
2021/04/26 11:10:44 +0900, 35.6887561,140.0202027
2021/04/26 11:14:44 +0900, 35.6887556,140.0202006
2021/04/26 11:20:59 +0900, 35.6887556,140.0202006
2021/04/26 11:28:03 +0900, 35.6887556,140.0202006
2021/04/26 11:34:01 +0900, 35.6887813,140.020328
2021/04/26 11:46:01 +0900, 35.6887813,140.020328
2021/04/26 11:47:08 +0900, 35.6887813,140.020328
2021/04/26 11:52:59 +0900, 35.6887813,140.020328
2021/04/26 11:56:03 +0900, 35.6887857,140.0203353
2021/04/26 12:02:02 +0900, 35.6887857,140.0203353
2021/04/26 12:03:26 +0900, 35.6887857,140.0203353
2021/04/26 12:03:56 +0900, 35.6887857,140.0203353
2021/04/26 12:04:26 +0900, 35.6887857,140.0203353
2021/04/26 12:04:56 +0900, 35.6887857,140.0203353
2021/04/26 12:05:26 +0900, 35.6887857,140.0203353
2021/04/26 12:05:56 +0900, 35.6887857,140.0203353
2021/04/26 12:06:26 +0900, 35.6887857,140.0203353
2021/04/26 12:06:56 +0900, 35.6887857,140.0203353
2021/04/26 12:07:26 +0900, 35.6887857,140.0203353
2021/04/26 12:07:56 +0900, 35.6887857,140.0203353
2021/04/26 12:08:26 +0900, 35.6887857,140.0203353
2021/04/26 12:08:56 +0900, 35.6887857,140.0203353
2021/04/26 12:09:26 +0900, 35.6887857,140.0203353
2021/04/26 12:09:56 +0900, 35.6887857,140.0203353
2021/04/26 12:10:26 +0900, 35.6887857,140.0203353
2021/04/26 12:10:56 +0900, 35.6887857,140.0203353
2021/04/26 12:11:26 +0900, 35.6887857,140.0203353
2021/04/26 12:11:56 +0900, 35.6887857,140.0203353
2021/04/26 12:12:26 +0900, 35.6887857,140.0203353
2021/04/26 12:13:47 +0900, 35.6887857,140.0203353
2021/04/26 12:16:35 +0900, 35.6887857,140.0203353
2021/04/26 12:17:05 +0900, 35.6887857,140.0203353
2021/04/26 12:18:52 +0900, 35.6887857,140.0203353
2021/04/26 12:20:30 +0900, 35.6887857,140.0203353
2021/04/26 12:21:03 +0900, 35.6887963,140.0202831
2021/04/26 12:21:33 +0900, 35.6887963,140.0202831
2021/04/26 12:22:03 +0900, 35.6887963,140.0202831
2021/04/26 12:24:53 +0900, 35.6887963,140.0202831
2021/04/26 12:26:23 +0900, 35.6887963,140.0202831
2021/04/26 12:27:11 +0900, 35.6887963,140.0202831
2021/04/26 12:27:41 +0900, 35.6887765,140.0209799
2021/04/26 12:28:11 +0900, 35.6887765,140.0209799
2021/04/26 12:28:41 +0900, 35.6887765,140.0209799
2021/04/26 12:29:21 +0900, 35.6887765,140.0209799
2021/04/26 12:30:23 +0900, 35.6887765,140.0209799
2021/04/26 12:32:10 +0900, 35.6885009,140.0214876
2021/04/26 12:33:06 +0900, 35.6885009,140.0214876
2021/04/26 12:33:36 +0900, 35.6884679,140.0214657
2021/04/26 12:34:06 +0900, 35.6884679,140.0214657
2021/04/26 12:34:36 +0900, 35.6884679,140.0214657
2021/04/26 12:35:06 +0900, 35.6884679,140.0214657
2021/04/26 12:35:36 +0900, 35.6884679,140.0214657
2021/04/26 12:37:23 +0900, 35.6884679,140.0214657
2021/04/26 12:37:53 +0900, 35.6884679,140.0214657
2021/04/26 12:38:23 +0900, 35.688435,140.021607
2021/04/26 12:38:53 +0900, 35.688435,140.021607
2021/04/26 12:39:23 +0900, 35.688435,140.021607
2021/04/26 12:39:53 +0900, 35.688435,140.021607
2021/04/26 12:40:23 +0900, 35.688435,140.021607
2021/04/26 12:40:53 +0900, 35.688435,140.021607
2021/04/26 12:41:23 +0900, 35.688435,140.021607
2021/04/26 12:41:53 +0900, 35.688435,140.021607
2021/04/26 12:42:23 +0900, 35.688435,140.021607
2021/04/26 12:42:53 +0900, 35.688435,140.021607
2021/04/26 12:43:23 +0900, 35.6884395,140.0215595
2021/04/26 12:43:53 +0900, 35.6884395,140.0215595
2021/04/26 12:44:23 +0900, 35.6884395,140.0215595
2021/04/26 12:44:53 +0900, 35.6884395,140.0215595
2021/04/26 12:45:23 +0900, 35.6884395,140.0215595
2021/04/26 12:45:53 +0900, 35.6884395,140.0215595
2021/04/26 12:46:23 +0900, 35.6884395,140.0215595
2021/04/26 12:47:36 +0900, 35.6884395,140.0215595
2021/04/26 12:49:01 +0900, 35.6884092,140.0216114
2021/04/26 12:50:15 +0900, 35.6892127,140.0221439
2021/04/26 12:51:51 +0900, 35.6894396,140.0222665
2021/04/26 12:52:25 +0900, 35.6894396,140.0222665
2021/04/26 12:52:55 +0900, 35.6894396,140.0222665
2021/04/26 12:56:02 +0900, 35.6894396,140.0222665
2021/04/26 13:00:01 +0900, 35.6924791,140.027497
2021/04/26 13:04:46 +0900, 35.6979084,140.0346483
2021/04/26 13:06:26 +0900, 35.704184,140.0324381
2021/04/26 13:08:04 +0900, 35.704184,140.0324381
2021/04/26 13:08:34 +0900, 35.7042274,140.0324421
2021/04/26 13:09:36 +0900, 35.7042274,140.0324421
2021/04/26 13:15:23 +0900, 35.7042274,140.0324421
2021/04/26 13:15:53 +0900, 35.7042188,140.0324374
2021/04/26 13:16:23 +0900, 35.7042188,140.0324374
2021/04/26 13:16:53 +0900, 35.7042188,140.0324374
2021/04/26 13:17:23 +0900, 35.7042188,140.0324374
2021/04/26 13:17:53 +0900, 35.7042188,140.0324374
2021/04/26 13:18:23 +0900, 35.7042188,140.0324374
2021/04/26 13:18:53 +0900, 35.7042188,140.0324374
2021/04/26 13:19:23 +0900, 35.7042188,140.0324374
2021/04/26 13:19:53 +0900, 35.7042188,140.0324374
2021/04/26 13:20:23 +0900, 35.7042188,140.0324374
2021/04/26 13:20:53 +0900, 35.7042187,140.0324551
2021/04/26 13:21:23 +0900, 35.7042187,140.0324551
2021/04/26 13:21:53 +0900, 35.7042187,140.0324551
2021/04/26 13:22:23 +0900, 35.7042187,140.0324551
2021/04/26 13:22:53 +0900, 35.7042187,140.0324551
2021/04/26 13:23:23 +0900, 35.7042187,140.0324551
2021/04/26 13:23:53 +0900, 35.7042187,140.0324551
2021/04/26 13:24:23 +0900, 35.7042187,140.0324551
2021/04/26 13:24:53 +0900, 35.7042187,140.0324551
2021/04/26 13:25:23 +0900, 35.7042187,140.0324551
2021/04/26 13:25:53 +0900, 35.7041842,140.0324018
2021/04/26 13:29:00 +0900, 35.7041842,140.0324018
2021/04/26 13:32:14 +0900, 35.7041842,140.0324018
2021/04/26 13:34:29 +0900, 35.7041842,140.0324018
2021/04/26 13:42:01 +0900, 35.7041842,140.0324018
2021/04/26 13:48:00 +0900, 35.7041842,140.0324018
2021/04/26 13:54:31 +0900, 35.7041842,140.0324018
2021/04/26 14:01:00 +0900, 35.7041842,140.0324018
2021/04/26 14:04:02 +0900, 35.7042433,140.0324591
2021/04/26 14:04:32 +0900, 35.7042433,140.0324591
2021/04/26 14:05:02 +0900, 35.7042433,140.0324591
2021/04/26 14:05:32 +0900, 35.7042433,140.0324591
2021/04/26 14:06:02 +0900, 35.7042433,140.0324591
2021/04/26 14:07:50 +0900, 35.7042433,140.0324591
2021/04/26 14:10:59 +0900, 35.7042433,140.0324591
2021/04/26 14:11:29 +0900, 35.704228,140.032494
2021/04/26 14:11:59 +0900, 35.704228,140.032494
2021/04/26 14:12:29 +0900, 35.704228,140.032494
2021/04/26 14:12:59 +0900, 35.704228,140.032494
2021/04/26 14:13:29 +0900, 35.704228,140.032494
2021/04/26 14:13:59 +0900, 35.704228,140.032494
2021/04/26 14:14:29 +0900, 35.7042219,140.0324462
2021/04/26 14:14:59 +0900, 35.7042107,140.0324241
2021/04/26 14:16:28 +0900, 35.7042522,140.0324697
2021/04/26 14:20:43 +0900, 35.7042522,140.0324697
2021/04/26 14:24:22 +0900, 35.7042522,140.0324697
2021/04/26 14:25:59 +0900, 35.7042522,140.0324697
2021/04/26 14:29:24 +0900, 35.7042522,140.0324697
2021/04/26 14:33:02 +0900, 35.7042522,140.0324697
2021/04/26 14:34:47 +0900, 35.7042522,140.0324697
2021/04/26 14:35:17 +0900, 35.7042522,140.0324697
2021/04/26 14:37:38 +0900, 35.7042522,140.0324697
2021/04/26 14:38:22 +0900, 35.7042522,140.0324697
2021/04/26 14:39:07 +0900, 35.7042522,140.0324697
2021/04/26 14:39:37 +0900, 35.7042522,140.0324697
2021/04/26 14:40:07 +0900, 35.7042522,140.0324697
2021/04/26 14:40:37 +0900, 35.7042522,140.0324697
2021/04/26 14:41:07 +0900, 35.7042197,140.0324413
2021/04/26 14:41:37 +0900, 35.7042197,140.0324413
2021/04/26 14:42:07 +0900, 35.7042197,140.0324413
2021/04/26 14:42:37 +0900, 35.7042197,140.0324413
2021/04/26 14:43:07 +0900, 35.7042197,140.0324413
2021/04/26 14:43:37 +0900, 35.7042197,140.0324413
2021/04/26 14:44:07 +0900, 35.7042264,140.032447
2021/04/26 14:44:37 +0900, 35.7042264,140.032447
2021/04/26 14:45:07 +0900, 35.7042264,140.032447
2021/04/26 14:45:37 +0900, 35.7042264,140.032447
2021/04/26 14:46:07 +0900, 35.7042264,140.032447
2021/04/26 14:46:37 +0900, 35.7042264,140.032447
2021/04/26 14:47:07 +0900, 35.7042264,140.032447
2021/04/26 14:47:37 +0900, 35.7042264,140.032447
2021/04/26 14:48:07 +0900, 35.7042264,140.032447
2021/04/26 14:48:37 +0900, 35.7042264,140.032447
2021/04/26 14:49:07 +0900, 35.7042264,140.032447
2021/04/26 14:49:37 +0900, 35.7042264,140.032447
2021/04/26 14:50:07 +0900, 35.7042494,140.0324656
2021/04/26 14:50:37 +0900, 35.7042494,140.0324656
2021/04/26 14:51:07 +0900, 35.7042494,140.0324656
2021/04/26 14:51:37 +0900, 35.7042494,140.0324656
2021/04/26 14:52:07 +0900, 35.7042494,140.0324656
2021/04/26 14:52:37 +0900, 35.7042494,140.0324656
2021/04/26 14:53:07 +0900, 35.7042494,140.0324656
2021/04/26 14:53:37 +0900, 35.7042494,140.0324656
2021/04/26 14:54:07 +0900, 35.7042494,140.0324656
2021/04/26 14:54:37 +0900, 35.7042494,140.0324656
2021/04/26 14:55:07 +0900, 35.7042494,140.0324656
2021/04/26 14:55:37 +0900, 35.7042494,140.0324656
2021/04/26 14:56:07 +0900, 35.7042494,140.0324656
2021/04/26 14:56:37 +0900, 35.7042494,140.0324656
2021/04/26 14:57:07 +0900, 35.7042494,140.0324656
2021/04/26 14:57:37 +0900, 35.7042494,140.0324656
2021/04/26 14:58:07 +0900, 35.7042494,140.0324656
2021/04/26 14:58:37 +0900, 35.7042494,140.0324656
2021/04/26 14:59:07 +0900, 35.7042494,140.0324656
2021/04/26 14:59:37 +0900, 35.7042494,140.0324656
2021/04/26 15:00:07 +0900, 35.7042494,140.0324656
2021/04/26 15:00:37 +0900, 35.7042494,140.0324656
2021/04/26 15:01:07 +0900, 35.7042494,140.0324656
2021/04/26 15:01:37 +0900, 35.7042494,140.0324656
2021/04/26 15:02:07 +0900, 35.7042494,140.0324656
2021/04/26 15:02:37 +0900, 35.7042494,140.0324656
2021/04/26 15:03:07 +0900, 35.7042494,140.0324656
2021/04/26 15:03:37 +0900, 35.7042494,140.0324656
2021/04/26 15:04:07 +0900, 35.7042494,140.0324656
2021/04/26 15:04:37 +0900, 35.7042494,140.0324656
2021/04/26 15:05:07 +0900, 35.7042494,140.0324656
2021/04/26 15:05:37 +0900, 35.7042494,140.0324656
2021/04/26 15:06:07 +0900, 35.7042494,140.0324656
2021/04/26 15:06:37 +0900, 35.7042494,140.0324656
2021/04/26 15:07:07 +0900, 35.7042494,140.0324656
2021/04/26 15:07:37 +0900, 35.7042494,140.0324656
2021/04/26 15:08:07 +0900, 35.7042494,140.0324656
2021/04/26 15:08:37 +0900, 35.7042494,140.0324656
2021/04/26 15:09:07 +0900, 35.7042494,140.0324656
2021/04/26 15:09:37 +0900, 35.7042494,140.0324656
2021/04/26 15:10:07 +0900, 35.7042494,140.0324656
2021/04/26 15:10:37 +0900, 35.7042494,140.0324656
2021/04/26 15:11:07 +0900, 35.7042494,140.0324656
2021/04/26 15:11:37 +0900, 35.7042494,140.0324656
2021/04/26 15:12:07 +0900, 35.7042494,140.0324656
2021/04/26 15:12:37 +0900, 35.7042494,140.0324656
2021/04/26 15:13:07 +0900, 35.7042494,140.0324656
2021/04/26 15:13:37 +0900, 35.7042494,140.0324656
2021/04/26 15:14:07 +0900, 35.7042494,140.0324656
2021/04/26 15:14:37 +0900, 35.7042494,140.0324656
2021/04/26 15:15:07 +0900, 35.7042494,140.0324656
2021/04/26 15:15:37 +0900, 35.7042494,140.0324656
2021/04/26 15:16:07 +0900, 35.7042494,140.0324656
2021/04/26 15:16:37 +0900, 35.7042494,140.0324656
2021/04/26 15:17:07 +0900, 35.7042494,140.0324656
2021/04/26 15:17:37 +0900, 35.7042494,140.0324656
2021/04/26 15:18:07 +0900, 35.7042494,140.0324656
2021/04/26 15:18:37 +0900, 35.7042494,140.0324656
2021/04/26 15:19:07 +0900, 35.7042494,140.0324656
2021/04/26 15:19:37 +0900, 35.7042494,140.0324656
2021/04/26 15:20:07 +0900, 35.7042494,140.0324656
2021/04/26 15:20:37 +0900, 35.7042494,140.0324656
2021/04/26 15:21:07 +0900, 35.7042494,140.0324656
2021/04/26 15:21:37 +0900, 35.7042494,140.0324656
2021/04/26 15:22:07 +0900, 35.7042494,140.0324656
2021/04/26 15:22:37 +0900, 35.7042494,140.0324656
2021/04/26 15:23:07 +0900, 35.7042494,140.0324656
2021/04/26 15:23:37 +0900, 35.7042494,140.0324656
2021/04/26 15:24:07 +0900, 35.7042494,140.0324656
2021/04/26 15:24:37 +0900, 35.7042494,140.0324656
2021/04/26 15:25:07 +0900, 35.7042494,140.0324656
2021/04/26 15:25:37 +0900, 35.7042494,140.0324656
2021/04/26 15:26:07 +0900, 35.7042494,140.0324656
2021/04/26 15:26:37 +0900, 35.7042494,140.0324656
2021/04/26 15:27:07 +0900, 35.7042494,140.0324656
2021/04/26 15:27:37 +0900, 35.7042494,140.0324656
2021/04/26 15:28:07 +0900, 35.7042494,140.0324656
2021/04/26 15:28:37 +0900, 35.7042494,140.0324656
2021/04/26 15:29:07 +0900, 35.7042494,140.0324656
2021/04/26 15:29:37 +0900, 35.7042494,140.0324656
2021/04/26 15:30:07 +0900, 35.7042494,140.0324656
2021/04/26 15:30:37 +0900, 35.7042494,140.0324656
2021/04/26 15:31:07 +0900, 35.7042494,140.0324656
2021/04/26 15:31:37 +0900, 35.7042494,140.0324656
2021/04/26 15:32:07 +0900, 35.7042494,140.0324656
2021/04/26 15:32:37 +0900, 35.7042494,140.0324656
2021/04/26 15:33:07 +0900, 35.7042494,140.0324656
2021/04/26 15:33:37 +0900, 35.7042494,140.0324656
2021/04/26 15:34:07 +0900, 35.7042494,140.0324656
2021/04/26 15:34:37 +0900, 35.7042494,140.0324656
2021/04/26 15:35:07 +0900, 35.7042494,140.0324656
2021/04/26 15:35:37 +0900, 35.7042494,140.0324656
2021/04/26 15:36:07 +0900, 35.7042494,140.0324656
2021/04/26 15:36:37 +0900, 35.7042494,140.0324656
2021/04/26 15:37:07 +0900, 35.7042494,140.0324656
2021/04/26 15:37:37 +0900, 35.7042494,140.0324656
2021/04/26 15:38:07 +0900, 35.7042494,140.0324656
2021/04/26 15:38:37 +0900, 35.7042494,140.0324656
2021/04/26 15:39:07 +0900, 35.7042494,140.0324656
2021/04/26 15:39:37 +0900, 35.7042494,140.0324656
2021/04/26 15:40:07 +0900, 35.7042494,140.0324656
2021/04/26 15:40:37 +0900, 35.7042494,140.0324656
2021/04/26 15:41:07 +0900, 35.7042494,140.0324656
2021/04/26 15:41:37 +0900, 35.7042494,140.0324656
2021/04/26 15:42:07 +0900, 35.7042494,140.0324656
2021/04/26 15:42:37 +0900, 35.7042494,140.0324656
2021/04/26 15:43:07 +0900, 35.7042494,140.0324656
2021/04/26 15:43:37 +0900, 35.7042494,140.0324656
2021/04/26 15:44:07 +0900, 35.7042494,140.0324656
2021/04/26 15:44:37 +0900, 35.7042494,140.0324656
2021/04/26 15:45:07 +0900, 35.7042494,140.0324656
2021/04/26 15:45:37 +0900, 35.7042494,140.0324656
2021/04/26 15:46:07 +0900, 35.7042494,140.0324656
2021/04/26 15:46:37 +0900, 35.7042494,140.0324656
2021/04/26 15:47:07 +0900, 35.7042494,140.0324656
2021/04/26 15:47:37 +0900, 35.7042494,140.0324656
2021/04/26 15:48:07 +0900, 35.7042494,140.0324656
2021/04/26 15:48:37 +0900, 35.7042494,140.0324656
2021/04/26 15:49:07 +0900, 35.7042494,140.0324656
2021/04/26 15:49:37 +0900, 35.7042494,140.0324656
2021/04/26 15:50:07 +0900, 35.7042494,140.0324656
2021/04/26 15:50:37 +0900, 35.7042494,140.0324656
2021/04/26 15:51:07 +0900, 35.7042494,140.0324656
2021/04/26 15:51:37 +0900, 35.7042494,140.0324656
2021/04/26 15:52:07 +0900, 35.7042494,140.0324656
2021/04/26 15:52:37 +0900, 35.7042494,140.0324656
2021/04/26 15:53:07 +0900, 35.7042494,140.0324656
2021/04/26 15:53:37 +0900, 35.7042494,140.0324656
2021/04/26 15:54:07 +0900, 35.7042494,140.0324656
2021/04/26 15:54:37 +0900, 35.7042494,140.0324656
2021/04/26 15:55:07 +0900, 35.7042494,140.0324656
2021/04/26 15:55:37 +0900, 35.7042494,140.0324656
2021/04/26 15:56:07 +0900, 35.7042494,140.0324656
2021/04/26 15:56:37 +0900, 35.7042494,140.0324656
2021/04/26 15:57:07 +0900, 35.7042494,140.0324656
2021/04/26 15:57:37 +0900, 35.7042494,140.0324656
2021/04/26 15:58:07 +0900, 35.7042494,140.0324656
2021/04/26 15:58:37 +0900, 35.7042494,140.0324656
2021/04/26 15:59:07 +0900, 35.7042494,140.0324656
2021/04/26 15:59:37 +0900, 35.7042494,140.0324656
2021/04/26 16:00:07 +0900, 35.7042494,140.0324656
2021/04/26 16:00:37 +0900, 35.7042494,140.0324656
2021/04/26 16:01:07 +0900, 35.7042494,140.0324656
2021/04/26 16:01:37 +0900, 35.7042494,140.0324656
2021/04/26 16:02:07 +0900, 35.7042494,140.0324656
2021/04/26 16:02:37 +0900, 35.7042494,140.0324656
2021/04/26 16:03:07 +0900, 35.7042494,140.0324656
2021/04/26 16:03:37 +0900, 35.7042494,140.0324656
2021/04/26 16:04:07 +0900, 35.7042494,140.0324656
2021/04/26 16:04:37 +0900, 35.7042494,140.0324656
2021/04/26 16:05:07 +0900, 35.7042494,140.0324656
2021/04/26 16:05:37 +0900, 35.7042494,140.0324656
2021/04/26 16:06:07 +0900, 35.7042494,140.0324656
2021/04/26 16:06:37 +0900, 35.7042494,140.0324656
2021/04/26 16:07:07 +0900, 35.7042494,140.0324656
2021/04/26 16:07:37 +0900, 35.7042494,140.0324656
2021/04/26 16:08:07 +0900, 35.7042494,140.0324656
2021/04/26 16:08:37 +0900, 35.7042494,140.0324656
2021/04/26 16:09:07 +0900, 35.7042494,140.0324656
2021/04/26 16:09:37 +0900, 35.7042494,140.0324656
2021/04/26 16:10:07 +0900, 35.7042494,140.0324656
2021/04/26 16:10:37 +0900, 35.7042494,140.0324656
2021/04/26 16:11:07 +0900, 35.7042494,140.0324656
2021/04/26 16:11:37 +0900, 35.7042494,140.0324656
2021/04/26 16:12:07 +0900, 35.7042494,140.0324656
2021/04/26 16:12:37 +0900, 35.7042494,140.0324656
2021/04/26 16:13:07 +0900, 35.7042494,140.0324656
2021/04/26 16:13:37 +0900, 35.7042494,140.0324656
2021/04/26 16:14:07 +0900, 35.7042494,140.0324656
2021/04/26 16:14:37 +0900, 35.7042494,140.0324656
2021/04/26 16:15:07 +0900, 35.7042494,140.0324656
2021/04/26 16:15:37 +0900, 35.7042494,140.0324656
2021/04/26 16:16:07 +0900, 35.7042494,140.0324656
2021/04/26 16:19:01 +0900, 35.7042494,140.0324656
2021/04/26 16:21:23 +0900, 35.7042494,140.0324656
2021/04/26 16:21:53 +0900, 35.7042494,140.0324656
2021/04/26 16:22:23 +0900, 35.7042494,140.0324656
2021/04/26 16:22:53 +0900, 35.7042494,140.0324656
2021/04/26 16:23:23 +0900, 35.7042494,140.0324656
2021/04/26 16:23:53 +0900, 35.7042494,140.0324656
2021/04/26 16:24:23 +0900, 35.7042494,140.0324656
2021/04/26 16:24:53 +0900, 35.7042494,140.0324656
2021/04/26 16:25:23 +0900, 35.7042494,140.0324656
2021/04/26 16:25:53 +0900, 35.7042494,140.0324656
2021/04/26 16:26:23 +0900, 35.7042494,140.0324656
2021/04/26 16:28:01 +0900, 35.7042494,140.0324656
2021/04/26 16:34:59 +0900, 35.7042494,140.0324656
2021/04/26 16:35:47 +0900, 35.7042494,140.0324656
2021/04/26 16:36:17 +0900, 35.7042494,140.0324656
2021/04/26 16:36:47 +0900, 35.7042494,140.0324656
2021/04/26 16:37:17 +0900, 35.7042494,140.0324656
2021/04/26 16:37:47 +0900, 35.704224,140.0324604
2021/04/26 16:38:17 +0900, 35.704224,140.0324604
2021/04/26 16:38:47 +0900, 35.704224,140.0324604
2021/04/26 16:39:17 +0900, 35.704224,140.0324604
2021/04/26 16:39:47 +0900, 35.704224,140.0324604
2021/04/26 16:40:17 +0900, 35.704224,140.0324604
2021/04/26 16:40:47 +0900, 35.704224,140.0324604
2021/04/26 16:41:17 +0900, 35.704224,140.0324604
2021/04/26 16:41:47 +0900, 35.704224,140.0324604
2021/04/26 16:42:17 +0900, 35.704224,140.0324604
2021/04/26 16:42:47 +0900, 35.704224,140.0324604
2021/04/26 16:43:17 +0900, 35.704224,140.0324604
2021/04/26 16:43:47 +0900, 35.704224,140.0324604
2021/04/26 16:44:17 +0900, 35.704224,140.0324604
2021/04/26 16:44:47 +0900, 35.704224,140.0324604
2021/04/26 16:45:17 +0900, 35.704224,140.0324604
2021/04/26 16:45:47 +0900, 35.704224,140.0324604
2021/04/26 16:46:17 +0900, 35.704224,140.0324604
2021/04/26 16:46:47 +0900, 35.704224,140.0324604
2021/04/26 16:47:17 +0900, 35.704224,140.0324604
2021/04/26 16:47:47 +0900, 35.704224,140.0324604
2021/04/26 16:48:17 +0900, 35.704224,140.0324604
2021/04/26 16:48:47 +0900, 35.704224,140.0324604
2021/04/26 16:49:17 +0900, 35.704224,140.0324604
2021/04/26 16:49:47 +0900, 35.704224,140.0324604
2021/04/26 16:50:17 +0900, 35.704224,140.0324604
2021/04/26 16:50:47 +0900, 35.704224,140.0324604
2021/04/26 16:51:17 +0900, 35.704224,140.0324604
2021/04/26 16:51:47 +0900, 35.704224,140.0324604
2021/04/26 16:52:17 +0900, 35.704224,140.0324604
2021/04/26 16:52:47 +0900, 35.704224,140.0324604
2021/04/26 16:53:17 +0900, 35.704224,140.0324604
2021/04/26 16:53:47 +0900, 35.704224,140.0324604
2021/04/26 16:54:17 +0900, 35.704224,140.0324604
2021/04/26 16:54:47 +0900, 35.704224,140.0324604
2021/04/26 16:55:17 +0900, 35.704224,140.0324604
2021/04/26 16:55:47 +0900, 35.704224,140.0324604
2021/04/26 16:56:17 +0900, 35.704224,140.0324604
2021/04/26 16:56:47 +0900, 35.704224,140.0324604
2021/04/26 16:57:17 +0900, 35.704224,140.0324604
2021/04/26 16:57:47 +0900, 35.704224,140.0324604
2021/04/26 16:58:17 +0900, 35.704224,140.0324604
2021/04/26 16:58:47 +0900, 35.704224,140.0324604
2021/04/26 16:59:17 +0900, 35.704224,140.0324604
2021/04/26 16:59:47 +0900, 35.704224,140.0324604
2021/04/26 17:00:17 +0900, 35.7042257,140.0324448
2021/04/26 17:00:47 +0900, 35.7042257,140.0324448
2021/04/26 17:01:17 +0900, 35.7042257,140.0324448
2021/04/26 17:01:47 +0900, 35.7042257,140.0324448
2021/04/26 17:02:17 +0900, 35.7042257,140.0324448
2021/04/26 17:02:47 +0900, 35.7042257,140.0324448
2021/04/26 17:03:17 +0900, 35.7042257,140.0324448
2021/04/26 17:03:47 +0900, 35.7042257,140.0324448
2021/04/26 17:04:17 +0900, 35.7042257,140.0324448
2021/04/26 17:04:47 +0900, 35.7042257,140.0324448
2021/04/26 17:05:17 +0900, 35.7042257,140.0324448
2021/04/26 17:05:47 +0900, 35.7042257,140.0324448
2021/04/26 17:11:02 +0900, 35.7042257,140.0324448
2021/04/26 17:17:29 +0900, 35.7042257,140.0324448
2021/04/26 17:20:22 +0900, 35.7042257,140.0324448
2021/04/26 17:20:52 +0900, 35.7042257,140.0324448
2021/04/26 17:23:02 +0900, 35.7042257,140.0324448
2021/04/26 17:24:38 +0900, 35.7042257,140.0324448
2021/04/26 17:27:39 +0900, 35.7042257,140.0324448
2021/04/26 17:29:03 +0900, 35.7042257,140.0324448
2021/04/26 17:30:46 +0900, 35.7042257,140.0324448
2021/04/26 17:33:28 +0900, 35.7042257,140.0324448
2021/04/26 17:35:13 +0900, 35.7042257,140.0324448
2021/04/26 17:35:57 +0900, 35.7042257,140.0324448
2021/04/26 17:36:27 +0900, 35.7042257,140.0324448
2021/04/26 17:36:57 +0900, 35.7042257,140.0324448
2021/04/26 17:37:27 +0900, 35.7042257,140.0324448
2021/04/26 17:37:57 +0900, 35.7042257,140.0324448
2021/04/26 17:40:27 +0900, 35.7042257,140.0324448
2021/04/26 17:47:06 +0900, 35.7042257,140.0324448
2021/04/26 17:53:02 +0900, 35.7042257,140.0324448
2021/04/26 17:56:27 +0900, 35.704228,140.0324622
2021/04/26 17:59:32 +0900, 35.704228,140.0324622
2021/04/26 18:01:14 +0900, 35.704228,140.0324622
2021/04/26 18:02:37 +0900, 35.704228,140.0324622
2021/04/26 18:03:17 +0900, 35.704228,140.0324648
2021/04/26 18:03:50 +0900, 35.704228,140.0324648
2021/04/26 18:04:20 +0900, 35.704228,140.0324648
2021/04/26 18:06:11 +0900, 35.704228,140.0324648
2021/04/26 18:11:09 +0900, 35.704228,140.0324648
2021/04/26 18:11:42 +0900, 35.704228,140.0324648
2021/04/26 18:12:12 +0900, 35.704228,140.0324648
2021/04/26 18:12:42 +0900, 35.704228,140.0324648
2021/04/26 18:13:12 +0900, 35.704228,140.0324648
2021/04/26 18:13:42 +0900, 35.7073672,140.0358897
2021/04/26 18:14:12 +0900, 35.7073672,140.0358897
2021/04/26 18:14:46 +0900, 35.7073672,140.0358897
2021/04/26 18:15:16 +0900, 35.7073672,140.0358897
2021/04/26 18:15:46 +0900, 35.7073672,140.0358897
2021/04/26 18:16:16 +0900, 35.7073672,140.0358897
2021/04/26 18:17:01 +0900, 35.7073672,140.0358897
2021/04/26 18:19:04 +0900, 35.7073672,140.0358897
2021/04/26 18:19:42 +0900, 35.7073672,140.0358897
2021/04/26 18:21:20 +0900, 35.7081052,140.032081
2021/04/26 18:24:49 +0900, 35.7081052,140.032081
2021/04/26 18:27:21 +0900, 35.706747,140.03522
2021/04/26 18:27:51 +0900, 35.7067915,140.0352901
2021/04/26 18:28:21 +0900, 35.7067915,140.0352901
2021/04/26 18:29:03 +0900, 35.7067915,140.0352901
2021/04/26 18:29:52 +0900, 35.7067915,140.0352901
2021/04/26 18:30:22 +0900, 35.7067963,140.0353103
2021/04/26 18:30:52 +0900, 35.7065899,140.035529
2021/04/26 18:31:22 +0900, 35.7065402,140.035094
2021/04/26 18:31:52 +0900, 35.7065402,140.035094
2021/04/26 18:32:22 +0900, 35.7065402,140.035094
2021/04/26 18:32:52 +0900, 35.7065402,140.035094
2021/04/26 18:33:22 +0900, 35.7065402,140.035094
2021/04/26 18:33:52 +0900, 35.7043828,140.0332108
2021/04/26 18:34:22 +0900, 35.7043828,140.0332108
2021/04/26 18:34:52 +0900, 35.7043828,140.0332108
2021/04/26 18:35:22 +0900, 35.7043828,140.0332108
2021/04/26 18:35:52 +0900, 35.7051597,140.0334243
2021/04/26 18:36:22 +0900, 35.7051597,140.0334243
2021/04/26 18:36:52 +0900, 35.7050081,140.033491
2021/04/26 18:37:22 +0900, 35.7047851,140.0334019
2021/04/26 18:37:52 +0900, 35.7047851,140.0334019
2021/04/26 18:38:22 +0900, 35.7047851,140.0334019
2021/04/26 18:38:52 +0900, 35.7047851,140.0334019
2021/04/26 18:39:22 +0900, 35.7047851,140.0334019
2021/04/26 18:39:52 +0900, 35.7042316,140.0324597
2021/04/26 18:40:22 +0900, 35.7042316,140.0324597
2021/04/26 18:40:52 +0900, 35.7042285,140.0324505
2021/04/26 18:41:22 +0900, 35.7042285,140.0324505
2021/04/26 18:41:52 +0900, 35.7042285,140.0324505
2021/04/26 18:42:22 +0900, 35.7042285,140.0324505
2021/04/26 18:42:52 +0900, 35.7042277,140.0324644
2021/04/26 18:43:22 +0900, 35.7042277,140.0324644
2021/04/26 18:43:52 +0900, 35.7042277,140.0324644
2021/04/26 18:44:22 +0900, 35.7042277,140.0324644
2021/04/26 18:44:52 +0900, 35.7042277,140.0324644
2021/04/26 18:45:22 +0900, 35.7042277,140.0324644
2021/04/26 18:45:52 +0900, 35.7042277,140.0324644
2021/04/26 18:46:22 +0900, 35.7042118,140.0324377
2021/04/26 18:46:52 +0900, 35.7042118,140.0324377
2021/04/26 18:47:22 +0900, 35.7042135,140.0324142
2021/04/26 18:47:52 +0900, 35.7042135,140.0324142
2021/04/26 18:48:22 +0900, 35.7042135,140.0324142
2021/04/26 18:51:01 +0900, 35.7042135,140.0324142
2021/04/26 18:53:45 +0900, 35.7042135,140.0324142
2021/04/26 18:55:02 +0900, 35.7042135,140.0324142
2021/04/26 18:55:56 +0900, 35.7042135,140.0324142
2021/04/26 18:56:27 +0900, 35.7042135,140.0324142
2021/04/26 18:56:57 +0900, 35.7042135,140.0324142
2021/04/26 18:57:27 +0900, 35.7042135,140.0324142
2021/04/26 18:57:57 +0900, 35.7042135,140.0324142
2021/04/26 18:58:27 +0900, 35.7042135,140.0324142
2021/04/26 18:58:57 +0900, 35.7042135,140.0324142
2021/04/26 18:59:27 +0900, 35.7042135,140.0324142
2021/04/26 18:59:57 +0900, 35.7042135,140.0324142
2021/04/26 19:00:27 +0900, 35.7042135,140.0324142
2021/04/26 19:00:57 +0900, 35.7042135,140.0324142
2021/04/26 19:01:27 +0900, 35.7042135,140.0324142
2021/04/26 19:01:57 +0900, 35.7042135,140.0324142
2021/04/26 19:02:27 +0900, 35.7042135,140.0324142
2021/04/26 19:02:57 +0900, 35.7042135,140.0324142
2021/04/26 19:03:27 +0900, 35.7042135,140.0324142
2021/04/26 19:03:57 +0900, 35.7042135,140.0324142
2021/04/26 19:04:27 +0900, 35.7042135,140.0324142
2021/04/26 19:04:57 +0900, 35.7042135,140.0324142
2021/04/26 19:05:27 +0900, 35.7042135,140.0324142
2021/04/26 19:05:57 +0900, 35.7042135,140.0324142
2021/04/26 19:06:27 +0900, 35.7042135,140.0324142
2021/04/26 19:06:57 +0900, 35.7042135,140.0324142
2021/04/26 19:07:27 +0900, 35.7042135,140.0324142
2021/04/26 19:07:57 +0900, 35.7042135,140.0324142
2021/04/26 19:08:27 +0900, 35.7042135,140.0324142
2021/04/26 19:08:57 +0900, 35.7042135,140.0324142
2021/04/26 19:09:27 +0900, 35.7042135,140.0324142
2021/04/26 19:09:57 +0900, 35.7042135,140.0324142
2021/04/26 19:10:27 +0900, 35.7042135,140.0324142
2021/04/26 19:10:57 +0900, 35.7042135,140.0324142
2021/04/26 19:11:27 +0900, 35.7042135,140.0324142
2021/04/26 19:11:57 +0900, 35.7042135,140.0324142
2021/04/26 19:12:27 +0900, 35.7042135,140.0324142
2021/04/26 19:12:57 +0900, 35.7042135,140.0324142
2021/04/26 19:13:27 +0900, 35.7042135,140.0324142
2021/04/26 19:13:57 +0900, 35.7042135,140.0324142
2021/04/26 19:14:27 +0900, 35.7042135,140.0324142
2021/04/26 19:14:57 +0900, 35.7042135,140.0324142
2021/04/26 19:15:27 +0900, 35.7042135,140.0324142
2021/04/26 19:15:57 +0900, 35.7042135,140.0324142
2021/04/26 19:16:27 +0900, 35.7042135,140.0324142
2021/04/26 19:16:57 +0900, 35.7042135,140.0324142
2021/04/26 19:17:27 +0900, 35.7042135,140.0324142
2021/04/26 19:17:57 +0900, 35.7042135,140.0324142
2021/04/26 19:18:27 +0900, 35.7042135,140.0324142
2021/04/26 19:18:57 +0900, 35.7042135,140.0324142
2021/04/26 19:19:27 +0900, 35.7042135,140.0324142
2021/04/26 19:19:57 +0900, 35.7042135,140.0324142
2021/04/26 19:20:27 +0900, 35.7042135,140.0324142
2021/04/26 19:20:57 +0900, 35.7042135,140.0324142
2021/04/26 19:21:27 +0900, 35.7042135,140.0324142
2021/04/26 19:21:57 +0900, 35.7042135,140.0324142
2021/04/26 19:22:27 +0900, 35.7042135,140.0324142
2021/04/26 19:22:57 +0900, 35.7042135,140.0324142
2021/04/26 19:23:27 +0900, 35.7042135,140.0324142
2021/04/26 19:23:57 +0900, 35.7042135,140.0324142
2021/04/26 19:24:27 +0900, 35.7042375,140.0324551
2021/04/26 19:24:57 +0900, 35.7042375,140.0324551
2021/04/26 19:25:27 +0900, 35.7042375,140.0324551
2021/04/26 19:25:57 +0900, 35.7042375,140.0324551
2021/04/26 19:26:27 +0900, 35.7042375,140.0324551
2021/04/26 19:26:57 +0900, 35.7042375,140.0324551
2021/04/26 19:27:27 +0900, 35.7042375,140.0324551
2021/04/26 19:27:57 +0900, 35.7042375,140.0324551
2021/04/26 19:28:27 +0900, 35.7042375,140.0324551
2021/04/26 19:28:57 +0900, 35.7042375,140.0324551
2021/04/26 19:29:27 +0900, 35.7042375,140.0324551
2021/04/26 19:29:57 +0900, 35.7042375,140.0324551
2021/04/26 19:30:27 +0900, 35.7042375,140.0324551
2021/04/26 19:30:57 +0900, 35.7042375,140.0324551
2021/04/26 19:31:27 +0900, 35.7042375,140.0324551
2021/04/26 19:31:57 +0900, 35.7042375,140.0324551
2021/04/26 19:32:27 +0900, 35.7042375,140.0324551
2021/04/26 19:32:57 +0900, 35.7042375,140.0324551
2021/04/26 19:33:27 +0900, 35.7042375,140.0324551
2021/04/26 19:33:57 +0900, 35.7042375,140.0324551
2021/04/26 19:34:27 +0900, 35.7042375,140.0324551
2021/04/26 19:34:57 +0900, 35.7042375,140.0324551
2021/04/26 19:35:27 +0900, 35.7042375,140.0324551
2021/04/26 19:35:57 +0900, 35.7042375,140.0324551
2021/04/26 19:36:27 +0900, 35.7042375,140.0324551
2021/04/26 19:36:57 +0900, 35.7042375,140.0324551
2021/04/26 19:37:27 +0900, 35.7042375,140.0324551
2021/04/26 19:37:57 +0900, 35.7042375,140.0324551
2021/04/26 19:38:27 +0900, 35.7042375,140.0324551
2021/04/26 19:38:57 +0900, 35.7042375,140.0324551
2021/04/26 19:39:27 +0900, 35.7042375,140.0324551
2021/04/26 19:39:57 +0900, 35.7042375,140.0324551
2021/04/26 19:40:27 +0900, 35.7042375,140.0324551
2021/04/26 19:40:57 +0900, 35.7042375,140.0324551
2021/04/26 19:41:27 +0900, 35.7042375,140.0324551
2021/04/26 19:41:57 +0900, 35.7042375,140.0324551
2021/04/26 19:46:41 +0900, 35.7042375,140.0324551
2021/04/26 19:53:01 +0900, 35.7042375,140.0324551
2021/04/26 19:53:48 +0900, 35.7042375,140.0324551
2021/04/26 19:54:18 +0900, 35.7042058,140.0324154
2021/04/26 19:54:48 +0900, 35.7042058,140.0324154
2021/04/26 19:55:18 +0900, 35.7042058,140.0324154
2021/04/26 19:55:48 +0900, 35.7042058,140.0324154
2021/04/26 19:56:18 +0900, 35.7042058,140.0324154
2021/04/26 19:56:48 +0900, 35.7042058,140.0324154
2021/04/26 19:58:08 +0900, 35.7042058,140.0324154
2021/04/26 19:58:38 +0900, 35.7041857,140.0323926
2021/04/26 19:59:08 +0900, 35.7041857,140.0323926
2021/04/26 19:59:38 +0900, 35.7041857,140.0323926
2021/04/26 20:00:08 +0900, 35.7041857,140.0323926
2021/04/26 20:00:38 +0900, 35.7041857,140.0323926
2021/04/26 20:01:08 +0900, 35.7041857,140.0323926
2021/04/26 20:01:38 +0900, 35.7041857,140.0323926
2021/04/26 20:02:08 +0900, 35.7041857,140.0323926
2021/04/26 20:02:38 +0900, 35.7041857,140.0323926
2021/04/26 20:03:08 +0900, 35.7041857,140.0323926
2021/04/26 20:03:38 +0900, 35.7041857,140.0323926
2021/04/26 20:04:08 +0900, 35.7041857,140.0323926
2021/04/26 20:04:38 +0900, 35.7041857,140.0323926
2021/04/26 20:05:08 +0900, 35.7041857,140.0323926
2021/04/26 20:05:38 +0900, 35.7041857,140.0323926
2021/04/26 20:06:08 +0900, 35.7041857,140.0323926
2021/04/26 20:06:38 +0900, 35.7041857,140.0323926
2021/04/26 20:07:08 +0900, 35.7041857,140.0323926
2021/04/26 20:07:38 +0900, 35.7041857,140.0323926
2021/04/26 20:08:08 +0900, 35.7041857,140.0323926
2021/04/26 20:09:19 +0900, 35.7041857,140.0323926
2021/04/26 20:13:02 +0900, 35.7041857,140.0323926
2021/04/26 20:19:01 +0900, 35.7041857,140.0323926
2021/04/26 20:22:25 +0900, 35.7041857,140.0323926
2021/04/26 20:27:36 +0900, 35.7041857,140.0323926
2021/04/26 20:32:59 +0900, 35.7041857,140.0323926
2021/04/26 20:42:56 +0900, 35.7041857,140.0323926
2021/04/26 20:46:53 +0900, 35.7041857,140.0323926
2021/04/26 20:55:01 +0900, 35.7041857,140.0323926
2021/04/26 21:02:32 +0900, 35.7041857,140.0323926
2021/04/26 21:04:10 +0900, 35.7041857,140.0323926
2021/04/26 21:12:01 +0900, 35.7041857,140.0323926
2021/04/26 21:19:16 +0900, 35.7041857,140.0323926
2021/04/26 21:21:38 +0900, 35.7041985,140.0324108
2021/04/26 21:31:01 +0900, 35.7041985,140.0324108
2021/04/26 21:41:00 +0900, 35.7041985,140.0324108
2021/04/26 21:52:58 +0900, 35.7041985,140.0324108
2021/04/26 22:01:40 +0900, 35.7041985,140.0324108
2021/04/26 22:05:24 +0900, 35.7041985,140.0324108
2021/04/26 22:06:02 +0900, 35.7041985,140.0324108
2021/04/26 22:06:32 +0900, 35.7041985,140.0324108
2021/04/26 22:14:03 +0900, 35.7041985,140.0324108
2021/04/26 22:18:20 +0900, 35.7041985,140.0324108
2021/04/26 22:19:17 +0900, 35.7041985,140.0324108
2021/04/26 22:25:00 +0900, 35.7041985,140.0324108
2021/04/26 22:28:15 +0900, 35.7041985,140.0324108
2021/04/26 22:30:01 +0900, 35.7041985,140.0324108
2021/04/26 22:35:46 +0900, 35.7041985,140.0324108
2021/04/26 22:40:55 +0900, 35.7041985,140.0324108
2021/04/26 22:44:30 +0900, 35.7041985,140.0324108
2021/04/26 22:54:18 +0900, 35.7041985,140.0324108
2021/04/26 23:02:14 +0900, 35.7041985,140.0324108
2021/04/26 23:18:32 +0900, 35.7041985,140.0324108
2021/04/26 23:34:06 +0900, 35.7041985,140.0324108
2021/04/26 23:48:25 +0900, 35.7041985,140.0324108
2021/04/26 23:56:22 +0900, 35.7041985,140.0324108
2021/04/26 23:58:06 +0900, 35.7041985,140.0324108
2021/04/26 23:58:36 +0900, 35.7041985,140.0324108
2021/04/26 23:59:06 +0900, 35.7041985,140.0324108
2021/04/26 23:59:36 +0900, 35.7041985,140.0324108
