2021/05/08 00:01:57 +0900, 35.7042231,140.0324476
2021/05/08 00:16:11 +0900, 35.7042231,140.0324476
2021/05/08 00:22:10 +0900, 35.7042231,140.0324476
2021/05/08 00:38:38 +0900, 35.7042231,140.0324476
2021/05/08 00:46:44 +0900, 35.7042221,140.0324341
2021/05/08 00:50:53 +0900, 35.7042221,140.0324341
2021/05/08 00:51:23 +0900, 35.7041933,140.0324144
2021/05/08 00:51:53 +0900, 35.7041933,140.0324144
2021/05/08 00:52:23 +0900, 35.7041933,140.0324144
2021/05/08 00:52:53 +0900, 35.7042189,140.0324536
2021/05/08 00:53:23 +0900, 35.7042189,140.0324536
2021/05/08 00:53:53 +0900, 35.7042189,140.0324536
2021/05/08 00:54:23 +0900, 35.7042377,140.0324593
2021/05/08 00:54:53 +0900, 35.7042377,140.0324593
2021/05/08 00:55:23 +0900, 35.7042377,140.0324593
2021/05/08 00:55:53 +0900, 35.7042377,140.0324593
2021/05/08 00:56:23 +0900, 35.7042377,140.0324593
2021/05/08 00:56:53 +0900, 35.7042377,140.0324593
2021/05/08 00:57:23 +0900, 35.7042377,140.0324593
2021/05/08 00:57:53 +0900, 35.7042377,140.0324593
2021/05/08 00:58:23 +0900, 35.7042377,140.0324593
2021/05/08 00:58:53 +0900, 35.7042377,140.0324593
2021/05/08 00:59:23 +0900, 35.7042377,140.0324593
2021/05/08 00:59:53 +0900, 35.7042377,140.0324593
2021/05/08 01:00:23 +0900, 35.7042377,140.0324593
2021/05/08 01:00:53 +0900, 35.7042377,140.0324593
2021/05/08 01:01:23 +0900, 35.7042377,140.0324593
2021/05/08 01:01:54 +0900, 35.7042377,140.0324593
2021/05/08 01:09:19 +0900, 35.7042377,140.0324593
2021/05/08 01:18:49 +0900, 35.7042377,140.0324593
2021/05/08 01:25:07 +0900, 35.7042377,140.0324593
2021/05/08 01:28:24 +0900, 35.7042118,140.0324404
2021/05/08 01:28:54 +0900, 35.7042118,140.0324404
2021/05/08 01:29:24 +0900, 35.7042118,140.0324404
2021/05/08 01:29:54 +0900, 35.7042118,140.0324404
2021/05/08 01:30:24 +0900, 35.7042118,140.0324404
2021/05/08 01:30:54 +0900, 35.7042118,140.0324404
2021/05/08 01:31:24 +0900, 35.7042118,140.0324404
2021/05/08 01:31:54 +0900, 35.7042118,140.0324404
2021/05/08 01:32:24 +0900, 35.7042118,140.0324404
2021/05/08 01:32:54 +0900, 35.7042118,140.0324404
2021/05/08 01:33:24 +0900, 35.7042118,140.0324404
2021/05/08 01:33:54 +0900, 35.7042118,140.0324404
2021/05/08 01:34:24 +0900, 35.7042118,140.0324404
2021/05/08 01:34:54 +0900, 35.7042118,140.0324404
2021/05/08 01:35:24 +0900, 35.7042118,140.0324404
2021/05/08 01:35:54 +0900, 35.7042341,140.032454
2021/05/08 01:36:24 +0900, 35.7042309,140.0324519
2021/05/08 01:36:54 +0900, 35.7042309,140.0324519
2021/05/08 01:37:24 +0900, 35.7042309,140.0324519
2021/05/08 01:37:54 +0900, 35.7042309,140.0324519
2021/05/08 01:38:24 +0900, 35.7042309,140.0324519
2021/05/08 01:38:54 +0900, 35.7042309,140.0324519
2021/05/08 01:39:24 +0900, 35.7042309,140.0324519
2021/05/08 01:39:54 +0900, 35.7042309,140.0324519
2021/05/08 01:40:24 +0900, 35.7042309,140.0324519
2021/05/08 01:40:54 +0900, 35.7042309,140.0324519
2021/05/08 01:41:24 +0900, 35.7042309,140.0324519
2021/05/08 01:41:54 +0900, 35.7042309,140.0324519
2021/05/08 01:42:24 +0900, 35.7042309,140.0324519
2021/05/08 01:42:54 +0900, 35.7042309,140.0324519
2021/05/08 01:43:24 +0900, 35.7042309,140.0324519
2021/05/08 01:43:54 +0900, 35.7042309,140.0324519
2021/05/08 01:44:24 +0900, 35.7042309,140.0324519
2021/05/08 01:44:54 +0900, 35.7042309,140.0324519
2021/05/08 01:45:24 +0900, 35.7042309,140.0324519
2021/05/08 01:45:54 +0900, 35.7042309,140.0324519
2021/05/08 01:46:24 +0900, 35.7042309,140.0324519
2021/05/08 01:46:54 +0900, 35.7042309,140.0324519
2021/05/08 01:47:24 +0900, 35.7042309,140.0324519
2021/05/08 01:47:54 +0900, 35.7042309,140.0324519
2021/05/08 01:48:24 +0900, 35.7042309,140.0324519
2021/05/08 01:48:54 +0900, 35.7042309,140.0324519
2021/05/08 01:49:24 +0900, 35.7042309,140.0324519
2021/05/08 01:49:54 +0900, 35.7042309,140.0324519
2021/05/08 01:50:24 +0900, 35.7042309,140.0324519
2021/05/08 01:50:54 +0900, 35.7042309,140.0324519
2021/05/08 01:51:24 +0900, 35.7042309,140.0324519
2021/05/08 01:51:54 +0900, 35.7042309,140.0324519
2021/05/08 01:52:24 +0900, 35.7042309,140.0324519
2021/05/08 01:52:54 +0900, 35.7042309,140.0324519
2021/05/08 01:53:24 +0900, 35.7042309,140.0324519
2021/05/08 01:53:54 +0900, 35.7042309,140.0324519
2021/05/08 01:54:24 +0900, 35.7042309,140.0324519
2021/05/08 01:54:54 +0900, 35.7042309,140.0324519
2021/05/08 01:55:24 +0900, 35.7042309,140.0324519
2021/05/08 01:55:54 +0900, 35.7042309,140.0324519
2021/05/08 01:56:24 +0900, 35.7042309,140.0324519
2021/05/08 01:56:54 +0900, 35.7042309,140.0324519
2021/05/08 01:57:24 +0900, 35.7042309,140.0324519
2021/05/08 01:57:54 +0900, 35.7042309,140.0324519
2021/05/08 01:58:24 +0900, 35.7042309,140.0324519
2021/05/08 01:58:54 +0900, 35.7042309,140.0324519
2021/05/08 01:59:24 +0900, 35.7042309,140.0324519
2021/05/08 01:59:54 +0900, 35.7042309,140.0324519
2021/05/08 02:00:24 +0900, 35.7042309,140.0324519
2021/05/08 02:00:54 +0900, 35.7042309,140.0324519
2021/05/08 02:01:24 +0900, 35.7042309,140.0324519
2021/05/08 02:01:54 +0900, 35.7042309,140.0324519
2021/05/08 02:02:24 +0900, 35.7042309,140.0324519
2021/05/08 02:02:54 +0900, 35.7042309,140.0324519
2021/05/08 02:03:24 +0900, 35.7042309,140.0324519
2021/05/08 02:03:54 +0900, 35.7042309,140.0324519
2021/05/08 02:04:24 +0900, 35.7042309,140.0324519
2021/05/08 02:04:54 +0900, 35.7042309,140.0324519
2021/05/08 02:05:24 +0900, 35.7042309,140.0324519
2021/05/08 02:05:54 +0900, 35.7042309,140.0324519
2021/05/08 02:06:24 +0900, 35.7042278,140.0324621
2021/05/08 02:06:54 +0900, 35.7042278,140.0324621
2021/05/08 02:07:24 +0900, 35.7042278,140.0324621
2021/05/08 02:07:54 +0900, 35.7042278,140.0324621
2021/05/08 02:08:24 +0900, 35.7042278,140.0324621
2021/05/08 02:08:54 +0900, 35.7042278,140.0324621
2021/05/08 02:09:24 +0900, 35.7042278,140.0324621
2021/05/08 02:09:54 +0900, 35.7042278,140.0324621
2021/05/08 02:10:24 +0900, 35.7042278,140.0324621
2021/05/08 02:10:54 +0900, 35.7042278,140.0324621
2021/05/08 02:11:24 +0900, 35.7042278,140.0324621
2021/05/08 02:11:54 +0900, 35.7042278,140.0324621
2021/05/08 02:12:24 +0900, 35.7042278,140.0324621
2021/05/08 02:12:54 +0900, 35.7042278,140.0324621
2021/05/08 02:13:24 +0900, 35.7042278,140.0324621
2021/05/08 02:13:54 +0900, 35.7042278,140.0324621
2021/05/08 02:14:24 +0900, 35.7042278,140.0324621
2021/05/08 02:14:54 +0900, 35.7042278,140.0324621
2021/05/08 02:15:24 +0900, 35.7042278,140.0324621
2021/05/08 02:15:54 +0900, 35.7042278,140.0324621
2021/05/08 02:16:24 +0900, 35.7042278,140.0324621
2021/05/08 02:16:54 +0900, 35.7042278,140.0324621
2021/05/08 02:17:24 +0900, 35.7042278,140.0324621
2021/05/08 02:24:19 +0900, 35.7042278,140.0324621
2021/05/08 02:24:48 +0900, 35.7042278,140.0324621
2021/05/08 02:25:18 +0900, 35.7042278,140.0324621
2021/05/08 02:25:48 +0900, 35.7042278,140.0324621
2021/05/08 02:26:18 +0900, 35.7042278,140.0324621
2021/05/08 02:26:48 +0900, 35.7042278,140.0324621
2021/05/08 02:27:18 +0900, 35.7042278,140.0324621
2021/05/08 02:27:48 +0900, 35.7042278,140.0324621
2021/05/08 02:28:18 +0900, 35.7042278,140.0324621
2021/05/08 02:28:48 +0900, 35.7042278,140.0324621
2021/05/08 02:29:18 +0900, 35.7042278,140.0324621
2021/05/08 02:29:48 +0900, 35.7042278,140.0324621
2021/05/08 02:30:18 +0900, 35.7042278,140.0324621
2021/05/08 02:30:48 +0900, 35.7042278,140.0324621
2021/05/08 02:31:18 +0900, 35.7042278,140.0324621
2021/05/08 02:32:40 +0900, 35.7042278,140.0324621
2021/05/08 02:36:03 +0900, 35.7042278,140.0324621
2021/05/08 02:42:18 +0900, 35.704238,140.0324548
2021/05/08 02:54:25 +0900, 35.704238,140.0324548
2021/05/08 03:06:56 +0900, 35.704238,140.0324548
2021/05/08 03:14:12 +0900, 35.7042677,140.0324909
2021/05/08 03:21:12 +0900, 35.704308,140.0325574
2021/05/08 03:21:42 +0900, 35.7042414,140.032478
2021/05/08 03:22:12 +0900, 35.7042414,140.032478
2021/05/08 03:22:42 +0900, 35.7042414,140.032478
2021/05/08 03:23:12 +0900, 35.7042414,140.032478
2021/05/08 03:23:42 +0900, 35.7042414,140.032478
2021/05/08 03:24:12 +0900, 35.7042414,140.032478
2021/05/08 03:28:16 +0900, 35.7129865,140.037198
2021/05/08 03:34:14 +0900, 35.7128658,140.0375538
2021/05/08 03:37:34 +0900, 35.7130432,140.0372346
2021/05/08 03:40:51 +0900, 35.7128419,140.0374281
2021/05/08 03:41:21 +0900, 35.7128419,140.0374281
2021/05/08 03:41:51 +0900, 35.7128419,140.0374281
2021/05/08 03:42:21 +0900, 35.7128419,140.0374281
2021/05/08 03:44:08 +0900, 35.7129023,140.0370592
2021/05/08 03:48:26 +0900, 35.7081511,140.0371621
2021/05/08 03:54:12 +0900, 35.7043052,140.0325058
2021/05/08 04:02:55 +0900, 35.7043052,140.0325058
2021/05/08 04:07:15 +0900, 35.7043052,140.0325058
2021/05/08 04:15:03 +0900, 35.7043052,140.0325058
2021/05/08 04:28:39 +0900, 35.7042268,140.0324653
2021/05/08 04:45:14 +0900, 35.7042268,140.0324653
2021/05/08 04:55:02 +0900, 35.7042268,140.0324653
2021/05/08 05:09:38 +0900, 35.7042268,140.0324653
2021/05/08 05:11:59 +0900, 35.7042268,140.0324653
2021/05/08 05:24:20 +0900, 35.7042268,140.0324653
2021/05/08 05:42:29 +0900, 35.7042268,140.0324653
2021/05/08 06:00:52 +0900, 35.7042268,140.0324653
2021/05/08 06:18:17 +0900, 35.7042268,140.0324653
2021/05/08 06:18:17 +0900, 35.7042268,140.0324653
2021/05/08 06:34:12 +0900, 35.7042268,140.0324653
2021/05/08 06:51:19 +0900, 35.7042268,140.0324653
2021/05/08 07:02:34 +0900, 35.7042268,140.0324653
2021/05/08 07:05:05 +0900, 35.7042268,140.0324653
2021/05/08 07:06:58 +0900, 35.7042268,140.0324653
2021/05/08 07:10:30 +0900, 35.7042268,140.0324653
2021/05/08 07:20:01 +0900, 35.7042268,140.0324653
2021/05/08 07:28:35 +0900, 35.7042268,140.0324653
2021/05/08 07:34:14 +0900, 35.7042268,140.0324653
2021/05/08 07:40:01 +0900, 35.7042268,140.0324653
2021/05/08 07:50:33 +0900, 35.7042268,140.0324653
2021/05/08 08:00:03 +0900, 35.7042268,140.0324653
2021/05/08 08:05:00 +0900, 35.7042268,140.0324653
2021/05/08 08:08:09 +0900, 35.7042268,140.0324653
2021/05/08 08:18:01 +0900, 35.7042268,140.0324653
2021/05/08 08:26:01 +0900, 35.7042268,140.0324653
2021/05/08 08:35:02 +0900, 35.7042268,140.0324653
2021/05/08 08:39:00 +0900, 35.7042268,140.0324653
2021/05/08 08:46:01 +0900, 35.7042268,140.0324653
2021/05/08 08:55:07 +0900, 35.7042268,140.0324653
2021/05/08 09:04:02 +0900, 35.7042268,140.0324653
2021/05/08 09:09:08 +0900, 35.7042268,140.0324653
2021/05/08 09:11:14 +0900, 35.7042268,140.0324653
2021/05/08 09:18:01 +0900, 35.7042268,140.0324653
2021/05/08 09:28:03 +0900, 35.7042268,140.0324653
2021/05/08 09:38:02 +0900, 35.7042268,140.0324653
2021/05/08 09:48:03 +0900, 35.7042268,140.0324653
2021/05/08 09:55:02 +0900, 35.7042268,140.0324653
2021/05/08 10:04:00 +0900, 35.7042268,140.0324653
2021/05/08 10:12:01 +0900, 35.7042268,140.0324653
2021/05/08 10:22:01 +0900, 35.7042268,140.0324653
2021/05/08 10:30:11 +0900, 35.7042268,140.0324653
2021/05/08 10:37:34 +0900, 35.7042268,140.0324653
2021/05/08 10:44:07 +0900, 35.7042268,140.0324653
2021/05/08 10:54:01 +0900, 35.7042268,140.0324653
2021/05/08 10:57:57 +0900, 35.7042268,140.0324653
2021/05/08 10:58:27 +0900, 35.7042268,140.0324653
2021/05/08 11:02:58 +0900, 35.7042268,140.0324653
2021/05/08 11:09:57 +0900, 35.7042268,140.0324653
2021/05/08 11:18:01 +0900, 35.7042268,140.0324653
2021/05/08 11:22:03 +0900, 35.7042268,140.0324653
2021/05/08 11:32:32 +0900, 35.7042268,140.0324653
2021/05/08 11:41:08 +0900, 35.7042268,140.0324653
2021/05/08 11:50:02 +0900, 35.7042268,140.0324653
2021/05/08 11:59:34 +0900, 35.7042268,140.0324653
2021/05/08 12:03:45 +0900, 35.7042268,140.0324653
2021/05/08 12:06:22 +0900, 35.7042268,140.0324653
2021/05/08 12:07:03 +0900, 35.7042268,140.0324653
2021/05/08 12:14:13 +0900, 35.7042268,140.0324653
2021/05/08 12:22:32 +0900, 35.7042268,140.0324653
2021/05/08 12:26:01 +0900, 35.7042268,140.0324653
2021/05/08 12:28:01 +0900, 35.7042268,140.0324653
2021/05/08 12:32:39 +0900, 35.7042268,140.0324653
2021/05/08 12:39:29 +0900, 35.7042268,140.0324653
2021/05/08 12:50:02 +0900, 35.7042268,140.0324653
2021/05/08 12:58:50 +0900, 35.7042268,140.0324653
2021/05/08 13:04:02 +0900, 35.7042268,140.0324653
2021/05/08 13:12:03 +0900, 35.7042268,140.0324653
2021/05/08 13:21:41 +0900, 35.7042268,140.0324653
2021/05/08 13:30:36 +0900, 35.7042268,140.0324653
2021/05/08 13:31:49 +0900, 35.7042268,140.0324653
2021/05/08 13:32:19 +0900, 35.7042067,140.0324227
2021/05/08 13:32:58 +0900, 35.7042067,140.0324227
2021/05/08 13:36:03 +0900, 35.7042067,140.0324227
2021/05/08 13:40:02 +0900, 35.7042067,140.0324227
2021/05/08 13:41:00 +0900, 35.7042277,140.032445
2021/05/08 13:41:31 +0900, 35.7042277,140.032445
2021/05/08 13:42:01 +0900, 35.7042211,140.0324439
2021/05/08 13:42:31 +0900, 35.7042211,140.0324439
2021/05/08 13:43:01 +0900, 35.7042211,140.0324439
2021/05/08 13:43:31 +0900, 35.7042211,140.0324439
2021/05/08 13:44:01 +0900, 35.7042211,140.0324439
2021/05/08 13:44:31 +0900, 35.7042211,140.0324439
2021/05/08 13:45:01 +0900, 35.7042211,140.0324439
2021/05/08 13:45:31 +0900, 35.7042211,140.0324439
2021/05/08 13:46:01 +0900, 35.7042211,140.0324439
2021/05/08 13:46:31 +0900, 35.7042211,140.0324439
2021/05/08 13:47:01 +0900, 35.7042211,140.0324439
2021/05/08 13:47:31 +0900, 35.7042211,140.0324439
2021/05/08 13:48:01 +0900, 35.7042211,140.0324439
2021/05/08 13:48:31 +0900, 35.7042211,140.0324439
2021/05/08 13:49:01 +0900, 35.7042211,140.0324439
2021/05/08 13:49:31 +0900, 35.7042211,140.0324439
2021/05/08 13:50:01 +0900, 35.7042211,140.0324439
2021/05/08 13:50:31 +0900, 35.7042211,140.0324439
2021/05/08 13:51:01 +0900, 35.7042211,140.0324439
2021/05/08 13:51:31 +0900, 35.7042211,140.0324439
2021/05/08 13:52:01 +0900, 35.7042211,140.0324439
2021/05/08 13:52:31 +0900, 35.7042211,140.0324439
2021/05/08 13:53:01 +0900, 35.7042211,140.0324439
2021/05/08 13:53:31 +0900, 35.7042211,140.0324439
2021/05/08 13:54:01 +0900, 35.7042211,140.0324439
2021/05/08 13:54:31 +0900, 35.7042211,140.0324439
2021/05/08 13:55:01 +0900, 35.7042211,140.0324439
2021/05/08 13:55:31 +0900, 35.7042211,140.0324439
2021/05/08 13:56:01 +0900, 35.7042211,140.0324439
2021/05/08 13:56:31 +0900, 35.7042211,140.0324439
2021/05/08 13:57:01 +0900, 35.7042211,140.0324439
2021/05/08 13:57:31 +0900, 35.7042211,140.0324439
2021/05/08 13:58:01 +0900, 35.7042211,140.0324439
2021/05/08 13:58:31 +0900, 35.7042211,140.0324439
2021/05/08 13:59:01 +0900, 35.7042211,140.0324439
2021/05/08 13:59:31 +0900, 35.7042211,140.0324439
2021/05/08 14:00:01 +0900, 35.7042211,140.0324439
2021/05/08 14:00:31 +0900, 35.7042211,140.0324439
2021/05/08 14:01:01 +0900, 35.7042211,140.0324439
2021/05/08 14:01:31 +0900, 35.7042211,140.0324439
2021/05/08 14:02:01 +0900, 35.7042211,140.0324439
2021/05/08 14:02:31 +0900, 35.7042211,140.0324439
2021/05/08 14:03:01 +0900, 35.7042211,140.0324439
2021/05/08 14:08:29 +0900, 35.7042211,140.0324439
2021/05/08 14:14:26 +0900, 35.7042211,140.0324439
2021/05/08 14:21:01 +0900, 35.7042211,140.0324439
2021/05/08 14:24:30 +0900, 35.7042211,140.0324439
2021/05/08 14:28:40 +0900, 35.7042211,140.0324439
2021/05/08 14:29:10 +0900, 35.7042211,140.0324439
2021/05/08 14:29:40 +0900, 35.7042211,140.0324439
2021/05/08 14:31:37 +0900, 35.7042211,140.0324439
2021/05/08 14:33:19 +0900, 35.7042211,140.0324439
2021/05/08 14:34:03 +0900, 35.7042211,140.0324439
2021/05/08 14:36:02 +0900, 35.7042211,140.0324439
2021/05/08 14:39:32 +0900, 35.7042211,140.0324439
2021/05/08 14:40:02 +0900, 35.7042211,140.0324439
2021/05/08 14:40:32 +0900, 35.7042211,140.0324439
2021/05/08 14:41:02 +0900, 35.7042211,140.0324439
2021/05/08 14:41:32 +0900, 35.7042211,140.0324439
2021/05/08 14:42:02 +0900, 35.7042211,140.0324439
2021/05/08 14:42:32 +0900, 35.7042211,140.0324439
2021/05/08 14:43:02 +0900, 35.7042211,140.0324439
2021/05/08 14:43:32 +0900, 35.7042211,140.0324439
2021/05/08 14:44:02 +0900, 35.7042211,140.0324439
2021/05/08 14:44:32 +0900, 35.7042267,140.0324446
2021/05/08 14:45:02 +0900, 35.7042267,140.0324446
2021/05/08 14:45:32 +0900, 35.7042267,140.0324446
2021/05/08 14:46:02 +0900, 35.7042267,140.0324446
2021/05/08 14:46:32 +0900, 35.7042267,140.0324446
2021/05/08 14:47:02 +0900, 35.7042267,140.0324446
2021/05/08 14:47:32 +0900, 35.7042267,140.0324446
2021/05/08 14:48:02 +0900, 35.7042267,140.0324446
2021/05/08 14:48:32 +0900, 35.7042267,140.0324446
2021/05/08 14:49:02 +0900, 35.7042267,140.0324446
2021/05/08 14:49:32 +0900, 35.7042267,140.0324446
2021/05/08 14:50:02 +0900, 35.7042267,140.0324446
2021/05/08 14:50:32 +0900, 35.7042267,140.0324446
2021/05/08 14:51:02 +0900, 35.7042267,140.0324446
2021/05/08 14:51:32 +0900, 35.7042267,140.0324446
2021/05/08 14:52:02 +0900, 35.7042267,140.0324446
2021/05/08 14:52:32 +0900, 35.7042267,140.0324446
2021/05/08 14:53:02 +0900, 35.7042267,140.0324446
2021/05/08 14:53:32 +0900, 35.7042267,140.0324446
2021/05/08 14:54:02 +0900, 35.7042267,140.0324446
2021/05/08 14:54:32 +0900, 35.7042267,140.0324446
2021/05/08 14:55:02 +0900, 35.704227,140.0324484
2021/05/08 14:55:32 +0900, 35.704227,140.0324484
2021/05/08 14:56:02 +0900, 35.704227,140.0324484
2021/05/08 14:56:32 +0900, 35.704227,140.0324484
2021/05/08 14:57:02 +0900, 35.704227,140.0324484
2021/05/08 14:57:32 +0900, 35.704227,140.0324484
2021/05/08 14:58:02 +0900, 35.704227,140.0324484
2021/05/08 14:58:32 +0900, 35.704227,140.0324484
2021/05/08 14:59:02 +0900, 35.704227,140.0324484
2021/05/08 14:59:38 +0900, 35.704227,140.0324484
2021/05/08 15:00:38 +0900, 35.704227,140.0324484
2021/05/08 15:01:08 +0900, 35.704227,140.0324484
2021/05/08 15:01:38 +0900, 35.704227,140.0324484
2021/05/08 15:02:08 +0900, 35.704227,140.0324484
2021/05/08 15:02:38 +0900, 35.704227,140.0324484
2021/05/08 15:03:08 +0900, 35.704227,140.0324484
2021/05/08 15:03:38 +0900, 35.704227,140.0324484
2021/05/08 15:04:08 +0900, 35.704227,140.0324484
2021/05/08 15:04:38 +0900, 35.704227,140.0324484
2021/05/08 15:05:08 +0900, 35.704227,140.0324484
2021/05/08 15:05:38 +0900, 35.704227,140.0324484
2021/05/08 15:06:08 +0900, 35.704227,140.0324484
2021/05/08 15:06:38 +0900, 35.704227,140.0324484
2021/05/08 15:07:08 +0900, 35.704227,140.0324484
2021/05/08 15:07:38 +0900, 35.704227,140.0324484
2021/05/08 15:08:08 +0900, 35.704227,140.0324484
2021/05/08 15:08:38 +0900, 35.704227,140.0324484
2021/05/08 15:09:08 +0900, 35.704227,140.0324484
2021/05/08 15:09:38 +0900, 35.704227,140.0324484
2021/05/08 15:10:08 +0900, 35.704227,140.0324484
2021/05/08 15:10:38 +0900, 35.704227,140.0324484
2021/05/08 15:11:08 +0900, 35.704227,140.0324484
2021/05/08 15:11:38 +0900, 35.704227,140.0324484
2021/05/08 15:12:08 +0900, 35.704227,140.0324484
2021/05/08 15:12:38 +0900, 35.704227,140.0324484
2021/05/08 15:13:08 +0900, 35.704227,140.0324484
2021/05/08 15:13:38 +0900, 35.704227,140.0324484
2021/05/08 15:14:08 +0900, 35.704227,140.0324484
2021/05/08 15:14:38 +0900, 35.704227,140.0324484
2021/05/08 15:15:08 +0900, 35.704227,140.0324484
2021/05/08 15:15:38 +0900, 35.704227,140.0324484
2021/05/08 15:16:08 +0900, 35.704227,140.0324484
2021/05/08 15:16:38 +0900, 35.7042262,140.0324609
2021/05/08 15:17:08 +0900, 35.7042262,140.0324609
2021/05/08 15:17:38 +0900, 35.7042262,140.0324609
2021/05/08 15:18:08 +0900, 35.7042262,140.0324609
2021/05/08 15:18:38 +0900, 35.7041985,140.0324582
2021/05/08 15:19:08 +0900, 35.7041985,140.0324582
2021/05/08 15:19:38 +0900, 35.7042207,140.0324524
2021/05/08 15:20:08 +0900, 35.7042207,140.0324524
2021/05/08 15:20:38 +0900, 35.7042207,140.0324524
2021/05/08 15:21:08 +0900, 35.7042207,140.0324524
2021/05/08 15:21:38 +0900, 35.7042207,140.0324524
2021/05/08 15:23:38 +0900, 35.7042207,140.0324524
2021/05/08 15:26:49 +0900, 35.7042207,140.0324524
2021/05/08 15:33:02 +0900, 35.7042207,140.0324524
2021/05/08 15:36:57 +0900, 35.7042207,140.0324524
2021/05/08 15:41:38 +0900, 35.7042207,140.0324524
2021/05/08 15:42:08 +0900, 35.7042207,140.0324524
2021/05/08 15:42:38 +0900, 35.7042207,140.0324524
2021/05/08 15:43:08 +0900, 35.7042207,140.0324524
2021/05/08 15:43:38 +0900, 35.7042207,140.0324524
2021/05/08 15:44:08 +0900, 35.7042207,140.0324524
2021/05/08 15:44:38 +0900, 35.7042207,140.0324524
2021/05/08 15:45:08 +0900, 35.7042207,140.0324524
2021/05/08 15:45:38 +0900, 35.7042207,140.0324524
2021/05/08 15:46:08 +0900, 35.7042207,140.0324524
2021/05/08 15:46:38 +0900, 35.7042207,140.0324524
2021/05/08 15:47:08 +0900, 35.7042207,140.0324524
2021/05/08 15:47:38 +0900, 35.7042207,140.0324524
2021/05/08 15:48:08 +0900, 35.7042207,140.0324524
2021/05/08 15:48:38 +0900, 35.7042207,140.0324524
2021/05/08 15:49:08 +0900, 35.7042207,140.0324524
2021/05/08 15:49:38 +0900, 35.7042207,140.0324524
2021/05/08 15:50:08 +0900, 35.7042207,140.0324524
2021/05/08 15:50:38 +0900, 35.7042207,140.0324524
2021/05/08 15:51:08 +0900, 35.7042207,140.0324524
2021/05/08 15:51:38 +0900, 35.7042207,140.0324524
2021/05/08 15:52:08 +0900, 35.7042207,140.0324524
2021/05/08 15:52:38 +0900, 35.7042207,140.0324524
2021/05/08 15:53:08 +0900, 35.7042207,140.0324524
2021/05/08 15:53:38 +0900, 35.7042207,140.0324524
2021/05/08 15:54:08 +0900, 35.7042207,140.0324524
2021/05/08 15:54:38 +0900, 35.7042207,140.0324524
2021/05/08 15:55:08 +0900, 35.7042207,140.0324524
2021/05/08 15:55:38 +0900, 35.7042207,140.0324524
2021/05/08 15:56:08 +0900, 35.7042207,140.0324524
2021/05/08 15:56:38 +0900, 35.7042207,140.0324524
2021/05/08 15:57:08 +0900, 35.7042207,140.0324524
2021/05/08 15:57:38 +0900, 35.7042207,140.0324524
2021/05/08 15:58:08 +0900, 35.7042207,140.0324524
2021/05/08 15:58:38 +0900, 35.7042207,140.0324524
2021/05/08 15:59:08 +0900, 35.7042207,140.0324524
2021/05/08 15:59:38 +0900, 35.7042207,140.0324524
2021/05/08 16:00:08 +0900, 35.7042207,140.0324524
2021/05/08 16:00:38 +0900, 35.7042207,140.0324524
2021/05/08 16:01:08 +0900, 35.7042207,140.0324524
2021/05/08 16:01:38 +0900, 35.7042207,140.0324524
2021/05/08 16:02:08 +0900, 35.7042207,140.0324524
2021/05/08 16:02:38 +0900, 35.7042207,140.0324524
2021/05/08 16:03:08 +0900, 35.7042207,140.0324524
2021/05/08 16:03:38 +0900, 35.7042207,140.0324524
2021/05/08 16:04:08 +0900, 35.7042207,140.0324524
2021/05/08 16:04:38 +0900, 35.7042207,140.0324524
2021/05/08 16:05:08 +0900, 35.7042207,140.0324524
2021/05/08 16:05:38 +0900, 35.7042207,140.0324524
2021/05/08 16:06:08 +0900, 35.7042207,140.0324524
2021/05/08 16:06:38 +0900, 35.7042207,140.0324524
2021/05/08 16:07:08 +0900, 35.7042207,140.0324524
2021/05/08 16:07:38 +0900, 35.7042207,140.0324524
2021/05/08 16:08:08 +0900, 35.7042207,140.0324524
2021/05/08 16:08:38 +0900, 35.7042207,140.0324524
2021/05/08 16:09:08 +0900, 35.7042207,140.0324524
2021/05/08 16:09:38 +0900, 35.7042207,140.0324524
2021/05/08 16:10:08 +0900, 35.7042207,140.0324524
2021/05/08 16:10:38 +0900, 35.7042207,140.0324524
2021/05/08 16:11:08 +0900, 35.7042207,140.0324524
2021/05/08 16:11:38 +0900, 35.7042207,140.0324524
2021/05/08 16:12:08 +0900, 35.7042353,140.0324627
2021/05/08 16:12:38 +0900, 35.7042353,140.0324627
2021/05/08 16:13:08 +0900, 35.7042353,140.0324627
2021/05/08 16:13:38 +0900, 35.7042353,140.0324627
2021/05/08 16:14:08 +0900, 35.7042353,140.0324627
2021/05/08 16:14:38 +0900, 35.7042353,140.0324627
2021/05/08 16:15:08 +0900, 35.7042353,140.0324627
2021/05/08 16:15:38 +0900, 35.7042353,140.0324627
2021/05/08 16:16:08 +0900, 35.7042353,140.0324627
2021/05/08 16:16:38 +0900, 35.7042353,140.0324627
2021/05/08 16:17:08 +0900, 35.7042353,140.0324627
2021/05/08 16:17:38 +0900, 35.7042353,140.0324627
2021/05/08 16:18:08 +0900, 35.7042353,140.0324627
2021/05/08 16:18:38 +0900, 35.7042353,140.0324627
2021/05/08 16:19:08 +0900, 35.7042353,140.0324627
2021/05/08 16:19:38 +0900, 35.7042353,140.0324627
2021/05/08 16:20:08 +0900, 35.7042353,140.0324627
2021/05/08 16:20:38 +0900, 35.7042353,140.0324627
2021/05/08 16:21:08 +0900, 35.7042353,140.0324627
2021/05/08 16:21:38 +0900, 35.7042353,140.0324627
2021/05/08 16:22:08 +0900, 35.7042353,140.0324627
2021/05/08 16:22:38 +0900, 35.7042353,140.0324627
2021/05/08 16:23:08 +0900, 35.7042353,140.0324627
2021/05/08 16:23:38 +0900, 35.7042353,140.0324627
2021/05/08 16:24:08 +0900, 35.7042353,140.0324627
2021/05/08 16:24:38 +0900, 35.7042353,140.0324627
2021/05/08 16:25:08 +0900, 35.7042353,140.0324627
2021/05/08 16:25:38 +0900, 35.7042353,140.0324627
2021/05/08 16:26:08 +0900, 35.7042353,140.0324627
2021/05/08 16:26:38 +0900, 35.7042353,140.0324627
2021/05/08 16:27:08 +0900, 35.7042353,140.0324627
2021/05/08 16:27:38 +0900, 35.7042353,140.0324627
2021/05/08 16:28:08 +0900, 35.7042353,140.0324627
2021/05/08 16:28:38 +0900, 35.7042353,140.0324627
2021/05/08 16:29:08 +0900, 35.7042353,140.0324627
2021/05/08 16:29:38 +0900, 35.7042353,140.0324627
2021/05/08 16:30:08 +0900, 35.7042353,140.0324627
2021/05/08 16:30:38 +0900, 35.7042353,140.0324627
2021/05/08 16:31:08 +0900, 35.7042353,140.0324627
2021/05/08 16:31:38 +0900, 35.7042353,140.0324627
2021/05/08 16:32:08 +0900, 35.7042353,140.0324627
2021/05/08 16:32:38 +0900, 35.7042353,140.0324627
2021/05/08 16:33:08 +0900, 35.7042353,140.0324627
2021/05/08 16:33:38 +0900, 35.7042353,140.0324627
2021/05/08 16:34:08 +0900, 35.7042353,140.0324627
2021/05/08 16:34:38 +0900, 35.7042353,140.0324627
2021/05/08 16:35:08 +0900, 35.7042353,140.0324627
2021/05/08 16:35:38 +0900, 35.7042353,140.0324627
2021/05/08 16:36:08 +0900, 35.7042353,140.0324627
2021/05/08 16:36:38 +0900, 35.7042353,140.0324627
2021/05/08 16:37:08 +0900, 35.7042353,140.0324627
2021/05/08 16:37:38 +0900, 35.7042353,140.0324627
2021/05/08 16:38:08 +0900, 35.7042353,140.0324627
2021/05/08 16:38:38 +0900, 35.7042353,140.0324627
2021/05/08 16:39:08 +0900, 35.7042353,140.0324627
2021/05/08 16:39:38 +0900, 35.7042353,140.0324627
2021/05/08 16:40:08 +0900, 35.7042353,140.0324627
2021/05/08 16:40:38 +0900, 35.7042353,140.0324627
2021/05/08 16:41:08 +0900, 35.7042353,140.0324627
2021/05/08 16:41:38 +0900, 35.7042288,140.0324538
2021/05/08 16:42:08 +0900, 35.7042249,140.0324575
2021/05/08 16:42:38 +0900, 35.7042289,140.0324738
2021/05/08 16:43:08 +0900, 35.7042289,140.0324738
2021/05/08 16:43:38 +0900, 35.7042289,140.0324738
2021/05/08 16:44:08 +0900, 35.7042289,140.0324738
2021/05/08 16:44:38 +0900, 35.7042289,140.0324738
2021/05/08 16:45:08 +0900, 35.7042289,140.0324738
2021/05/08 16:45:38 +0900, 35.7042289,140.0324738
2021/05/08 16:46:08 +0900, 35.7042289,140.0324738
2021/05/08 16:46:38 +0900, 35.7042289,140.0324738
2021/05/08 16:47:08 +0900, 35.7042289,140.0324738
2021/05/08 16:47:38 +0900, 35.7042289,140.0324738
2021/05/08 16:48:08 +0900, 35.7042289,140.0324738
2021/05/08 16:48:38 +0900, 35.7042289,140.0324738
2021/05/08 16:49:08 +0900, 35.7042289,140.0324738
2021/05/08 16:49:38 +0900, 35.7042289,140.0324738
2021/05/08 16:50:08 +0900, 35.7042289,140.0324738
2021/05/08 16:50:38 +0900, 35.7042289,140.0324738
2021/05/08 16:51:08 +0900, 35.7042289,140.0324738
2021/05/08 16:51:38 +0900, 35.7042289,140.0324738
2021/05/08 16:52:08 +0900, 35.7042289,140.0324738
2021/05/08 16:52:38 +0900, 35.7042289,140.0324738
2021/05/08 16:53:08 +0900, 35.7042289,140.0324738
2021/05/08 16:53:38 +0900, 35.7042289,140.0324738
2021/05/08 16:54:08 +0900, 35.7042289,140.0324738
2021/05/08 16:54:38 +0900, 35.7042289,140.0324738
2021/05/08 16:55:08 +0900, 35.7042289,140.0324738
2021/05/08 16:55:38 +0900, 35.7042289,140.0324738
2021/05/08 16:56:08 +0900, 35.7042289,140.0324738
2021/05/08 16:56:38 +0900, 35.7042289,140.0324738
2021/05/08 16:57:08 +0900, 35.7042289,140.0324738
2021/05/08 16:57:38 +0900, 35.7042289,140.0324738
2021/05/08 16:58:08 +0900, 35.7042289,140.0324738
2021/05/08 16:58:38 +0900, 35.7042289,140.0324738
2021/05/08 16:59:08 +0900, 35.7042289,140.0324738
2021/05/08 16:59:38 +0900, 35.7042289,140.0324738
2021/05/08 17:00:08 +0900, 35.7042289,140.0324738
2021/05/08 17:00:38 +0900, 35.7042289,140.0324738
2021/05/08 17:01:08 +0900, 35.7042289,140.0324738
2021/05/08 17:01:38 +0900, 35.7042289,140.0324738
2021/05/08 17:02:08 +0900, 35.7042289,140.0324738
2021/05/08 17:02:38 +0900, 35.7042289,140.0324738
2021/05/08 17:03:08 +0900, 35.7042289,140.0324738
2021/05/08 17:03:38 +0900, 35.7042289,140.0324738
2021/05/08 17:04:08 +0900, 35.7042289,140.0324738
2021/05/08 17:04:38 +0900, 35.7042289,140.0324738
2021/05/08 17:05:08 +0900, 35.7042289,140.0324738
2021/05/08 17:05:38 +0900, 35.7042289,140.0324738
2021/05/08 17:06:08 +0900, 35.7042289,140.0324738
2021/05/08 17:06:38 +0900, 35.7042289,140.0324738
2021/05/08 17:07:08 +0900, 35.7042289,140.0324738
2021/05/08 17:07:38 +0900, 35.7042289,140.0324738
2021/05/08 17:08:08 +0900, 35.7042289,140.0324738
2021/05/08 17:08:38 +0900, 35.7042289,140.0324738
2021/05/08 17:09:08 +0900, 35.7042289,140.0324738
2021/05/08 17:09:38 +0900, 35.7042289,140.0324738
2021/05/08 17:10:08 +0900, 35.7042289,140.0324738
2021/05/08 17:10:38 +0900, 35.7042289,140.0324738
2021/05/08 17:11:08 +0900, 35.7042289,140.0324738
2021/05/08 17:11:38 +0900, 35.7042289,140.0324738
2021/05/08 17:12:08 +0900, 35.7042289,140.0324738
2021/05/08 17:12:38 +0900, 35.7042289,140.0324738
2021/05/08 17:13:08 +0900, 35.7042289,140.0324738
2021/05/08 17:13:38 +0900, 35.7042289,140.0324738
2021/05/08 17:14:08 +0900, 35.7042289,140.0324738
2021/05/08 17:14:38 +0900, 35.7042289,140.0324738
2021/05/08 17:15:08 +0900, 35.7042289,140.0324738
2021/05/08 17:15:38 +0900, 35.7042289,140.0324738
2021/05/08 17:16:08 +0900, 35.7042289,140.0324738
2021/05/08 17:16:38 +0900, 35.7042289,140.0324738
2021/05/08 17:17:08 +0900, 35.7042289,140.0324738
2021/05/08 17:17:38 +0900, 35.7042289,140.0324738
2021/05/08 17:18:08 +0900, 35.7042289,140.0324738
2021/05/08 17:18:38 +0900, 35.7042289,140.0324738
2021/05/08 17:19:08 +0900, 35.7042289,140.0324738
2021/05/08 17:19:38 +0900, 35.7042289,140.0324738
2021/05/08 17:20:08 +0900, 35.7042289,140.0324738
2021/05/08 17:20:38 +0900, 35.7042289,140.0324738
2021/05/08 17:21:08 +0900, 35.7042289,140.0324738
2021/05/08 17:21:38 +0900, 35.7042289,140.0324738
2021/05/08 17:22:08 +0900, 35.7042289,140.0324738
2021/05/08 17:22:38 +0900, 35.7042289,140.0324738
2021/05/08 17:23:08 +0900, 35.7042289,140.0324738
2021/05/08 17:23:38 +0900, 35.7042289,140.0324738
2021/05/08 17:24:08 +0900, 35.7042289,140.0324738
2021/05/08 17:24:38 +0900, 35.7042289,140.0324738
2021/05/08 17:25:08 +0900, 35.7042289,140.0324738
2021/05/08 17:25:38 +0900, 35.7042289,140.0324738
2021/05/08 17:26:08 +0900, 35.7042289,140.0324738
2021/05/08 17:26:38 +0900, 35.7042289,140.0324738
2021/05/08 17:27:08 +0900, 35.7042289,140.0324738
2021/05/08 17:27:38 +0900, 35.7042289,140.0324738
2021/05/08 17:28:08 +0900, 35.7042289,140.0324738
2021/05/08 17:28:38 +0900, 35.7042289,140.0324738
2021/05/08 17:29:08 +0900, 35.7042289,140.0324738
2021/05/08 17:29:38 +0900, 35.7042289,140.0324738
2021/05/08 17:30:08 +0900, 35.7042289,140.0324738
2021/05/08 17:30:38 +0900, 35.7042289,140.0324738
2021/05/08 17:31:08 +0900, 35.7042289,140.0324738
2021/05/08 17:31:38 +0900, 35.7042289,140.0324738
2021/05/08 17:32:08 +0900, 35.7042289,140.0324738
2021/05/08 17:32:38 +0900, 35.7042289,140.0324738
2021/05/08 17:33:08 +0900, 35.7042289,140.0324738
2021/05/08 17:33:38 +0900, 35.7042289,140.0324738
2021/05/08 17:34:08 +0900, 35.7042289,140.0324738
2021/05/08 17:34:38 +0900, 35.7042289,140.0324738
2021/05/08 17:35:08 +0900, 35.7042289,140.0324738
2021/05/08 17:35:38 +0900, 35.7042289,140.0324738
2021/05/08 17:36:08 +0900, 35.7042289,140.0324738
2021/05/08 17:36:38 +0900, 35.7042289,140.0324738
2021/05/08 17:37:08 +0900, 35.7042289,140.0324738
2021/05/08 17:37:38 +0900, 35.7042289,140.0324738
2021/05/08 17:38:08 +0900, 35.7042289,140.0324738
2021/05/08 17:38:38 +0900, 35.7042289,140.0324738
2021/05/08 17:39:08 +0900, 35.7042233,140.0324509
2021/05/08 17:39:38 +0900, 35.7042233,140.0324509
2021/05/08 17:40:08 +0900, 35.7042233,140.0324509
2021/05/08 17:40:38 +0900, 35.7042233,140.0324509
2021/05/08 17:41:08 +0900, 35.7042233,140.0324509
2021/05/08 17:41:38 +0900, 35.7042233,140.0324509
2021/05/08 17:42:08 +0900, 35.7042233,140.0324509
2021/05/08 17:42:38 +0900, 35.7042233,140.0324509
2021/05/08 17:43:08 +0900, 35.7042233,140.0324509
2021/05/08 17:43:38 +0900, 35.7042233,140.0324509
2021/05/08 17:44:08 +0900, 35.7042233,140.0324509
2021/05/08 17:44:38 +0900, 35.7042233,140.0324509
2021/05/08 17:45:08 +0900, 35.7042233,140.0324509
2021/05/08 17:45:38 +0900, 35.7042233,140.0324509
2021/05/08 17:46:08 +0900, 35.7042233,140.0324509
2021/05/08 17:46:38 +0900, 35.7042233,140.0324509
2021/05/08 17:47:08 +0900, 35.704218,140.0324331
2021/05/08 17:49:52 +0900, 35.704218,140.0324331
2021/05/08 17:56:01 +0900, 35.704218,140.0324331
2021/05/08 18:03:00 +0900, 35.704218,140.0324331
2021/05/08 18:06:00 +0900, 35.704218,140.0324331
2021/05/08 18:12:00 +0900, 35.704218,140.0324331
2021/05/08 18:21:14 +0900, 35.704218,140.0324331
2021/05/08 18:24:37 +0900, 35.7042386,140.0324584
2021/05/08 18:30:02 +0900, 35.7042386,140.0324584
2021/05/08 18:35:11 +0900, 35.7042386,140.0324584
2021/05/08 18:35:41 +0900, 35.7042386,140.0324584
2021/05/08 18:36:11 +0900, 35.7042386,140.0324584
2021/05/08 18:36:41 +0900, 35.7042386,140.0324584
2021/05/08 18:37:11 +0900, 35.7042386,140.0324584
2021/05/08 18:39:02 +0900, 35.7042386,140.0324584
2021/05/08 18:41:13 +0900, 35.7042386,140.0324584
2021/05/08 18:42:03 +0900, 35.7042386,140.0324584
2021/05/08 18:42:45 +0900, 35.7042386,140.0324584
2021/05/08 18:43:15 +0900, 35.7042386,140.0324584
2021/05/08 18:43:45 +0900, 35.7042386,140.0324584
2021/05/08 18:44:15 +0900, 35.7042386,140.0324584
2021/05/08 18:44:45 +0900, 35.7042386,140.0324584
2021/05/08 18:45:15 +0900, 35.7042386,140.0324584
2021/05/08 18:45:45 +0900, 35.7042386,140.0324584
2021/05/08 18:46:15 +0900, 35.7042386,140.0324584
2021/05/08 18:46:45 +0900, 35.7042386,140.0324584
2021/05/08 18:47:15 +0900, 35.7042386,140.0324584
2021/05/08 18:47:45 +0900, 35.7042386,140.0324584
2021/05/08 18:48:15 +0900, 35.7042386,140.0324584
2021/05/08 18:48:45 +0900, 35.7042468,140.0324718
2021/05/08 18:49:15 +0900, 35.7042468,140.0324718
2021/05/08 18:49:45 +0900, 35.7042468,140.0324718
2021/05/08 18:50:15 +0900, 35.7042468,140.0324718
2021/05/08 18:53:49 +0900, 35.7042468,140.0324718
2021/05/08 18:57:18 +0900, 35.7042468,140.0324718
2021/05/08 18:59:19 +0900, 35.7042333,140.0324613
2021/05/08 19:02:40 +0900, 35.7042333,140.0324613
2021/05/08 19:05:39 +0900, 35.7042333,140.0324613
2021/05/08 19:09:43 +0900, 35.7042333,140.0324613
2021/05/08 19:10:35 +0900, 35.7042333,140.0324613
2021/05/08 19:11:05 +0900, 35.7042333,140.0324613
2021/05/08 19:11:35 +0900, 35.7042333,140.0324613
2021/05/08 19:12:05 +0900, 35.7042333,140.0324613
2021/05/08 19:13:47 +0900, 35.7042333,140.0324613
2021/05/08 19:14:39 +0900, 35.7042333,140.0324613
2021/05/08 19:16:01 +0900, 35.7042333,140.0324613
2021/05/08 19:19:00 +0900, 35.7042439,140.0324655
2021/05/08 19:24:41 +0900, 35.7042259,140.0324501
2021/05/08 19:26:52 +0900, 35.7042259,140.0324501
2021/05/08 19:27:22 +0900, 35.7042259,140.0324501
2021/05/08 19:27:52 +0900, 35.7042259,140.0324501
2021/05/08 19:28:22 +0900, 35.7042259,140.0324501
2021/05/08 19:28:52 +0900, 35.7042291,140.0324526
2021/05/08 19:29:22 +0900, 35.7042291,140.0324526
2021/05/08 19:29:52 +0900, 35.7042291,140.0324526
2021/05/08 19:30:22 +0900, 35.7042291,140.0324526
2021/05/08 19:30:52 +0900, 35.7042291,140.0324526
2021/05/08 19:31:22 +0900, 35.7042291,140.0324526
2021/05/08 19:31:52 +0900, 35.7042291,140.0324526
2021/05/08 19:32:22 +0900, 35.7042291,140.0324526
2021/05/08 19:32:52 +0900, 35.7042291,140.0324526
2021/05/08 19:33:22 +0900, 35.7042291,140.0324526
2021/05/08 19:34:14 +0900, 35.7042291,140.0324526
2021/05/08 19:42:02 +0900, 35.7042291,140.0324526
2021/05/08 19:44:17 +0900, 35.7042291,140.0324526
2021/05/08 19:47:36 +0900, 35.7042291,140.0324526
2021/05/08 19:48:06 +0900, 35.7042291,140.0324526
2021/05/08 19:48:36 +0900, 35.7042291,140.0324526
2021/05/08 19:49:06 +0900, 35.7042291,140.0324526
2021/05/08 19:49:36 +0900, 35.7042291,140.0324526
2021/05/08 19:50:06 +0900, 35.7042291,140.0324526
2021/05/08 19:50:36 +0900, 35.7042291,140.0324526
2021/05/08 19:51:06 +0900, 35.7042291,140.0324526
2021/05/08 19:51:36 +0900, 35.7042291,140.0324526
2021/05/08 19:56:57 +0900, 35.7042291,140.0324526
2021/05/08 20:02:01 +0900, 35.7042291,140.0324526
2021/05/08 20:03:13 +0900, 35.7042291,140.0324526
2021/05/08 20:05:35 +0900, 35.7042291,140.0324526
2021/05/08 20:09:29 +0900, 35.7042291,140.0324526
2021/05/08 20:12:31 +0900, 35.7042291,140.0324526
2021/05/08 20:18:45 +0900, 35.7042291,140.0324526
2021/05/08 20:24:01 +0900, 35.7042291,140.0324526
2021/05/08 20:27:01 +0900, 35.7042099,140.0324294
2021/05/08 20:33:00 +0900, 35.7042099,140.0324294
2021/05/08 20:38:02 +0900, 35.7042099,140.0324294
2021/05/08 20:43:32 +0900, 35.7042099,140.0324294
2021/05/08 20:51:02 +0900, 35.7042099,140.0324294
2021/05/08 20:57:00 +0900, 35.7042099,140.0324294
2021/05/08 21:04:06 +0900, 35.7042099,140.0324294
2021/05/08 21:10:37 +0900, 35.7042099,140.0324294
2021/05/08 21:12:58 +0900, 35.7042099,140.0324294
2021/05/08 21:15:21 +0900, 35.7042099,140.0324294
2021/05/08 21:18:24 +0900, 35.7042099,140.0324294
2021/05/08 21:23:02 +0900, 35.7042099,140.0324294
2021/05/08 21:27:01 +0900, 35.7042099,140.0324294
2021/05/08 21:32:09 +0900, 35.7042099,140.0324294
2021/05/08 21:36:18 +0900, 35.7042099,140.0324294
2021/05/08 21:44:40 +0900, 35.7042099,140.0324294
2021/05/08 21:44:40 +0900, 35.7042099,140.0324294
2021/05/08 21:47:18 +0900, 35.7042099,140.0324294
2021/05/08 21:47:48 +0900, 35.7042099,140.0324294
2021/05/08 21:48:18 +0900, 35.7042099,140.0324294
2021/05/08 21:48:48 +0900, 35.7042099,140.0324294
2021/05/08 21:49:18 +0900, 35.7042099,140.0324294
2021/05/08 21:49:48 +0900, 35.7042099,140.0324294
2021/05/08 21:52:01 +0900, 35.7042099,140.0324294
2021/05/08 21:57:10 +0900, 35.7042099,140.0324294
2021/05/08 22:00:59 +0900, 35.7042099,140.0324294
2021/05/08 22:04:04 +0900, 35.7042099,140.0324294
2021/05/08 22:06:40 +0900, 35.7042099,140.0324294
2021/05/08 22:08:01 +0900, 35.7042099,140.0324294
2021/05/08 22:12:33 +0900, 35.7042099,140.0324294
2021/05/08 22:18:01 +0900, 35.7042099,140.0324294
2021/05/08 22:23:02 +0900, 35.7042099,140.0324294
2021/05/08 22:27:52 +0900, 35.7042099,140.0324294
2021/05/08 22:32:29 +0900, 35.704222,140.0324536
2021/05/08 22:40:03 +0900, 35.704222,140.0324536
2021/05/08 22:46:59 +0900, 35.704222,140.0324536
2021/05/08 22:52:51 +0900, 35.704222,140.0324536
2021/05/08 23:00:02 +0900, 35.704222,140.0324536
2021/05/08 23:15:07 +0900, 35.704222,140.0324536
2021/05/08 23:15:37 +0900, 35.704222,140.0324536
2021/05/08 23:16:07 +0900, 35.704222,140.0324536
2021/05/08 23:16:37 +0900, 35.704222,140.0324536
2021/05/08 23:17:07 +0900, 35.704222,140.0324536
2021/05/08 23:17:37 +0900, 35.704222,140.0324536
2021/05/08 23:18:07 +0900, 35.704222,140.0324536
2021/05/08 23:18:37 +0900, 35.704222,140.0324536
2021/05/08 23:19:07 +0900, 35.704222,140.0324536
2021/05/08 23:19:37 +0900, 35.704222,140.0324536
2021/05/08 23:20:07 +0900, 35.704222,140.0324536
2021/05/08 23:20:37 +0900, 35.704222,140.0324536
2021/05/08 23:21:07 +0900, 35.704222,140.0324536
2021/05/08 23:21:37 +0900, 35.704222,140.0324536
2021/05/08 23:22:07 +0900, 35.704222,140.0324536
2021/05/08 23:32:02 +0900, 35.704222,140.0324536
2021/05/08 23:44:43 +0900, 35.704222,140.0324536
2021/05/08 23:50:32 +0900, 35.704222,140.0324536
2021/05/08 23:57:03 +0900, 35.704222,140.0324536
